!SESSION 2020-02-24 20:56:33.175 -----------------------------------------------
eclipse.buildId=unknown
java.version=1.8.0_191
java.vendor=Oracle Corporation
BootLoader constants: OS=win32, ARCH=x86_64, WS=win32, NL=es_ES

!ENTRY com.google.gson 4 0 2020-02-24 20:56:33.175
!MESSAGE FrameworkEvent ERROR
!STACK 0
org.osgi.framework.BundleException: Could not resolve module: com.google.gson [31]
  Unresolved requirement: Require-Capability: osgi.ee; filter:="(&(osgi.ee=JavaSE)(version=9.0))"

	at org.eclipse.osgi.container.Module.start(Module.java:457)
	at org.eclipse.osgi.container.ModuleContainer$ContainerStartLevel$1.run(ModuleContainer.java:1820)
	at org.eclipse.osgi.internal.framework.EquinoxContainerAdaptor$2$1.execute(EquinoxContainerAdaptor.java:150)
	at org.eclipse.osgi.container.ModuleContainer$ContainerStartLevel.incStartLevel(ModuleContainer.java:1813)
	at org.eclipse.osgi.container.ModuleContainer$ContainerStartLevel.incStartLevel(ModuleContainer.java:1770)
	at org.eclipse.osgi.container.ModuleContainer$ContainerStartLevel.doContainerStartLevel(ModuleContainer.java:1735)
	at org.eclipse.osgi.container.ModuleContainer$ContainerStartLevel.dispatchEvent(ModuleContainer.java:1661)
	at org.eclipse.osgi.container.ModuleContainer$ContainerStartLevel.dispatchEvent(ModuleContainer.java:1)
	at org.eclipse.osgi.framework.eventmgr.EventManager.dispatchEvent(EventManager.java:234)
	at org.eclipse.osgi.framework.eventmgr.EventManager$EventThread.run(EventManager.java:345)

!ENTRY org.eclipse.equinox.ds 1 0 2020-02-24 20:56:40.971
!MESSAGE Could not bind a reference of component org.wso2.carbon.caching.impl.internal.CachingServiceComponent. The reference is: Reference[name = config.context.service, interface = org.wso2.carbon.utils.ConfigurationContextService, policy = dynamic, cardinality = 0..1, target = null, bind = setClusteringAgent, unbind = unsetClusteringAgent]

!ENTRY org.eclipse.equinox.ds 1 0 2020-02-24 20:56:40.980
!MESSAGE Could not bind a reference of component org.wso2.carbon.caching.impl.internal.CachingServiceComponent. The reference is: Reference[name = distributedMapProvider, interface = org.wso2.carbon.caching.impl.DistributedMapProvider, policy = dynamic, cardinality = 0..1, target = null, bind = setDistributedMapProvider, unbind = unsetDistributedMapProvider]

!ENTRY org.eclipse.equinox.ds 1 0 2020-02-24 20:56:42.525
!MESSAGE Could not bind a reference of component org.wso2.carbon.crypto.impl. The reference is: Reference[name = externalCryptoProvider, interface = org.wso2.carbon.crypto.api.ExternalCryptoProvider, policy = dynamic, cardinality = 0..n, target = null, bind = setExternalCryptoProvider, unbind = unsetExternalCryptoProvider]

!ENTRY org.eclipse.equinox.ds 1 0 2020-02-24 20:56:42.527
!MESSAGE Could not bind a reference of component org.wso2.carbon.crypto.impl. The reference is: Reference[name = internalCryptoProvider, interface = org.wso2.carbon.crypto.api.InternalCryptoProvider, policy = dynamic, cardinality = 0..n, target = null, bind = setInternalCryptoProvider, unbind = unsetInternalCryptoProvider]

!ENTRY org.eclipse.equinox.ds 1 0 2020-02-24 20:56:42.527
!MESSAGE Could not bind a reference of component org.wso2.carbon.crypto.impl. The reference is: Reference[name = keyResolver, interface = org.wso2.carbon.crypto.api.KeyResolver, policy = dynamic, cardinality = 0..n, target = null, bind = setKeyResolver, unbind = unsetKeyResolver]

!ENTRY org.eclipse.equinox.ds 1 0 2020-02-24 20:56:42.890
!MESSAGE Could not bind a reference of component org.wso2.carbon.deployment.synchronizer.subversion. The reference is: Reference[name = carbon.tomcat.service, interface = org.wso2.carbon.tomcat.api.CarbonTomcatService, policy = dynamic, cardinality = 0..1, target = null, bind = setCarbonTomcatService, unbind = unsetCarbonTomcatService]

!ENTRY org.eclipse.equinox.ds 1 0 2020-02-24 20:56:43.471
!MESSAGE Could not bind a reference of component event.input.adapter.service. The reference is: Reference[name = config.context.service, interface = org.wso2.carbon.utils.ConfigurationContextService, policy = dynamic, cardinality = 0..1, target = null, bind = setConfigurationContextService, unbind = unsetConfigurationContextService]

!ENTRY org.eclipse.equinox.ds 1 0 2020-02-24 20:56:43.472
!MESSAGE Could not bind a reference of component event.input.adapter.service. The reference is: Reference[name = input.event.adapter.tracker.service, interface = org.wso2.carbon.event.input.adapter.core.InputEventAdapterFactory, policy = dynamic, cardinality = 0..n, target = null, bind = setEventAdapterType, unbind = unSetEventAdapterType]

!ENTRY org.eclipse.equinox.ds 1 0 2020-02-24 20:56:44.262
!MESSAGE Could not bind a reference of component input.Kafka.EventAdaptorService.component. The reference is: Reference[name = configurationcontext.service, interface = org.wso2.carbon.utils.ConfigurationContextService, policy = dynamic, cardinality = 0..1, target = null, bind = setConfigurationContextService, unbind = unsetConfigurationContextService]

!ENTRY org.eclipse.equinox.ds 1 0 2020-02-24 20:56:44.945
!MESSAGE Could not bind a reference of component eventProcessorManagementService.component. The reference is: Reference[name = configuration.contextService.service, interface = org.wso2.carbon.utils.ConfigurationContextService, policy = dynamic, cardinality = 0..1, target = null, bind = setConfigurationContextService, unbind = unsetConfigurationContextService]

!ENTRY org.eclipse.equinox.ds 1 0 2020-02-24 20:56:44.946
!MESSAGE Could not bind a reference of component eventProcessorManagementService.component. The reference is: Reference[name = hazelcast.instance.service, interface = com.hazelcast.core.HazelcastInstance, policy = dynamic, cardinality = 0..1, target = null, bind = setHazelcastInstance, unbind = unsetHazelcastInstance]

!ENTRY org.eclipse.equinox.ds 1 0 2020-02-24 20:56:45.213
!MESSAGE Could not bind a reference of component eventStreamService.component. The reference is: Reference[name = config.context.service, interface = org.wso2.carbon.utils.ConfigurationContextService, policy = dynamic, cardinality = 0..1, target = null, bind = setConfigurationContextService, unbind = unsetConfigurationContextService]

!ENTRY org.eclipse.equinox.ds 1 0 2020-02-24 20:56:45.216
!MESSAGE Could not bind a reference of component eventStreamService.component. The reference is: Reference[name = eventStreamListener.service, interface = org.wso2.carbon.event.stream.core.EventStreamListener, policy = dynamic, cardinality = 0..n, target = null, bind = setEventStreamListener, unbind = unsetEventStreamListener]

!ENTRY org.eclipse.equinox.ds 1 0 2020-02-24 20:56:45.344
!MESSAGE Could not bind a reference of component output.Ui.AdapterService.component. The reference is: Reference[name = ui.event.adapter.externsion, interface = org.wso2.carbon.event.output.adapter.ui.UIOutputAuthorizationService, policy = dynamic, cardinality = 0..n, target = null, bind = setUIOutputAuthorizationService, unbind = unsetUIOutputAuthorizationService]

!ENTRY org.eclipse.equinox.ds 1 0 2020-02-24 20:56:45.442
!MESSAGE Could not bind a reference of component template.deployer.service.tracker.component. The reference is: Reference[name = template.deployer.tracker.service, interface = org.wso2.carbon.event.template.manager.core.TemplateDeployer, policy = dynamic, cardinality = 0..n, target = null, bind = setTemplateDeployer, unbind = unSetTemplateDeployer]

!ENTRY org.eclipse.equinox.ds 1 0 2020-02-24 20:56:46.730
!MESSAGE Could not bind a reference of component carbon.identity.notification.mgt. The reference is: Reference[name = ldap.tenant.manager.listener.service, interface = org.wso2.carbon.identity.notification.mgt.NotificationSendingModule, policy = dynamic, cardinality = 0..n, target = null, bind = addNotificationSendingModule, unbind = removeNotificationSendingModule]

!ENTRY org.eclipse.equinox.ds 1 0 2020-02-24 20:56:47.045
!MESSAGE Could not bind a reference of component org.wso2.carbon.user.export.service. The reference is: Reference[name = user.export.attribute.provider, interface = org.wso2.carbon.identity.user.export.core.service.UserInformationProvider, policy = dynamic, cardinality = 0..n, target = null, bind = setUserAttributeProvider, unbind = unsetUserAttributeProvider]

!ENTRY org.eclipse.equinox.ds 1 0 2020-02-24 20:56:52.359
!MESSAGE Could not bind a reference of component event.output.adapter.service. The reference is: Reference[name = config.context.service, interface = org.wso2.carbon.utils.ConfigurationContextService, policy = dynamic, cardinality = 0..1, target = null, bind = setConfigurationContextService, unbind = unsetConfigurationContextService]

!ENTRY org.eclipse.equinox.ds 1 0 2020-02-24 20:56:52.582
!MESSAGE Could not bind a reference of component eventPublisherService.component. The reference is: Reference[name = config.context.service, interface = org.wso2.carbon.utils.ConfigurationContextService, policy = dynamic, cardinality = 0..1, target = null, bind = setConfigurationContextService, unbind = unsetConfigurationContextService]

!ENTRY org.eclipse.equinox.ds 1 0 2020-02-24 20:56:52.596
!MESSAGE Could not bind a reference of component eventPublisherService.component. The reference is: Reference[name = registry.service, interface = org.wso2.carbon.registry.core.service.RegistryService, policy = dynamic, cardinality = 0..1, target = null, bind = setRegistryService, unbind = unsetRegistryService]

!ENTRY org.eclipse.equinox.ds 1 0 2020-02-24 20:56:52.606
!MESSAGE Could not bind a reference of component org.wso2.carbon.ndatasource. The reference is: Reference[name = config.context.service, interface = org.wso2.carbon.utils.ConfigurationContextService, policy = dynamic, cardinality = 0..1, target = null, bind = setConfigurationContextService, unbind = unsetConfigurationContextService]

!ENTRY org.eclipse.equinox.ds 1 0 2020-02-24 20:56:52.608
!MESSAGE Could not bind a reference of component org.wso2.carbon.ndatasource. The reference is: Reference[name = external.crypto.service, interface = org.wso2.carbon.crypto.api.ExternalCryptoProvider, policy = dynamic, cardinality = 0..1, target = null, bind = setExternalCryptoProvider, unbind = unsetExternalCryptoProvider]

!ENTRY org.eclipse.equinox.ds 1 0 2020-02-24 20:56:52.609
!MESSAGE Could not bind a reference of component org.wso2.carbon.ndatasource. The reference is: Reference[name = registry.service, interface = org.wso2.carbon.registry.core.service.RegistryService, policy = dynamic, cardinality = 0..1, target = null, bind = setRegistryService, unbind = unsetRegistryService]

!ENTRY org.eclipse.equinox.ds 1 0 2020-02-24 20:56:53.586
!MESSAGE Could not bind a reference of component org.wso2.carbon.ndatasource. The reference is: Reference[name = user.realmservice.default, interface = org.wso2.carbon.user.core.service.RealmService, policy = dynamic, cardinality = 0..1, target = null, bind = setRealmService, unbind = unsetRealmService]

!ENTRY org.eclipse.equinox.ds 1 0 2020-02-24 20:56:55.524
!MESSAGE Could not bind a reference of component org.wso2.carbon.tomcat.internal.CarbonTomcatServiceComponent. The reference is: Reference[name = sci, interface = javax.servlet.ServletContainerInitializer, policy = dynamic, cardinality = 0..n, target = null, bind = setServletContainerInitializer, unbind = unsetServletContainerInitializer]

!ENTRY org.eclipse.equinox.ds 1 0 2020-02-24 20:56:58.515
!MESSAGE Could not bind a reference of component carbon.consent.mgt.component. The reference is: Reference[name = consent.interceptor, interface = org.wso2.carbon.consent.mgt.core.connector.ConsentMgtInterceptor, policy = dynamic, cardinality = 0..n, target = null, bind = setConsentInterceptor, unbind = unsetConsentInterceptor]

!ENTRY org.eclipse.equinox.ds 1 0 2020-02-24 20:56:58.516
!MESSAGE Could not bind a reference of component carbon.consent.mgt.component. The reference is: Reference[name = pii.controller, interface = org.wso2.carbon.consent.mgt.core.connector.PIIController, policy = dynamic, cardinality = 0..n, target = null, bind = setPIIController, unbind = unsetPIIController]

!ENTRY org.eclipse.equinox.ds 1 0 2020-02-24 20:56:58.518
!MESSAGE Could not bind a reference of component carbon.consent.mgt.component. The reference is: Reference[name = piiCategory.dao, interface = org.wso2.carbon.consent.mgt.core.dao.PIICategoryDAO, policy = dynamic, cardinality = 0..n, target = null, bind = setPIICategory, unbind = unsetPIICategory]

!ENTRY org.eclipse.equinox.ds 1 0 2020-02-24 20:56:58.519
!MESSAGE Could not bind a reference of component carbon.consent.mgt.component. The reference is: Reference[name = purpose.dao, interface = org.wso2.carbon.consent.mgt.core.dao.PurposeDAO, policy = dynamic, cardinality = 0..n, target = null, bind = setPurpose, unbind = unsetPurpose]

!ENTRY org.eclipse.equinox.ds 1 0 2020-02-24 20:56:58.521
!MESSAGE Could not bind a reference of component carbon.consent.mgt.component. The reference is: Reference[name = purposeCategory.dao, interface = org.wso2.carbon.consent.mgt.core.dao.PurposeCategoryDAO, policy = dynamic, cardinality = 0..n, target = null, bind = setPurposeCategory, unbind = unsetPurposeCategory]

!ENTRY org.eclipse.equinox.ds 1 0 2020-02-24 20:56:58.549
!MESSAGE Could not bind a reference of component carbon.consent.mgt.component. The reference is: Reference[name = receipt.dao, interface = org.wso2.carbon.consent.mgt.core.dao.ReceiptDAO, policy = dynamic, cardinality = 0..n, target = null, bind = setReceiptDAO, unbind = unsetReceiptDAO]

!ENTRY org.eclipse.equinox.ds 1 0 2020-02-24 20:56:59.140
!MESSAGE Could not bind a reference of component databridge.component. The reference is: Reference[name = config.context.service, interface = org.wso2.carbon.utils.ConfigurationContextService, policy = dynamic, cardinality = 0..1, target = null, bind = setConfigurationContextService, unbind = unsetConfigurationContextService]

!ENTRY org.eclipse.equinox.ds 1 0 2020-02-24 20:57:01.597
!MESSAGE Could not bind a reference of component org.wso2.carbon.identity.authz.service. The reference is: Reference[name = org.wso2.carbon.identity.authz.handler.authz, interface = org.wso2.carbon.identity.authz.service.handler.AuthorizationHandler, policy = dynamic, cardinality = 0..n, target = null, bind = setAuthorizationHandler, unbind = unsetAuthorizationHandler]

!ENTRY org.eclipse.equinox.ds 1 0 2020-02-24 20:57:01.599
!MESSAGE Could not bind a reference of component org.wso2.carbon.identity.authz.service. The reference is: Reference[name = org.wso2.carbon.identity.authz.handler.resource, interface = org.wso2.carbon.identity.authz.service.handler.ResourceHandler, policy = dynamic, cardinality = 0..n, target = null, bind = setResourceHandler, unbind = unsetResourceHandler]

!ENTRY org.eclipse.equinox.ds 1 0 2020-02-24 20:57:01.851
!MESSAGE Could not bind a reference of component registry.core.dscomponent. The reference is: Reference[name = CacheInvalidator, interface = org.wso2.carbon.caching.impl.CacheInvalidator, policy = dynamic, cardinality = 0..n, target = null, bind = setCacheInvalidatorService, unbind = unSetCacheInvalidatorService]

!ENTRY org.eclipse.equinox.ds 1 0 2020-02-24 20:57:01.854
!MESSAGE Could not bind a reference of component registry.core.dscomponent. The reference is: Reference[name = statistics.collector, interface = org.wso2.carbon.registry.core.statistics.StatisticsCollector, policy = dynamic, cardinality = 0..n, target = null, bind = setStatisticsCollector, unbind = unsetStatisticsCollector]

!ENTRY org.eclipse.equinox.ds 1 0 2020-02-24 20:57:04.199
!MESSAGE Could not bind a reference of component eventReceiverService.component. The reference is: Reference[name = config.context.service, interface = org.wso2.carbon.utils.ConfigurationContextService, policy = dynamic, cardinality = 0..1, target = null, bind = setConfigurationContextService, unbind = unsetConfigurationContextService]

!ENTRY org.eclipse.equinox.ds 1 0 2020-02-24 20:57:26.476
!MESSAGE Could not bind a reference of component org.wso2.carbon.registry.server. The reference is: Reference[name = config.context.service, interface = org.wso2.carbon.utils.ConfigurationContextService, policy = dynamic, cardinality = 0..1, target = null, bind = setConfigurationContextService, unbind = unsetConfigurationContextService]

!ENTRY org.eclipse.equinox.ds 1 0 2020-02-24 20:57:27.007
!MESSAGE Could not bind a reference of component org.wso2.carbon.registry.resource. The reference is: Reference[name = registry.download.service, interface = org.wso2.carbon.registry.resource.download.DownloadManagerService, policy = dynamic, cardinality = 0..1, target = null, bind = setDownloadManagerService, unbind = unsetDownloadManagerService]

!ENTRY org.eclipse.equinox.ds 1 0 2020-02-24 20:57:27.012
!MESSAGE Could not bind a reference of component org.wso2.carbon.registry.resource. The reference is: Reference[name = registry.notification.service, interface = org.wso2.carbon.registry.common.eventing.NotificationService, policy = dynamic, cardinality = 0..1, target = null, bind = setRegistryNotificationService, unbind = unsetRegistryNotificationService]

!ENTRY org.eclipse.equinox.ds 1 0 2020-02-24 20:57:27.041
!MESSAGE Could not bind a reference of component org.wso2.carbon.registry.servlet. The reference is: Reference[name = registry.uddi, interface = org.wso2.carbon.registry.core.servlet.UDDIServlet, policy = dynamic, cardinality = 0..1, target = null, bind = setJUDDIRegistryServlet, unbind = unsetJUDDIRegistryServlet]

!ENTRY org.eclipse.equinox.ds 1 0 2020-02-24 20:57:27.602
!MESSAGE Could not bind a reference of component org.wso2.carbon.user.core.listener. The reference is: Reference[name = authorization.manager.listener.service, interface = org.wso2.carbon.user.core.listener.AuthorizationManagerListener, policy = dynamic, cardinality = 0..n, target = null, bind = setAuthorizationManagerListenerService, unbind = unsetAuthorizationManagerListenerService]

!ENTRY org.eclipse.equinox.ds 1 0 2020-02-24 20:57:27.604
!MESSAGE Could not bind a reference of component org.wso2.carbon.user.core.listener. The reference is: Reference[name = claim.manager.listener.service, interface = org.wso2.carbon.user.core.listener.ClaimManagerListener, policy = dynamic, cardinality = 0..n, target = null, bind = setClaimManagerListenerService, unbind = unsetClaimManagerListenerService]

!ENTRY org.eclipse.equinox.ds 1 0 2020-02-24 20:57:27.605
!MESSAGE Could not bind a reference of component org.wso2.carbon.user.core.listener. The reference is: Reference[name = ldap.tenant.manager.listener.service, interface = org.wso2.carbon.user.core.tenant.LDAPTenantManager, policy = dynamic, cardinality = 0..n, target = null, bind = addLDAPTenantManager, unbind = removeLDAPTenantManager]

!ENTRY org.eclipse.equinox.ds 1 0 2020-02-24 20:57:27.606
!MESSAGE Could not bind a reference of component org.wso2.carbon.user.core.listener. The reference is: Reference[name = user.management.error.event.listener.service, interface = org.wso2.carbon.user.core.listener.UserManagementErrorEventListener, policy = dynamic, cardinality = 0..n, target = null, bind = setUserManagementErrorEventListenerService, unbind = unsetUserManagementErrorEventListenerService]

!ENTRY org.eclipse.equinox.ds 1 0 2020-02-24 20:57:27.608
!MESSAGE Could not bind a reference of component org.wso2.carbon.user.core.listener. The reference is: Reference[name = user.operation.event.listener.service, interface = org.wso2.carbon.user.core.listener.UserOperationEventListener, policy = dynamic, cardinality = 0..n, target = null, bind = setUserOperationEventListenerService, unbind = unsetUserOperationEventListenerService]

!ENTRY org.eclipse.equinox.ds 1 0 2020-02-24 20:57:27.609
!MESSAGE Could not bind a reference of component org.wso2.carbon.user.core.listener. The reference is: Reference[name = user.store.manager.listener.service, interface = org.wso2.carbon.user.core.listener.UserStoreManagerListener, policy = dynamic, cardinality = 0..n, target = null, bind = setUserStoreManagerListenerService, unbind = unsetUserStoreManagerListenerService]

!ENTRY org.eclipse.equinox.ds 1 0 2020-02-24 20:57:27.613
!MESSAGE Could not bind a reference of component user.store.mgt.dscomponent. The reference is: Reference[name = claim.mgt.component, interface = org.wso2.carbon.user.core.claim.ClaimManagerFactory, policy = dynamic, cardinality = 0..1, target = null, bind = setClaimManagerFactory, unbind = unsetClaimManagerFactory]

!ENTRY org.eclipse.equinox.ds 1 0 2020-02-24 20:57:27.750
!MESSAGE Could not bind a reference of component org.wso2.carbon.context.internal.CarbonContextDiscoveryServiceComponent. The reference is: Reference[name = discoveryService, interface = org.wso2.carbon.base.DiscoveryService, policy = dynamic, cardinality = 0..1, target = null, bind = setDiscoveryService, unbind = unsetDiscoveryService]

!ENTRY org.eclipse.equinox.ds 1 0 2020-02-24 20:57:27.807
!MESSAGE Could not bind a reference of component carbon.core.dscomponent. The reference is: Reference[name = coordinatedActivity, interface = org.wso2.carbon.core.clustering.api.CoordinatedActivity, policy = dynamic, cardinality = 0..n, target = null, bind = addCoordinatedActivity, unbind = removeCoordinatedActivity]

!ENTRY org.eclipse.equinox.ds 1 0 2020-02-24 20:57:27.809
!MESSAGE Could not bind a reference of component carbon.core.dscomponent. The reference is: Reference[name = serverRestartHandler, interface = org.wso2.carbon.core.ServerRestartHandler, policy = dynamic, cardinality = 0..n, target = null, bind = addServerRestartHandler, unbind = removeServerRestartHandler]

!ENTRY org.eclipse.equinox.ds 1 0 2020-02-24 20:57:27.811
!MESSAGE Could not bind a reference of component carbon.core.dscomponent. The reference is: Reference[name = serverShutdownHandler, interface = org.wso2.carbon.core.ServerShutdownHandler, policy = dynamic, cardinality = 0..n, target = null, bind = addServerShutdownHandler, unbind = removeServerShutdownHandler]

!ENTRY org.eclipse.equinox.ds 1 0 2020-02-24 20:57:27.812
!MESSAGE Could not bind a reference of component carbon.core.dscomponent. The reference is: Reference[name = serverStartupHandler, interface = org.wso2.carbon.core.ServerStartupHandler, policy = dynamic, cardinality = 0..n, target = null, bind = addServerStartupHandler, unbind = removeServerStartupHandler]

!ENTRY org.eclipse.equinox.ds 1 0 2020-02-24 20:57:27.814
!MESSAGE Could not bind a reference of component carbon.core.dscomponent. The reference is: Reference[name = serverStartupObserver, interface = org.wso2.carbon.core.ServerStartupObserver, policy = dynamic, cardinality = 0..n, target = null, bind = addServerStartupObserver, unbind = removeServerStartupObserver]

!ENTRY org.eclipse.equinox.ds 1 0 2020-02-24 20:57:27.879
!MESSAGE Could not bind a reference of component eventProcessorService.component. The reference is: Reference[name = configuration.context, interface = org.wso2.carbon.utils.ConfigurationContextService, policy = dynamic, cardinality = 0..1, target = null, bind = setConfigurationContext, unbind = unsetConfigurationContext]

!ENTRY org.eclipse.equinox.ds 1 0 2020-02-24 20:57:27.883
!MESSAGE Could not bind a reference of component eventProcessorService.component. The reference is: Reference[name = hazelcast.instance.service, interface = com.hazelcast.core.HazelcastInstance, policy = dynamic, cardinality = 0..1, target = null, bind = setHazelcastInstance, unbind = unsetHazelcastInstance]

!ENTRY org.eclipse.equinox.ds 2 0 2020-02-24 20:57:57.772
!MESSAGE [SCR - WorkThread] Timeout occurred! Thread was blocked on processing [QueuedJob] WorkPerformer: org.eclipse.equinox.internal.ds.SCRManager@3bebd365; actionType 1

!ENTRY org.eclipse.equinox.ds 2 0 2020-02-24 20:57:57.792
!MESSAGE [SCR] Enabling components of bundle org.wso2.carbon.utils did not complete in 30000 ms 

!ENTRY org.eclipse.equinox.ds 1 0 2020-02-24 20:58:33.298
!MESSAGE Could not bind a reference of component org.wso2.apimgt.impl.services. The reference is: Reference[name = listener.manager.service, interface = org.apache.axis2.engine.ListenerManager, policy = dynamic, cardinality = 0..1, target = null, bind = setListenerManager, unbind = unsetListenerManager]

!ENTRY org.eclipse.equinox.ds 1 0 2020-02-24 20:58:34.681
!MESSAGE Could not bind a reference of component api.keymgt.component. The reference is: Reference[name = scope.issuer.service, interface = org.wso2.carbon.apimgt.keymgt.issuers.AbstractScopesIssuer, policy = dynamic, cardinality = 0..n, target = null, bind = addScopeIssuer, unbind = removeScopeIssuers]

!ENTRY org.eclipse.equinox.ds 1 0 2020-02-24 20:58:46.679
!MESSAGE Could not bind a reference of component org.wso2.carbon.deployment.synchronizer.XXX. The reference is: Reference[name = repository.reference.service, interface = org.wso2.carbon.deployment.synchronizer.ArtifactRepository, policy = dynamic, cardinality = 0..n, target = null, bind = addArtifactRepository, unbind = removeArtifactRepository]

!ENTRY org.eclipse.equinox.ds 1 0 2020-02-24 20:58:47.055
!MESSAGE Could not bind a reference of component org.wso2.carbon.usage.agent. The reference is: Reference[name = org.wso2.carbon.statistics.services, interface = org.wso2.carbon.statistics.services.SystemStatisticsUtil, policy = dynamic, cardinality = 0..1, target = null, bind = setSystemStatisticsUtil, unbind = unsetSystemStatisticsUtil]

!ENTRY org.eclipse.equinox.ds 1 0 2020-02-24 20:58:47.921
!MESSAGE Could not bind a reference of component identity.application.management.component. The reference is: Reference[name = application.mgt.authenticator, interface = org.wso2.carbon.identity.application.mgt.AbstractInboundAuthenticatorConfig, policy = dynamic, cardinality = 0..n, target = null, bind = setInboundAuthenticatorConfig, unbind = unsetInboundAuthenticatorConfig]

!ENTRY org.eclipse.equinox.ds 1 0 2020-02-24 20:58:47.973
!MESSAGE Could not bind a reference of component identity.oauth.dcr. The reference is: Reference[name = identity.oauth.dcr.handler.register, interface = org.wso2.carbon.identity.oauth.dcr.handler.RegistrationHandler, policy = dynamic, cardinality = 0..n, target = null, bind = setRegistrationHandler, unbind = unsetRegistrationHandler]

!ENTRY org.eclipse.equinox.ds 1 0 2020-02-24 20:58:47.975
!MESSAGE Could not bind a reference of component identity.oauth.dcr. The reference is: Reference[name = identity.oauth.dcr.handler.unregister, interface = org.wso2.carbon.identity.oauth.dcr.handler.UnRegistrationHandler, policy = dynamic, cardinality = 0..n, target = null, bind = setUnRegistrationHandler, unbind = unsetUnRegistrationHandler]

!ENTRY org.eclipse.equinox.ds 1 0 2020-02-24 20:58:48.224
!MESSAGE Could not bind a reference of component identity.oidc.session.component. The reference is: Reference[name = oidc.logout.handlers, interface = org.wso2.carbon.identity.oidc.session.handler.OIDCLogoutHandler, policy = dynamic, cardinality = 0..n, target = null, bind = registerOIDCLogoutHandler, unbind = unregisterOIDCLogoutHandler]

!ENTRY org.eclipse.equinox.ds 1 0 2020-02-24 20:58:49.102
!MESSAGE Could not bind a reference of component identity.core.component. The reference is: Reference[name = is.migration.client, interface = org.wso2.carbon.identity.core.migrate.MigrationClient, policy = dynamic, cardinality = 0..1, target = null, bind = setMigrationClient, unbind = unsetMigrationClient]

!ENTRY org.eclipse.equinox.ds 1 0 2020-02-24 20:58:49.453
!MESSAGE Could not bind a reference of component org.wso2.carbon.identity.auth.service. The reference is: Reference[name = org.wso2.carbon.identity.auth.service.handler.auth, interface = org.wso2.carbon.identity.auth.service.handler.AuthenticationHandler, policy = dynamic, cardinality = 0..n, target = null, bind = addAuthenticationHandler, unbind = removeAuthenticationHandler]

!ENTRY org.eclipse.equinox.ds 1 0 2020-02-24 20:58:49.454
!MESSAGE Could not bind a reference of component org.wso2.carbon.identity.auth.service. The reference is: Reference[name = org.wso2.carbon.identity.auth.service.handler.resource, interface = org.wso2.carbon.identity.auth.service.handler.ResourceHandler, policy = dynamic, cardinality = 0..n, target = null, bind = addResourceHandler, unbind = removeResourceHandler]

!ENTRY org.eclipse.equinox.ds 1 0 2020-02-24 20:58:49.534
!MESSAGE Could not bind a reference of component org.wso2.carbon.identity.auth.valve. The reference is: Reference[name = org.wso2.carbon.identity.auth.service.factory.auth, interface = org.wso2.carbon.identity.auth.service.factory.AuthenticationRequestBuilderFactory, policy = dynamic, cardinality = 0..n, target = null, bind = addAuthenticationRequestBuilderFactory, unbind = removeAuthenticationRequestBuilderFactory]

!ENTRY org.eclipse.equinox.ds 1 0 2020-02-24 20:58:49.668
!MESSAGE Could not bind a reference of component identity.claim.metadata.component. The reference is: Reference[name = claim.manager.listener.service, interface = org.wso2.carbon.user.core.listener.ClaimManagerListener, policy = dynamic, cardinality = 0..n, target = null, bind = setClaimManagerListener, unbind = unsetClaimManagerListener]

!ENTRY org.eclipse.equinox.ds 1 0 2020-02-24 20:58:50.362
!MESSAGE Could not bind a reference of component identity.oauth2.component. The reference is: Reference[name = framework.authentication.context.method.name.translator, interface = org.wso2.carbon.identity.application.authentication.framework.AuthenticationMethodNameTranslator, policy = dynamic, cardinality = 0..1, target = null, bind = setAuthenticationMethodNameTranslator, unbind = unsetAuthenticationMethodNameTranslator]

!ENTRY org.eclipse.equinox.ds 1 0 2020-02-24 20:58:50.363
!MESSAGE Could not bind a reference of component identity.oauth2.component. The reference is: Reference[name = oauth.client.authenticator, interface = org.wso2.carbon.identity.oauth2.client.authentication.OAuthClientAuthenticator, policy = dynamic, cardinality = 0..n, target = null, bind = setOAuthClientAuthenticator, unbind = unsetOAuthClientAuthenticator]

!ENTRY org.eclipse.equinox.ds 1 0 2020-02-24 20:58:51.044
!MESSAGE Could not bind a reference of component identity.provider.component. The reference is: Reference[name = identity.attribute.service, interface = org.wso2.carbon.identity.provider.IdentityAttributeService, policy = dynamic, cardinality = 0..n, target = null, bind = addAttributeService, unbind = removeAttributeService]

!ENTRY org.eclipse.equinox.ds 1 0 2020-02-24 20:58:51.331
!MESSAGE Could not bind a reference of component identity.application.authentication.framework.component. The reference is: Reference[name = claim.filter.service, interface = org.wso2.carbon.identity.application.authentication.framework.handler.claims.ClaimFilter, policy = dynamic, cardinality = 0..n, target = null, bind = setClaimFilter, unbind = unsetClaimFilter]

!ENTRY org.eclipse.equinox.ds 1 0 2020-02-24 20:58:51.334
!MESSAGE Could not bind a reference of component identity.application.authentication.framework.component. The reference is: Reference[name = identity.event.service, interface = org.wso2.carbon.identity.event.services.IdentityEventService, policy = dynamic, cardinality = 0..n, target = null, bind = setIdentityEventService, unbind = unsetIdentityEventService]

!ENTRY org.eclipse.equinox.ds 1 0 2020-02-24 20:58:51.336
!MESSAGE Could not bind a reference of component identity.application.authentication.framework.component. The reference is: Reference[name = identity.post.authn.handler, interface = org.wso2.carbon.identity.application.authentication.framework.handler.request.PostAuthenticationHandler, policy = dynamic, cardinality = 0..n, target = null, bind = setPostAuthenticationHandler, unbind = unsetPostAuthenticationHandler]

!ENTRY org.eclipse.equinox.ds 1 0 2020-02-24 20:58:51.816
!MESSAGE Could not bind a reference of component identity.openidconnect.component. The reference is: Reference[name = identity.openidconnect.RequestObjectService, interface = org.wso2.carbon.identity.openidconnect.RequestObjectService, policy = dynamic, cardinality = 0..1, target = null, bind = setRequestObjectService, unbind = unsetRequestObjectService]

!ENTRY org.eclipse.equinox.ds 1 0 2020-02-24 20:58:51.820
!MESSAGE Could not bind a reference of component identity.openidconnect.component. The reference is: Reference[name = identity.openidconnect.handlers, interface = org.wso2.carbon.identity.openidconnect.handlers.RequestObjectHandler, policy = dynamic, cardinality = 0..1, target = null, bind = setRequestObjectRevokeHandler, unbind = unsetRequestObjectRevokeHandler]

!ENTRY org.eclipse.equinox.ds 1 0 2020-02-24 20:58:51.823
!MESSAGE Could not bind a reference of component identity.openidconnect.component. The reference is: Reference[name = org.wso2.carbon.identity.event.services. , interface = org.wso2.carbon.identity.event.services.IdentityEventService, policy = dynamic, cardinality = 0..1, target = null, bind = setIdentityEventService, unbind = unsetIdentityEventService]

!ENTRY org.eclipse.equinox.ds 1 0 2020-02-24 20:58:52.067
!MESSAGE Could not bind a reference of component org.wso2.carbon.identity.user.store.configuration.component. The reference is: Reference[name = user.store.configuration, interface = org.wso2.carbon.identity.user.store.configuration.dao.AbstractUserStoreDAOFactory, policy = dynamic, cardinality = 0..n, target = null, bind = setUserStoreDAOFactory, unbind = unsetUserStoreDAOFactory]

!ENTRY org.eclipse.equinox.ds 1 0 2020-02-24 20:58:52.102
!MESSAGE Could not bind a reference of component identity.user.store.count.component. The reference is: Reference[name = user.store.count, interface = org.wso2.carbon.identity.user.store.count.AbstractCountRetrieverFactory, policy = dynamic, cardinality = 0..n, target = null, bind = setCountRetrieverFactory, unbind = unsetCountRetrieverFactory]

!ENTRY org.eclipse.equinox.ds 1 0 2020-02-24 20:58:52.131
!MESSAGE Could not bind a reference of component idp.mgt.dscomponent. The reference is: Reference[name = identity.core.ConnectorConfig, interface = org.wso2.carbon.identity.core.ConnectorConfig, policy = dynamic, cardinality = 0..n, target = null, bind = setIdentityGovernanceConnector, unbind = unsetGovernanceConnector]

!ENTRY org.eclipse.equinox.ds 1 0 2020-02-24 20:58:52.135
!MESSAGE Could not bind a reference of component idp.mgt.dscomponent. The reference is: Reference[name = identity.provider.saml.service.component, interface = org.wso2.carbon.idp.mgt.util.MetadataConverter, policy = dynamic, cardinality = 0..n, target = null, bind = setMetadataConverterService, unbind = unsetMetadataConverterService]

!ENTRY org.eclipse.equinox.ds 1 0 2020-02-24 20:58:52.528
!MESSAGE Could not bind a reference of component org.wso2.carbon.identity.governance.internal.IdentityMgtServiceComponent. The reference is: Reference[name = idp.mgt.event.listener.service, interface = org.wso2.carbon.identity.governance.common.IdentityConnectorConfig, policy = dynamic, cardinality = 0..n, target = null, bind = setIdentityGovernanceConnector, unbind = unsetIdentityGovernanceConnector]

!ENTRY org.eclipse.equinox.ds 1 0 2020-02-24 20:58:52.816
!MESSAGE Could not bind a reference of component org.wso2.carbon.identity.captcha.internal.CaptchaComponent. The reference is: Reference[name = CaptchaConnectors, interface = org.wso2.carbon.identity.captcha.connector.CaptchaConnector, policy = dynamic, cardinality = 0..n, target = null, bind = setCaptchaConnector, unbind = unsetCaptchaConnector]

!ENTRY org.eclipse.equinox.ds 1 0 2020-02-24 20:58:53.926
!MESSAGE Could not bind a reference of component usermgt.component. The reference is: Reference[name = org.wso2.carbon.user.core.listener.UserManagementErrorEventListener, interface = org.wso2.carbon.user.core.listener.UserManagementErrorEventListener, policy = dynamic, cardinality = 0..n, target = null, bind = setUserManagementErrorEventListenerService, unbind = unsetUserManagementErrorEventListenerService]

!ENTRY org.eclipse.equinox.ds 1 0 2020-02-24 20:58:53.930
!MESSAGE Could not bind a reference of component usermgt.component. The reference is: Reference[name = org.wso2.carbon.user.mgt.recorder.UserDeletionEventRecorder, interface = org.wso2.carbon.user.mgt.recorder.UserDeletionEventRecorder, policy = dynamic, cardinality = 0..n, target = null, bind = setUserDeleteEventRecorder, unbind = unsetUserDeleteEventRecorder]

!ENTRY org.eclipse.equinox.ds 1 0 2020-02-24 20:58:56.786
!MESSAGE Could not bind a reference of component esb.core.initializer. The reference is: Reference[name = esbntask.taskservice, interface = org.wso2.carbon.mediation.ntask.internal.NtaskService, policy = dynamic, cardinality = 0..1, target = null, bind = setTaskService, unbind = unsetTaskService]

!ENTRY org.eclipse.equinox.ds 1 0 2020-02-24 21:02:59.980
!MESSAGE Could not bind a reference of component org.wso2.carbon.message.processor. The reference is: Reference[name = service.admin.service, interface = org.wso2.carbon.service.mgt.ServiceAdmin, policy = dynamic, cardinality = 0..1, target = null, bind = setServiceAdminService, unbind = unsetServiceAdminService]

!ENTRY org.eclipse.equinox.ds 1 0 2020-02-24 21:02:59.992
!MESSAGE Could not bind a reference of component org.wso2.carbon.message.store. The reference is: Reference[name = service.admin.service, interface = org.wso2.carbon.service.mgt.ServiceAdmin, policy = dynamic, cardinality = 0..1, target = null, bind = setServiceAdminService, unbind = unsetServiceAdminService]

!ENTRY org.eclipse.equinox.ds 1 0 2020-02-24 21:03:00.478
!MESSAGE Could not bind a reference of component org.wso2.carbon.proxyadmin. The reference is: Reference[name = service.admin.service, interface = org.wso2.carbon.service.mgt.ServiceAdmin, policy = dynamic, cardinality = 0..1, target = null, bind = setServiceadminService, unbind = unsetServiceAdminService]

!ENTRY org.eclipse.equinox.ds 1 0 2020-02-24 21:03:01.983
!MESSAGE Could not bind a reference of component org.wso2.carbon.andes.internal.QpidServiceComponent. The reference is: Reference[name = hazelcast.instance.service, interface = com.hazelcast.core.HazelcastInstance, policy = dynamic, cardinality = 0..1, target = null, bind = setHazelcastInstance, unbind = unsetHazelcastInstance]

!ENTRY org.eclipse.equinox.ds 1 0 2020-02-24 21:03:06.676
!MESSAGE Could not bind a reference of component org.wso2.carbon.tenant.mgt. The reference is: Reference[name = default.tenant.billing.service, interface = org.wso2.carbon.stratos.common.TenantBillingService, policy = dynamic, cardinality = 0..1, target = null, bind = setTenantBillingService, unbind = unsetTenantBillingService]

!ENTRY org.eclipse.equinox.ds 1 0 2020-02-24 21:03:09.540
!MESSAGE Could not bind a reference of component org.wso2.carbon.registry.eventing. The reference is: Reference[name = registry.events.jmx.service, interface = org.wso2.carbon.registry.extensions.jmx.Events, policy = dynamic, cardinality = 0..1, target = null, bind = setEvents, unbind = unsetEvents]

!ENTRY org.eclipse.equinox.ds 1 0 2020-02-24 21:03:09.678
!MESSAGE Could not bind a reference of component org.wso2.carbon.registry.info. The reference is: Reference[name = registry.subscription.email.verification.service, interface = org.wso2.carbon.registry.eventing.services.SubscriptionEmailVerficationService, policy = dynamic, cardinality = 0..1, target = null, bind = setSubscriptionEmailVerficationService, unbind = unsetSubscriptionEmailVerficationService]

!ENTRY org.eclipse.equinox.ds 1 0 2020-02-24 21:03:09.680
!MESSAGE Could not bind a reference of component org.wso2.carbon.registry.info. The reference is: Reference[name = registry.subscriptions.jmx.service, interface = org.wso2.carbon.registry.extensions.jmx.Subscriptions, policy = dynamic, cardinality = 0..1, target = null, bind = setSubscriptions, unbind = unsetSubscriptions]

!ENTRY org.eclipse.equinox.ds 1 0 2020-02-24 21:03:10.002
!MESSAGE Could not bind a reference of component core.ui.dscomponent. The reference is: Reference[name = ui.authentication.extender, interface = org.wso2.carbon.ui.UIAuthenticationExtender, policy = dynamic, cardinality = 0..1, target = null, bind = setUIAuthenticationExtender, unbind = unsetUIAuthenticationExtender]
