TID: [-1234] [2020-02-25 01:03:46,244]  INFO {AUDIT_LOG} - Initiator=wso2.system.user Action=Get-Roles-of-User Target=admin Data={"Filter":"*","Roles":["Internal/subscriber","Application/admin_admin_publisher","Application/admin_rest_api_import_export","Internal/creator","Application/admin_admin_store","Internal/publisher","Application/admin_rest_api_store","Internal/everyone","Application/admin_georeferencia_PRODUCTION","admin","Internal/analytics"]} Outcome=Success
TID: [-1234] [2020-02-25 01:03:46,262]  INFO {AUDIT_LOG} - Initiator=wso2.system.user Action=Get-User-Claim-Values Target=admin Data={"Claims":{"http://wso2.org/claims/username":"admin","http://wso2.org/claims/role":"Internal/subscriber,Application/admin_admin_publisher,Application/admin_rest_api_import_export,Internal/creator,Application/admin_admin_store,Internal/publisher,Application/admin_rest_api_store,Internal/everyone,Application/admin_georeferencia_PRODUCTION,admin,Internal/analytics"}} Outcome=Success
TID: [-1234] [2020-02-25 01:03:46,279]  INFO {AUDIT_LOG} - Initiator : admin | Action : Login | Target : ApplicationAuthenticationFramework | Data : { "ContextIdentifier" : "b2e8ceb4-0f07-44f8-9e20-26894d711828","AuthenticatedUser" : "admin","AuthenticatedUserTenantDomain" : "carbon.super","ServiceProviderName" : "admin_admin_publisher","RequestType" : "oidc","RelyingParty" : "9s4I5cIx9bv9VxHogQbG3ij8Pe0a","AuthenticatedIdPs" : "eyJ0eXAiOiJKV1QiLCAiYWxnIjoiSFMyNTYifQ==.eyJpc3MiOiJ3c28yIiwiZXhwIjoxNTgyNjEwNjI2MjM2MzAwMCwiaWF0IjoxNTgyNjEwNjI2MjM2LCJpZHBzIjpbeyJpZHAiOiJMT0NBTCIsImF1dGhlbnRpY2F0b3IiOiJCYXNpY0F1dGhlbnRpY2F0b3IifV19.9zHJZi5w2Xg+5/8dfokVU1xzivA=" } | Result : Success 
TID: [-1234] [2020-02-25 01:03:47,783]  INFO {AUDIT_LOG} - Initiator=wso2.system.user Action=Get-User-Claim-Values Target=admin Data={"Claims":{},"Profile":"default"} Outcome=Success
TID: [-1234] [2020-02-25 01:04:17,381]  INFO {AUDIT_LOG} - Initiator=wso2.system.user Action=Get-User-Claim-Values Target=admin Data={"Claims":{},"Profile":"default"} Outcome=Success
TID: [-1234] [2020-02-25 01:04:17,385]  INFO {AUDIT_LOG} - 'admin@carbon.super [-1234]' logged in at [2020-02-25 01:04:17,383-0500]
TID: [-1234] [2020-02-25 01:04:36,779]  INFO {AUDIT_LOG} - Initiator=wso2.system.user Action=Get-User-Claim-Values Target=admin Data={"Claims":{"http://wso2.org/claims/username":"admin","http://wso2.org/claims/role":"Internal/subscriber,Application/admin_admin_publisher,Application/admin_rest_api_import_export,Internal/creator,Application/admin_admin_store,Internal/publisher,Application/admin_rest_api_store,Internal/everyone,Application/admin_georeferencia_PRODUCTION,admin,Internal/analytics"}} Outcome=Success
TID: [-1234] [2020-02-25 01:04:36,785]  INFO {AUDIT_LOG} - Initiator : admin | Action : Login | Target : ApplicationAuthenticationFramework | Data : { "ContextIdentifier" : "7d05be84-0e4d-4ed9-a61f-6086bbfa60d9","AuthenticatedUser" : "admin","AuthenticatedUserTenantDomain" : "carbon.super","ServiceProviderName" : "admin_admin_store","RequestType" : "oidc","RelyingParty" : "YV4XNkVcUgH891pFy5E0f3tFuB0a","AuthenticatedIdPs" : "eyJ0eXAiOiJKV1QiLCAiYWxnIjoiSFMyNTYifQ==.eyJpc3MiOiJ3c28yIiwiZXhwIjoxNTgyNjEwNjc2Nzc2MzAwMCwiaWF0IjoxNTgyNjEwNjc2Nzc2LCJpZHBzIjpbeyJpZHAiOiJMT0NBTCIsImF1dGhlbnRpY2F0b3IiOiJCYXNpY0F1dGhlbnRpY2F0b3IifV19.4KEbilWt0DsJP+Pb3zn6riXcbo0=" } | Result : Success 
TID: [-1234] [2020-02-25 01:04:39,077]  INFO {AUDIT_LOG} - Initiator=wso2.system.user Action=Get-User-Claim-Values Target=admin Data={"Claims":{},"Profile":"default"} Outcome=Success
TID: [-1234] [2020-02-25 01:04:43,009]  INFO {AUDIT_LOG} - Initiator=wso2.system.user Action=Get-User-Claim-Values Target=admin Data={"Claims":{},"Profile":"default"} Outcome=Success
TID: [-1234] [2020-02-25 01:04:43,013]  INFO {AUDIT_LOG} - 'admin@carbon.super [-1234]' logged in at [2020-02-25 01:04:43,011-0500]
TID: [-1234] [2020-02-25 01:15:52,195]  INFO {AUDIT_LOG} - {"performedBy":"admin","action":"created","typ":"API","info":"{\"provider\":\"admin\",\"name\":\"Validate-Jwt-Token\",\"context\":\"\\\/api\\\/validate-token\\\/v1.0\",\"version\":\"v1.0\"}"}
TID: [-1234] [2020-02-25 01:15:52,580]  INFO {AUDIT_LOG} - Initiator=wso2.system.user Action=Get-User-Claim-Values Target=admin Data={"Claims":{},"Profile":"default"} Outcome=Success
TID: [-1234] [2020-02-25 01:15:52,585]  INFO {AUDIT_LOG} - 'admin@carbon.super [-1234]' logged in at [2020-02-25 01:15:52,583-0500]
TID: [-1234] [2020-02-25 01:15:52,817]  INFO {AUDIT_LOG} - Initiator=wso2.system.user Action=Get-User-Claim-Values Target=admin Data={"Claims":{},"Profile":"default"} Outcome=Success
TID: [-1234] [2020-02-25 01:15:52,831]  INFO {AUDIT_LOG} - 'admin@carbon.super [-1234]' logged in at [2020-02-25 01:15:52,820-0500]
TID: [-1234] [2020-02-25 01:15:53,262]  INFO {AUDIT_LOG} - Initiator=wso2.system.user Action=Get-User-Claim-Values Target=admin Data={"Claims":{},"Profile":"default"} Outcome=Success
TID: [-1234] [2020-02-25 01:15:53,265]  INFO {AUDIT_LOG} - 'admin@carbon.super [-1234]' logged in at [2020-02-25 01:15:53,264-0500]
TID: [-1234] [2020-02-25 01:17:28,282]  INFO {AUDIT_LOG} - Initiator=wso2.system.user Action=Get-User-Claim-Values Target=admin Data={"Claims":{},"Profile":"default"} Outcome=Success
TID: [-1234] [2020-02-25 01:17:28,297]  INFO {AUDIT_LOG} - 'admin@carbon.super [-1234]' logged in at [2020-02-25 01:17:28,287-0500]
TID: [-1234] [2020-02-25 01:17:28,508]  INFO {AUDIT_LOG} - {"performedBy":"admin","action":"updated","typ":"API","info":"{\"provider\":\"admin\",\"name\":\"Validate-Jwt-Token\",\"context\":\"\\\/api\\\/validate-token\\\/v1.0\",\"version\":\"v1.0\"}"}
TID: [-1234] [2020-02-25 01:17:28,634]  INFO {AUDIT_LOG} - Initiator=wso2.system.user Action=Get-User-Claim-Values Target=admin Data={"Claims":{},"Profile":"default"} Outcome=Success
TID: [-1234] [2020-02-25 01:17:28,640]  INFO {AUDIT_LOG} - 'admin@carbon.super [-1234]' logged in at [2020-02-25 01:17:28,639-0500]
TID: [-1234] [2020-02-25 01:17:28,833]  INFO {AUDIT_LOG} - Initiator=wso2.system.user Action=Get-User-Claim-Values Target=admin Data={"Claims":{},"Profile":"default"} Outcome=Success
TID: [-1234] [2020-02-25 01:17:28,840]  INFO {AUDIT_LOG} - 'admin@carbon.super [-1234]' logged in at [2020-02-25 01:17:28,838-0500]
TID: [-1234] [2020-02-25 01:17:29,096]  INFO {AUDIT_LOG} - Initiator=wso2.system.user Action=Get-User-Claim-Values Target=admin Data={"Claims":{},"Profile":"default"} Outcome=Success
TID: [-1234] [2020-02-25 01:17:29,102]  INFO {AUDIT_LOG} - 'admin@carbon.super [-1234]' logged in at [2020-02-25 01:17:29,099-0500]
TID: [-1234] [2020-02-25 01:17:29,364]  INFO {AUDIT_LOG} - Initiator=wso2.system.user Action=Get-User-Claim-Values Target=admin Data={"Claims":{},"Profile":"default"} Outcome=Success
TID: [-1234] [2020-02-25 01:17:29,373]  INFO {AUDIT_LOG} - 'admin@carbon.super [-1234]' logged in at [2020-02-25 01:17:29,368-0500]
TID: [-1234] [2020-02-25 01:17:29,712]  INFO {AUDIT_LOG} - Initiator=wso2.system.user Action=Get-User-Claim-Values Target=admin Data={"Claims":{},"Profile":"default"} Outcome=Success
TID: [-1234] [2020-02-25 01:17:29,733]  INFO {AUDIT_LOG} - 'admin@carbon.super [-1234]' logged in at [2020-02-25 01:17:29,717-0500]
TID: [-1234] [2020-02-25 01:19:02,142]  INFO {AUDIT_LOG} - Initiator=admin@carbon.super Action=Get-Roles-of-User Target=admin Data={"Filter":"*","Roles":["Internal/subscriber","Application/admin_admin_publisher","Application/admin_rest_api_import_export","Internal/creator","Application/admin_admin_store","Internal/publisher","Application/admin_rest_api_store","Internal/everyone","Application/admin_georeferencia_PRODUCTION","admin","Internal/analytics"]} Outcome=Success
TID: [-1234] [2020-02-25 01:20:47,361]  INFO {AUDIT_LOG} - Initiator=wso2.system.user Action=Get-User-Claim-Values Target=admin Data={"Claims":{},"Profile":"default"} Outcome=Success
TID: [-1234] [2020-02-25 01:20:47,368]  INFO {AUDIT_LOG} - 'admin@carbon.super [-1234]' logged in at [2020-02-25 01:20:47,365-0500]
TID: [-1234] [2020-02-25 01:20:47,519]  INFO {AUDIT_LOG} - {"performedBy":"admin","action":"updated","typ":"API","info":"{\"provider\":\"admin\",\"name\":\"Validate-Jwt-Token\",\"context\":\"\\\/api\\\/validate-token\\\/v1.0\",\"version\":\"v1.0\"}"}
TID: [-1234] [2020-02-25 01:20:47,626]  INFO {AUDIT_LOG} - Initiator=wso2.system.user Action=Get-User-Claim-Values Target=admin Data={"Claims":{},"Profile":"default"} Outcome=Success
TID: [-1234] [2020-02-25 01:20:47,631]  INFO {AUDIT_LOG} - 'admin@carbon.super [-1234]' logged in at [2020-02-25 01:20:47,630-0500]
TID: [-1234] [2020-02-25 01:20:47,774]  INFO {AUDIT_LOG} - Initiator=wso2.system.user Action=Get-User-Claim-Values Target=admin Data={"Claims":{},"Profile":"default"} Outcome=Success
TID: [-1234] [2020-02-25 01:20:47,781]  INFO {AUDIT_LOG} - 'admin@carbon.super [-1234]' logged in at [2020-02-25 01:20:47,779-0500]
TID: [-1234] [2020-02-25 01:20:48,126]  INFO {AUDIT_LOG} - Initiator=wso2.system.user Action=Get-User-Claim-Values Target=admin Data={"Claims":{},"Profile":"default"} Outcome=Success
TID: [-1234] [2020-02-25 01:20:48,133]  INFO {AUDIT_LOG} - 'admin@carbon.super [-1234]' logged in at [2020-02-25 01:20:48,131-0500]
TID: [-1234] [2020-02-25 01:20:48,381]  INFO {AUDIT_LOG} - Initiator=wso2.system.user Action=Get-User-Claim-Values Target=admin Data={"Claims":{},"Profile":"default"} Outcome=Success
TID: [-1234] [2020-02-25 01:20:48,385]  INFO {AUDIT_LOG} - 'admin@carbon.super [-1234]' logged in at [2020-02-25 01:20:48,383-0500]
TID: [-1234] [2020-02-25 01:20:48,483]  INFO {AUDIT_LOG} - Initiator=wso2.system.user Action=Get-User-Claim-Values Target=admin Data={"Claims":{},"Profile":"default"} Outcome=Success
TID: [-1234] [2020-02-25 01:20:48,499]  INFO {AUDIT_LOG} - 'admin@carbon.super [-1234]' logged in at [2020-02-25 01:20:48,486-0500]
TID: [-1234] [2020-02-25 01:22:02,319]  INFO {AUDIT_LOG} - Initiator=wso2.system.user Action=Get-User-Claim-Values Target=admin Data={"Claims":{},"Profile":"default"} Outcome=Success
TID: [-1234] [2020-02-25 01:22:02,324]  INFO {AUDIT_LOG} - 'admin@carbon.super [-1234]' logged in at [2020-02-25 01:22:02,322-0500]
TID: [-1234] [2020-02-25 01:22:02,336]  INFO {AUDIT_LOG} - {"performedBy":"admin","action":"created","typ":"Subscription","info":"{\"application_name\":\"georeferencia\",\"tier\":\"Unlimited\",\"provider\":\"admin\",\"api_name\":\"Validate-Jwt-Token\",\"application_id\":2}"}
TID: [-1234] [2020-02-25 01:22:02,379]  INFO {AUDIT_LOG} - Initiator=wso2.system.user Action=Get-User-Claim-Values Target=admin Data={"Claims":{},"Profile":"default"} Outcome=Success
TID: [-1234] [2020-02-25 01:22:02,391]  INFO {AUDIT_LOG} - 'admin@carbon.super [-1234]' logged in at [2020-02-25 01:22:02,387-0500]
TID: [-1234] [2020-02-25 01:35:35,858]  INFO {AUDIT_LOG} - {"performedBy":"admin","action":"updated","typ":"Application","info":"{\"Re-Generated Keys for application with client Id\":\"0wKLH0IWY4wBni_xsg8eNAH50YYa\"}"}
TID: [-1234] [2020-02-25 01:35:46,170]  INFO {AUDIT_LOG} - Initiator : admin@carbon.super | Action : update | Target : 3 | Data : { admin_georeferencia_PRODUCTION } | Result : Success 
TID: [-1234] [2020-02-25 01:35:46,179]  INFO {AUDIT_LOG} - {"performedBy":"admin","action":"updated","typ":"Application","info":"{\"application_name\":null,\"Updated Oauth app with grant types\":\"{\\\"grant_types\\\":\\\"refresh_token,urn:ietf:params:oauth:grant-type:jwt-bearer,urn:ietf:params:oauth:grant-type:saml2-bearer,password,client_credentials,iwa:ntlm\\\",\\\"username\\\":\\\"admin\\\"}\",\"Updated Oauth app with Call back URL\":null}"}
TID: [-1234] [2020-02-25 01:42:09,306]  INFO {AUDIT_LOG} - Initiator=admin@carbon.super Action=Get-Roles-of-User Target=admin Data={"Filter":"*","Roles":["Internal/subscriber","Application/admin_admin_publisher","Application/admin_rest_api_import_export","Internal/creator","Application/admin_admin_store","Internal/publisher","Application/admin_rest_api_store","Internal/everyone","Application/admin_georeferencia_PRODUCTION","admin","Internal/analytics"]} Outcome=Success
TID: [-1234] [2020-02-25 01:42:48,415]  INFO {AUDIT_LOG} - {"performedBy":"admin","action":"created","typ":"Subscription","info":"{\"application_name\":\"georeferencia\",\"tier\":\"Unlimited\",\"provider\":\"admin\",\"api_name\":\"Security_Port_82\",\"application_id\":2}"}
TID: [-1234] [2020-02-25 01:42:48,503]  INFO {AUDIT_LOG} - Initiator=wso2.system.user Action=Get-User-Claim-Values Target=admin Data={"Claims":{},"Profile":"default"} Outcome=Success
TID: [-1234] [2020-02-25 01:42:48,513]  INFO {AUDIT_LOG} - 'admin@carbon.super [-1234]' logged in at [2020-02-25 01:42:48,507-0500]
TID: [-1234] [2020-02-25 01:43:56,773]  INFO {AUDIT_LOG} - Initiator=wso2.system.user Action=Get-User-Claim-Values Target=admin Data={"Claims":{},"Profile":"default"} Outcome=Success
TID: [-1234] [2020-02-25 01:43:56,780]  INFO {AUDIT_LOG} - 'admin@carbon.super [-1234]' logged in at [2020-02-25 01:43:56,777-0500]
TID: [-1234] [2020-02-25 01:43:56,916]  INFO {AUDIT_LOG} - {"performedBy":"admin","action":"updated","typ":"API","info":"{\"provider\":\"admin\",\"name\":\"Accounts_Port_81\",\"context\":\"\\\/api\\\/session\\\/v1.0\",\"version\":\"v1.0\"}"}
TID: [-1234] [2020-02-25 01:43:56,996]  INFO {AUDIT_LOG} - Initiator=wso2.system.user Action=Get-User-Claim-Values Target=admin Data={"Claims":{},"Profile":"default"} Outcome=Success
TID: [-1234] [2020-02-25 01:43:57,001]  INFO {AUDIT_LOG} - 'admin@carbon.super [-1234]' logged in at [2020-02-25 01:43:57,000-0500]
TID: [-1234] [2020-02-25 01:43:57,155]  INFO {AUDIT_LOG} - Initiator=wso2.system.user Action=Get-User-Claim-Values Target=admin Data={"Claims":{},"Profile":"default"} Outcome=Success
TID: [-1234] [2020-02-25 01:43:57,160]  INFO {AUDIT_LOG} - 'admin@carbon.super [-1234]' logged in at [2020-02-25 01:43:57,159-0500]
TID: [-1234] [2020-02-25 01:43:57,387]  INFO {AUDIT_LOG} - Initiator=wso2.system.user Action=Get-User-Claim-Values Target=admin Data={"Claims":{},"Profile":"default"} Outcome=Success
TID: [-1234] [2020-02-25 01:43:57,390]  INFO {AUDIT_LOG} - 'admin@carbon.super [-1234]' logged in at [2020-02-25 01:43:57,389-0500]
TID: [-1234] [2020-02-25 01:43:57,787]  INFO {AUDIT_LOG} - Initiator=wso2.system.user Action=Get-User-Claim-Values Target=admin Data={"Claims":{},"Profile":"default"} Outcome=Success
TID: [-1234] [2020-02-25 01:43:57,790]  INFO {AUDIT_LOG} - 'admin@carbon.super [-1234]' logged in at [2020-02-25 01:43:57,790-0500]
TID: [-1234] [2020-02-25 01:43:58,102]  INFO {AUDIT_LOG} - Initiator=wso2.system.user Action=Get-User-Claim-Values Target=admin Data={"Claims":{},"Profile":"default"} Outcome=Success
TID: [-1234] [2020-02-25 01:43:58,107]  INFO {AUDIT_LOG} - 'admin@carbon.super [-1234]' logged in at [2020-02-25 01:43:58,105-0500]
TID: [-1234] [2020-02-25 01:43:58,118]  INFO {AUDIT_LOG} - Initiator=wso2.system.user Action=Get-User-Claim-Values Target=admin Data={"Claims":{},"Profile":"default"} Outcome=Success
TID: [-1234] [2020-02-25 01:43:58,121]  INFO {AUDIT_LOG} - 'admin@carbon.super [-1234]' logged in at [2020-02-25 01:43:58,120-0500]
TID: [-1234] [2020-02-25 01:43:58,133]  INFO {AUDIT_LOG} - Initiator=wso2.system.user Action=Get-User-Claim-Values Target=admin Data={"Claims":{},"Profile":"default"} Outcome=Success
TID: [-1234] [2020-02-25 01:43:58,136]  INFO {AUDIT_LOG} - 'admin@carbon.super [-1234]' logged in at [2020-02-25 01:43:58,135-0500]
TID: [-1234] [2020-02-25 01:43:58,148]  INFO {AUDIT_LOG} - Initiator=wso2.system.user Action=Get-User-Claim-Values Target=admin Data={"Claims":{},"Profile":"default"} Outcome=Success
TID: [-1234] [2020-02-25 01:43:58,154]  INFO {AUDIT_LOG} - 'admin@carbon.super [-1234]' logged in at [2020-02-25 01:43:58,152-0500]
TID: [-1234] [2020-02-25 01:44:37,841]  INFO {AUDIT_LOG} - Initiator=wso2.system.user Action=Get-User-Claim-Values Target=admin Data={"Claims":{},"Profile":"default"} Outcome=Success
TID: [-1234] [2020-02-25 01:44:37,848]  INFO {AUDIT_LOG} - 'admin@carbon.super [-1234]' logged in at [2020-02-25 01:44:37,845-0500]
TID: [-1234] [2020-02-25 01:44:37,954]  INFO {AUDIT_LOG} - {"performedBy":"admin","action":"updated","typ":"API","info":"{\"provider\":\"admin\",\"name\":\"Georeferencia_Port_83\",\"context\":\"\\\/api\\\/georeferencia\\\/v1.0\",\"version\":\"v1.0\"}"}
TID: [-1234] [2020-02-25 01:44:38,046]  INFO {AUDIT_LOG} - Initiator=wso2.system.user Action=Get-User-Claim-Values Target=admin Data={"Claims":{},"Profile":"default"} Outcome=Success
TID: [-1234] [2020-02-25 01:44:38,052]  INFO {AUDIT_LOG} - 'admin@carbon.super [-1234]' logged in at [2020-02-25 01:44:38,051-0500]
TID: [-1234] [2020-02-25 01:44:38,382]  INFO {AUDIT_LOG} - Initiator=wso2.system.user Action=Get-User-Claim-Values Target=admin Data={"Claims":{},"Profile":"default"} Outcome=Success
TID: [-1234] [2020-02-25 01:44:38,391]  INFO {AUDIT_LOG} - 'admin@carbon.super [-1234]' logged in at [2020-02-25 01:44:38,387-0500]
TID: [-1234] [2020-02-25 01:44:38,638]  INFO {AUDIT_LOG} - Initiator=wso2.system.user Action=Get-User-Claim-Values Target=admin Data={"Claims":{},"Profile":"default"} Outcome=Success
TID: [-1234] [2020-02-25 01:44:38,643]  INFO {AUDIT_LOG} - 'admin@carbon.super [-1234]' logged in at [2020-02-25 01:44:38,641-0500]
TID: [-1234] [2020-02-25 01:44:38,983]  INFO {AUDIT_LOG} - Initiator=wso2.system.user Action=Get-User-Claim-Values Target=admin Data={"Claims":{},"Profile":"default"} Outcome=Success
TID: [-1234] [2020-02-25 01:44:38,991]  INFO {AUDIT_LOG} - 'admin@carbon.super [-1234]' logged in at [2020-02-25 01:44:38,986-0500]
TID: [-1234] [2020-02-25 01:44:39,132]  INFO {AUDIT_LOG} - Initiator=wso2.system.user Action=Get-User-Claim-Values Target=admin Data={"Claims":{},"Profile":"default"} Outcome=Success
TID: [-1234] [2020-02-25 01:44:39,136]  INFO {AUDIT_LOG} - 'admin@carbon.super [-1234]' logged in at [2020-02-25 01:44:39,135-0500]
TID: [-1234] [2020-02-25 01:44:39,150]  INFO {AUDIT_LOG} - Initiator=wso2.system.user Action=Get-User-Claim-Values Target=admin Data={"Claims":{},"Profile":"default"} Outcome=Success
TID: [-1234] [2020-02-25 01:44:39,155]  INFO {AUDIT_LOG} - 'admin@carbon.super [-1234]' logged in at [2020-02-25 01:44:39,153-0500]
TID: [-1234] [2020-02-25 01:44:39,173]  INFO {AUDIT_LOG} - Initiator=wso2.system.user Action=Get-User-Claim-Values Target=admin Data={"Claims":{},"Profile":"default"} Outcome=Success
TID: [-1234] [2020-02-25 01:44:39,190]  INFO {AUDIT_LOG} - 'admin@carbon.super [-1234]' logged in at [2020-02-25 01:44:39,177-0500]
TID: [-1234] [2020-02-25 01:44:39,203]  INFO {AUDIT_LOG} - Initiator=wso2.system.user Action=Get-User-Claim-Values Target=admin Data={"Claims":{},"Profile":"default"} Outcome=Success
TID: [-1234] [2020-02-25 01:44:39,207]  INFO {AUDIT_LOG} - 'admin@carbon.super [-1234]' logged in at [2020-02-25 01:44:39,205-0500]
TID: [-1234] [2020-02-25 01:44:55,857]  INFO {AUDIT_LOG} - Initiator=wso2.system.user Action=Get-User-Claim-Values Target=admin Data={"Claims":{},"Profile":"default"} Outcome=Success
TID: [-1234] [2020-02-25 01:44:55,864]  INFO {AUDIT_LOG} - 'admin@carbon.super [-1234]' logged in at [2020-02-25 01:44:55,860-0500]
TID: [-1234] [2020-02-25 01:44:55,982]  INFO {AUDIT_LOG} - {"performedBy":"admin","action":"updated","typ":"API","info":"{\"provider\":\"admin\",\"name\":\"Mapa-Digital_Port_84\",\"context\":\"\\\/api\\\/mapa-digital\\\/v1.0\",\"version\":\"v1.0\"}"}
TID: [-1234] [2020-02-25 01:44:56,074]  INFO {AUDIT_LOG} - Initiator=wso2.system.user Action=Get-User-Claim-Values Target=admin Data={"Claims":{},"Profile":"default"} Outcome=Success
TID: [-1234] [2020-02-25 01:44:56,084]  INFO {AUDIT_LOG} - 'admin@carbon.super [-1234]' logged in at [2020-02-25 01:44:56,079-0500]
TID: [-1234] [2020-02-25 01:44:56,286]  INFO {AUDIT_LOG} - Initiator=wso2.system.user Action=Get-User-Claim-Values Target=admin Data={"Claims":{},"Profile":"default"} Outcome=Success
TID: [-1234] [2020-02-25 01:44:56,330]  INFO {AUDIT_LOG} - 'admin@carbon.super [-1234]' logged in at [2020-02-25 01:44:56,289-0500]
TID: [-1234] [2020-02-25 01:44:56,836]  INFO {AUDIT_LOG} - Initiator=wso2.system.user Action=Get-User-Claim-Values Target=admin Data={"Claims":{},"Profile":"default"} Outcome=Success
TID: [-1234] [2020-02-25 01:44:56,853]  INFO {AUDIT_LOG} - 'admin@carbon.super [-1234]' logged in at [2020-02-25 01:44:56,839-0500]
TID: [-1234] [2020-02-25 01:44:57,162]  INFO {AUDIT_LOG} - Initiator=wso2.system.user Action=Get-User-Claim-Values Target=admin Data={"Claims":{},"Profile":"default"} Outcome=Success
TID: [-1234] [2020-02-25 01:44:57,166]  INFO {AUDIT_LOG} - 'admin@carbon.super [-1234]' logged in at [2020-02-25 01:44:57,165-0500]
TID: [-1234] [2020-02-25 01:44:57,240]  INFO {AUDIT_LOG} - Initiator=wso2.system.user Action=Get-User-Claim-Values Target=admin Data={"Claims":{},"Profile":"default"} Outcome=Success
TID: [-1234] [2020-02-25 01:44:57,250]  INFO {AUDIT_LOG} - 'admin@carbon.super [-1234]' logged in at [2020-02-25 01:44:57,244-0500]
TID: [-1234] [2020-02-25 01:45:20,126]  INFO {AUDIT_LOG} - Initiator=wso2.system.user Action=Get-User-Claim-Values Target=admin Data={"Claims":{},"Profile":"default"} Outcome=Success
TID: [-1234] [2020-02-25 01:45:20,133]  INFO {AUDIT_LOG} - 'admin@carbon.super [-1234]' logged in at [2020-02-25 01:45:20,131-0500]
TID: [-1234] [2020-02-25 01:45:20,344]  INFO {AUDIT_LOG} - {"performedBy":"admin","action":"updated","typ":"API","info":"{\"provider\":\"admin\",\"name\":\"Security_Port_82\",\"context\":\"\\\/api\\\/security\\\/v1.0\",\"version\":\"v1.0\"}"}
TID: [-1234] [2020-02-25 01:45:20,439]  INFO {AUDIT_LOG} - Initiator=wso2.system.user Action=Get-User-Claim-Values Target=admin Data={"Claims":{},"Profile":"default"} Outcome=Success
TID: [-1234] [2020-02-25 01:45:20,443]  INFO {AUDIT_LOG} - 'admin@carbon.super [-1234]' logged in at [2020-02-25 01:45:20,441-0500]
TID: [-1234] [2020-02-25 01:45:20,570]  INFO {AUDIT_LOG} - Initiator=wso2.system.user Action=Get-User-Claim-Values Target=admin Data={"Claims":{},"Profile":"default"} Outcome=Success
TID: [-1234] [2020-02-25 01:45:20,576]  INFO {AUDIT_LOG} - 'admin@carbon.super [-1234]' logged in at [2020-02-25 01:45:20,573-0500]
TID: [-1234] [2020-02-25 01:45:20,761]  INFO {AUDIT_LOG} - Initiator=wso2.system.user Action=Get-User-Claim-Values Target=admin Data={"Claims":{},"Profile":"default"} Outcome=Success
TID: [-1234] [2020-02-25 01:45:20,765]  INFO {AUDIT_LOG} - 'admin@carbon.super [-1234]' logged in at [2020-02-25 01:45:20,763-0500]
TID: [-1234] [2020-02-25 01:45:21,157]  INFO {AUDIT_LOG} - Initiator=wso2.system.user Action=Get-User-Claim-Values Target=admin Data={"Claims":{},"Profile":"default"} Outcome=Success
TID: [-1234] [2020-02-25 01:45:21,166]  INFO {AUDIT_LOG} - 'admin@carbon.super [-1234]' logged in at [2020-02-25 01:45:21,161-0500]
TID: [-1234] [2020-02-25 01:45:21,364]  INFO {AUDIT_LOG} - Initiator=wso2.system.user Action=Get-User-Claim-Values Target=admin Data={"Claims":{},"Profile":"default"} Outcome=Success
TID: [-1234] [2020-02-25 01:45:21,464]  INFO {AUDIT_LOG} - 'admin@carbon.super [-1234]' logged in at [2020-02-25 01:45:21,367-0500]
TID: [-1234] [2020-02-25 01:45:21,476]  INFO {AUDIT_LOG} - Initiator=wso2.system.user Action=Get-User-Claim-Values Target=admin Data={"Claims":{},"Profile":"default"} Outcome=Success
TID: [-1234] [2020-02-25 01:45:21,583]  INFO {AUDIT_LOG} - 'admin@carbon.super [-1234]' logged in at [2020-02-25 01:45:21,479-0500]
TID: [-1234] [2020-02-25 01:45:33,484]  INFO {AUDIT_LOG} - Initiator=wso2.system.user Action=Get-User-Claim-Values Target=admin Data={"Claims":{},"Profile":"default"} Outcome=Success
TID: [-1234] [2020-02-25 01:45:33,487]  INFO {AUDIT_LOG} - 'admin@carbon.super [-1234]' logged in at [2020-02-25 01:45:33,486-0500]
TID: [-1234] [2020-02-25 01:45:33,714]  INFO {AUDIT_LOG} - {"performedBy":"admin","action":"updated","typ":"API","info":"{\"provider\":\"admin\",\"name\":\"Accounts_Port_81\",\"context\":\"\\\/api\\\/session\\\/v1.0\",\"version\":\"v1.0\"}"}
TID: [-1234] [2020-02-25 01:45:33,825]  INFO {AUDIT_LOG} - Initiator=wso2.system.user Action=Get-User-Claim-Values Target=admin Data={"Claims":{},"Profile":"default"} Outcome=Success
TID: [-1234] [2020-02-25 01:45:33,831]  INFO {AUDIT_LOG} - 'admin@carbon.super [-1234]' logged in at [2020-02-25 01:45:33,830-0500]
TID: [-1234] [2020-02-25 01:45:34,003]  INFO {AUDIT_LOG} - Initiator=wso2.system.user Action=Get-User-Claim-Values Target=admin Data={"Claims":{},"Profile":"default"} Outcome=Success
TID: [-1234] [2020-02-25 01:45:34,014]  INFO {AUDIT_LOG} - 'admin@carbon.super [-1234]' logged in at [2020-02-25 01:45:34,007-0500]
TID: [-1234] [2020-02-25 01:45:34,221]  INFO {AUDIT_LOG} - Initiator=wso2.system.user Action=Get-User-Claim-Values Target=admin Data={"Claims":{},"Profile":"default"} Outcome=Success
TID: [-1234] [2020-02-25 01:45:34,224]  INFO {AUDIT_LOG} - 'admin@carbon.super [-1234]' logged in at [2020-02-25 01:45:34,223-0500]
TID: [-1234] [2020-02-25 01:45:34,466]  INFO {AUDIT_LOG} - Initiator=wso2.system.user Action=Get-User-Claim-Values Target=admin Data={"Claims":{},"Profile":"default"} Outcome=Success
TID: [-1234] [2020-02-25 01:45:34,470]  INFO {AUDIT_LOG} - 'admin@carbon.super [-1234]' logged in at [2020-02-25 01:45:34,469-0500]
TID: [-1234] [2020-02-25 01:45:34,636]  INFO {AUDIT_LOG} - Initiator=wso2.system.user Action=Get-User-Claim-Values Target=admin Data={"Claims":{},"Profile":"default"} Outcome=Success
TID: [-1234] [2020-02-25 01:45:34,640]  INFO {AUDIT_LOG} - 'admin@carbon.super [-1234]' logged in at [2020-02-25 01:45:34,638-0500]
TID: [-1234] [2020-02-25 01:45:34,650]  INFO {AUDIT_LOG} - Initiator=wso2.system.user Action=Get-User-Claim-Values Target=admin Data={"Claims":{},"Profile":"default"} Outcome=Success
TID: [-1234] [2020-02-25 01:45:34,653]  INFO {AUDIT_LOG} - 'admin@carbon.super [-1234]' logged in at [2020-02-25 01:45:34,652-0500]
TID: [-1234] [2020-02-25 01:45:34,665]  INFO {AUDIT_LOG} - Initiator=wso2.system.user Action=Get-User-Claim-Values Target=admin Data={"Claims":{},"Profile":"default"} Outcome=Success
TID: [-1234] [2020-02-25 01:45:34,669]  INFO {AUDIT_LOG} - 'admin@carbon.super [-1234]' logged in at [2020-02-25 01:45:34,667-0500]
TID: [-1234] [2020-02-25 01:45:34,680]  INFO {AUDIT_LOG} - Initiator=wso2.system.user Action=Get-User-Claim-Values Target=admin Data={"Claims":{},"Profile":"default"} Outcome=Success
TID: [-1234] [2020-02-25 01:45:34,683]  INFO {AUDIT_LOG} - 'admin@carbon.super [-1234]' logged in at [2020-02-25 01:45:34,682-0500]
TID: [-1234] [2020-02-25 01:45:58,538]  INFO {AUDIT_LOG} - Initiator=wso2.system.user Action=Get-User-Claim-Values Target=admin Data={"Claims":{},"Profile":"default"} Outcome=Success
TID: [-1234] [2020-02-25 01:45:58,545]  INFO {AUDIT_LOG} - 'admin@carbon.super [-1234]' logged in at [2020-02-25 01:45:58,542-0500]
TID: [-1234] [2020-02-25 01:45:58,661]  INFO {AUDIT_LOG} - {"performedBy":"admin","action":"updated","typ":"API","info":"{\"provider\":\"admin\",\"name\":\"Validate-Jwt-Token\",\"context\":\"\\\/api\\\/validate-token\\\/v1.0\",\"version\":\"v1.0\"}"}
TID: [-1234] [2020-02-25 01:45:58,758]  INFO {AUDIT_LOG} - Initiator=wso2.system.user Action=Get-User-Claim-Values Target=admin Data={"Claims":{},"Profile":"default"} Outcome=Success
TID: [-1234] [2020-02-25 01:45:58,761]  INFO {AUDIT_LOG} - 'admin@carbon.super [-1234]' logged in at [2020-02-25 01:45:58,760-0500]
TID: [-1234] [2020-02-25 01:45:58,854]  INFO {AUDIT_LOG} - Initiator=wso2.system.user Action=Get-User-Claim-Values Target=admin Data={"Claims":{},"Profile":"default"} Outcome=Success
TID: [-1234] [2020-02-25 01:45:58,857]  INFO {AUDIT_LOG} - 'admin@carbon.super [-1234]' logged in at [2020-02-25 01:45:58,856-0500]
TID: [-1234] [2020-02-25 01:45:59,027]  INFO {AUDIT_LOG} - Initiator=wso2.system.user Action=Get-User-Claim-Values Target=admin Data={"Claims":{},"Profile":"default"} Outcome=Success
TID: [-1234] [2020-02-25 01:45:59,031]  INFO {AUDIT_LOG} - 'admin@carbon.super [-1234]' logged in at [2020-02-25 01:45:59,029-0500]
TID: [-1234] [2020-02-25 01:45:59,420]  INFO {AUDIT_LOG} - Initiator=wso2.system.user Action=Get-User-Claim-Values Target=admin Data={"Claims":{},"Profile":"default"} Outcome=Success
TID: [-1234] [2020-02-25 01:45:59,445]  INFO {AUDIT_LOG} - 'admin@carbon.super [-1234]' logged in at [2020-02-25 01:45:59,424-0500]
TID: [-1234] [2020-02-25 01:45:59,584]  INFO {AUDIT_LOG} - Initiator=wso2.system.user Action=Get-User-Claim-Values Target=admin Data={"Claims":{},"Profile":"default"} Outcome=Success
TID: [-1234] [2020-02-25 01:45:59,644]  INFO {AUDIT_LOG} - 'admin@carbon.super [-1234]' logged in at [2020-02-25 01:45:59,589-0500]
TID: [-1234] [2020-02-25 02:03:06,880]  INFO {AUDIT_LOG} - Initiator=admin@carbon.super Action=Get-Roles-of-User Target=admin Data={"Filter":"*","Roles":["Internal/subscriber","Application/admin_admin_publisher","Application/admin_rest_api_import_export","Internal/creator","Application/admin_admin_store","Internal/publisher","Application/admin_rest_api_store","Internal/everyone","Application/admin_georeferencia_PRODUCTION","admin","Internal/analytics"]} Outcome=Success
TID: [-1234] [2020-02-25 02:09:46,380]  INFO {AUDIT_LOG} - Initiator=wso2.system.user Action=Get-User-Claim-Values Target=admin Data={"Claims":{"http://wso2.org/claims/username":"admin","http://wso2.org/claims/role":"Internal/subscriber,Application/admin_admin_publisher,Application/admin_rest_api_import_export,Internal/creator,Application/admin_admin_store,Internal/publisher,Application/admin_rest_api_store,Internal/everyone,Application/admin_georeferencia_PRODUCTION,admin,Internal/analytics"}} Outcome=Success
TID: [-1234] [2020-02-25 02:09:46,396]  INFO {AUDIT_LOG} - Initiator : admin | Action : Login | Target : ApplicationAuthenticationFramework | Data : { "ContextIdentifier" : "49f584f1-7985-41c9-bdc7-6735684ea9a6","AuthenticatedUser" : "admin","AuthenticatedUserTenantDomain" : "carbon.super","ServiceProviderName" : "admin_admin_store","RequestType" : "oidc","RelyingParty" : "YV4XNkVcUgH891pFy5E0f3tFuB0a","AuthenticatedIdPs" : "eyJ0eXAiOiJKV1QiLCAiYWxnIjoiSFMyNTYifQ==.eyJpc3MiOiJ3c28yIiwiZXhwIjoxNTgyNjE0NTg2MzcxMzAwMCwiaWF0IjoxNTgyNjE0NTg2MzcxLCJpZHBzIjpbeyJpZHAiOiJMT0NBTCIsImF1dGhlbnRpY2F0b3IiOiJCYXNpY0F1dGhlbnRpY2F0b3IifV19.lGMdN1KVSz2axnsY2bpFij/cclQ=" } | Result : Success 
TID: [-1234] [2020-02-25 02:09:50,145]  INFO {AUDIT_LOG} - Initiator=wso2.system.user Action=Get-User-Claim-Values Target=admin Data={"Claims":{},"Profile":"default"} Outcome=Success
TID: [-1234] [2020-02-25 02:13:21,949]  INFO {AUDIT_LOG} - {"performedBy":"admin","action":"updated","typ":"Application","info":"{\"owner\":\"admin\",\"tier\":\"Unlimited\",\"name\":\"georeferencia\",\"groups\":null,\"callbackURL\":null,\"status\":\"APPROVED\"}"}
TID: [-1234] [2020-02-25 02:13:22,059]  INFO {AUDIT_LOG} - Initiator=wso2.system.user Action=Get-User-Claim-Values Target=admin Data={"Claims":{},"Profile":"default"} Outcome=Success
TID: [-1234] [2020-02-25 02:13:22,067]  INFO {AUDIT_LOG} - 'admin@carbon.super [-1234]' logged in at [2020-02-25 02:13:22,063-0500]
TID: [-1234] [2020-02-25 02:14:07,925]  INFO {AUDIT_LOG} - Initiator : admin@carbon.super | Action : update | Target : 3 | Data : { admin_georeferencia_PRODUCTION } | Result : Success 
TID: [-1234] [2020-02-25 02:14:07,931]  INFO {AUDIT_LOG} - {"performedBy":"admin","action":"updated","typ":"Application","info":"{\"application_name\":null,\"Updated Oauth app with grant types\":\"{\\\"grant_types\\\":\\\"refresh_token,urn:ietf:params:oauth:grant-type:jwt-bearer,urn:ietf:params:oauth:grant-type:saml2-bearer,password,client_credentials,iwa:ntlm\\\",\\\"username\\\":\\\"admin\\\"}\",\"Updated Oauth app with Call back URL\":null}"}
TID: [-1234] [2020-02-25 02:14:14,619]  INFO {AUDIT_LOG} - {"performedBy":"admin","action":"updated","typ":"Application","info":"{\"Re-Generated Keys for application with client Id\":\"0wKLH0IWY4wBni_xsg8eNAH50YYa\"}"}
TID: [-1234] [2020-02-25 02:14:15,502]  INFO {AUDIT_LOG} - Initiator=wso2.system.user Action=Get-User-Claim-Values Target=admin Data={"Claims":{},"Profile":"default"} Outcome=Success
TID: [-1234] [2020-02-25 02:14:21,705]  INFO {AUDIT_LOG} - Initiator=wso2.system.user Action=Get-User-Claim-Values Target=admin Data={"Claims":{},"Profile":"default"} Outcome=Success
TID: [-1234] [2020-02-25 02:15:29,178]  INFO {AUDIT_LOG} - {"performedBy":"admin","action":"updated","typ":"Application","info":"{\"owner\":\"admin\",\"tier\":\"Unlimited\",\"name\":\"georeferencia\",\"groups\":null,\"callbackURL\":null,\"status\":\"APPROVED\"}"}
TID: [-1234] [2020-02-25 02:15:29,218]  INFO {AUDIT_LOG} - Initiator=wso2.system.user Action=Get-User-Claim-Values Target=admin Data={"Claims":{},"Profile":"default"} Outcome=Success
TID: [-1234] [2020-02-25 02:15:29,234]  INFO {AUDIT_LOG} - 'admin@carbon.super [-1234]' logged in at [2020-02-25 02:15:29,224-0500]
TID: [-1234] [2020-02-25 02:16:00,062]  INFO {AUDIT_LOG} - Initiator=wso2.system.user Action=Get-User-Claim-Values Target=admin Data={"Claims":{},"Profile":"default"} Outcome=Success
TID: [-1234] [2020-02-25 02:16:00,109]  INFO {AUDIT_LOG} - 'admin@carbon.super [-1234]' logged in at [2020-02-25 02:16:00,065-0500]
TID: [-1234] [2020-02-25 02:16:24,221]  INFO {AUDIT_LOG} - {"performedBy":"admin","action":"deleted","typ":"Subscription","info":"{\"application_name\":\"georeferencia\",\"provider\":\"admin\",\"api_name\":\"Validate-Jwt-Token\",\"application_id\":2}"}
TID: [-1234] [2020-02-25 02:16:24,339]  INFO {AUDIT_LOG} - Initiator=wso2.system.user Action=Get-User-Claim-Values Target=admin Data={"Claims":{},"Profile":"default"} Outcome=Success
TID: [-1234] [2020-02-25 02:16:24,353]  INFO {AUDIT_LOG} - 'admin@carbon.super [-1234]' logged in at [2020-02-25 02:16:24,344-0500]
TID: [-1234] [2020-02-25 02:17:13,573]  INFO {AUDIT_LOG} - {"performedBy":"admin","action":"created","typ":"Subscription","info":"{\"application_name\":\"georeferencia\",\"tier\":\"Unlimited\",\"provider\":\"admin\",\"api_name\":\"Validate-Jwt-Token\",\"application_id\":2}"}
TID: [-1234] [2020-02-25 02:17:13,583]  INFO {AUDIT_LOG} - Initiator=wso2.system.user Action=Get-User-Claim-Values Target=admin Data={"Claims":{},"Profile":"default"} Outcome=Success
TID: [-1234] [2020-02-25 02:17:13,587]  INFO {AUDIT_LOG} - 'admin@carbon.super [-1234]' logged in at [2020-02-25 02:17:13,585-0500]
TID: [-1234] [2020-02-25 02:17:37,288]  INFO {AUDIT_LOG} - {"performedBy":"admin","action":"updated","typ":"Application","info":"{\"Re-Generated Keys for application with client Id\":\"0wKLH0IWY4wBni_xsg8eNAH50YYa\"}"}
TID: [-1234] [2020-02-25 02:17:59,735]  INFO {AUDIT_LOG} - Initiator : admin@carbon.super | Action : update | Target : 3 | Data : { admin_georeferencia_PRODUCTION } | Result : Success 
TID: [-1234] [2020-02-25 02:17:59,739]  INFO {AUDIT_LOG} - {"performedBy":"admin","action":"updated","typ":"Application","info":"{\"application_name\":null,\"Updated Oauth app with grant types\":\"{\\\"grant_types\\\":\\\"refresh_token,urn:ietf:params:oauth:grant-type:jwt-bearer,urn:ietf:params:oauth:grant-type:saml2-bearer,password,iwa:ntlm\\\",\\\"username\\\":\\\"admin\\\"}\",\"Updated Oauth app with Call back URL\":null}"}
TID: [-1234] [2020-02-25 02:18:08,284]  INFO {AUDIT_LOG} - Initiator : admin@carbon.super | Action : update | Target : 3 | Data : { admin_georeferencia_PRODUCTION } | Result : Success 
TID: [-1234] [2020-02-25 02:18:08,288]  INFO {AUDIT_LOG} - {"performedBy":"admin","action":"updated","typ":"Application","info":"{\"application_name\":null,\"Updated Oauth app with grant types\":\"{\\\"grant_types\\\":\\\"refresh_token,urn:ietf:params:oauth:grant-type:saml2-bearer,password,iwa:ntlm\\\",\\\"username\\\":\\\"admin\\\"}\",\"Updated Oauth app with Call back URL\":null}"}
TID: [-1234] [2020-02-25 02:18:42,551]  INFO {AUDIT_LOG} - Initiator : admin@carbon.super | Action : update | Target : 3 | Data : { admin_georeferencia_PRODUCTION } | Result : Success 
TID: [-1234] [2020-02-25 02:18:42,554]  INFO {AUDIT_LOG} - {"performedBy":"admin","action":"updated","typ":"Application","info":"{\"application_name\":null,\"Updated Oauth app with grant types\":\"{\\\"grant_types\\\":\\\"urn:ietf:params:oauth:grant-type:saml2-bearer,password,iwa:ntlm,urn:ietf:params:oauth:grant-type:jwt-bearer,client_credentials\\\",\\\"username\\\":\\\"admin\\\"}\",\"Updated Oauth app with Call back URL\":null}"}
TID: [-1234] [2020-02-25 02:18:58,398]  INFO {AUDIT_LOG} - Initiator : admin@carbon.super | Action : update | Target : 3 | Data : { admin_georeferencia_PRODUCTION } | Result : Success 
TID: [-1234] [2020-02-25 02:18:58,405]  INFO {AUDIT_LOG} - {"performedBy":"admin","action":"updated","typ":"Application","info":"{\"application_name\":null,\"Updated Oauth app with grant types\":\"{\\\"grant_types\\\":\\\"urn:ietf:params:oauth:grant-type:saml2-bearer,password,iwa:ntlm,urn:ietf:params:oauth:grant-type:jwt-bearer,client_credentials,refresh_token\\\",\\\"username\\\":\\\"admin\\\"}\",\"Updated Oauth app with Call back URL\":null}"}
TID: [-1234] [2020-02-25 02:19:17,754]  INFO {AUDIT_LOG} - Initiator=admin@carbon.super Action=Get-Roles-of-User Target=admin Data={"Filter":"*","Roles":["Internal/subscriber","Application/admin_admin_publisher","Application/admin_rest_api_import_export","Internal/creator","Application/admin_admin_store","Internal/publisher","Application/admin_rest_api_store","Internal/everyone","Application/admin_georeferencia_PRODUCTION","admin","Internal/analytics"]} Outcome=Success
TID: [-1234] [2020-02-25 02:24:04,331]  INFO {AUDIT_LOG} - Initiator=wso2.system.user Action=Get-User-Claim-Values Target=admin Data={"Claims":{"http://wso2.org/claims/username":"admin","http://wso2.org/claims/role":"Internal/subscriber,Application/admin_admin_publisher,Application/admin_rest_api_import_export,Internal/creator,Application/admin_admin_store,Internal/publisher,Application/admin_rest_api_store,Internal/everyone,Application/admin_georeferencia_PRODUCTION,admin,Internal/analytics"}} Outcome=Success
TID: [-1234] [2020-02-25 02:24:04,376]  INFO {AUDIT_LOG} - Initiator : admin | Action : Login | Target : ApplicationAuthenticationFramework | Data : { "ContextIdentifier" : "3f663a76-6880-48e2-ae3a-5229118d5f7d","AuthenticatedUser" : "admin","AuthenticatedUserTenantDomain" : "carbon.super","ServiceProviderName" : "admin_admin_publisher","RequestType" : "oidc","RelyingParty" : "9s4I5cIx9bv9VxHogQbG3ij8Pe0a","AuthenticatedIdPs" : "eyJ0eXAiOiJKV1QiLCAiYWxnIjoiSFMyNTYifQ==.eyJpc3MiOiJ3c28yIiwiZXhwIjoxNTgyNjE1NDQ0MzI4MzAwMCwiaWF0IjoxNTgyNjE1NDQ0MzI4LCJpZHBzIjpbeyJpZHAiOiJMT0NBTCIsImF1dGhlbnRpY2F0b3IiOiJCYXNpY0F1dGhlbnRpY2F0b3IifV19./TN9SWYFmjO9chS6j2wS7UTrBhQ=" } | Result : Success 
TID: [-1234] [2020-02-25 02:24:06,132]  INFO {AUDIT_LOG} - Initiator=wso2.system.user Action=Get-User-Claim-Values Target=admin Data={"Claims":{},"Profile":"default"} Outcome=Success
TID: [-1234] [2020-02-25 03:13:23,424]  INFO {AUDIT_LOG} - Initiator=admin@carbon.super Action=Get-Roles-of-User Target=admin Data={"Filter":"*","Roles":["Internal/subscriber","Application/admin_admin_publisher","Application/admin_rest_api_import_export","Internal/creator","Application/admin_admin_store","Internal/publisher","Application/admin_rest_api_store","Internal/everyone","Application/admin_georeferencia_PRODUCTION","admin","Internal/analytics"]} Outcome=Success
TID: [-1234] [2020-02-25 03:14:37,525]  INFO {AUDIT_LOG} - Initiator=wso2.system.user Action=Get-User-Claim-Values Target=admin Data={"Claims":{},"Profile":"default"} Outcome=Success
TID: [-1234] [2020-02-25 03:14:37,538]  INFO {AUDIT_LOG} - 'admin@carbon.super [-1234]' logged in at [2020-02-25 03:14:37,531-0500]
TID: [-1234] [2020-02-25 03:14:37,988]  INFO {AUDIT_LOG} - {"performedBy":"admin","action":"updated","typ":"API","info":"{\"provider\":\"admin\",\"name\":\"Mapa-Digital_Port_84\",\"context\":\"\\\/api\\\/mapa-digital\\\/v1.0\",\"version\":\"v1.0\"}"}
TID: [-1234] [2020-02-25 03:14:38,094]  INFO {AUDIT_LOG} - Initiator=wso2.system.user Action=Get-User-Claim-Values Target=admin Data={"Claims":{},"Profile":"default"} Outcome=Success
TID: [-1234] [2020-02-25 03:14:38,101]  INFO {AUDIT_LOG} - 'admin@carbon.super [-1234]' logged in at [2020-02-25 03:14:38,098-0500]
TID: [-1234] [2020-02-25 03:14:38,252]  INFO {AUDIT_LOG} - Initiator=wso2.system.user Action=Get-User-Claim-Values Target=admin Data={"Claims":{},"Profile":"default"} Outcome=Success
TID: [-1234] [2020-02-25 03:14:38,256]  INFO {AUDIT_LOG} - 'admin@carbon.super [-1234]' logged in at [2020-02-25 03:14:38,254-0500]
TID: [-1234] [2020-02-25 03:14:38,416]  INFO {AUDIT_LOG} - Initiator=wso2.system.user Action=Get-User-Claim-Values Target=admin Data={"Claims":{},"Profile":"default"} Outcome=Success
TID: [-1234] [2020-02-25 03:14:38,421]  INFO {AUDIT_LOG} - 'admin@carbon.super [-1234]' logged in at [2020-02-25 03:14:38,419-0500]
TID: [-1234] [2020-02-25 03:14:39,817]  INFO {AUDIT_LOG} - Initiator=wso2.system.user Action=Get-User-Claim-Values Target=admin Data={"Claims":{},"Profile":"default"} Outcome=Success
TID: [-1234] [2020-02-25 03:14:39,821]  INFO {AUDIT_LOG} - 'admin@carbon.super [-1234]' logged in at [2020-02-25 03:14:39,820-0500]
TID: [-1234] [2020-02-25 03:14:39,946]  INFO {AUDIT_LOG} - Initiator=wso2.system.user Action=Get-User-Claim-Values Target=admin Data={"Claims":{},"Profile":"default"} Outcome=Success
TID: [-1234] [2020-02-25 03:14:39,952]  INFO {AUDIT_LOG} - 'admin@carbon.super [-1234]' logged in at [2020-02-25 03:14:39,951-0500]
TID: [-1234] [2020-02-25 03:14:39,962]  INFO {AUDIT_LOG} - Initiator=wso2.system.user Action=Get-User-Claim-Values Target=admin Data={"Claims":{},"Profile":"default"} Outcome=Success
TID: [-1234] [2020-02-25 03:14:39,967]  INFO {AUDIT_LOG} - 'admin@carbon.super [-1234]' logged in at [2020-02-25 03:14:39,965-0500]
TID: [-1234] [2020-02-25 03:31:00,373]  INFO {AUDIT_LOG} - Initiator=wso2.system.user Action=Get-Roles-of-User Target=admin Data={"Filter":"*","Roles":["Internal/subscriber","Application/admin_admin_publisher","Application/admin_rest_api_import_export","Internal/creator","Application/admin_admin_store","Internal/publisher","Application/admin_rest_api_store","Internal/everyone","Application/admin_georeferencia_PRODUCTION","admin","Internal/analytics"]} Outcome=Success
TID: [-1234] [2020-02-25 03:31:00,374]  INFO {AUDIT_LOG} - Initiator=wso2.system.user Action=Get-User-Claim-Values Target=admin Data={"Claims":{"http://wso2.org/claims/username":"admin","http://wso2.org/claims/role":"Internal/subscriber,Application/admin_admin_publisher,Application/admin_rest_api_import_export,Internal/creator,Application/admin_admin_store,Internal/publisher,Application/admin_rest_api_store,Internal/everyone,Application/admin_georeferencia_PRODUCTION,admin,Internal/analytics"}} Outcome=Success
TID: [-1234] [2020-02-25 03:31:00,459]  INFO {AUDIT_LOG} - Initiator : admin | Action : Login | Target : ApplicationAuthenticationFramework | Data : { "ContextIdentifier" : "72778a39-d756-483a-a157-b261493be2a2","AuthenticatedUser" : "admin","AuthenticatedUserTenantDomain" : "carbon.super","ServiceProviderName" : "admin_admin_publisher","RequestType" : "oidc","RelyingParty" : "9s4I5cIx9bv9VxHogQbG3ij8Pe0a","AuthenticatedIdPs" : "eyJ0eXAiOiJKV1QiLCAiYWxnIjoiSFMyNTYifQ==.eyJpc3MiOiJ3c28yIiwiZXhwIjoxNTgyNjE5NDYwMzY1MzAwMCwiaWF0IjoxNTgyNjE5NDYwMzY1LCJpZHBzIjpbeyJpZHAiOiJMT0NBTCIsImF1dGhlbnRpY2F0b3IiOiJCYXNpY0F1dGhlbnRpY2F0b3IifV19.O2DCwbGhnu5/NA1htHRCodAxM3Y=" } | Result : Success 
TID: [-1234] [2020-02-25 03:31:02,631]  INFO {AUDIT_LOG} - Initiator=wso2.system.user Action=Get-User-Claim-Values Target=admin Data={"Claims":{},"Profile":"default"} Outcome=Success
TID: [-1234] [2020-02-25 15:21:31,384]  INFO {AUDIT_LOG} - Initiator=wso2.system.user Action=Get-Roles-of-User Target=admin Data={"Filter":"*","Roles":["Internal/subscriber","Application/admin_admin_publisher","Application/admin_rest_api_import_export","Internal/creator","Application/admin_admin_store","Internal/publisher","Application/admin_rest_api_store","Internal/everyone","Application/admin_georeferencia_PRODUCTION","admin","Internal/analytics"]} Outcome=Success
TID: [-1234] [2020-02-25 15:21:31,387]  INFO {AUDIT_LOG} - Initiator=wso2.system.user Action=Get-User-Claim-Values Target=admin Data={"Claims":{"http://wso2.org/claims/username":"admin","http://wso2.org/claims/role":"Internal/subscriber,Application/admin_admin_publisher,Application/admin_rest_api_import_export,Internal/creator,Application/admin_admin_store,Internal/publisher,Application/admin_rest_api_store,Internal/everyone,Application/admin_georeferencia_PRODUCTION,admin,Internal/analytics"}} Outcome=Success
TID: [-1234] [2020-02-25 15:21:31,520]  INFO {AUDIT_LOG} - Initiator : admin | Action : Login | Target : ApplicationAuthenticationFramework | Data : { "ContextIdentifier" : "f091de6d-9336-433e-8525-a1ace8b6d71d","AuthenticatedUser" : "admin","AuthenticatedUserTenantDomain" : "carbon.super","ServiceProviderName" : "admin_admin_publisher","RequestType" : "oidc","RelyingParty" : "9s4I5cIx9bv9VxHogQbG3ij8Pe0a","AuthenticatedIdPs" : "eyJ0eXAiOiJKV1QiLCAiYWxnIjoiSFMyNTYifQ==.eyJpc3MiOiJ3c28yIiwiZXhwIjoxNTgyNjYyMDkxMzU0MzAwMCwiaWF0IjoxNTgyNjYyMDkxMzU0LCJpZHBzIjpbeyJpZHAiOiJMT0NBTCIsImF1dGhlbnRpY2F0b3IiOiJCYXNpY0F1dGhlbnRpY2F0b3IifV19.4rHaUy2LBGe4REBQMDe08MsXLVc=" } | Result : Success 
TID: [-1234] [2020-02-25 15:21:33,032]  INFO {AUDIT_LOG} - Initiator=wso2.system.user Action=Get-User-Claim-Values Target=admin Data={"Claims":{},"Profile":"default"} Outcome=Success
TID: [-1234] [2020-02-25 15:47:06,771]  INFO {AUDIT_LOG} - Initiator=wso2.system.user Action=Get-User-Claim-Values Target=admin Data={"Claims":{},"Profile":"default"} Outcome=Success
TID: [-1234] [2020-02-25 15:47:06,777]  INFO {AUDIT_LOG} - 'admin@carbon.super [-1234]' logged in at [2020-02-25 15:47:06,774-0500]
TID: [-1234] [2020-02-25 15:47:07,120]  INFO {AUDIT_LOG} - {"performedBy":"admin","action":"updated","typ":"API","info":"{\"provider\":\"admin\",\"name\":\"Mapa-Digital_Port_84\",\"context\":\"\\\/api\\\/mapa-digital\\\/v1.0\",\"version\":\"v1.0\"}"}
TID: [-1234] [2020-02-25 15:47:07,227]  INFO {AUDIT_LOG} - Initiator=wso2.system.user Action=Get-User-Claim-Values Target=admin Data={"Claims":{},"Profile":"default"} Outcome=Success
TID: [-1234] [2020-02-25 15:47:07,235]  INFO {AUDIT_LOG} - 'admin@carbon.super [-1234]' logged in at [2020-02-25 15:47:07,233-0500]
TID: [-1234] [2020-02-25 15:47:07,390]  INFO {AUDIT_LOG} - Initiator=wso2.system.user Action=Get-User-Claim-Values Target=admin Data={"Claims":{},"Profile":"default"} Outcome=Success
TID: [-1234] [2020-02-25 15:47:07,410]  INFO {AUDIT_LOG} - 'admin@carbon.super [-1234]' logged in at [2020-02-25 15:47:07,409-0500]
TID: [-1234] [2020-02-25 15:47:07,652]  INFO {AUDIT_LOG} - Initiator=wso2.system.user Action=Get-User-Claim-Values Target=admin Data={"Claims":{},"Profile":"default"} Outcome=Success
TID: [-1234] [2020-02-25 15:47:07,655]  INFO {AUDIT_LOG} - 'admin@carbon.super [-1234]' logged in at [2020-02-25 15:47:07,654-0500]
TID: [-1234] [2020-02-25 15:47:08,203]  INFO {AUDIT_LOG} - Initiator=wso2.system.user Action=Get-User-Claim-Values Target=admin Data={"Claims":{},"Profile":"default"} Outcome=Success
TID: [-1234] [2020-02-25 15:47:08,207]  INFO {AUDIT_LOG} - 'admin@carbon.super [-1234]' logged in at [2020-02-25 15:47:08,205-0500]
TID: [-1234] [2020-02-25 15:47:08,569]  INFO {AUDIT_LOG} - Initiator=wso2.system.user Action=Get-User-Claim-Values Target=admin Data={"Claims":{},"Profile":"default"} Outcome=Success
TID: [-1234] [2020-02-25 15:47:08,575]  INFO {AUDIT_LOG} - 'admin@carbon.super [-1234]' logged in at [2020-02-25 15:47:08,573-0500]
TID: [-1234] [2020-02-25 15:47:08,587]  INFO {AUDIT_LOG} - Initiator=wso2.system.user Action=Get-User-Claim-Values Target=admin Data={"Claims":{},"Profile":"default"} Outcome=Success
TID: [-1234] [2020-02-25 15:47:08,591]  INFO {AUDIT_LOG} - 'admin@carbon.super [-1234]' logged in at [2020-02-25 15:47:08,589-0500]
TID: [-1234] [2020-02-25 15:47:08,600]  INFO {AUDIT_LOG} - Initiator=wso2.system.user Action=Get-User-Claim-Values Target=admin Data={"Claims":{},"Profile":"default"} Outcome=Success
TID: [-1234] [2020-02-25 15:47:08,605]  INFO {AUDIT_LOG} - 'admin@carbon.super [-1234]' logged in at [2020-02-25 15:47:08,603-0500]
TID: [-1234] [2020-02-25 15:47:48,103]  INFO {AUDIT_LOG} - Initiator=wso2.system.user Action=Get-User-Claim-Values Target=admin Data={"Claims":{},"Profile":"default"} Outcome=Success
TID: [-1234] [2020-02-25 15:47:48,135]  INFO {AUDIT_LOG} - 'admin@carbon.super [-1234]' logged in at [2020-02-25 15:47:48,133-0500]
TID: [-1234] [2020-02-25 15:47:48,366]  INFO {AUDIT_LOG} - {"performedBy":"admin","action":"updated","typ":"API","info":"{\"provider\":\"admin\",\"name\":\"Mapa-Digital_Port_84\",\"context\":\"\\\/api\\\/mapa-digital\\\/v1.0\",\"version\":\"v1.0\"}"}
TID: [-1234] [2020-02-25 15:47:48,519]  INFO {AUDIT_LOG} - Initiator=wso2.system.user Action=Get-User-Claim-Values Target=admin Data={"Claims":{},"Profile":"default"} Outcome=Success
TID: [-1234] [2020-02-25 15:47:48,523]  INFO {AUDIT_LOG} - 'admin@carbon.super [-1234]' logged in at [2020-02-25 15:47:48,522-0500]
TID: [-1234] [2020-02-25 15:47:48,639]  INFO {AUDIT_LOG} - Initiator=wso2.system.user Action=Get-User-Claim-Values Target=admin Data={"Claims":{},"Profile":"default"} Outcome=Success
TID: [-1234] [2020-02-25 15:47:48,643]  INFO {AUDIT_LOG} - 'admin@carbon.super [-1234]' logged in at [2020-02-25 15:47:48,642-0500]
TID: [-1234] [2020-02-25 15:47:48,801]  INFO {AUDIT_LOG} - Initiator=wso2.system.user Action=Get-User-Claim-Values Target=admin Data={"Claims":{},"Profile":"default"} Outcome=Success
TID: [-1234] [2020-02-25 15:47:48,804]  INFO {AUDIT_LOG} - 'admin@carbon.super [-1234]' logged in at [2020-02-25 15:47:48,803-0500]
TID: [-1234] [2020-02-25 15:47:49,234]  INFO {AUDIT_LOG} - Initiator=wso2.system.user Action=Get-User-Claim-Values Target=admin Data={"Claims":{},"Profile":"default"} Outcome=Success
TID: [-1234] [2020-02-25 15:47:49,240]  INFO {AUDIT_LOG} - 'admin@carbon.super [-1234]' logged in at [2020-02-25 15:47:49,237-0500]
TID: [-1234] [2020-02-25 15:47:49,370]  INFO {AUDIT_LOG} - Initiator=wso2.system.user Action=Get-User-Claim-Values Target=admin Data={"Claims":{},"Profile":"default"} Outcome=Success
TID: [-1234] [2020-02-25 15:47:49,376]  INFO {AUDIT_LOG} - 'admin@carbon.super [-1234]' logged in at [2020-02-25 15:47:49,373-0500]
TID: [-1234] [2020-02-25 15:47:49,390]  INFO {AUDIT_LOG} - Initiator=wso2.system.user Action=Get-User-Claim-Values Target=admin Data={"Claims":{},"Profile":"default"} Outcome=Success
TID: [-1234] [2020-02-25 15:47:49,459]  INFO {AUDIT_LOG} - 'admin@carbon.super [-1234]' logged in at [2020-02-25 15:47:49,394-0500]
TID: [-1234] [2020-02-25 15:47:49,499]  INFO {AUDIT_LOG} - Initiator=wso2.system.user Action=Get-User-Claim-Values Target=admin Data={"Claims":{},"Profile":"default"} Outcome=Success
TID: [-1234] [2020-02-25 15:47:49,556]  INFO {AUDIT_LOG} - 'admin@carbon.super [-1234]' logged in at [2020-02-25 15:47:49,506-0500]
TID: [-1234] [2020-02-25 15:51:26,800]  INFO {AUDIT_LOG} - Initiator=admin@carbon.super Action=Get-Roles-of-User Target=admin Data={"Filter":"*","Roles":["Internal/subscriber","Application/admin_admin_publisher","Application/admin_rest_api_import_export","Internal/creator","Application/admin_admin_store","Internal/publisher","Application/admin_rest_api_store","Internal/everyone","Application/admin_georeferencia_PRODUCTION","admin","Internal/analytics"]} Outcome=Success
TID: [-1234] [2020-02-25 16:06:28,880]  INFO {AUDIT_LOG} - Initiator=wso2.system.user Action=Get-User-Claim-Values Target=admin Data={"Claims":{},"Profile":"default"} Outcome=Success
TID: [-1234] [2020-02-25 16:06:28,886]  INFO {AUDIT_LOG} - 'admin@carbon.super [-1234]' logged in at [2020-02-25 16:06:28,884-0500]
TID: [-1234] [2020-02-25 16:06:29,081]  INFO {AUDIT_LOG} - {"performedBy":"admin","action":"updated","typ":"API","info":"{\"provider\":\"admin\",\"name\":\"Mapa-Digital_Port_84\",\"context\":\"\\\/api\\\/mapa-digital\\\/v1.0\",\"version\":\"v1.0\"}"}
TID: [-1234] [2020-02-25 16:06:29,214]  INFO {AUDIT_LOG} - Initiator=wso2.system.user Action=Get-User-Claim-Values Target=admin Data={"Claims":{},"Profile":"default"} Outcome=Success
TID: [-1234] [2020-02-25 16:06:29,220]  INFO {AUDIT_LOG} - 'admin@carbon.super [-1234]' logged in at [2020-02-25 16:06:29,218-0500]
TID: [-1234] [2020-02-25 16:06:29,325]  INFO {AUDIT_LOG} - Initiator=wso2.system.user Action=Get-User-Claim-Values Target=admin Data={"Claims":{},"Profile":"default"} Outcome=Success
TID: [-1234] [2020-02-25 16:06:29,330]  INFO {AUDIT_LOG} - 'admin@carbon.super [-1234]' logged in at [2020-02-25 16:06:29,328-0500]
TID: [-1234] [2020-02-25 16:06:29,491]  INFO {AUDIT_LOG} - Initiator=wso2.system.user Action=Get-User-Claim-Values Target=admin Data={"Claims":{},"Profile":"default"} Outcome=Success
TID: [-1234] [2020-02-25 16:06:29,495]  INFO {AUDIT_LOG} - 'admin@carbon.super [-1234]' logged in at [2020-02-25 16:06:29,493-0500]
TID: [-1234] [2020-02-25 16:06:29,822]  INFO {AUDIT_LOG} - Initiator=wso2.system.user Action=Get-User-Claim-Values Target=admin Data={"Claims":{},"Profile":"default"} Outcome=Success
TID: [-1234] [2020-02-25 16:06:29,826]  INFO {AUDIT_LOG} - 'admin@carbon.super [-1234]' logged in at [2020-02-25 16:06:29,825-0500]
TID: [-1234] [2020-02-25 16:06:30,000]  INFO {AUDIT_LOG} - Initiator=wso2.system.user Action=Get-User-Claim-Values Target=admin Data={"Claims":{},"Profile":"default"} Outcome=Success
TID: [-1234] [2020-02-25 16:06:30,004]  INFO {AUDIT_LOG} - 'admin@carbon.super [-1234]' logged in at [2020-02-25 16:06:30,002-0500]
TID: [-1234] [2020-02-25 16:06:30,015]  INFO {AUDIT_LOG} - Initiator=wso2.system.user Action=Get-User-Claim-Values Target=admin Data={"Claims":{},"Profile":"default"} Outcome=Success
TID: [-1234] [2020-02-25 16:06:30,018]  INFO {AUDIT_LOG} - 'admin@carbon.super [-1234]' logged in at [2020-02-25 16:06:30,017-0500]
TID: [-1234] [2020-02-25 16:06:30,029]  INFO {AUDIT_LOG} - Initiator=wso2.system.user Action=Get-User-Claim-Values Target=admin Data={"Claims":{},"Profile":"default"} Outcome=Success
TID: [-1234] [2020-02-25 16:06:30,034]  INFO {AUDIT_LOG} - 'admin@carbon.super [-1234]' logged in at [2020-02-25 16:06:30,032-0500]
TID: [-1234] [2020-02-25 16:06:30,042]  INFO {AUDIT_LOG} - Initiator=wso2.system.user Action=Get-User-Claim-Values Target=admin Data={"Claims":{},"Profile":"default"} Outcome=Success
TID: [-1234] [2020-02-25 16:06:30,045]  INFO {AUDIT_LOG} - 'admin@carbon.super [-1234]' logged in at [2020-02-25 16:06:30,044-0500]
TID: [-1234] [2020-02-25 18:04:39,176]  INFO {AUDIT_LOG} - Initiator=wso2.system.user Action=Get-Roles-of-User Target=admin Data={"Filter":"*","Roles":["Internal/subscriber","Application/admin_admin_publisher","Application/admin_rest_api_import_export","Internal/creator","Application/admin_admin_store","Internal/publisher","Application/admin_rest_api_store","Internal/everyone","Application/admin_georeferencia_PRODUCTION","admin","Internal/analytics"]} Outcome=Success
TID: [-1234] [2020-02-25 18:04:39,177]  INFO {AUDIT_LOG} - Initiator=wso2.system.user Action=Get-User-Claim-Values Target=admin Data={"Claims":{"http://wso2.org/claims/username":"admin","http://wso2.org/claims/role":"Internal/subscriber,Application/admin_admin_publisher,Application/admin_rest_api_import_export,Internal/creator,Application/admin_admin_store,Internal/publisher,Application/admin_rest_api_store,Internal/everyone,Application/admin_georeferencia_PRODUCTION,admin,Internal/analytics"}} Outcome=Success
TID: [-1234] [2020-02-25 18:04:39,197]  INFO {AUDIT_LOG} - Initiator : admin | Action : Login | Target : ApplicationAuthenticationFramework | Data : { "ContextIdentifier" : "79dfab0c-de6d-48b0-b309-302dd204c815","AuthenticatedUser" : "admin","AuthenticatedUserTenantDomain" : "carbon.super","ServiceProviderName" : "admin_admin_publisher","RequestType" : "oidc","RelyingParty" : "9s4I5cIx9bv9VxHogQbG3ij8Pe0a","AuthenticatedIdPs" : "eyJ0eXAiOiJKV1QiLCAiYWxnIjoiSFMyNTYifQ==.eyJpc3MiOiJ3c28yIiwiZXhwIjoxNTgyNjcxODc5MTI4MzAwMCwiaWF0IjoxNTgyNjcxODc5MTI4LCJpZHBzIjpbeyJpZHAiOiJMT0NBTCIsImF1dGhlbnRpY2F0b3IiOiJCYXNpY0F1dGhlbnRpY2F0b3IifV19.eiMcst7DjXliNlWrtSRAiKyyrMc=" } | Result : Success 
TID: [-1234] [2020-02-25 18:04:45,993]  INFO {AUDIT_LOG} - Initiator=wso2.system.user Action=Get-User-Claim-Values Target=admin Data={"Claims":{},"Profile":"default"} Outcome=Success
