TID: [-1234] [2020-02-26 00:18:43,597]  INFO {AUDIT_LOG} - Initiator=wso2.system.user Action=Get-Roles-of-User Target=admin Data={"Filter":"*","Roles":["Internal/subscriber","Application/admin_admin_publisher","Application/admin_rest_api_import_export","Internal/creator","Application/admin_admin_store","Internal/publisher","Application/admin_rest_api_store","Internal/everyone","Application/admin_georeferencia_PRODUCTION","admin","Internal/analytics"]} Outcome=Success
TID: [-1234] [2020-02-26 00:18:43,602]  INFO {AUDIT_LOG} - Initiator=wso2.system.user Action=Get-User-Claim-Values Target=admin Data={"Claims":{"http://wso2.org/claims/username":"admin","http://wso2.org/claims/role":"Internal/subscriber,Application/admin_admin_publisher,Application/admin_rest_api_import_export,Internal/creator,Application/admin_admin_store,Internal/publisher,Application/admin_rest_api_store,Internal/everyone,Application/admin_georeferencia_PRODUCTION,admin,Internal/analytics"}} Outcome=Success
TID: [-1234] [2020-02-26 00:18:43,618]  INFO {AUDIT_LOG} - Initiator : admin | Action : Login | Target : ApplicationAuthenticationFramework | Data : { "ContextIdentifier" : "38f25c84-bd83-43e3-966e-7eaf89f29cc0","AuthenticatedUser" : "admin","AuthenticatedUserTenantDomain" : "carbon.super","ServiceProviderName" : "admin_admin_publisher","RequestType" : "oidc","RelyingParty" : "9s4I5cIx9bv9VxHogQbG3ij8Pe0a","AuthenticatedIdPs" : "eyJ0eXAiOiJKV1QiLCAiYWxnIjoiSFMyNTYifQ==.eyJpc3MiOiJ3c28yIiwiZXhwIjoxNTgyNjk0MzIzNTkxMzAwMCwiaWF0IjoxNTgyNjk0MzIzNTkxLCJpZHBzIjpbeyJpZHAiOiJMT0NBTCIsImF1dGhlbnRpY2F0b3IiOiJCYXNpY0F1dGhlbnRpY2F0b3IifV19.HVXCvgs9tJzgPsIJZxoqQYS5wHI=" } | Result : Success 
TID: [-1234] [2020-02-26 00:18:45,013]  INFO {AUDIT_LOG} - Initiator=wso2.system.user Action=Get-User-Claim-Values Target=admin Data={"Claims":{},"Profile":"default"} Outcome=Success
TID: [-1234] [2020-02-26 00:19:49,892]  INFO {AUDIT_LOG} - Initiator=wso2.system.user Action=Get-User-Claim-Values Target=admin Data={"Claims":{},"Profile":"default"} Outcome=Success
TID: [-1234] [2020-02-26 00:19:49,897]  INFO {AUDIT_LOG} - 'admin@carbon.super [-1234]' logged in at [2020-02-26 00:19:49,895-0500]
TID: [-1234] [2020-02-26 00:19:50,134]  INFO {AUDIT_LOG} - {"performedBy":"admin","action":"updated","typ":"API","info":"{\"provider\":\"admin\",\"name\":\"Mapa-Digital_Port_84\",\"context\":\"\\\/api\\\/mapa-digital\\\/v1.0\",\"version\":\"v1.0\"}"}
TID: [-1234] [2020-02-26 00:19:50,239]  INFO {AUDIT_LOG} - Initiator=wso2.system.user Action=Get-User-Claim-Values Target=admin Data={"Claims":{},"Profile":"default"} Outcome=Success
TID: [-1234] [2020-02-26 00:19:50,242]  INFO {AUDIT_LOG} - 'admin@carbon.super [-1234]' logged in at [2020-02-26 00:19:50,241-0500]
TID: [-1234] [2020-02-26 00:19:50,520]  INFO {AUDIT_LOG} - Initiator=wso2.system.user Action=Get-User-Claim-Values Target=admin Data={"Claims":{},"Profile":"default"} Outcome=Success
TID: [-1234] [2020-02-26 00:19:50,527]  INFO {AUDIT_LOG} - 'admin@carbon.super [-1234]' logged in at [2020-02-26 00:19:50,523-0500]
TID: [-1234] [2020-02-26 00:19:50,752]  INFO {AUDIT_LOG} - Initiator=wso2.system.user Action=Get-User-Claim-Values Target=admin Data={"Claims":{},"Profile":"default"} Outcome=Success
TID: [-1234] [2020-02-26 00:19:50,755]  INFO {AUDIT_LOG} - 'admin@carbon.super [-1234]' logged in at [2020-02-26 00:19:50,754-0500]
TID: [-1234] [2020-02-26 00:19:51,152]  INFO {AUDIT_LOG} - Initiator=wso2.system.user Action=Get-User-Claim-Values Target=admin Data={"Claims":{},"Profile":"default"} Outcome=Success
TID: [-1234] [2020-02-26 00:19:51,157]  INFO {AUDIT_LOG} - 'admin@carbon.super [-1234]' logged in at [2020-02-26 00:19:51,155-0500]
TID: [-1234] [2020-02-26 00:19:51,309]  INFO {AUDIT_LOG} - Initiator=wso2.system.user Action=Get-User-Claim-Values Target=admin Data={"Claims":{},"Profile":"default"} Outcome=Success
TID: [-1234] [2020-02-26 00:19:51,313]  INFO {AUDIT_LOG} - 'admin@carbon.super [-1234]' logged in at [2020-02-26 00:19:51,312-0500]
TID: [-1234] [2020-02-26 00:19:51,326]  INFO {AUDIT_LOG} - Initiator=wso2.system.user Action=Get-User-Claim-Values Target=admin Data={"Claims":{},"Profile":"default"} Outcome=Success
TID: [-1234] [2020-02-26 00:19:51,332]  INFO {AUDIT_LOG} - 'admin@carbon.super [-1234]' logged in at [2020-02-26 00:19:51,331-0500]
TID: [-1234] [2020-02-26 00:19:51,346]  INFO {AUDIT_LOG} - Initiator=wso2.system.user Action=Get-User-Claim-Values Target=admin Data={"Claims":{},"Profile":"default"} Outcome=Success
TID: [-1234] [2020-02-26 00:19:51,354]  INFO {AUDIT_LOG} - 'admin@carbon.super [-1234]' logged in at [2020-02-26 00:19:51,351-0500]
TID: [-1234] [2020-02-26 00:19:51,366]  INFO {AUDIT_LOG} - Initiator=wso2.system.user Action=Get-User-Claim-Values Target=admin Data={"Claims":{},"Profile":"default"} Outcome=Success
TID: [-1234] [2020-02-26 00:19:51,372]  INFO {AUDIT_LOG} - 'admin@carbon.super [-1234]' logged in at [2020-02-26 00:19:51,370-0500]
TID: [-1234] [2020-02-26 00:19:51,382]  INFO {AUDIT_LOG} - Initiator=wso2.system.user Action=Get-User-Claim-Values Target=admin Data={"Claims":{},"Profile":"default"} Outcome=Success
TID: [-1234] [2020-02-26 00:19:51,389]  INFO {AUDIT_LOG} - 'admin@carbon.super [-1234]' logged in at [2020-02-26 00:19:51,388-0500]
TID: [-1234] [2020-02-26 10:44:15,403]  INFO {AUDIT_LOG} - Initiator=wso2.system.user Action=Get-Roles-of-User Target=admin Data={"Filter":"*","Roles":["Internal/subscriber","Application/admin_admin_publisher","Application/admin_rest_api_import_export","Internal/creator","Application/admin_admin_store","Internal/publisher","Application/admin_rest_api_store","Internal/everyone","Application/admin_georeferencia_PRODUCTION","admin","Internal/analytics"]} Outcome=Success
TID: [-1234] [2020-02-26 10:44:15,404]  INFO {AUDIT_LOG} - Initiator=wso2.system.user Action=Get-User-Claim-Values Target=admin Data={"Claims":{"http://wso2.org/claims/username":"admin","http://wso2.org/claims/role":"Internal/subscriber,Application/admin_admin_publisher,Application/admin_rest_api_import_export,Internal/creator,Application/admin_admin_store,Internal/publisher,Application/admin_rest_api_store,Internal/everyone,Application/admin_georeferencia_PRODUCTION,admin,Internal/analytics"}} Outcome=Success
TID: [-1234] [2020-02-26 10:44:15,432]  INFO {AUDIT_LOG} - Initiator : admin | Action : Login | Target : ApplicationAuthenticationFramework | Data : { "ContextIdentifier" : "71ad1c4c-03fc-4d76-a162-b5f3a114f042","AuthenticatedUser" : "admin","AuthenticatedUserTenantDomain" : "carbon.super","ServiceProviderName" : "admin_admin_publisher","RequestType" : "oidc","RelyingParty" : "9s4I5cIx9bv9VxHogQbG3ij8Pe0a","AuthenticatedIdPs" : "eyJ0eXAiOiJKV1QiLCAiYWxnIjoiSFMyNTYifQ==.eyJpc3MiOiJ3c28yIiwiZXhwIjoxNTgyNzMxODU1Mzg4MzAwMCwiaWF0IjoxNTgyNzMxODU1Mzg4LCJpZHBzIjpbeyJpZHAiOiJMT0NBTCIsImF1dGhlbnRpY2F0b3IiOiJCYXNpY0F1dGhlbnRpY2F0b3IifV19.1BThiDJIw+qIX0YgRwktarRrwBE=" } | Result : Success 
TID: [-1234] [2020-02-26 10:44:17,873]  INFO {AUDIT_LOG} - Initiator=wso2.system.user Action=Get-User-Claim-Values Target=admin Data={"Claims":{},"Profile":"default"} Outcome=Success
TID: [-1234] [2020-02-26 10:50:10,280]  INFO {AUDIT_LOG} - Initiator=wso2.system.user Action=Get-User-Claim-Values Target=admin Data={"Claims":{},"Profile":"default"} Outcome=Success
TID: [-1234] [2020-02-26 10:50:10,285]  INFO {AUDIT_LOG} - 'admin@carbon.super [-1234]' logged in at [2020-02-26 10:50:10,282-0500]
TID: [-1234] [2020-02-26 10:50:10,473]  INFO {AUDIT_LOG} - {"performedBy":"admin","action":"updated","typ":"API","info":"{\"provider\":\"admin\",\"name\":\"Accounts_Port_81\",\"context\":\"\\\/api\\\/session\\\/v1.0\",\"version\":\"v1.0\"}"}
TID: [-1234] [2020-02-26 10:50:10,589]  INFO {AUDIT_LOG} - Initiator=wso2.system.user Action=Get-User-Claim-Values Target=admin Data={"Claims":{},"Profile":"default"} Outcome=Success
TID: [-1234] [2020-02-26 10:50:10,594]  INFO {AUDIT_LOG} - 'admin@carbon.super [-1234]' logged in at [2020-02-26 10:50:10,593-0500]
TID: [-1234] [2020-02-26 10:50:10,740]  INFO {AUDIT_LOG} - Initiator=wso2.system.user Action=Get-User-Claim-Values Target=admin Data={"Claims":{},"Profile":"default"} Outcome=Success
TID: [-1234] [2020-02-26 10:50:10,744]  INFO {AUDIT_LOG} - 'admin@carbon.super [-1234]' logged in at [2020-02-26 10:50:10,743-0500]
TID: [-1234] [2020-02-26 10:50:10,956]  INFO {AUDIT_LOG} - Initiator=wso2.system.user Action=Get-User-Claim-Values Target=admin Data={"Claims":{},"Profile":"default"} Outcome=Success
TID: [-1234] [2020-02-26 10:50:10,960]  INFO {AUDIT_LOG} - 'admin@carbon.super [-1234]' logged in at [2020-02-26 10:50:10,959-0500]
TID: [-1234] [2020-02-26 10:50:11,455]  INFO {AUDIT_LOG} - Initiator=wso2.system.user Action=Get-User-Claim-Values Target=admin Data={"Claims":{},"Profile":"default"} Outcome=Success
TID: [-1234] [2020-02-26 10:50:11,479]  INFO {AUDIT_LOG} - 'admin@carbon.super [-1234]' logged in at [2020-02-26 10:50:11,478-0500]
TID: [-1234] [2020-02-26 10:50:11,700]  INFO {AUDIT_LOG} - Initiator=wso2.system.user Action=Get-User-Claim-Values Target=admin Data={"Claims":{},"Profile":"default"} Outcome=Success
TID: [-1234] [2020-02-26 10:50:11,705]  INFO {AUDIT_LOG} - 'admin@carbon.super [-1234]' logged in at [2020-02-26 10:50:11,703-0500]
TID: [-1234] [2020-02-26 10:50:11,718]  INFO {AUDIT_LOG} - Initiator=wso2.system.user Action=Get-User-Claim-Values Target=admin Data={"Claims":{},"Profile":"default"} Outcome=Success
TID: [-1234] [2020-02-26 10:50:11,724]  INFO {AUDIT_LOG} - 'admin@carbon.super [-1234]' logged in at [2020-02-26 10:50:11,722-0500]
TID: [-1234] [2020-02-26 10:50:11,735]  INFO {AUDIT_LOG} - Initiator=wso2.system.user Action=Get-User-Claim-Values Target=admin Data={"Claims":{},"Profile":"default"} Outcome=Success
TID: [-1234] [2020-02-26 10:50:11,742]  INFO {AUDIT_LOG} - 'admin@carbon.super [-1234]' logged in at [2020-02-26 10:50:11,740-0500]
TID: [-1234] [2020-02-26 10:50:11,752]  INFO {AUDIT_LOG} - Initiator=wso2.system.user Action=Get-User-Claim-Values Target=admin Data={"Claims":{},"Profile":"default"} Outcome=Success
TID: [-1234] [2020-02-26 10:50:11,756]  INFO {AUDIT_LOG} - 'admin@carbon.super [-1234]' logged in at [2020-02-26 10:50:11,756-0500]
TID: [-1234] [2020-02-26 11:01:23,208]  INFO {AUDIT_LOG} - Initiator=admin@carbon.super Action=Get-Roles-of-User Target=admin Data={"Filter":"*","Roles":["Internal/subscriber","Application/admin_admin_publisher","Application/admin_rest_api_import_export","Internal/creator","Application/admin_admin_store","Internal/publisher","Application/admin_rest_api_store","Internal/everyone","Application/admin_georeferencia_PRODUCTION","admin","Internal/analytics"]} Outcome=Success
TID: [-1234] [2020-02-26 14:31:17,814]  INFO {AUDIT_LOG} - Initiator=wso2.system.user Action=Get-Roles-of-User Target=admin Data={"Filter":"*","Roles":["Internal/subscriber","Application/admin_admin_publisher","Application/admin_rest_api_import_export","Internal/creator","Application/admin_admin_store","Internal/publisher","Application/admin_rest_api_store","Internal/everyone","Application/admin_georeferencia_PRODUCTION","admin","Internal/analytics"]} Outcome=Success
TID: [-1234] [2020-02-26 14:31:17,815]  INFO {AUDIT_LOG} - Initiator=wso2.system.user Action=Get-User-Claim-Values Target=admin Data={"Claims":{"http://wso2.org/claims/username":"admin","http://wso2.org/claims/role":"Internal/subscriber,Application/admin_admin_publisher,Application/admin_rest_api_import_export,Internal/creator,Application/admin_admin_store,Internal/publisher,Application/admin_rest_api_store,Internal/everyone,Application/admin_georeferencia_PRODUCTION,admin,Internal/analytics"}} Outcome=Success
TID: [-1234] [2020-02-26 14:31:17,841]  INFO {AUDIT_LOG} - Initiator : admin | Action : Login | Target : ApplicationAuthenticationFramework | Data : { "ContextIdentifier" : "a9a07dfc-7771-4cba-a1a5-8a141211d23e","AuthenticatedUser" : "admin","AuthenticatedUserTenantDomain" : "carbon.super","ServiceProviderName" : "admin_admin_publisher","RequestType" : "oidc","RelyingParty" : "9s4I5cIx9bv9VxHogQbG3ij8Pe0a","AuthenticatedIdPs" : "eyJ0eXAiOiJKV1QiLCAiYWxnIjoiSFMyNTYifQ==.eyJpc3MiOiJ3c28yIiwiZXhwIjoxNTgyNzQ1NDc3Nzc4MzAwMCwiaWF0IjoxNTgyNzQ1NDc3Nzc4LCJpZHBzIjpbeyJpZHAiOiJMT0NBTCIsImF1dGhlbnRpY2F0b3IiOiJCYXNpY0F1dGhlbnRpY2F0b3IifV19.l9NziPpGgBZ/k5iZw+JuePZam+Y=" } | Result : Success 
TID: [-1234] [2020-02-26 14:31:19,840]  INFO {AUDIT_LOG} - Initiator=wso2.system.user Action=Get-User-Claim-Values Target=admin Data={"Claims":{},"Profile":"default"} Outcome=Success
TID: [-1234] [2020-02-26 14:31:57,205]  INFO {AUDIT_LOG} - Initiator=wso2.system.user Action=Get-User-Claim-Values Target=admin Data={"Claims":{},"Profile":"default"} Outcome=Success
TID: [-1234] [2020-02-26 14:31:57,212]  INFO {AUDIT_LOG} - 'admin@carbon.super [-1234]' logged in at [2020-02-26 14:31:57,209-0500]
TID: [-1234] [2020-02-26 14:31:57,449]  INFO {AUDIT_LOG} - {"performedBy":"admin","action":"updated","typ":"API","info":"{\"provider\":\"admin\",\"name\":\"Georeferencia_Port_83\",\"context\":\"\\\/api\\\/georeferencia\\\/v1.0\",\"version\":\"v1.0\"}"}
TID: [-1234] [2020-02-26 14:31:57,591]  INFO {AUDIT_LOG} - Initiator=wso2.system.user Action=Get-User-Claim-Values Target=admin Data={"Claims":{},"Profile":"default"} Outcome=Success
TID: [-1234] [2020-02-26 14:31:57,610]  INFO {AUDIT_LOG} - 'admin@carbon.super [-1234]' logged in at [2020-02-26 14:31:57,608-0500]
TID: [-1234] [2020-02-26 14:31:57,793]  INFO {AUDIT_LOG} - Initiator=wso2.system.user Action=Get-User-Claim-Values Target=admin Data={"Claims":{},"Profile":"default"} Outcome=Success
TID: [-1234] [2020-02-26 14:31:57,803]  INFO {AUDIT_LOG} - 'admin@carbon.super [-1234]' logged in at [2020-02-26 14:31:57,798-0500]
TID: [-1234] [2020-02-26 14:31:58,068]  INFO {AUDIT_LOG} - Initiator=wso2.system.user Action=Get-User-Claim-Values Target=admin Data={"Claims":{},"Profile":"default"} Outcome=Success
TID: [-1234] [2020-02-26 14:31:58,072]  INFO {AUDIT_LOG} - 'admin@carbon.super [-1234]' logged in at [2020-02-26 14:31:58,071-0500]
TID: [-1234] [2020-02-26 14:31:58,760]  INFO {AUDIT_LOG} - Initiator=wso2.system.user Action=Get-User-Claim-Values Target=admin Data={"Claims":{},"Profile":"default"} Outcome=Success
TID: [-1234] [2020-02-26 14:31:58,764]  INFO {AUDIT_LOG} - 'admin@carbon.super [-1234]' logged in at [2020-02-26 14:31:58,762-0500]
TID: [-1234] [2020-02-26 14:31:59,121]  INFO {AUDIT_LOG} - Initiator=wso2.system.user Action=Get-User-Claim-Values Target=admin Data={"Claims":{},"Profile":"default"} Outcome=Success
TID: [-1234] [2020-02-26 14:31:59,125]  INFO {AUDIT_LOG} - 'admin@carbon.super [-1234]' logged in at [2020-02-26 14:31:59,124-0500]
TID: [-1234] [2020-02-26 14:31:59,141]  INFO {AUDIT_LOG} - Initiator=wso2.system.user Action=Get-User-Claim-Values Target=admin Data={"Claims":{},"Profile":"default"} Outcome=Success
TID: [-1234] [2020-02-26 14:31:59,145]  INFO {AUDIT_LOG} - 'admin@carbon.super [-1234]' logged in at [2020-02-26 14:31:59,144-0500]
TID: [-1234] [2020-02-26 14:31:59,156]  INFO {AUDIT_LOG} - Initiator=wso2.system.user Action=Get-User-Claim-Values Target=admin Data={"Claims":{},"Profile":"default"} Outcome=Success
TID: [-1234] [2020-02-26 14:31:59,160]  INFO {AUDIT_LOG} - 'admin@carbon.super [-1234]' logged in at [2020-02-26 14:31:59,159-0500]
TID: [-1234] [2020-02-26 14:31:59,173]  INFO {AUDIT_LOG} - Initiator=wso2.system.user Action=Get-User-Claim-Values Target=admin Data={"Claims":{},"Profile":"default"} Outcome=Success
TID: [-1234] [2020-02-26 14:31:59,190]  INFO {AUDIT_LOG} - 'admin@carbon.super [-1234]' logged in at [2020-02-26 14:31:59,175-0500]
