TID: [-1234] [2020-02-27 01:15:46,320]  INFO {AUDIT_LOG} - Initiator=wso2.system.user Action=Get-Roles-of-User Target=admin Data={"Filter":"*","Roles":["Internal/subscriber","Application/admin_admin_publisher","Application/admin_rest_api_import_export","Internal/creator","Application/admin_admin_store","Internal/publisher","Application/admin_rest_api_store","Internal/everyone","Application/admin_georeferencia_PRODUCTION","admin","Internal/analytics"]} Outcome=Success
TID: [-1234] [2020-02-27 01:15:46,333]  INFO {AUDIT_LOG} - Initiator=wso2.system.user Action=Get-User-Claim-Values Target=admin Data={"Claims":{"http://wso2.org/claims/username":"admin","http://wso2.org/claims/role":"Internal/subscriber,Application/admin_admin_publisher,Application/admin_rest_api_import_export,Internal/creator,Application/admin_admin_store,Internal/publisher,Application/admin_rest_api_store,Internal/everyone,Application/admin_georeferencia_PRODUCTION,admin,Internal/analytics"}} Outcome=Success
TID: [-1234] [2020-02-27 01:15:46,391]  INFO {AUDIT_LOG} - Initiator : admin | Action : Login | Target : ApplicationAuthenticationFramework | Data : { "ContextIdentifier" : "2919a605-efaf-4360-8c61-118bdf345bca","AuthenticatedUser" : "admin","AuthenticatedUserTenantDomain" : "carbon.super","ServiceProviderName" : "admin_admin_publisher","RequestType" : "oidc","RelyingParty" : "9s4I5cIx9bv9VxHogQbG3ij8Pe0a","AuthenticatedIdPs" : "eyJ0eXAiOiJKV1QiLCAiYWxnIjoiSFMyNTYifQ==.eyJpc3MiOiJ3c28yIiwiZXhwIjoxNTgyNzg0MTQ2Mjk4MzAwMCwiaWF0IjoxNTgyNzg0MTQ2Mjk4LCJpZHBzIjpbeyJpZHAiOiJMT0NBTCIsImF1dGhlbnRpY2F0b3IiOiJCYXNpY0F1dGhlbnRpY2F0b3IifV19.z9QCmuJsWBQuN+xuyvPUszHNevU=" } | Result : Success 
TID: [-1234] [2020-02-27 01:15:47,649]  INFO {AUDIT_LOG} - Initiator=wso2.system.user Action=Get-User-Claim-Values Target=admin Data={"Claims":{},"Profile":"default"} Outcome=Success
TID: [-1234] [2020-02-27 01:19:33,824]  INFO {AUDIT_LOG} - Initiator=wso2.system.user Action=Get-User-Claim-Values Target=admin Data={"Claims":{},"Profile":"default"} Outcome=Success
TID: [-1234] [2020-02-27 01:19:33,829]  INFO {AUDIT_LOG} - 'admin@carbon.super [-1234]' logged in at [2020-02-27 01:19:33,827-0500]
TID: [-1234] [2020-02-27 01:19:33,962]  INFO {AUDIT_LOG} - {"performedBy":"admin","action":"updated","typ":"API","info":"{\"provider\":\"admin\",\"name\":\"Georeferencia_Port_83\",\"context\":\"\\\/api\\\/georeferencia\\\/v1.0\",\"version\":\"v1.0\"}"}
TID: [-1234] [2020-02-27 01:19:34,065]  INFO {AUDIT_LOG} - Initiator=wso2.system.user Action=Get-User-Claim-Values Target=admin Data={"Claims":{},"Profile":"default"} Outcome=Success
TID: [-1234] [2020-02-27 01:19:34,068]  INFO {AUDIT_LOG} - 'admin@carbon.super [-1234]' logged in at [2020-02-27 01:19:34,067-0500]
TID: [-1234] [2020-02-27 01:19:34,184]  INFO {AUDIT_LOG} - Initiator=wso2.system.user Action=Get-User-Claim-Values Target=admin Data={"Claims":{},"Profile":"default"} Outcome=Success
TID: [-1234] [2020-02-27 01:19:34,187]  INFO {AUDIT_LOG} - 'admin@carbon.super [-1234]' logged in at [2020-02-27 01:19:34,186-0500]
TID: [-1234] [2020-02-27 01:19:34,350]  INFO {AUDIT_LOG} - Initiator=wso2.system.user Action=Get-User-Claim-Values Target=admin Data={"Claims":{},"Profile":"default"} Outcome=Success
TID: [-1234] [2020-02-27 01:19:34,354]  INFO {AUDIT_LOG} - 'admin@carbon.super [-1234]' logged in at [2020-02-27 01:19:34,353-0500]
TID: [-1234] [2020-02-27 01:19:34,766]  INFO {AUDIT_LOG} - Initiator=wso2.system.user Action=Get-User-Claim-Values Target=admin Data={"Claims":{},"Profile":"default"} Outcome=Success
TID: [-1234] [2020-02-27 01:19:34,769]  INFO {AUDIT_LOG} - 'admin@carbon.super [-1234]' logged in at [2020-02-27 01:19:34,768-0500]
TID: [-1234] [2020-02-27 01:19:34,983]  INFO {AUDIT_LOG} - Initiator=wso2.system.user Action=Get-User-Claim-Values Target=admin Data={"Claims":{},"Profile":"default"} Outcome=Success
TID: [-1234] [2020-02-27 01:19:35,020]  INFO {AUDIT_LOG} - 'admin@carbon.super [-1234]' logged in at [2020-02-27 01:19:35,019-0500]
TID: [-1234] [2020-02-27 01:19:35,030]  INFO {AUDIT_LOG} - Initiator=wso2.system.user Action=Get-User-Claim-Values Target=admin Data={"Claims":{},"Profile":"default"} Outcome=Success
TID: [-1234] [2020-02-27 01:19:35,036]  INFO {AUDIT_LOG} - 'admin@carbon.super [-1234]' logged in at [2020-02-27 01:19:35,034-0500]
TID: [-1234] [2020-02-27 01:19:35,044]  INFO {AUDIT_LOG} - Initiator=wso2.system.user Action=Get-User-Claim-Values Target=admin Data={"Claims":{},"Profile":"default"} Outcome=Success
TID: [-1234] [2020-02-27 01:19:35,048]  INFO {AUDIT_LOG} - 'admin@carbon.super [-1234]' logged in at [2020-02-27 01:19:35,047-0500]
TID: [-1234] [2020-02-27 01:19:35,056]  INFO {AUDIT_LOG} - Initiator=wso2.system.user Action=Get-User-Claim-Values Target=admin Data={"Claims":{},"Profile":"default"} Outcome=Success
TID: [-1234] [2020-02-27 01:19:35,059]  INFO {AUDIT_LOG} - 'admin@carbon.super [-1234]' logged in at [2020-02-27 01:19:35,058-0500]
TID: [-1234] [2020-02-27 01:19:35,072]  INFO {AUDIT_LOG} - Initiator=wso2.system.user Action=Get-User-Claim-Values Target=admin Data={"Claims":{},"Profile":"default"} Outcome=Success
TID: [-1234] [2020-02-27 01:19:35,076]  INFO {AUDIT_LOG} - 'admin@carbon.super [-1234]' logged in at [2020-02-27 01:19:35,075-0500]
TID: [-1234] [2020-02-27 01:39:10,072]  INFO {AUDIT_LOG} - Initiator=admin@carbon.super Action=Get-Roles-of-User Target=admin Data={"Filter":"*","Roles":["Internal/subscriber","Application/admin_admin_publisher","Application/admin_rest_api_import_export","Internal/creator","Application/admin_admin_store","Internal/publisher","Application/admin_rest_api_store","Internal/everyone","Application/admin_georeferencia_PRODUCTION","admin","Internal/analytics"]} Outcome=Success
TID: [-1234] [2020-02-27 01:39:24,946]  INFO {AUDIT_LOG} - Initiator=wso2.system.user Action=Get-User-Claim-Values Target=admin Data={"Claims":{},"Profile":"default"} Outcome=Success
TID: [-1234] [2020-02-27 01:41:37,270]  INFO {AUDIT_LOG} - 'admin@carbon.super [-1234]' logged in at [2020-02-27 01:39:24,949-0500]
TID: [-1234] [2020-02-27 01:41:37,859]  INFO {AUDIT_LOG} - {"performedBy":"admin","action":"updated","typ":"API","info":"{\"provider\":\"admin\",\"name\":\"Accounts_Port_81\",\"context\":\"\\\/api\\\/session\\\/v1.0\",\"version\":\"v1.0\"}"}
TID: [-1234] [2020-02-27 01:41:38,160]  INFO {AUDIT_LOG} - Initiator=wso2.system.user Action=Get-User-Claim-Values Target=admin Data={"Claims":{},"Profile":"default"} Outcome=Success
TID: [-1234] [2020-02-27 01:41:38,165]  INFO {AUDIT_LOG} - 'admin@carbon.super [-1234]' logged in at [2020-02-27 01:41:38,163-0500]
TID: [-1234] [2020-02-27 01:41:38,585]  INFO {AUDIT_LOG} - Initiator=wso2.system.user Action=Get-User-Claim-Values Target=admin Data={"Claims":{},"Profile":"default"} Outcome=Success
TID: [-1234] [2020-02-27 01:41:38,590]  INFO {AUDIT_LOG} - 'admin@carbon.super [-1234]' logged in at [2020-02-27 01:41:38,588-0500]
TID: [-1234] [2020-02-27 01:41:39,791]  INFO {AUDIT_LOG} - Initiator=wso2.system.user Action=Get-User-Claim-Values Target=admin Data={"Claims":{},"Profile":"default"} Outcome=Success
TID: [-1234] [2020-02-27 01:41:39,797]  INFO {AUDIT_LOG} - 'admin@carbon.super [-1234]' logged in at [2020-02-27 01:41:39,794-0500]
TID: [-1234] [2020-02-27 01:41:40,675]  INFO {AUDIT_LOG} - Initiator=wso2.system.user Action=Get-User-Claim-Values Target=admin Data={"Claims":{},"Profile":"default"} Outcome=Success
TID: [-1234] [2020-02-27 01:41:40,681]  INFO {AUDIT_LOG} - 'admin@carbon.super [-1234]' logged in at [2020-02-27 01:41:40,680-0500]
TID: [-1234] [2020-02-27 01:41:42,114]  INFO {AUDIT_LOG} - Initiator=wso2.system.user Action=Get-User-Claim-Values Target=admin Data={"Claims":{},"Profile":"default"} Outcome=Success
TID: [-1234] [2020-02-27 01:41:42,118]  INFO {AUDIT_LOG} - 'admin@carbon.super [-1234]' logged in at [2020-02-27 01:41:42,116-0500]
TID: [-1234] [2020-02-27 01:41:42,128]  INFO {AUDIT_LOG} - Initiator=wso2.system.user Action=Get-User-Claim-Values Target=admin Data={"Claims":{},"Profile":"default"} Outcome=Success
TID: [-1234] [2020-02-27 01:41:42,131]  INFO {AUDIT_LOG} - 'admin@carbon.super [-1234]' logged in at [2020-02-27 01:41:42,130-0500]
TID: [-1234] [2020-02-27 01:41:42,141]  INFO {AUDIT_LOG} - Initiator=wso2.system.user Action=Get-User-Claim-Values Target=admin Data={"Claims":{},"Profile":"default"} Outcome=Success
TID: [-1234] [2020-02-27 01:41:42,145]  INFO {AUDIT_LOG} - 'admin@carbon.super [-1234]' logged in at [2020-02-27 01:41:42,144-0500]
TID: [-1234] [2020-02-27 01:41:42,156]  INFO {AUDIT_LOG} - Initiator=wso2.system.user Action=Get-User-Claim-Values Target=admin Data={"Claims":{},"Profile":"default"} Outcome=Success
TID: [-1234] [2020-02-27 01:41:42,159]  INFO {AUDIT_LOG} - 'admin@carbon.super [-1234]' logged in at [2020-02-27 01:41:42,158-0500]
TID: [-1234] [2020-02-27 01:42:29,239]  INFO {AUDIT_LOG} - Initiator=wso2.system.user Action=Get-User-Claim-Values Target=admin Data={"Claims":{},"Profile":"default"} Outcome=Success
TID: [-1234] [2020-02-27 01:42:29,252]  INFO {AUDIT_LOG} - 'admin@carbon.super [-1234]' logged in at [2020-02-27 01:42:29,243-0500]
TID: [-1234] [2020-02-27 01:42:29,710]  INFO {AUDIT_LOG} - {"performedBy":"admin","action":"updated","typ":"API","info":"{\"provider\":\"admin\",\"name\":\"Security_Port_82\",\"context\":\"\\\/api\\\/security\\\/v1.0\",\"version\":\"v1.0\"}"}
TID: [-1234] [2020-02-27 01:42:29,789]  INFO {AUDIT_LOG} - Initiator=wso2.system.user Action=Get-User-Claim-Values Target=admin Data={"Claims":{},"Profile":"default"} Outcome=Success
TID: [-1234] [2020-02-27 01:42:29,793]  INFO {AUDIT_LOG} - 'admin@carbon.super [-1234]' logged in at [2020-02-27 01:42:29,791-0500]
TID: [-1234] [2020-02-27 01:42:29,904]  INFO {AUDIT_LOG} - Initiator=wso2.system.user Action=Get-User-Claim-Values Target=admin Data={"Claims":{},"Profile":"default"} Outcome=Success
TID: [-1234] [2020-02-27 01:42:29,908]  INFO {AUDIT_LOG} - 'admin@carbon.super [-1234]' logged in at [2020-02-27 01:42:29,907-0500]
TID: [-1234] [2020-02-27 01:42:30,078]  INFO {AUDIT_LOG} - Initiator=wso2.system.user Action=Get-User-Claim-Values Target=admin Data={"Claims":{},"Profile":"default"} Outcome=Success
TID: [-1234] [2020-02-27 01:42:30,082]  INFO {AUDIT_LOG} - 'admin@carbon.super [-1234]' logged in at [2020-02-27 01:42:30,080-0500]
TID: [-1234] [2020-02-27 01:42:30,686]  INFO {AUDIT_LOG} - Initiator=wso2.system.user Action=Get-User-Claim-Values Target=admin Data={"Claims":{},"Profile":"default"} Outcome=Success
TID: [-1234] [2020-02-27 01:42:30,691]  INFO {AUDIT_LOG} - 'admin@carbon.super [-1234]' logged in at [2020-02-27 01:42:30,689-0500]
TID: [-1234] [2020-02-27 01:42:32,082]  INFO {AUDIT_LOG} - Initiator=wso2.system.user Action=Get-User-Claim-Values Target=admin Data={"Claims":{},"Profile":"default"} Outcome=Success
TID: [-1234] [2020-02-27 01:42:32,087]  INFO {AUDIT_LOG} - 'admin@carbon.super [-1234]' logged in at [2020-02-27 01:42:32,086-0500]
TID: [-1234] [2020-02-27 01:42:32,101]  INFO {AUDIT_LOG} - Initiator=wso2.system.user Action=Get-User-Claim-Values Target=admin Data={"Claims":{},"Profile":"default"} Outcome=Success
TID: [-1234] [2020-02-27 01:42:32,105]  INFO {AUDIT_LOG} - 'admin@carbon.super [-1234]' logged in at [2020-02-27 01:42:32,104-0500]
TID: [-1234] [2020-02-27 02:53:08,910]  INFO {AUDIT_LOG} - Initiator=wso2.system.user Action=Get-Roles-of-User Target=admin Data={"Filter":"*","Roles":["Internal/subscriber","Application/admin_admin_publisher","Application/admin_rest_api_import_export","Internal/creator","Application/admin_admin_store","Internal/publisher","Application/admin_rest_api_store","Internal/everyone","Application/admin_georeferencia_PRODUCTION","admin","Internal/analytics"]} Outcome=Success
TID: [-1234] [2020-02-27 02:53:08,912]  INFO {AUDIT_LOG} - Initiator=wso2.system.user Action=Get-User-Claim-Values Target=admin Data={"Claims":{"http://wso2.org/claims/username":"admin","http://wso2.org/claims/role":"Internal/subscriber,Application/admin_admin_publisher,Application/admin_rest_api_import_export,Internal/creator,Application/admin_admin_store,Internal/publisher,Application/admin_rest_api_store,Internal/everyone,Application/admin_georeferencia_PRODUCTION,admin,Internal/analytics"}} Outcome=Success
TID: [-1234] [2020-02-27 02:53:09,058]  INFO {AUDIT_LOG} - Initiator : admin | Action : Login | Target : ApplicationAuthenticationFramework | Data : { "ContextIdentifier" : "a1d375d4-2895-4e84-a419-119284581926","AuthenticatedUser" : "admin","AuthenticatedUserTenantDomain" : "carbon.super","ServiceProviderName" : "admin_admin_publisher","RequestType" : "oidc","RelyingParty" : "9s4I5cIx9bv9VxHogQbG3ij8Pe0a","AuthenticatedIdPs" : "eyJ0eXAiOiJKV1QiLCAiYWxnIjoiSFMyNTYifQ==.eyJpc3MiOiJ3c28yIiwiZXhwIjoxNTgyNzg5OTg4ODk2MzAwMCwiaWF0IjoxNTgyNzg5OTg4ODk2LCJpZHBzIjpbeyJpZHAiOiJMT0NBTCIsImF1dGhlbnRpY2F0b3IiOiJCYXNpY0F1dGhlbnRpY2F0b3IifV19.GHKEzGqlrd9c36afT7dK4Yjb06w=" } | Result : Success 
TID: [-1234] [2020-02-27 02:53:11,435]  INFO {AUDIT_LOG} - Initiator=wso2.system.user Action=Get-User-Claim-Values Target=admin Data={"Claims":{},"Profile":"default"} Outcome=Success
TID: [-1234] [2020-02-27 10:19:45,548]  INFO {AUDIT_LOG} - Initiator=wso2.system.user Action=Get-Roles-of-User Target=admin Data={"Filter":"*","Roles":["Internal/subscriber","Application/admin_admin_publisher","Application/admin_rest_api_import_export","Internal/creator","Application/admin_admin_store","Internal/publisher","Application/admin_rest_api_store","Internal/everyone","Application/admin_georeferencia_PRODUCTION","admin","Internal/analytics"]} Outcome=Success
TID: [-1234] [2020-02-27 10:19:45,548]  INFO {AUDIT_LOG} - Initiator=wso2.system.user Action=Get-User-Claim-Values Target=admin Data={"Claims":{"http://wso2.org/claims/username":"admin","http://wso2.org/claims/role":"Internal/subscriber,Application/admin_admin_publisher,Application/admin_rest_api_import_export,Internal/creator,Application/admin_admin_store,Internal/publisher,Application/admin_rest_api_store,Internal/everyone,Application/admin_georeferencia_PRODUCTION,admin,Internal/analytics"}} Outcome=Success
TID: [-1234] [2020-02-27 10:19:45,570]  INFO {AUDIT_LOG} - Initiator : admin | Action : Login | Target : ApplicationAuthenticationFramework | Data : { "ContextIdentifier" : "34f3ab17-87d9-4618-8a62-c9864c361b17","AuthenticatedUser" : "admin","AuthenticatedUserTenantDomain" : "carbon.super","ServiceProviderName" : "admin_admin_publisher","RequestType" : "oidc","RelyingParty" : "9s4I5cIx9bv9VxHogQbG3ij8Pe0a","AuthenticatedIdPs" : "eyJ0eXAiOiJKV1QiLCAiYWxnIjoiSFMyNTYifQ==.eyJpc3MiOiJ3c28yIiwiZXhwIjoxNTgyODE2Nzg1NTQzMzAwMCwiaWF0IjoxNTgyODE2Nzg1NTQzLCJpZHBzIjpbeyJpZHAiOiJMT0NBTCIsImF1dGhlbnRpY2F0b3IiOiJCYXNpY0F1dGhlbnRpY2F0b3IifV19.74XOCP6Fi6ydmD8gTvYkJFEWWbs=" } | Result : Success 
TID: [-1234] [2020-02-27 10:19:48,549]  INFO {AUDIT_LOG} - Initiator=wso2.system.user Action=Get-User-Claim-Values Target=admin Data={"Claims":{},"Profile":"default"} Outcome=Success
TID: [-1234] [2020-02-27 20:54:57,392]  INFO {AUDIT_LOG} - Initiator=wso2.system.user Action=Get-Roles-of-User Target=admin Data={"Filter":"*","Roles":["Internal/subscriber","Application/admin_admin_publisher","Application/admin_rest_api_import_export","Internal/creator","Application/admin_admin_store","Internal/publisher","Application/admin_rest_api_store","Internal/everyone","Application/admin_georeferencia_PRODUCTION","admin","Internal/analytics"]} Outcome=Success
TID: [-1234] [2020-02-27 21:01:19,607]  INFO {AUDIT_LOG} - Initiator=wso2.system.user Action=Get-User-Claim-Values Target=admin Data={"Claims":{},"Profile":"default"} Outcome=Success
TID: [-1234] [2020-02-27 21:05:10,884]  INFO {AUDIT_LOG} - Initiator=wso2.system.user Action=Get-User-Claim-Values Target=admin Data={"Claims":{},"Profile":"default"} Outcome=Success
TID: [-1234] [2020-02-27 21:05:25,226]  INFO {AUDIT_LOG} - Initiator=wso2.system.user Action=Get-User-Claim-Values Target=admin Data={"Claims":{},"Profile":"default"} Outcome=Success
TID: [-1234] [2020-02-27 21:05:25,228]  INFO {AUDIT_LOG} - Initiator=wso2.system.user Action=Get-User-Claim-Values Target=admin Data={"Claims":{},"Profile":"default"} Outcome=Success
TID: [-1234] [2020-02-27 21:05:30,181]  INFO {AUDIT_LOG} - Initiator=wso2.system.user Action=Get-User-Claim-Values Target=admin Data={"Claims":{},"Profile":"default"} Outcome=Success
TID: [-1234] [2020-02-27 21:05:30,190]  INFO {AUDIT_LOG} - Initiator=wso2.system.user Action=Get-User-Claim-Values Target=admin Data={"Claims":{},"Profile":"default"} Outcome=Success
TID: [-1234] [2020-02-27 21:05:31,872]  INFO {AUDIT_LOG} - Initiator=wso2.system.user Action=Get-Roles-of-User Target=admin Data={"Filter":"*","Roles":["Internal/subscriber","Application/admin_admin_publisher","Application/admin_rest_api_import_export","Internal/creator","Application/admin_admin_store","Internal/publisher","Application/admin_rest_api_store","Internal/everyone","Application/admin_georeferencia_PRODUCTION","admin","Internal/analytics"]} Outcome=Success
TID: [-1234] [2020-02-27 21:09:10,804]  INFO {AUDIT_LOG} - Initiator=wso2.system.user Action=Get-User-Claim-Values Target=admin Data={"Claims":{"http://wso2.org/claims/username":"admin","http://wso2.org/claims/role":"Internal/subscriber,Application/admin_admin_publisher,Application/admin_rest_api_import_export,Internal/creator,Application/admin_admin_store,Internal/publisher,Application/admin_rest_api_store,Internal/everyone,Application/admin_georeferencia_PRODUCTION,admin,Internal/analytics"}} Outcome=Success
TID: [-1234] [2020-02-27 21:09:11,277]  INFO {AUDIT_LOG} - Initiator : admin | Action : Login | Target : ApplicationAuthenticationFramework | Data : { "ContextIdentifier" : "3aafeb22-a6dd-402e-8e35-4c1c56555b24","AuthenticatedUser" : "admin","AuthenticatedUserTenantDomain" : "carbon.super","ServiceProviderName" : "admin_admin_publisher","RequestType" : "oidc","RelyingParty" : "9s4I5cIx9bv9VxHogQbG3ij8Pe0a","AuthenticatedIdPs" : "eyJ0eXAiOiJKV1QiLCAiYWxnIjoiSFMyNTYifQ==.eyJpc3MiOiJ3c28yIiwiZXhwIjoxNTgyODU1NzUwNzgxMzAwMCwiaWF0IjoxNTgyODU1NzUwNzgxLCJpZHBzIjpbeyJpZHAiOiJMT0NBTCIsImF1dGhlbnRpY2F0b3IiOiJCYXNpY0F1dGhlbnRpY2F0b3IifV19.ylnzgvBLlKIrfe+9SZbhrCipJI4=" } | Result : Success 
TID: [-1234] [2020-02-27 21:09:14,434]  INFO {AUDIT_LOG} - Initiator=wso2.system.user Action=Get-User-Claim-Values Target=admin Data={"Claims":{},"Profile":"default"} Outcome=Success
TID: [-1234] [2020-02-27 23:04:46,179]  INFO {AUDIT_LOG} - Initiator=wso2.system.user Action=Get-Roles-of-User Target=admin Data={"Filter":"*","Roles":["Internal/subscriber","Application/admin_admin_publisher","Application/admin_rest_api_import_export","Internal/creator","Application/admin_admin_store","Internal/publisher","Application/admin_rest_api_store","Internal/everyone","Application/admin_georeferencia_PRODUCTION","admin","Internal/analytics"]} Outcome=Success
TID: [-1234] [2020-02-27 23:04:46,181]  INFO {AUDIT_LOG} - Initiator=wso2.system.user Action=Get-User-Claim-Values Target=admin Data={"Claims":{"http://wso2.org/claims/username":"admin","http://wso2.org/claims/role":"Internal/subscriber,Application/admin_admin_publisher,Application/admin_rest_api_import_export,Internal/creator,Application/admin_admin_store,Internal/publisher,Application/admin_rest_api_store,Internal/everyone,Application/admin_georeferencia_PRODUCTION,admin,Internal/analytics"}} Outcome=Success
TID: [-1234] [2020-02-27 23:04:46,211]  INFO {AUDIT_LOG} - Initiator : admin | Action : Login | Target : ApplicationAuthenticationFramework | Data : { "ContextIdentifier" : "be45411b-ee95-4e08-8449-a64cf61eeece","AuthenticatedUser" : "admin","AuthenticatedUserTenantDomain" : "carbon.super","ServiceProviderName" : "admin_admin_publisher","RequestType" : "oidc","RelyingParty" : "9s4I5cIx9bv9VxHogQbG3ij8Pe0a","AuthenticatedIdPs" : "eyJ0eXAiOiJKV1QiLCAiYWxnIjoiSFMyNTYifQ==.eyJpc3MiOiJ3c28yIiwiZXhwIjoxNTgyODYyNjg2MTU0MzAwMCwiaWF0IjoxNTgyODYyNjg2MTU0LCJpZHBzIjpbeyJpZHAiOiJMT0NBTCIsImF1dGhlbnRpY2F0b3IiOiJCYXNpY0F1dGhlbnRpY2F0b3IifV19.3rPKWIMscp1V6HdZfm+JLXGlQa4=" } | Result : Success 
TID: [-1234] [2020-02-27 23:04:47,901]  INFO {AUDIT_LOG} - Initiator=wso2.system.user Action=Get-User-Claim-Values Target=admin Data={"Claims":{},"Profile":"default"} Outcome=Success
