TID: [-1234] [2020-02-24 14:42:22,608]  INFO {AUDIT_LOG} - Initiator=wso2.system.user Action=Get-User-Claim-Values Target=admin Data={"Claims":{},"Profile":"default"} Outcome=Success
TID: [-1234] [2020-02-24 14:44:32,319]  INFO {AUDIT_LOG} - Initiator=wso2.system.user Action=Get-User-Claim-Values Target=admin Data={"Claims":{},"Profile":"default"} Outcome=Success
TID: [-1234] [2020-02-24 14:44:44,601]  INFO {AUDIT_LOG} - Initiator=wso2.system.user Action=Get-User-Claim-Values Target=admin Data={"Claims":{},"Profile":"default"} Outcome=Success
TID: [-1234] [2020-02-24 14:44:44,617]  INFO {AUDIT_LOG} - Initiator=wso2.system.user Action=Get-User-Claim-Values Target=admin Data={"Claims":{},"Profile":"default"} Outcome=Success
TID: [-1234] [2020-02-24 14:44:49,428]  INFO {AUDIT_LOG} - Initiator=wso2.system.user Action=Get-User-Claim-Values Target=admin Data={"Claims":{},"Profile":"default"} Outcome=Success
TID: [-1234] [2020-02-24 14:44:49,429]  INFO {AUDIT_LOG} - Initiator=wso2.system.user Action=Get-User-Claim-Values Target=admin Data={"Claims":{},"Profile":"default"} Outcome=Success
TID: [-1234] [2020-02-24 14:44:49,646]  INFO {AUDIT_LOG} - Initiator=wso2.system.user Action=Get-Roles-of-User Target=admin Data={"Filter":"*","Roles":["Internal/subscriber","Application/admin_admin_publisher","Application/admin_rest_api_import_export","Internal/creator","Application/admin_admin_store","Internal/publisher","Application/admin_rest_api_store","Internal/everyone","Application/admin_georeferencia_PRODUCTION","admin","Internal/analytics"]} Outcome=Success
TID: [-1234] [2020-02-24 14:44:59,132]  INFO {AUDIT_LOG} - Initiator=wso2.system.user Action=Get-User-Claim-Values Target=admin Data={"Claims":{},"Profile":"default"} Outcome=Success
TID: [-1234] [2020-02-24 14:44:59,144]  INFO {AUDIT_LOG} - Initiator=wso2.system.user Action=Get-User-Claim-Values Target=admin Data={"Claims":{},"Profile":"default"} Outcome=Success
TID: [-1234] [2020-02-24 14:44:59,156]  INFO {AUDIT_LOG} - Initiator=wso2.system.user Action=Get-User-Claim-Values Target=admin Data={"Claims":{},"Profile":"default"} Outcome=Success
TID: [-1234] [2020-02-24 14:46:09,183]  INFO {AUDIT_LOG} - Initiator=wso2.system.user Action=Get-User-Claim-Values Target=admin Data={"Claims":{"http://wso2.org/claims/username":"admin","http://wso2.org/claims/role":"Internal/subscriber,Application/admin_admin_publisher,Application/admin_rest_api_import_export,Internal/creator,Application/admin_admin_store,Internal/publisher,Application/admin_rest_api_store,Internal/everyone,Application/admin_georeferencia_PRODUCTION,admin,Internal/analytics"}} Outcome=Success
TID: [-1234] [2020-02-24 14:46:09,725]  INFO {AUDIT_LOG} - Initiator : admin | Action : Login | Target : ApplicationAuthenticationFramework | Data : { "ContextIdentifier" : "43c0d4ed-646a-413a-ac98-b6b33c487be9","AuthenticatedUser" : "admin","AuthenticatedUserTenantDomain" : "carbon.super","ServiceProviderName" : "admin_admin_publisher","RequestType" : "oidc","RelyingParty" : "9s4I5cIx9bv9VxHogQbG3ij8Pe0a","AuthenticatedIdPs" : "eyJ0eXAiOiJKV1QiLCAiYWxnIjoiSFMyNTYifQ==.eyJpc3MiOiJ3c28yIiwiZXhwIjoxNTgyNTczNTY5MTcyMzAwMCwiaWF0IjoxNTgyNTczNTY5MTcyLCJpZHBzIjpbeyJpZHAiOiJMT0NBTCIsImF1dGhlbnRpY2F0b3IiOiJCYXNpY0F1dGhlbnRpY2F0b3IifV19.iJej3GxvldcU1VZ/6hBpvf6NSnI=" } | Result : Success 
TID: [-1234] [2020-02-24 14:46:13,374]  INFO {AUDIT_LOG} - Initiator=wso2.system.user Action=Get-User-Claim-Values Target=admin Data={"Claims":{},"Profile":"default"} Outcome=Success
TID: [-1234] [2020-02-24 14:50:47,779]  INFO {AUDIT_LOG} - Initiator=wso2.system.user Action=Get-User-Claim-Values Target=admin Data={"Claims":{},"Profile":"default"} Outcome=Success
TID: [-1234] [2020-02-24 14:52:46,653]  INFO {AUDIT_LOG} - Initiator=wso2.system.user Action=Get-User-Claim-Values Target=admin Data={"Claims":{},"Profile":"default"} Outcome=Success
TID: [-1234] [2020-02-24 14:52:56,487]  INFO {AUDIT_LOG} - Initiator=wso2.system.user Action=Get-User-Claim-Values Target=admin Data={"Claims":{},"Profile":"default"} Outcome=Success
TID: [-1234] [2020-02-24 14:52:56,487]  INFO {AUDIT_LOG} - Initiator=wso2.system.user Action=Get-User-Claim-Values Target=admin Data={"Claims":{},"Profile":"default"} Outcome=Success
TID: [-1234] [2020-02-24 14:53:01,282]  INFO {AUDIT_LOG} - Initiator=wso2.system.user Action=Get-User-Claim-Values Target=admin Data={"Claims":{},"Profile":"default"} Outcome=Success
TID: [-1234] [2020-02-24 14:53:01,304]  INFO {AUDIT_LOG} - Initiator=wso2.system.user Action=Get-User-Claim-Values Target=admin Data={"Claims":{},"Profile":"default"} Outcome=Success
TID: [-1234] [2020-02-24 14:53:01,510]  INFO {AUDIT_LOG} - Initiator=wso2.system.user Action=Get-Roles-of-User Target=admin Data={"Filter":"*","Roles":["Internal/subscriber","Application/admin_admin_publisher","Application/admin_rest_api_import_export","Internal/creator","Application/admin_admin_store","Internal/publisher","Application/admin_rest_api_store","Internal/everyone","Application/admin_georeferencia_PRODUCTION","admin","Internal/analytics"]} Outcome=Success
TID: [-1234] [2020-02-24 14:53:11,160]  INFO {AUDIT_LOG} - Initiator=wso2.system.user Action=Get-User-Claim-Values Target=admin Data={"Claims":{},"Profile":"default"} Outcome=Success
TID: [-1234] [2020-02-24 14:53:11,168]  INFO {AUDIT_LOG} - Initiator=wso2.system.user Action=Get-User-Claim-Values Target=admin Data={"Claims":{},"Profile":"default"} Outcome=Success
TID: [-1234] [2020-02-24 14:53:11,186]  INFO {AUDIT_LOG} - Initiator=wso2.system.user Action=Get-User-Claim-Values Target=admin Data={"Claims":{},"Profile":"default"} Outcome=Success
TID: [-1234] [2020-02-24 15:06:16,337]  INFO {AUDIT_LOG} - Initiator : admin | Action : Logout | Target : null | Data : { "ContextIdentifier" : "1a26284c-a192-4483-b1cf-8593aa630cb3","LoggedOutUser" : "admin","LoggedOutUserTenantDomain" : "carbon.super","ServiceProviderName" : "admin_admin_publisher","RequestType" : "oidc","RelyingParty" : "9s4I5cIx9bv9VxHogQbG3ij8Pe0a","AuthenticatedIdPs" : "eyJ0eXAiOiJKV1QiLCAiYWxnIjoiSFMyNTYifQ==.eyJpc3MiOiJ3c28yIiwiZXhwIjoxNTgyNTczNTY5MTcyMzAwMCwiaWF0IjoxNTgyNTczNTY5MTcyLCJpZHBzIjpbeyJpZHAiOiJMT0NBTCIsImF1dGhlbnRpY2F0b3IiOiJCYXNpY0F1dGhlbnRpY2F0b3IifV19.iJej3GxvldcU1VZ/6hBpvf6NSnI=" } | Result : Success 
TID: [-1234] [2020-02-24 15:06:32,115]  INFO {AUDIT_LOG} - Initiator=wso2.system.user Action=Get-User-Claim-Values Target=admin Data={"Claims":{},"Profile":"default"} Outcome=Success
TID: [-1234] [2020-02-24 15:06:32,130]  INFO {AUDIT_LOG} - Initiator : admin | Action : LoginStepSuccess | Target : ApplicationAuthenticationFramework | Data : { "ContextIdentifier" : "c2c98d4e-549f-4acc-91df-8f4982d5f549","AuthenticatedUser" : "admin","AuthenticatedUserTenantDomain" : "carbon.super","ServiceProviderName" : "admin_admin_publisher","RequestType" : "oidc","RelyingParty" : "9s4I5cIx9bv9VxHogQbG3ij8Pe0a","AuthenticatedIdP" : "LOCAL" } | Result : Success 
TID: [-1234] [2020-02-24 15:06:32,146]  INFO {AUDIT_LOG} - Initiator=wso2.system.user Action=Get-User-Claim-Values Target=admin Data={"Claims":{"http://wso2.org/claims/username":"admin","http://wso2.org/claims/role":"Internal/subscriber,Application/admin_admin_publisher,Application/admin_rest_api_import_export,Internal/creator,Application/admin_admin_store,Internal/publisher,Application/admin_rest_api_store,Internal/everyone,Application/admin_georeferencia_PRODUCTION,admin,Internal/analytics"}} Outcome=Success
TID: [-1234] [2020-02-24 15:06:32,232]  INFO {AUDIT_LOG} - Initiator : admin | Action : Login | Target : ApplicationAuthenticationFramework | Data : { "ContextIdentifier" : "c2c98d4e-549f-4acc-91df-8f4982d5f549","AuthenticatedUser" : "admin","AuthenticatedUserTenantDomain" : "carbon.super","ServiceProviderName" : "admin_admin_publisher","RequestType" : "oidc","RelyingParty" : "9s4I5cIx9bv9VxHogQbG3ij8Pe0a","AuthenticatedIdPs" : "eyJ0eXAiOiJKV1QiLCAiYWxnIjoiSFMyNTYifQ==.eyJpc3MiOiJ3c28yIiwiZXhwIjoxNTgyNTc0NzkyMTM4MzAwMCwiaWF0IjoxNTgyNTc0NzkyMTM4LCJpZHBzIjpbeyJpZHAiOiJMT0NBTCIsImF1dGhlbnRpY2F0b3IiOiJCYXNpY0F1dGhlbnRpY2F0b3IifV19.72p1J2eqoRXjN91aFswUFK+fHgU=" } | Result : Success 
TID: [-1234] [2020-02-24 15:06:35,533]  INFO {AUDIT_LOG} - Initiator=wso2.system.user Action=Get-User-Claim-Values Target=admin Data={"Claims":{},"Profile":"default"} Outcome=Success
TID: [-1234] [2020-02-24 15:14:24,961]  INFO {AUDIT_LOG} - Initiator=admin@carbon.super Action=Get-Roles-of-User Target=admin Data={"Filter":"*","Roles":["Internal/subscriber","Application/admin_admin_publisher","Application/admin_rest_api_import_export","Internal/creator","Application/admin_admin_store","Internal/publisher","Application/admin_rest_api_store","Internal/everyone","Application/admin_georeferencia_PRODUCTION","admin","Internal/analytics"]} Outcome=Success
TID: [-1234] [2020-02-24 20:59:00,237]  INFO {AUDIT_LOG} - Initiator=wso2.system.user Action=Get-User-Claim-Values Target=admin Data={"Claims":{},"Profile":"default"} Outcome=Success
TID: [-1234] [2020-02-24 21:02:58,345]  INFO {AUDIT_LOG} - Initiator=wso2.system.user Action=Get-User-Claim-Values Target=admin Data={"Claims":{},"Profile":"default"} Outcome=Success
TID: [-1234] [2020-02-24 21:03:12,246]  INFO {AUDIT_LOG} - Initiator=wso2.system.user Action=Get-User-Claim-Values Target=admin Data={"Claims":{},"Profile":"default"} Outcome=Success
TID: [-1234] [2020-02-24 21:03:12,248]  INFO {AUDIT_LOG} - Initiator=wso2.system.user Action=Get-User-Claim-Values Target=admin Data={"Claims":{},"Profile":"default"} Outcome=Success
TID: [-1234] [2020-02-24 21:03:17,340]  INFO {AUDIT_LOG} - Initiator=wso2.system.user Action=Get-User-Claim-Values Target=admin Data={"Claims":{},"Profile":"default"} Outcome=Success
TID: [-1234] [2020-02-24 21:03:17,340]  INFO {AUDIT_LOG} - Initiator=wso2.system.user Action=Get-User-Claim-Values Target=admin Data={"Claims":{},"Profile":"default"} Outcome=Success
TID: [-1234] [2020-02-24 21:03:17,860]  INFO {AUDIT_LOG} - Initiator=wso2.system.user Action=Get-Roles-of-User Target=admin Data={"Filter":"*","Roles":["Internal/subscriber","Application/admin_admin_publisher","Application/admin_rest_api_import_export","Internal/creator","Application/admin_admin_store","Internal/publisher","Application/admin_rest_api_store","Internal/everyone","Application/admin_georeferencia_PRODUCTION","admin","Internal/analytics"]} Outcome=Success
TID: [-1234] [2020-02-24 21:03:19,509]  INFO {AUDIT_LOG} - Initiator=wso2.system.user Action=Get-User-Claim-Values Target=admin Data={"Claims":{},"Profile":"default"} Outcome=Success
TID: [-1234] [2020-02-24 21:03:19,511]  INFO {AUDIT_LOG} - Initiator=wso2.system.user Action=Get-User-Claim-Values Target=admin Data={"Claims":{},"Profile":"default"} Outcome=Success
TID: [-1234] [2020-02-24 21:03:19,520]  INFO {AUDIT_LOG} - Initiator=wso2.system.user Action=Get-User-Claim-Values Target=admin Data={"Claims":{},"Profile":"default"} Outcome=Success
TID: [-1234] [2020-02-24 21:12:04,876]  INFO {AUDIT_LOG} - Initiator=wso2.system.user Action=Get-User-Claim-Values Target=admin Data={"Claims":{"http://wso2.org/claims/username":"admin","http://wso2.org/claims/role":"Internal/subscriber,Application/admin_admin_publisher,Application/admin_rest_api_import_export,Internal/creator,Application/admin_admin_store,Internal/publisher,Application/admin_rest_api_store,Internal/everyone,Application/admin_georeferencia_PRODUCTION,admin,Internal/analytics"}} Outcome=Success
TID: [-1234] [2020-02-24 21:12:05,259]  INFO {AUDIT_LOG} - Initiator : admin | Action : Login | Target : ApplicationAuthenticationFramework | Data : { "ContextIdentifier" : "b44236b2-dc24-4ee2-8e15-b9b55ce35354","AuthenticatedUser" : "admin","AuthenticatedUserTenantDomain" : "carbon.super","ServiceProviderName" : "admin_admin_publisher","RequestType" : "oidc","RelyingParty" : "9s4I5cIx9bv9VxHogQbG3ij8Pe0a","AuthenticatedIdPs" : "eyJ0eXAiOiJKV1QiLCAiYWxnIjoiSFMyNTYifQ==.eyJpc3MiOiJ3c28yIiwiZXhwIjoxNTgyNTk2NzI0ODU4MzAwMCwiaWF0IjoxNTgyNTk2NzI0ODU4LCJpZHBzIjpbeyJpZHAiOiJMT0NBTCIsImF1dGhlbnRpY2F0b3IiOiJCYXNpY0F1dGhlbnRpY2F0b3IifV19.6hy/T7+MY3zF4a0Q3onYmmc/NVc=" } | Result : Success 
TID: [-1234] [2020-02-24 21:12:07,670]  INFO {AUDIT_LOG} - Initiator=wso2.system.user Action=Get-User-Claim-Values Target=admin Data={"Claims":{},"Profile":"default"} Outcome=Success
TID: [-1234] [2020-02-24 22:01:12,425]  INFO {AUDIT_LOG} - Initiator=admin@carbon.super Action=Get-Roles-of-User Target=admin Data={"Filter":"*","Roles":["Internal/subscriber","Application/admin_admin_publisher","Application/admin_rest_api_import_export","Internal/creator","Application/admin_admin_store","Internal/publisher","Application/admin_rest_api_store","Internal/everyone","Application/admin_georeferencia_PRODUCTION","admin","Internal/analytics"]} Outcome=Success
TID: [-1234] [2020-02-24 22:06:54,046]  INFO {AUDIT_LOG} - {"performedBy":"admin","action":"created","typ":"API","info":"{\"provider\":\"admin\",\"name\":\"Security_Port_84\",\"context\":\"\\\/api\\\/mapa-digital\\\/v1.0\",\"version\":\"v1.0\"}"}
TID: [-1234] [2020-02-24 22:06:55,689]  INFO {AUDIT_LOG} - Initiator=wso2.system.user Action=Get-User-Claim-Values Target=admin Data={"Claims":{},"Profile":"default"} Outcome=Success
TID: [-1234] [2020-02-24 22:06:55,867]  INFO {AUDIT_LOG} - 'admin@carbon.super [-1234]' logged in at [2020-02-24 22:06:55,776-0500]
TID: [-1234] [2020-02-24 22:06:56,453]  INFO {AUDIT_LOG} - Initiator=wso2.system.user Action=Get-User-Claim-Values Target=admin Data={"Claims":{},"Profile":"default"} Outcome=Success
TID: [-1234] [2020-02-24 22:06:56,457]  INFO {AUDIT_LOG} - 'admin@carbon.super [-1234]' logged in at [2020-02-24 22:06:56,456-0500]
TID: [-1234] [2020-02-24 22:07:00,611]  INFO {AUDIT_LOG} - Initiator=wso2.system.user Action=Get-User-Claim-Values Target=admin Data={"Claims":{},"Profile":"default"} Outcome=Success
TID: [-1234] [2020-02-24 22:07:00,682]  INFO {AUDIT_LOG} - 'admin@carbon.super [-1234]' logged in at [2020-02-24 22:07:00,619-0500]
TID: [-1234] [2020-02-24 22:08:19,155]  INFO {AUDIT_LOG} - Initiator=wso2.system.user Action=Get-User-Claim-Values Target=admin Data={"Claims":{},"Profile":"default"} Outcome=Success
TID: [-1234] [2020-02-24 22:08:19,165]  INFO {AUDIT_LOG} - 'admin@carbon.super [-1234]' logged in at [2020-02-24 22:08:19,162-0500]
TID: [-1234] [2020-02-24 22:08:19,469]  INFO {AUDIT_LOG} - {"performedBy":"admin","action":"updated","typ":"API","info":"{\"provider\":\"admin\",\"name\":\"Security_Port_84\",\"context\":\"\\\/api\\\/mapa-digital\\\/v1.0\",\"version\":\"v1.0\"}"}
TID: [-1234] [2020-02-24 22:08:19,578]  INFO {AUDIT_LOG} - Initiator=wso2.system.user Action=Get-User-Claim-Values Target=admin Data={"Claims":{},"Profile":"default"} Outcome=Success
TID: [-1234] [2020-02-24 22:08:19,588]  INFO {AUDIT_LOG} - 'admin@carbon.super [-1234]' logged in at [2020-02-24 22:08:19,584-0500]
TID: [-1234] [2020-02-24 22:08:19,829]  INFO {AUDIT_LOG} - Initiator=wso2.system.user Action=Get-User-Claim-Values Target=admin Data={"Claims":{},"Profile":"default"} Outcome=Success
TID: [-1234] [2020-02-24 22:08:19,837]  INFO {AUDIT_LOG} - 'admin@carbon.super [-1234]' logged in at [2020-02-24 22:08:19,835-0500]
TID: [-1234] [2020-02-24 22:08:20,117]  INFO {AUDIT_LOG} - Initiator=wso2.system.user Action=Get-User-Claim-Values Target=admin Data={"Claims":{},"Profile":"default"} Outcome=Success
TID: [-1234] [2020-02-24 22:08:20,143]  INFO {AUDIT_LOG} - 'admin@carbon.super [-1234]' logged in at [2020-02-24 22:08:20,128-0500]
TID: [-1234] [2020-02-24 22:08:20,668]  INFO {AUDIT_LOG} - Initiator=wso2.system.user Action=Get-User-Claim-Values Target=admin Data={"Claims":{},"Profile":"default"} Outcome=Success
TID: [-1234] [2020-02-24 22:08:20,684]  INFO {AUDIT_LOG} - 'admin@carbon.super [-1234]' logged in at [2020-02-24 22:08:20,673-0500]
TID: [-1234] [2020-02-24 22:08:20,878]  INFO {AUDIT_LOG} - Initiator=wso2.system.user Action=Get-User-Claim-Values Target=admin Data={"Claims":{},"Profile":"default"} Outcome=Success
TID: [-1234] [2020-02-24 22:08:20,888]  INFO {AUDIT_LOG} - 'admin@carbon.super [-1234]' logged in at [2020-02-24 22:08:20,883-0500]
TID: [-1234] [2020-02-24 22:09:05,835]  INFO {AUDIT_LOG} - Initiator=wso2.system.user Action=Get-User-Claim-Values Target=admin Data={"Claims":{},"Profile":"default"} Outcome=Success
TID: [-1234] [2020-02-24 22:09:05,846]  INFO {AUDIT_LOG} - 'admin@carbon.super [-1234]' logged in at [2020-02-24 22:09:05,841-0500]
TID: [-1234] [2020-02-24 22:09:06,262]  INFO {AUDIT_LOG} - {"performedBy":"admin","action":"updated","typ":"API","info":"{\"provider\":\"admin\",\"name\":\"Security_Port_84\",\"context\":\"\\\/api\\\/mapa-digital\\\/v1.0\",\"version\":\"v1.0\"}"}
TID: [-1234] [2020-02-24 22:09:06,453]  INFO {AUDIT_LOG} - Initiator=wso2.system.user Action=Get-User-Claim-Values Target=admin Data={"Claims":{},"Profile":"default"} Outcome=Success
TID: [-1234] [2020-02-24 22:09:06,462]  INFO {AUDIT_LOG} - 'admin@carbon.super [-1234]' logged in at [2020-02-24 22:09:06,458-0500]
TID: [-1234] [2020-02-24 22:09:06,812]  INFO {AUDIT_LOG} - Initiator=wso2.system.user Action=Get-User-Claim-Values Target=admin Data={"Claims":{},"Profile":"default"} Outcome=Success
TID: [-1234] [2020-02-24 22:09:06,831]  INFO {AUDIT_LOG} - 'admin@carbon.super [-1234]' logged in at [2020-02-24 22:09:06,818-0500]
TID: [-1234] [2020-02-24 22:09:07,046]  INFO {AUDIT_LOG} - Initiator=wso2.system.user Action=Get-User-Claim-Values Target=admin Data={"Claims":{},"Profile":"default"} Outcome=Success
TID: [-1234] [2020-02-24 22:09:07,052]  INFO {AUDIT_LOG} - 'admin@carbon.super [-1234]' logged in at [2020-02-24 22:09:07,050-0500]
TID: [-1234] [2020-02-24 22:09:07,436]  INFO {AUDIT_LOG} - Initiator=wso2.system.user Action=Get-User-Claim-Values Target=admin Data={"Claims":{},"Profile":"default"} Outcome=Success
TID: [-1234] [2020-02-24 22:09:07,453]  INFO {AUDIT_LOG} - 'admin@carbon.super [-1234]' logged in at [2020-02-24 22:09:07,442-0500]
TID: [-1234] [2020-02-24 22:09:07,621]  INFO {AUDIT_LOG} - Initiator=wso2.system.user Action=Get-User-Claim-Values Target=admin Data={"Claims":{},"Profile":"default"} Outcome=Success
TID: [-1234] [2020-02-24 22:09:07,632]  INFO {AUDIT_LOG} - 'admin@carbon.super [-1234]' logged in at [2020-02-24 22:09:07,627-0500]
TID: [-1234] [2020-02-24 22:09:17,158]  INFO {AUDIT_LOG} - Initiator=wso2.system.user Action=Get-User-Claim-Values Target=admin Data={"Claims":{},"Profile":"default"} Outcome=Success
TID: [-1234] [2020-02-24 22:09:17,165]  INFO {AUDIT_LOG} - 'admin@carbon.super [-1234]' logged in at [2020-02-24 22:09:17,163-0500]
TID: [-1234] [2020-02-24 22:09:17,400]  INFO {AUDIT_LOG} - {"performedBy":"admin","action":"updated","typ":"API","info":"{\"provider\":\"admin\",\"name\":\"Security_Port_84\",\"context\":\"\\\/api\\\/mapa-digital\\\/v1.0\",\"version\":\"v1.0\"}"}
TID: [-1234] [2020-02-24 22:09:17,514]  INFO {AUDIT_LOG} - Initiator=wso2.system.user Action=Get-User-Claim-Values Target=admin Data={"Claims":{},"Profile":"default"} Outcome=Success
TID: [-1234] [2020-02-24 22:09:17,624]  INFO {AUDIT_LOG} - 'admin@carbon.super [-1234]' logged in at [2020-02-24 22:09:17,520-0500]
TID: [-1234] [2020-02-24 22:09:17,854]  INFO {AUDIT_LOG} - Initiator=wso2.system.user Action=Get-User-Claim-Values Target=admin Data={"Claims":{},"Profile":"default"} Outcome=Success
TID: [-1234] [2020-02-24 22:09:17,864]  INFO {AUDIT_LOG} - 'admin@carbon.super [-1234]' logged in at [2020-02-24 22:09:17,862-0500]
TID: [-1234] [2020-02-24 22:09:18,081]  INFO {AUDIT_LOG} - Initiator=wso2.system.user Action=Get-User-Claim-Values Target=admin Data={"Claims":{},"Profile":"default"} Outcome=Success
TID: [-1234] [2020-02-24 22:09:18,087]  INFO {AUDIT_LOG} - 'admin@carbon.super [-1234]' logged in at [2020-02-24 22:09:18,085-0500]
TID: [-1234] [2020-02-24 22:09:18,509]  INFO {AUDIT_LOG} - Initiator=wso2.system.user Action=Get-User-Claim-Values Target=admin Data={"Claims":{},"Profile":"default"} Outcome=Success
TID: [-1234] [2020-02-24 22:09:18,514]  INFO {AUDIT_LOG} - 'admin@carbon.super [-1234]' logged in at [2020-02-24 22:09:18,513-0500]
TID: [-1234] [2020-02-24 22:09:18,654]  INFO {AUDIT_LOG} - Initiator=wso2.system.user Action=Get-User-Claim-Values Target=admin Data={"Claims":{},"Profile":"default"} Outcome=Success
TID: [-1234] [2020-02-24 22:09:18,669]  INFO {AUDIT_LOG} - 'admin@carbon.super [-1234]' logged in at [2020-02-24 22:09:18,664-0500]
TID: [-1234] [2020-02-24 22:10:12,312]  INFO {AUDIT_LOG} - Initiator=wso2.system.user Action=Get-User-Claim-Values Target=admin Data={"Claims":{},"Profile":"default"} Outcome=Success
TID: [-1234] [2020-02-24 22:10:12,318]  INFO {AUDIT_LOG} - 'admin@carbon.super [-1234]' logged in at [2020-02-24 22:10:12,316-0500]
TID: [-1234] [2020-02-24 22:10:12,592]  INFO {AUDIT_LOG} - {"performedBy":"admin","action":"updated","typ":"API","info":"{\"provider\":\"admin\",\"name\":\"Security_Port_84\",\"context\":\"\\\/api\\\/mapa-digital\\\/v1.0\",\"version\":\"v1.0\"}"}
TID: [-1234] [2020-02-24 22:10:12,711]  INFO {AUDIT_LOG} - Initiator=wso2.system.user Action=Get-User-Claim-Values Target=admin Data={"Claims":{},"Profile":"default"} Outcome=Success
TID: [-1234] [2020-02-24 22:10:12,717]  INFO {AUDIT_LOG} - 'admin@carbon.super [-1234]' logged in at [2020-02-24 22:10:12,715-0500]
TID: [-1234] [2020-02-24 22:10:12,854]  INFO {AUDIT_LOG} - Initiator=wso2.system.user Action=Get-User-Claim-Values Target=admin Data={"Claims":{},"Profile":"default"} Outcome=Success
TID: [-1234] [2020-02-24 22:10:12,862]  INFO {AUDIT_LOG} - 'admin@carbon.super [-1234]' logged in at [2020-02-24 22:10:12,860-0500]
TID: [-1234] [2020-02-24 22:10:13,135]  INFO {AUDIT_LOG} - Initiator=wso2.system.user Action=Get-User-Claim-Values Target=admin Data={"Claims":{},"Profile":"default"} Outcome=Success
TID: [-1234] [2020-02-24 22:10:13,140]  INFO {AUDIT_LOG} - 'admin@carbon.super [-1234]' logged in at [2020-02-24 22:10:13,139-0500]
TID: [-1234] [2020-02-24 22:10:13,430]  INFO {AUDIT_LOG} - Initiator=wso2.system.user Action=Get-User-Claim-Values Target=admin Data={"Claims":{},"Profile":"default"} Outcome=Success
TID: [-1234] [2020-02-24 22:10:13,439]  INFO {AUDIT_LOG} - 'admin@carbon.super [-1234]' logged in at [2020-02-24 22:10:13,434-0500]
TID: [-1234] [2020-02-24 22:10:13,582]  INFO {AUDIT_LOG} - Initiator=wso2.system.user Action=Get-User-Claim-Values Target=admin Data={"Claims":{},"Profile":"default"} Outcome=Success
TID: [-1234] [2020-02-24 22:10:13,591]  INFO {AUDIT_LOG} - 'admin@carbon.super [-1234]' logged in at [2020-02-24 22:10:13,588-0500]
TID: [-1234] [2020-02-24 22:12:09,790]  INFO {AUDIT_LOG} - Initiator=wso2.system.user Action=Get-User-Claim-Values Target=admin Data={"Claims":{"http://wso2.org/claims/username":"admin","http://wso2.org/claims/role":"Internal/subscriber,Application/admin_admin_publisher,Application/admin_rest_api_import_export,Internal/creator,Application/admin_admin_store,Internal/publisher,Application/admin_rest_api_store,Internal/everyone,Application/admin_georeferencia_PRODUCTION,admin,Internal/analytics"}} Outcome=Success
TID: [-1234] [2020-02-24 22:12:09,886]  INFO {AUDIT_LOG} - Initiator : admin | Action : Login | Target : ApplicationAuthenticationFramework | Data : { "ContextIdentifier" : "23318137-4160-4e14-b35c-96d0aab7a5ed","AuthenticatedUser" : "admin","AuthenticatedUserTenantDomain" : "carbon.super","ServiceProviderName" : "admin_admin_publisher","RequestType" : "oidc","RelyingParty" : "9s4I5cIx9bv9VxHogQbG3ij8Pe0a","AuthenticatedIdPs" : "eyJ0eXAiOiJKV1QiLCAiYWxnIjoiSFMyNTYifQ==.eyJpc3MiOiJ3c28yIiwiZXhwIjoxNTgyNjAwMzI5Nzg0MzAwMCwiaWF0IjoxNTgyNjAwMzI5Nzg0LCJpZHBzIjpbeyJpZHAiOiJMT0NBTCIsImF1dGhlbnRpY2F0b3IiOiJCYXNpY0F1dGhlbnRpY2F0b3IifV19.CDeu0IosxVZ0tohJ5JSR+Kn4tH0=" } | Result : Success 
TID: [-1234] [2020-02-24 22:12:11,517]  INFO {AUDIT_LOG} - Initiator=wso2.system.user Action=Get-User-Claim-Values Target=admin Data={"Claims":{},"Profile":"default"} Outcome=Success
TID: [-1234] [2020-02-24 22:13:00,652]  INFO {AUDIT_LOG} - Initiator=wso2.system.user Action=Get-User-Claim-Values Target=admin Data={"Claims":{},"Profile":"default"} Outcome=Success
TID: [-1234] [2020-02-24 22:13:00,657]  INFO {AUDIT_LOG} - 'admin@carbon.super [-1234]' logged in at [2020-02-24 22:13:00,655-0500]
TID: [-1234] [2020-02-24 22:13:00,995]  INFO {AUDIT_LOG} - {"performedBy":"admin","action":"updated","typ":"API","info":"{\"provider\":\"admin\",\"name\":\"Security_Port_84\",\"context\":\"\\\/api\\\/mapa-digital\\\/v1.0\",\"version\":\"v1.0\"}"}
TID: [-1234] [2020-02-24 22:13:01,116]  INFO {AUDIT_LOG} - Initiator=wso2.system.user Action=Get-User-Claim-Values Target=admin Data={"Claims":{},"Profile":"default"} Outcome=Success
TID: [-1234] [2020-02-24 22:13:01,126]  INFO {AUDIT_LOG} - 'admin@carbon.super [-1234]' logged in at [2020-02-24 22:13:01,123-0500]
TID: [-1234] [2020-02-24 22:13:01,300]  INFO {AUDIT_LOG} - Initiator=wso2.system.user Action=Get-User-Claim-Values Target=admin Data={"Claims":{},"Profile":"default"} Outcome=Success
TID: [-1234] [2020-02-24 22:13:01,308]  INFO {AUDIT_LOG} - 'admin@carbon.super [-1234]' logged in at [2020-02-24 22:13:01,305-0500]
TID: [-1234] [2020-02-24 22:13:01,487]  INFO {AUDIT_LOG} - Initiator=wso2.system.user Action=Get-User-Claim-Values Target=admin Data={"Claims":{},"Profile":"default"} Outcome=Success
TID: [-1234] [2020-02-24 22:13:01,491]  INFO {AUDIT_LOG} - 'admin@carbon.super [-1234]' logged in at [2020-02-24 22:13:01,490-0500]
TID: [-1234] [2020-02-24 22:13:01,904]  INFO {AUDIT_LOG} - Initiator=wso2.system.user Action=Get-User-Claim-Values Target=admin Data={"Claims":{},"Profile":"default"} Outcome=Success
TID: [-1234] [2020-02-24 22:13:01,908]  INFO {AUDIT_LOG} - 'admin@carbon.super [-1234]' logged in at [2020-02-24 22:13:01,906-0500]
TID: [-1234] [2020-02-24 22:13:02,202]  INFO {AUDIT_LOG} - Initiator=wso2.system.user Action=Get-User-Claim-Values Target=admin Data={"Claims":{},"Profile":"default"} Outcome=Success
TID: [-1234] [2020-02-24 22:13:02,218]  INFO {AUDIT_LOG} - 'admin@carbon.super [-1234]' logged in at [2020-02-24 22:13:02,206-0500]
TID: [-1234] [2020-02-24 22:15:45,080]  INFO {AUDIT_LOG} - Initiator=wso2.system.user Action=Get-User-Claim-Values Target=admin Data={"Claims":{},"Profile":"default"} Outcome=Success
TID: [-1234] [2020-02-24 22:15:45,091]  INFO {AUDIT_LOG} - 'admin@carbon.super [-1234]' logged in at [2020-02-24 22:15:45,086-0500]
TID: [-1234] [2020-02-24 22:15:45,385]  INFO {AUDIT_LOG} - {"performedBy":"admin","action":"updated","typ":"API","info":"{\"provider\":\"admin\",\"name\":\"Security_Port_84\",\"context\":\"\\\/api\\\/mapa-digital\\\/v1.0\",\"version\":\"v1.0\"}"}
TID: [-1234] [2020-02-24 22:15:45,487]  INFO {AUDIT_LOG} - Initiator=wso2.system.user Action=Get-User-Claim-Values Target=admin Data={"Claims":{},"Profile":"default"} Outcome=Success
TID: [-1234] [2020-02-24 22:15:45,492]  INFO {AUDIT_LOG} - 'admin@carbon.super [-1234]' logged in at [2020-02-24 22:15:45,491-0500]
TID: [-1234] [2020-02-24 22:15:45,613]  INFO {AUDIT_LOG} - Initiator=wso2.system.user Action=Get-User-Claim-Values Target=admin Data={"Claims":{},"Profile":"default"} Outcome=Success
TID: [-1234] [2020-02-24 22:15:45,619]  INFO {AUDIT_LOG} - 'admin@carbon.super [-1234]' logged in at [2020-02-24 22:15:45,617-0500]
TID: [-1234] [2020-02-24 22:15:45,829]  INFO {AUDIT_LOG} - Initiator=wso2.system.user Action=Get-User-Claim-Values Target=admin Data={"Claims":{},"Profile":"default"} Outcome=Success
TID: [-1234] [2020-02-24 22:15:45,842]  INFO {AUDIT_LOG} - 'admin@carbon.super [-1234]' logged in at [2020-02-24 22:15:45,834-0500]
TID: [-1234] [2020-02-24 22:15:46,464]  INFO {AUDIT_LOG} - Initiator=wso2.system.user Action=Get-User-Claim-Values Target=admin Data={"Claims":{},"Profile":"default"} Outcome=Success
TID: [-1234] [2020-02-24 22:15:46,480]  INFO {AUDIT_LOG} - 'admin@carbon.super [-1234]' logged in at [2020-02-24 22:15:46,469-0500]
TID: [-1234] [2020-02-24 22:15:46,691]  INFO {AUDIT_LOG} - Initiator=wso2.system.user Action=Get-User-Claim-Values Target=admin Data={"Claims":{},"Profile":"default"} Outcome=Success
TID: [-1234] [2020-02-24 22:15:46,738]  INFO {AUDIT_LOG} - 'admin@carbon.super [-1234]' logged in at [2020-02-24 22:15:46,698-0500]
TID: [-1234] [2020-02-24 22:16:17,945]  INFO {AUDIT_LOG} - Initiator=wso2.system.user Action=Get-User-Claim-Values Target=admin Data={"Claims":{},"Profile":"default"} Outcome=Success
TID: [-1234] [2020-02-24 22:16:17,950]  INFO {AUDIT_LOG} - 'admin@carbon.super [-1234]' logged in at [2020-02-24 22:16:17,948-0500]
TID: [-1234] [2020-02-24 22:16:18,209]  INFO {AUDIT_LOG} - {"performedBy":"admin","action":"updated","typ":"API","info":"{\"provider\":\"admin\",\"name\":\"Security_Port_84\",\"context\":\"\\\/api\\\/mapa-digital\\\/v1.0\",\"version\":\"v1.0\"}"}
TID: [-1234] [2020-02-24 22:16:18,350]  INFO {AUDIT_LOG} - Initiator=wso2.system.user Action=Get-User-Claim-Values Target=admin Data={"Claims":{},"Profile":"default"} Outcome=Success
TID: [-1234] [2020-02-24 22:16:18,355]  INFO {AUDIT_LOG} - 'admin@carbon.super [-1234]' logged in at [2020-02-24 22:16:18,354-0500]
TID: [-1234] [2020-02-24 22:16:18,501]  INFO {AUDIT_LOG} - Initiator=wso2.system.user Action=Get-User-Claim-Values Target=admin Data={"Claims":{},"Profile":"default"} Outcome=Success
TID: [-1234] [2020-02-24 22:16:18,507]  INFO {AUDIT_LOG} - 'admin@carbon.super [-1234]' logged in at [2020-02-24 22:16:18,505-0500]
TID: [-1234] [2020-02-24 22:16:18,710]  INFO {AUDIT_LOG} - Initiator=wso2.system.user Action=Get-User-Claim-Values Target=admin Data={"Claims":{},"Profile":"default"} Outcome=Success
TID: [-1234] [2020-02-24 22:16:18,715]  INFO {AUDIT_LOG} - 'admin@carbon.super [-1234]' logged in at [2020-02-24 22:16:18,713-0500]
TID: [-1234] [2020-02-24 22:16:19,261]  INFO {AUDIT_LOG} - Initiator=wso2.system.user Action=Get-User-Claim-Values Target=admin Data={"Claims":{},"Profile":"default"} Outcome=Success
TID: [-1234] [2020-02-24 22:16:19,266]  INFO {AUDIT_LOG} - 'admin@carbon.super [-1234]' logged in at [2020-02-24 22:16:19,265-0500]
TID: [-1234] [2020-02-24 22:16:19,560]  INFO {AUDIT_LOG} - Initiator=wso2.system.user Action=Get-User-Claim-Values Target=admin Data={"Claims":{},"Profile":"default"} Outcome=Success
TID: [-1234] [2020-02-24 22:16:19,571]  INFO {AUDIT_LOG} - 'admin@carbon.super [-1234]' logged in at [2020-02-24 22:16:19,568-0500]
TID: [-1234] [2020-02-24 22:16:37,481]  INFO {AUDIT_LOG} - Initiator=wso2.system.user Action=Get-User-Claim-Values Target=admin Data={"Claims":{},"Profile":"default"} Outcome=Success
TID: [-1234] [2020-02-24 22:16:37,496]  INFO {AUDIT_LOG} - 'admin@carbon.super [-1234]' logged in at [2020-02-24 22:16:37,487-0500]
TID: [-1234] [2020-02-24 22:16:37,717]  INFO {AUDIT_LOG} - {"performedBy":"admin","action":"updated","typ":"API","info":"{\"provider\":\"admin\",\"name\":\"Security_Port_84\",\"context\":\"\\\/api\\\/mapa-digital\\\/v1.0\",\"version\":\"v1.0\"}"}
TID: [-1234] [2020-02-24 22:16:37,861]  INFO {AUDIT_LOG} - Initiator=wso2.system.user Action=Get-User-Claim-Values Target=admin Data={"Claims":{},"Profile":"default"} Outcome=Success
TID: [-1234] [2020-02-24 22:16:37,867]  INFO {AUDIT_LOG} - 'admin@carbon.super [-1234]' logged in at [2020-02-24 22:16:37,865-0500]
TID: [-1234] [2020-02-24 22:16:37,989]  INFO {AUDIT_LOG} - Initiator=wso2.system.user Action=Get-User-Claim-Values Target=admin Data={"Claims":{},"Profile":"default"} Outcome=Success
TID: [-1234] [2020-02-24 22:16:37,997]  INFO {AUDIT_LOG} - 'admin@carbon.super [-1234]' logged in at [2020-02-24 22:16:37,993-0500]
TID: [-1234] [2020-02-24 22:16:38,212]  INFO {AUDIT_LOG} - Initiator=wso2.system.user Action=Get-User-Claim-Values Target=admin Data={"Claims":{},"Profile":"default"} Outcome=Success
TID: [-1234] [2020-02-24 22:16:38,218]  INFO {AUDIT_LOG} - 'admin@carbon.super [-1234]' logged in at [2020-02-24 22:16:38,216-0500]
TID: [-1234] [2020-02-24 22:16:38,510]  INFO {AUDIT_LOG} - Initiator=wso2.system.user Action=Get-User-Claim-Values Target=admin Data={"Claims":{},"Profile":"default"} Outcome=Success
TID: [-1234] [2020-02-24 22:16:38,535]  INFO {AUDIT_LOG} - 'admin@carbon.super [-1234]' logged in at [2020-02-24 22:16:38,517-0500]
TID: [-1234] [2020-02-24 22:16:38,678]  INFO {AUDIT_LOG} - Initiator=wso2.system.user Action=Get-User-Claim-Values Target=admin Data={"Claims":{},"Profile":"default"} Outcome=Success
TID: [-1234] [2020-02-24 22:16:38,701]  INFO {AUDIT_LOG} - 'admin@carbon.super [-1234]' logged in at [2020-02-24 22:16:38,683-0500]
TID: [-1234] [2020-02-24 22:17:01,096]  INFO {AUDIT_LOG} - Initiator=admin@carbon.super Action=Get-Roles-of-User Target=admin Data={"Filter":"*","Roles":["Internal/subscriber","Application/admin_admin_publisher","Application/admin_rest_api_import_export","Internal/creator","Application/admin_admin_store","Internal/publisher","Application/admin_rest_api_store","Internal/everyone","Application/admin_georeferencia_PRODUCTION","admin","Internal/analytics"]} Outcome=Success
TID: [-1234] [2020-02-24 22:17:07,039]  INFO {AUDIT_LOG} - Initiator=wso2.system.user Action=Get-User-Claim-Values Target=admin Data={"Claims":{},"Profile":"default"} Outcome=Success
TID: [-1234] [2020-02-24 22:17:07,048]  INFO {AUDIT_LOG} - 'admin@carbon.super [-1234]' logged in at [2020-02-24 22:17:07,046-0500]
TID: [-1234] [2020-02-24 22:17:07,407]  INFO {AUDIT_LOG} - Initiator=wso2.system.user Action=Get-User-Claim-Values Target=admin Data={"Claims":{},"Profile":"default"} Outcome=Success
TID: [-1234] [2020-02-24 22:17:07,414]  INFO {AUDIT_LOG} - 'admin@carbon.super [-1234]' logged in at [2020-02-24 22:17:07,412-0500]
TID: [-1234] [2020-02-24 22:17:07,497]  INFO {AUDIT_LOG} - {"performedBy":"admin","action":"deleted","typ":"API","info":"{\"provider\":\"admin\",\"name\":\"Security_Port_84\",\"version\":\"v1.0\"}"}
TID: [-1234] [2020-02-24 22:17:56,131]  INFO {AUDIT_LOG} - {"performedBy":"admin","action":"created","typ":"API","info":"{\"provider\":\"admin\",\"name\":\"Mapa-Digital_Port_84\",\"context\":\"\\\/api\\\/mapa-digital\\\/v1.0\",\"version\":\"v1.0\"}"}
TID: [-1234] [2020-02-24 22:19:19,783]  INFO {AUDIT_LOG} - Initiator=wso2.system.user Action=Get-User-Claim-Values Target=admin Data={"Claims":{},"Profile":"default"} Outcome=Success
TID: [-1234] [2020-02-24 22:19:19,800]  INFO {AUDIT_LOG} - 'admin@carbon.super [-1234]' logged in at [2020-02-24 22:19:19,791-0500]
TID: [-1234] [2020-02-24 22:19:20,219]  INFO {AUDIT_LOG} - Initiator=wso2.system.user Action=Get-User-Claim-Values Target=admin Data={"Claims":{},"Profile":"default"} Outcome=Success
TID: [-1234] [2020-02-24 22:19:20,244]  INFO {AUDIT_LOG} - 'admin@carbon.super [-1234]' logged in at [2020-02-24 22:19:20,224-0500]
TID: [-1234] [2020-02-24 22:19:20,273]  INFO {AUDIT_LOG} - {"performedBy":"admin","action":"deleted","typ":"API","info":"{\"provider\":\"admin\",\"name\":\"Mapa-Digital_Port_84\",\"version\":\"v1.0\"}"}
TID: [-1234] [2020-02-24 22:20:15,786]  INFO {AUDIT_LOG} - Initiator : admin | Action : Logout | Target : null | Data : { "ContextIdentifier" : "ac3dc6bb-5f63-46c7-a295-5e6d7a5e4775","LoggedOutUser" : "admin","LoggedOutUserTenantDomain" : "carbon.super","ServiceProviderName" : "admin_admin_publisher","RequestType" : "oidc","RelyingParty" : "9s4I5cIx9bv9VxHogQbG3ij8Pe0a","AuthenticatedIdPs" : "eyJ0eXAiOiJKV1QiLCAiYWxnIjoiSFMyNTYifQ==.eyJpc3MiOiJ3c28yIiwiZXhwIjoxNTgyNjAwMzI5Nzg0MzAwMCwiaWF0IjoxNTgyNjAwMzI5Nzg0LCJpZHBzIjpbeyJpZHAiOiJMT0NBTCIsImF1dGhlbnRpY2F0b3IiOiJCYXNpY0F1dGhlbnRpY2F0b3IifV19.CDeu0IosxVZ0tohJ5JSR+Kn4tH0=" } | Result : Success 
TID: [-1234] [2020-02-24 22:20:37,597]  INFO {AUDIT_LOG} - Initiator=wso2.system.user Action=Get-User-Claim-Values Target=admin Data={"Claims":{},"Profile":"default"} Outcome=Success
TID: [-1234] [2020-02-24 22:20:37,601]  INFO {AUDIT_LOG} - Initiator : admin | Action : LoginStepSuccess | Target : ApplicationAuthenticationFramework | Data : { "ContextIdentifier" : "a832fec6-3365-4816-999b-21d9a5c2bc5a","AuthenticatedUser" : "admin","AuthenticatedUserTenantDomain" : "carbon.super","ServiceProviderName" : "admin_admin_store","RequestType" : "oidc","RelyingParty" : "YV4XNkVcUgH891pFy5E0f3tFuB0a","AuthenticatedIdP" : "LOCAL" } | Result : Success 
TID: [-1234] [2020-02-24 22:20:37,604]  INFO {AUDIT_LOG} - Initiator=wso2.system.user Action=Get-User-Claim-Values Target=admin Data={"Claims":{"http://wso2.org/claims/username":"admin","http://wso2.org/claims/role":"Internal/subscriber,Application/admin_admin_publisher,Application/admin_rest_api_import_export,Internal/creator,Application/admin_admin_store,Internal/publisher,Application/admin_rest_api_store,Internal/everyone,Application/admin_georeferencia_PRODUCTION,admin,Internal/analytics"}} Outcome=Success
TID: [-1234] [2020-02-24 22:20:37,617]  INFO {AUDIT_LOG} - Initiator : admin | Action : Login | Target : ApplicationAuthenticationFramework | Data : { "ContextIdentifier" : "a832fec6-3365-4816-999b-21d9a5c2bc5a","AuthenticatedUser" : "admin","AuthenticatedUserTenantDomain" : "carbon.super","ServiceProviderName" : "admin_admin_store","RequestType" : "oidc","RelyingParty" : "YV4XNkVcUgH891pFy5E0f3tFuB0a","AuthenticatedIdPs" : "eyJ0eXAiOiJKV1QiLCAiYWxnIjoiSFMyNTYifQ==.eyJpc3MiOiJ3c28yIiwiZXhwIjoxNTgyNjAwODM3NjAxMzAwMCwiaWF0IjoxNTgyNjAwODM3NjAxLCJpZHBzIjpbeyJpZHAiOiJMT0NBTCIsImF1dGhlbnRpY2F0b3IiOiJCYXNpY0F1dGhlbnRpY2F0b3IifV19.8pGHFs8JJBh8Wzj2Szd+XosFbGI=" } | Result : Success 
TID: [-1234] [2020-02-24 22:20:42,382]  INFO {AUDIT_LOG} - Initiator=wso2.system.user Action=Get-User-Claim-Values Target=admin Data={"Claims":{},"Profile":"default"} Outcome=Success
TID: [-1234] [2020-02-24 22:20:57,903]  INFO {AUDIT_LOG} - Initiator=wso2.system.user Action=Get-User-Claim-Values Target=admin Data={"Claims":{},"Profile":"default"} Outcome=Success
TID: [-1234] [2020-02-24 22:20:57,913]  INFO {AUDIT_LOG} - Initiator : admin | Action : LoginStepSuccess | Target : ApplicationAuthenticationFramework | Data : { "ContextIdentifier" : "140f67a0-3498-4f7f-ac9f-845843d985c3","AuthenticatedUser" : "admin","AuthenticatedUserTenantDomain" : "carbon.super","ServiceProviderName" : "admin_admin_publisher","RequestType" : "oidc","RelyingParty" : "9s4I5cIx9bv9VxHogQbG3ij8Pe0a","AuthenticatedIdP" : "LOCAL" } | Result : Success 
TID: [-1234] [2020-02-24 22:20:57,928]  INFO {AUDIT_LOG} - Initiator=wso2.system.user Action=Get-User-Claim-Values Target=admin Data={"Claims":{"http://wso2.org/claims/username":"admin","http://wso2.org/claims/role":"Internal/subscriber,Application/admin_admin_publisher,Application/admin_rest_api_import_export,Internal/creator,Application/admin_admin_store,Internal/publisher,Application/admin_rest_api_store,Internal/everyone,Application/admin_georeferencia_PRODUCTION,admin,Internal/analytics"}} Outcome=Success
TID: [-1234] [2020-02-24 22:20:57,948]  INFO {AUDIT_LOG} - Initiator : admin | Action : Login | Target : ApplicationAuthenticationFramework | Data : { "ContextIdentifier" : "140f67a0-3498-4f7f-ac9f-845843d985c3","AuthenticatedUser" : "admin","AuthenticatedUserTenantDomain" : "carbon.super","ServiceProviderName" : "admin_admin_publisher","RequestType" : "oidc","RelyingParty" : "9s4I5cIx9bv9VxHogQbG3ij8Pe0a","AuthenticatedIdPs" : "eyJ0eXAiOiJKV1QiLCAiYWxnIjoiSFMyNTYifQ==.eyJpc3MiOiJ3c28yIiwiZXhwIjoxNTgyNjAwODU3OTIwMzAwMCwiaWF0IjoxNTgyNjAwODU3OTIwLCJpZHBzIjpbeyJpZHAiOiJMT0NBTCIsImF1dGhlbnRpY2F0b3IiOiJCYXNpY0F1dGhlbnRpY2F0b3IifV19.zz8KD56btaH0okkkDIUBX1hTNjY=" } | Result : Success 
TID: [-1234] [2020-02-24 22:21:00,299]  INFO {AUDIT_LOG} - Initiator=wso2.system.user Action=Get-User-Claim-Values Target=admin Data={"Claims":{},"Profile":"default"} Outcome=Success
TID: [-1234] [2020-02-24 22:21:57,165]  INFO {AUDIT_LOG} - {"performedBy":"admin","action":"created","typ":"API","info":"{\"provider\":\"admin\",\"name\":\"Mapa-Digital\",\"context\":\"\\\/api\\\/mapa-digital\\\/v1.0\",\"version\":\"v1.0\"}"}
TID: [-1234] [2020-02-24 22:21:57,497]  INFO {AUDIT_LOG} - Initiator=wso2.system.user Action=Get-User-Claim-Values Target=admin Data={"Claims":{},"Profile":"default"} Outcome=Success
TID: [-1234] [2020-02-24 22:21:57,503]  INFO {AUDIT_LOG} - 'admin@carbon.super [-1234]' logged in at [2020-02-24 22:21:57,501-0500]
TID: [-1234] [2020-02-24 22:21:57,684]  INFO {AUDIT_LOG} - Initiator=wso2.system.user Action=Get-User-Claim-Values Target=admin Data={"Claims":{},"Profile":"default"} Outcome=Success
TID: [-1234] [2020-02-24 22:21:57,691]  INFO {AUDIT_LOG} - 'admin@carbon.super [-1234]' logged in at [2020-02-24 22:21:57,688-0500]
TID: [-1234] [2020-02-24 22:21:58,101]  INFO {AUDIT_LOG} - Initiator=wso2.system.user Action=Get-User-Claim-Values Target=admin Data={"Claims":{},"Profile":"default"} Outcome=Success
TID: [-1234] [2020-02-24 22:21:58,105]  INFO {AUDIT_LOG} - 'admin@carbon.super [-1234]' logged in at [2020-02-24 22:21:58,103-0500]
TID: [-1234] [2020-02-24 22:22:10,377]  INFO {AUDIT_LOG} - Initiator=wso2.system.user Action=Get-User-Claim-Values Target=admin Data={"Claims":{},"Profile":"default"} Outcome=Success
TID: [-1234] [2020-02-24 22:22:10,455]  INFO {AUDIT_LOG} - 'admin@carbon.super [-1234]' logged in at [2020-02-24 22:22:10,385-0500]
TID: [-1234] [2020-02-24 22:22:10,717]  INFO {AUDIT_LOG} - Initiator=wso2.system.user Action=Get-User-Claim-Values Target=admin Data={"Claims":{},"Profile":"default"} Outcome=Success
TID: [-1234] [2020-02-24 22:22:10,722]  INFO {AUDIT_LOG} - 'admin@carbon.super [-1234]' logged in at [2020-02-24 22:22:10,720-0500]
TID: [-1234] [2020-02-24 22:22:10,750]  INFO {AUDIT_LOG} - {"performedBy":"admin","action":"deleted","typ":"API","info":"{\"provider\":\"admin\",\"name\":\"Mapa-Digital\",\"version\":\"v1.0\"}"}
TID: [-1234] [2020-02-24 22:23:11,472]  INFO {AUDIT_LOG} - {"performedBy":"admin","action":"created","typ":"API","info":"{\"provider\":\"admin\",\"name\":\"Mapa-Digital_Port_84\",\"context\":\"\\\/api\\\/mapa-digital\\\/v1.0\",\"version\":\"v1.0\"}"}
TID: [-1234] [2020-02-24 22:23:12,293]  INFO {AUDIT_LOG} - Initiator=wso2.system.user Action=Get-User-Claim-Values Target=admin Data={"Claims":{},"Profile":"default"} Outcome=Success
TID: [-1234] [2020-02-24 22:23:12,530]  INFO {AUDIT_LOG} - 'admin@carbon.super [-1234]' logged in at [2020-02-24 22:23:12,303-0500]
TID: [-1234] [2020-02-24 22:23:13,583]  INFO {AUDIT_LOG} - Initiator=wso2.system.user Action=Get-User-Claim-Values Target=admin Data={"Claims":{},"Profile":"default"} Outcome=Success
TID: [-1234] [2020-02-24 22:23:13,589]  INFO {AUDIT_LOG} - 'admin@carbon.super [-1234]' logged in at [2020-02-24 22:23:13,587-0500]
TID: [-1234] [2020-02-24 22:23:13,952]  INFO {AUDIT_LOG} - Initiator=wso2.system.user Action=Get-User-Claim-Values Target=admin Data={"Claims":{},"Profile":"default"} Outcome=Success
TID: [-1234] [2020-02-24 22:23:13,960]  INFO {AUDIT_LOG} - 'admin@carbon.super [-1234]' logged in at [2020-02-24 22:23:13,956-0500]
TID: [-1234] [2020-02-24 22:23:36,724]  INFO {AUDIT_LOG} - Initiator=wso2.system.user Action=Get-User-Claim-Values Target=admin Data={"Claims":{},"Profile":"default"} Outcome=Success
TID: [-1234] [2020-02-24 22:23:36,766]  INFO {AUDIT_LOG} - 'admin@carbon.super [-1234]' logged in at [2020-02-24 22:23:36,729-0500]
TID: [-1234] [2020-02-24 22:23:36,968]  INFO {AUDIT_LOG} - {"performedBy":"admin","action":"updated","typ":"API","info":"{\"provider\":\"admin\",\"name\":\"Mapa-Digital_Port_84\",\"context\":\"\\\/api\\\/mapa-digital\\\/v1.0\",\"version\":\"v1.0\"}"}
TID: [-1234] [2020-02-24 22:23:37,069]  INFO {AUDIT_LOG} - Initiator=wso2.system.user Action=Get-User-Claim-Values Target=admin Data={"Claims":{},"Profile":"default"} Outcome=Success
TID: [-1234] [2020-02-24 22:23:37,073]  INFO {AUDIT_LOG} - 'admin@carbon.super [-1234]' logged in at [2020-02-24 22:23:37,072-0500]
TID: [-1234] [2020-02-24 22:23:37,237]  INFO {AUDIT_LOG} - Initiator=wso2.system.user Action=Get-User-Claim-Values Target=admin Data={"Claims":{},"Profile":"default"} Outcome=Success
TID: [-1234] [2020-02-24 22:23:37,244]  INFO {AUDIT_LOG} - 'admin@carbon.super [-1234]' logged in at [2020-02-24 22:23:37,242-0500]
TID: [-1234] [2020-02-24 22:23:37,496]  INFO {AUDIT_LOG} - Initiator=wso2.system.user Action=Get-User-Claim-Values Target=admin Data={"Claims":{},"Profile":"default"} Outcome=Success
TID: [-1234] [2020-02-24 22:23:37,504]  INFO {AUDIT_LOG} - 'admin@carbon.super [-1234]' logged in at [2020-02-24 22:23:37,500-0500]
TID: [-1234] [2020-02-24 22:23:37,976]  INFO {AUDIT_LOG} - Initiator=wso2.system.user Action=Get-User-Claim-Values Target=admin Data={"Claims":{},"Profile":"default"} Outcome=Success
TID: [-1234] [2020-02-24 22:23:38,023]  INFO {AUDIT_LOG} - 'admin@carbon.super [-1234]' logged in at [2020-02-24 22:23:37,979-0500]
TID: [-1234] [2020-02-24 22:23:38,306]  INFO {AUDIT_LOG} - Initiator=wso2.system.user Action=Get-User-Claim-Values Target=admin Data={"Claims":{},"Profile":"default"} Outcome=Success
TID: [-1234] [2020-02-24 22:23:38,312]  INFO {AUDIT_LOG} - 'admin@carbon.super [-1234]' logged in at [2020-02-24 22:23:38,310-0500]
TID: [-1234] [2020-02-24 22:23:38,328]  INFO {AUDIT_LOG} - Initiator=wso2.system.user Action=Get-User-Claim-Values Target=admin Data={"Claims":{},"Profile":"default"} Outcome=Success
TID: [-1234] [2020-02-24 22:23:38,339]  INFO {AUDIT_LOG} - 'admin@carbon.super [-1234]' logged in at [2020-02-24 22:23:38,332-0500]
TID: [-1234] [2020-02-24 22:23:38,352]  INFO {AUDIT_LOG} - Initiator=wso2.system.user Action=Get-User-Claim-Values Target=admin Data={"Claims":{},"Profile":"default"} Outcome=Success
TID: [-1234] [2020-02-24 22:23:38,365]  INFO {AUDIT_LOG} - 'admin@carbon.super [-1234]' logged in at [2020-02-24 22:23:38,357-0500]
TID: [-1234] [2020-02-24 22:23:38,380]  INFO {AUDIT_LOG} - Initiator=wso2.system.user Action=Get-User-Claim-Values Target=admin Data={"Claims":{},"Profile":"default"} Outcome=Success
TID: [-1234] [2020-02-24 22:23:38,389]  INFO {AUDIT_LOG} - 'admin@carbon.super [-1234]' logged in at [2020-02-24 22:23:38,383-0500]
TID: [-1234] [2020-02-24 22:23:38,402]  INFO {AUDIT_LOG} - Initiator=wso2.system.user Action=Get-User-Claim-Values Target=admin Data={"Claims":{},"Profile":"default"} Outcome=Success
TID: [-1234] [2020-02-24 22:23:38,408]  INFO {AUDIT_LOG} - 'admin@carbon.super [-1234]' logged in at [2020-02-24 22:23:38,406-0500]
TID: [-1234] [2020-02-24 22:24:39,310]  INFO {AUDIT_LOG} - Initiator=wso2.system.user Action=Get-User-Claim-Values Target=admin Data={"Claims":{},"Profile":"default"} Outcome=Success
TID: [-1234] [2020-02-24 22:24:39,322]  INFO {AUDIT_LOG} - 'admin@carbon.super [-1234]' logged in at [2020-02-24 22:24:39,316-0500]
TID: [-1234] [2020-02-24 22:24:39,553]  INFO {AUDIT_LOG} - {"performedBy":"admin","action":"updated","typ":"API","info":"{\"provider\":\"admin\",\"name\":\"Mapa-Digital_Port_84\",\"context\":\"\\\/api\\\/mapa-digital\\\/v1.0\",\"version\":\"v1.0\"}"}
TID: [-1234] [2020-02-24 22:24:39,668]  INFO {AUDIT_LOG} - Initiator=wso2.system.user Action=Get-User-Claim-Values Target=admin Data={"Claims":{},"Profile":"default"} Outcome=Success
TID: [-1234] [2020-02-24 22:24:39,696]  INFO {AUDIT_LOG} - 'admin@carbon.super [-1234]' logged in at [2020-02-24 22:24:39,672-0500]
TID: [-1234] [2020-02-24 22:24:39,883]  INFO {AUDIT_LOG} - Initiator=wso2.system.user Action=Get-User-Claim-Values Target=admin Data={"Claims":{},"Profile":"default"} Outcome=Success
TID: [-1234] [2020-02-24 22:24:39,892]  INFO {AUDIT_LOG} - 'admin@carbon.super [-1234]' logged in at [2020-02-24 22:24:39,888-0500]
TID: [-1234] [2020-02-24 22:24:40,270]  INFO {AUDIT_LOG} - Initiator=wso2.system.user Action=Get-User-Claim-Values Target=admin Data={"Claims":{},"Profile":"default"} Outcome=Success
TID: [-1234] [2020-02-24 22:24:40,274]  INFO {AUDIT_LOG} - 'admin@carbon.super [-1234]' logged in at [2020-02-24 22:24:40,273-0500]
TID: [-1234] [2020-02-24 22:24:40,598]  INFO {AUDIT_LOG} - Initiator=wso2.system.user Action=Get-User-Claim-Values Target=admin Data={"Claims":{},"Profile":"default"} Outcome=Success
TID: [-1234] [2020-02-24 22:24:40,603]  INFO {AUDIT_LOG} - 'admin@carbon.super [-1234]' logged in at [2020-02-24 22:24:40,601-0500]
TID: [-1234] [2020-02-24 22:24:40,745]  INFO {AUDIT_LOG} - Initiator=wso2.system.user Action=Get-User-Claim-Values Target=admin Data={"Claims":{},"Profile":"default"} Outcome=Success
TID: [-1234] [2020-02-24 22:24:40,752]  INFO {AUDIT_LOG} - 'admin@carbon.super [-1234]' logged in at [2020-02-24 22:24:40,749-0500]
TID: [-1234] [2020-02-24 22:25:14,225]  INFO {AUDIT_LOG} - Initiator=wso2.system.user Action=Get-User-Claim-Values Target=admin Data={"Claims":{},"Profile":"default"} Outcome=Success
TID: [-1234] [2020-02-24 22:25:14,232]  INFO {AUDIT_LOG} - 'admin@carbon.super [-1234]' logged in at [2020-02-24 22:25:14,229-0500]
TID: [-1234] [2020-02-24 22:25:14,451]  INFO {AUDIT_LOG} - {"performedBy":"admin","action":"updated","typ":"API","info":"{\"provider\":\"admin\",\"name\":\"Mapa-Digital_Port_84\",\"context\":\"\\\/api\\\/mapa-digital\\\/v1.0\",\"version\":\"v1.0\"}"}
TID: [-1234] [2020-02-24 22:25:14,730]  INFO {AUDIT_LOG} - Initiator=wso2.system.user Action=Get-User-Claim-Values Target=admin Data={"Claims":{},"Profile":"default"} Outcome=Success
TID: [-1234] [2020-02-24 22:25:14,747]  INFO {AUDIT_LOG} - 'admin@carbon.super [-1234]' logged in at [2020-02-24 22:25:14,734-0500]
TID: [-1234] [2020-02-24 22:25:14,906]  INFO {AUDIT_LOG} - Initiator=wso2.system.user Action=Get-User-Claim-Values Target=admin Data={"Claims":{},"Profile":"default"} Outcome=Success
TID: [-1234] [2020-02-24 22:25:14,918]  INFO {AUDIT_LOG} - 'admin@carbon.super [-1234]' logged in at [2020-02-24 22:25:14,911-0500]
TID: [-1234] [2020-02-24 22:25:15,092]  INFO {AUDIT_LOG} - Initiator=wso2.system.user Action=Get-User-Claim-Values Target=admin Data={"Claims":{},"Profile":"default"} Outcome=Success
TID: [-1234] [2020-02-24 22:25:15,099]  INFO {AUDIT_LOG} - 'admin@carbon.super [-1234]' logged in at [2020-02-24 22:25:15,097-0500]
TID: [-1234] [2020-02-24 22:25:15,456]  INFO {AUDIT_LOG} - Initiator=wso2.system.user Action=Get-User-Claim-Values Target=admin Data={"Claims":{},"Profile":"default"} Outcome=Success
TID: [-1234] [2020-02-24 22:25:15,542]  INFO {AUDIT_LOG} - 'admin@carbon.super [-1234]' logged in at [2020-02-24 22:25:15,460-0500]
TID: [-1234] [2020-02-24 22:25:15,661]  INFO {AUDIT_LOG} - Initiator=wso2.system.user Action=Get-User-Claim-Values Target=admin Data={"Claims":{},"Profile":"default"} Outcome=Success
TID: [-1234] [2020-02-24 22:25:15,742]  INFO {AUDIT_LOG} - 'admin@carbon.super [-1234]' logged in at [2020-02-24 22:25:15,666-0500]
TID: [-1234] [2020-02-24 22:27:17,103]  INFO {AUDIT_LOG} - Initiator=wso2.system.user Action=Get-User-Claim-Values Target=admin Data={"Claims":{},"Profile":"default"} Outcome=Success
TID: [-1234] [2020-02-24 22:27:17,162]  INFO {AUDIT_LOG} - 'admin@carbon.super [-1234]' logged in at [2020-02-24 22:27:17,160-0500]
TID: [-1234] [2020-02-24 22:32:31,247]  INFO {AUDIT_LOG} - Initiator=admin@carbon.super Action=Get-Roles-of-User Target=admin Data={"Filter":"*","Roles":["Internal/subscriber","Application/admin_admin_publisher","Application/admin_rest_api_import_export","Internal/creator","Application/admin_admin_store","Internal/publisher","Application/admin_rest_api_store","Internal/everyone","Application/admin_georeferencia_PRODUCTION","admin","Internal/analytics"]} Outcome=Success
TID: [-1234] [2020-02-24 22:35:53,047]  INFO {AUDIT_LOG} - Initiator=wso2.system.user Action=Get-User-Claim-Values Target=admin Data={"Claims":{},"Profile":"default"} Outcome=Success
TID: [-1234] [2020-02-24 22:35:53,052]  INFO {AUDIT_LOG} - 'admin@carbon.super [-1234]' logged in at [2020-02-24 22:35:53,050-0500]
TID: [-1234] [2020-02-24 22:35:53,330]  INFO {AUDIT_LOG} - {"performedBy":"admin","action":"updated","typ":"API","info":"{\"provider\":\"admin\",\"name\":\"Mapa-Digital_Port_84\",\"context\":\"\\\/api\\\/mapa-digital\\\/v1.0\",\"version\":\"v1.0\"}"}
TID: [-1234] [2020-02-24 22:35:53,457]  INFO {AUDIT_LOG} - Initiator=wso2.system.user Action=Get-User-Claim-Values Target=admin Data={"Claims":{},"Profile":"default"} Outcome=Success
TID: [-1234] [2020-02-24 22:35:53,461]  INFO {AUDIT_LOG} - 'admin@carbon.super [-1234]' logged in at [2020-02-24 22:35:53,460-0500]
TID: [-1234] [2020-02-24 22:35:53,558]  INFO {AUDIT_LOG} - Initiator=wso2.system.user Action=Get-User-Claim-Values Target=admin Data={"Claims":{},"Profile":"default"} Outcome=Success
TID: [-1234] [2020-02-24 22:35:53,562]  INFO {AUDIT_LOG} - 'admin@carbon.super [-1234]' logged in at [2020-02-24 22:35:53,561-0500]
TID: [-1234] [2020-02-24 22:35:53,705]  INFO {AUDIT_LOG} - Initiator=wso2.system.user Action=Get-User-Claim-Values Target=admin Data={"Claims":{},"Profile":"default"} Outcome=Success
TID: [-1234] [2020-02-24 22:35:53,709]  INFO {AUDIT_LOG} - 'admin@carbon.super [-1234]' logged in at [2020-02-24 22:35:53,708-0500]
TID: [-1234] [2020-02-24 22:35:54,020]  INFO {AUDIT_LOG} - Initiator=wso2.system.user Action=Get-User-Claim-Values Target=admin Data={"Claims":{},"Profile":"default"} Outcome=Success
TID: [-1234] [2020-02-24 22:35:54,026]  INFO {AUDIT_LOG} - 'admin@carbon.super [-1234]' logged in at [2020-02-24 22:35:54,024-0500]
TID: [-1234] [2020-02-24 22:35:54,169]  INFO {AUDIT_LOG} - Initiator=wso2.system.user Action=Get-User-Claim-Values Target=admin Data={"Claims":{},"Profile":"default"} Outcome=Success
TID: [-1234] [2020-02-24 22:35:54,175]  INFO {AUDIT_LOG} - 'admin@carbon.super [-1234]' logged in at [2020-02-24 22:35:54,173-0500]
TID: [-1234] [2020-02-24 22:38:26,899]  INFO {AUDIT_LOG} - Initiator=wso2.system.user Action=Get-User-Claim-Values Target=admin Data={"Claims":{},"Profile":"default"} Outcome=Success
TID: [-1234] [2020-02-24 22:38:26,906]  INFO {AUDIT_LOG} - 'admin@carbon.super [-1234]' logged in at [2020-02-24 22:38:26,903-0500]
TID: [-1234] [2020-02-24 22:38:27,104]  INFO {AUDIT_LOG} - {"performedBy":"admin","action":"updated","typ":"API","info":"{\"provider\":\"admin\",\"name\":\"Mapa-Digital_Port_84\",\"context\":\"\\\/api\\\/mapa-digital\\\/v1.0\",\"version\":\"v1.0\"}"}
TID: [-1234] [2020-02-24 22:38:27,227]  INFO {AUDIT_LOG} - Initiator=wso2.system.user Action=Get-User-Claim-Values Target=admin Data={"Claims":{},"Profile":"default"} Outcome=Success
TID: [-1234] [2020-02-24 22:38:27,234]  INFO {AUDIT_LOG} - 'admin@carbon.super [-1234]' logged in at [2020-02-24 22:38:27,231-0500]
TID: [-1234] [2020-02-24 22:38:27,397]  INFO {AUDIT_LOG} - Initiator=wso2.system.user Action=Get-User-Claim-Values Target=admin Data={"Claims":{},"Profile":"default"} Outcome=Success
TID: [-1234] [2020-02-24 22:38:27,402]  INFO {AUDIT_LOG} - 'admin@carbon.super [-1234]' logged in at [2020-02-24 22:38:27,401-0500]
TID: [-1234] [2020-02-24 22:38:27,626]  INFO {AUDIT_LOG} - Initiator=wso2.system.user Action=Get-User-Claim-Values Target=admin Data={"Claims":{},"Profile":"default"} Outcome=Success
TID: [-1234] [2020-02-24 22:38:27,631]  INFO {AUDIT_LOG} - 'admin@carbon.super [-1234]' logged in at [2020-02-24 22:38:27,631-0500]
TID: [-1234] [2020-02-24 22:38:27,951]  INFO {AUDIT_LOG} - Initiator=wso2.system.user Action=Get-User-Claim-Values Target=admin Data={"Claims":{},"Profile":"default"} Outcome=Success
TID: [-1234] [2020-02-24 22:38:27,961]  INFO {AUDIT_LOG} - 'admin@carbon.super [-1234]' logged in at [2020-02-24 22:38:27,955-0500]
TID: [-1234] [2020-02-24 22:38:28,267]  INFO {AUDIT_LOG} - Initiator=wso2.system.user Action=Get-User-Claim-Values Target=admin Data={"Claims":{},"Profile":"default"} Outcome=Success
TID: [-1234] [2020-02-24 22:38:28,285]  INFO {AUDIT_LOG} - 'admin@carbon.super [-1234]' logged in at [2020-02-24 22:38:28,271-0500]
TID: [-1234] [2020-02-24 22:48:12,355]  INFO {AUDIT_LOG} - Initiator=admin@carbon.super Action=Get-Roles-of-User Target=admin Data={"Filter":"*","Roles":["Internal/subscriber","Application/admin_admin_publisher","Application/admin_rest_api_import_export","Internal/creator","Application/admin_admin_store","Internal/publisher","Application/admin_rest_api_store","Internal/everyone","Application/admin_georeferencia_PRODUCTION","admin","Internal/analytics"]} Outcome=Success
TID: [-1234] [2020-02-24 22:48:24,864]  INFO {AUDIT_LOG} - Initiator=wso2.system.user Action=Get-User-Claim-Values Target=admin Data={"Claims":{},"Profile":"default"} Outcome=Success
TID: [-1234] [2020-02-24 22:48:24,871]  INFO {AUDIT_LOG} - 'admin@carbon.super [-1234]' logged in at [2020-02-24 22:48:24,868-0500]
TID: [-1234] [2020-02-24 22:48:25,058]  INFO {AUDIT_LOG} - {"performedBy":"admin","action":"updated","typ":"API","info":"{\"provider\":\"admin\",\"name\":\"Mapa-Digital_Port_84\",\"context\":\"\\\/api\\\/mapa-digital\\\/v1.0\",\"version\":\"v1.0\"}"}
TID: [-1234] [2020-02-24 22:48:25,173]  INFO {AUDIT_LOG} - Initiator=wso2.system.user Action=Get-User-Claim-Values Target=admin Data={"Claims":{},"Profile":"default"} Outcome=Success
TID: [-1234] [2020-02-24 22:48:25,207]  INFO {AUDIT_LOG} - 'admin@carbon.super [-1234]' logged in at [2020-02-24 22:48:25,178-0500]
TID: [-1234] [2020-02-24 22:48:25,495]  INFO {AUDIT_LOG} - Initiator=wso2.system.user Action=Get-User-Claim-Values Target=admin Data={"Claims":{},"Profile":"default"} Outcome=Success
TID: [-1234] [2020-02-24 22:48:25,736]  INFO {AUDIT_LOG} - 'admin@carbon.super [-1234]' logged in at [2020-02-24 22:48:25,498-0500]
TID: [-1234] [2020-02-24 22:48:26,544]  INFO {AUDIT_LOG} - Initiator=wso2.system.user Action=Get-User-Claim-Values Target=admin Data={"Claims":{},"Profile":"default"} Outcome=Success
TID: [-1234] [2020-02-24 22:48:26,568]  INFO {AUDIT_LOG} - 'admin@carbon.super [-1234]' logged in at [2020-02-24 22:48:26,550-0500]
TID: [-1234] [2020-02-24 22:48:27,514]  INFO {AUDIT_LOG} - Initiator=wso2.system.user Action=Get-User-Claim-Values Target=admin Data={"Claims":{},"Profile":"default"} Outcome=Success
TID: [-1234] [2020-02-24 22:48:27,522]  INFO {AUDIT_LOG} - 'admin@carbon.super [-1234]' logged in at [2020-02-24 22:48:27,520-0500]
TID: [-1234] [2020-02-24 22:48:27,644]  INFO {AUDIT_LOG} - Initiator=wso2.system.user Action=Get-User-Claim-Values Target=admin Data={"Claims":{},"Profile":"default"} Outcome=Success
TID: [-1234] [2020-02-24 22:48:27,832]  INFO {AUDIT_LOG} - 'admin@carbon.super [-1234]' logged in at [2020-02-24 22:48:27,824-0500]
TID: [-1234] [2020-02-24 22:50:11,585]  INFO {AUDIT_LOG} - Initiator=wso2.system.user Action=Get-User-Claim-Values Target=admin Data={"Claims":{},"Profile":"default"} Outcome=Success
TID: [-1234] [2020-02-24 22:50:11,593]  INFO {AUDIT_LOG} - 'admin@carbon.super [-1234]' logged in at [2020-02-24 22:50:11,590-0500]
TID: [-1234] [2020-02-24 22:53:48,930]  INFO {AUDIT_LOG} - {"performedBy":"admin","action":"created","typ":"Subscription","info":"{\"application_name\":\"georeferencia\",\"tier\":\"Unlimited\",\"provider\":\"admin\",\"api_name\":\"Mapa-Digital_Port_84\",\"application_id\":2}"}
TID: [-1234] [2020-02-24 22:53:48,967]  INFO {AUDIT_LOG} - Initiator=wso2.system.user Action=Get-User-Claim-Values Target=admin Data={"Claims":{},"Profile":"default"} Outcome=Success
TID: [-1234] [2020-02-24 22:53:48,977]  INFO {AUDIT_LOG} - 'admin@carbon.super [-1234]' logged in at [2020-02-24 22:53:48,971-0500]
TID: [-1234] [2020-02-24 22:54:26,197]  INFO {AUDIT_LOG} - Initiator : admin@carbon.super | Action : update | Target : 3 | Data : { admin_georeferencia_PRODUCTION } | Result : Success 
TID: [-1234] [2020-02-24 22:54:26,232]  INFO {AUDIT_LOG} - {"performedBy":"admin","action":"updated","typ":"Application","info":"{\"application_name\":null,\"Updated Oauth app with grant types\":\"{\\\"grant_types\\\":\\\"refresh_token,urn:ietf:params:oauth:grant-type:jwt-bearer,urn:ietf:params:oauth:grant-type:saml2-bearer,password,client_credentials,iwa:ntlm\\\",\\\"username\\\":\\\"admin\\\"}\",\"Updated Oauth app with Call back URL\":null}"}
TID: [-1234] [2020-02-24 22:54:38,739]  INFO {AUDIT_LOG} - {"performedBy":"admin","action":"updated","typ":"Application","info":"{\"Re-Generated Keys for application with client Id\":\"0wKLH0IWY4wBni_xsg8eNAH50YYa\"}"}
