127.0.0.1 - - [29/Feb/2020:00:10:06 -0500] POST /oauth2/token HTTP/1.1 200 2413 - Synapse-PT-HttpComponents-NIO 0.102
127.0.0.1 - - [29/Feb/2020:01:10:22 -0500] POST /oauth2/token HTTP/1.1 200 2413 - Synapse-PT-HttpComponents-NIO 0.319
127.0.0.1 - - [29/Feb/2020:02:11:10 -0500] POST /oauth2/token HTTP/1.1 200 2413 - Synapse-PT-HttpComponents-NIO 0.185
127.0.0.1 - - [29/Feb/2020:03:11:32 -0500] POST /oauth2/token HTTP/1.1 200 2413 - Synapse-PT-HttpComponents-NIO 0.140
0:0:0:0:0:0:0:1 - - [29/Feb/2020:03:34:43 -0500] GET /publisher/apis HTTP/1.1 200 1863 https://localhost:9443/publisher/ Mozilla/5.0 (Windows NT 10.0; Win64; x64) AppleWebKit/537.36 (KHTML, like Gecko) Chrome/80.0.3987.116 Safari/537.36 0.266
0:0:0:0:0:0:0:1 - - [29/Feb/2020:03:34:43 -0500] GET /publisher/site/public/fonts/iconfont/material-icons.css HTTP/1.1 200 970 https://localhost:9443/publisher/apis Mozilla/5.0 (Windows NT 10.0; Win64; x64) AppleWebKit/537.36 (KHTML, like Gecko) Chrome/80.0.3987.116 Safari/537.36 0.020
0:0:0:0:0:0:0:1 - - [29/Feb/2020:03:34:45 -0500] GET /publisher/site/public/locales/es.json HTTP/1.1 404 - https://localhost:9443/publisher/apis Mozilla/5.0 (Windows NT 10.0; Win64; x64) AppleWebKit/537.36 (KHTML, like Gecko) Chrome/80.0.3987.116 Safari/537.36 0.005
0:0:0:0:0:0:0:1 - - [29/Feb/2020:03:34:46 -0500] GET /api/am/publisher/v1.0/swagger.yaml HTTP/1.1 200 394752 https://localhost:9443/publisher/apis Mozilla/5.0 (Windows NT 10.0; Win64; x64) AppleWebKit/537.36 (KHTML, like Gecko) Chrome/80.0.3987.116 Safari/537.36 0.273
0:0:0:0:0:0:0:1 - - [29/Feb/2020:03:34:48 -0500] GET /publisher/site/public/images/_favicon.ico HTTP/1.1 200 1150 https://localhost:9443/publisher/apis Mozilla/5.0 (Windows NT 10.0; Win64; x64) AppleWebKit/537.36 (KHTML, like Gecko) Chrome/80.0.3987.116 Safari/537.36 0.005
0:0:0:0:0:0:0:1 - - [29/Feb/2020:03:34:48 -0500] GET /publisher/site/public/images/favicon.ico HTTP/1.1 200 162098 https://localhost:9443/publisher/apis Mozilla/5.0 (Windows NT 10.0; Win64; x64) AppleWebKit/537.36 (KHTML, like Gecko) Chrome/80.0.3987.116 Safari/537.36 0.013
127.0.0.1 - - [29/Feb/2020:03:34:49 -0500] POST /oauth2/token HTTP/1.1 400 85 - Jakarta Commons-HttpClient/3.1 0.124
0:0:0:0:0:0:0:1 - - [29/Feb/2020:03:34:49 -0500] POST /publisher/services/refresh/refresh.jag HTTP/1.1 500 81 https://localhost:9443/publisher/apis Mozilla/5.0 (Windows NT 10.0; Win64; x64) AppleWebKit/537.36 (KHTML, like Gecko) Chrome/80.0.3987.116 Safari/537.36 1.383
0:0:0:0:0:0:0:1 - - [29/Feb/2020:03:34:52 -0500] GET /api/am/publisher/v1.0/settings HTTP/1.1 401 101 https://localhost:9443/publisher/apis Mozilla/5.0 (Windows NT 10.0; Win64; x64) AppleWebKit/537.36 (KHTML, like Gecko) Chrome/80.0.3987.116 Safari/537.36 2.807
0:0:0:0:0:0:0:1 - - [29/Feb/2020:03:34:53 -0500] GET /publisher/services/auth/callback/logout HTTP/1.1 302 - https://localhost:9443/publisher/apis Mozilla/5.0 (Windows NT 10.0; Win64; x64) AppleWebKit/537.36 (KHTML, like Gecko) Chrome/80.0.3987.116 Safari/537.36 0.617
0:0:0:0:0:0:0:1 - - [29/Feb/2020:03:34:53 -0500] GET /publisher/logout HTTP/1.1 200 1863 https://localhost:9443/publisher/apis Mozilla/5.0 (Windows NT 10.0; Win64; x64) AppleWebKit/537.36 (KHTML, like Gecko) Chrome/80.0.3987.116 Safari/537.36 0.063
0:0:0:0:0:0:0:1 - - [29/Feb/2020:03:34:53 -0500] GET /publisher/site/public/locales/es.json HTTP/1.1 404 - https://localhost:9443/publisher/logout Mozilla/5.0 (Windows NT 10.0; Win64; x64) AppleWebKit/537.36 (KHTML, like Gecko) Chrome/80.0.3987.116 Safari/537.36 0.003
0:0:0:0:0:0:0:1 - - [29/Feb/2020:03:34:53 -0500] GET /api/am/publisher/v1.0/swagger.yaml HTTP/1.1 200 394752 https://localhost:9443/publisher/apis Mozilla/5.0 (Windows NT 10.0; Win64; x64) AppleWebKit/537.36 (KHTML, like Gecko) Chrome/80.0.3987.116 Safari/537.36 0.033
127.0.0.1 - - [29/Feb/2020:03:34:54 -0500] GET /api/am/publisher/v1.0/settings HTTP/1.1 200 726 - Jakarta Commons-HttpClient/3.1 0.764
0:0:0:0:0:0:0:1 - - [29/Feb/2020:03:34:54 -0500] GET /publisher/services/auth/login HTTP/1.1 302 - https://localhost:9443/publisher/apis Mozilla/5.0 (Windows NT 10.0; Win64; x64) AppleWebKit/537.36 (KHTML, like Gecko) Chrome/80.0.3987.116 Safari/537.36 1.060
0:0:0:0:0:0:0:1 - - [29/Feb/2020:03:34:55 -0500] GET /oauth2/authorize?response_type=code&client_id=9s4I5cIx9bv9VxHogQbG3ij8Pe0a&scope=apim:api_create%20apim:api_delete%20apim:api_publish%20apim:api_view%20apim:client_certificates_add%20apim:client_certificates_update%20apim:client_certificates_view%20apim:document_create%20apim:document_manage%20apim:ep_certificates_add%20apim:ep_certificates_update%20apim:ep_certificates_view%20apim:external_services_discover%20apim:mediation_policy_create%20apim:mediation_policy_manage%20apim:mediation_policy_view%20apim:pub_alert_manage%20apim:publisher_settings%20apim:subscription_block%20apim:subscription_view%20apim:threat_protection_policy_create%20apim:threat_protection_policy_manage%20openid&state=/apis&redirect_uri=https://localhost:9443/publisher/services/auth/callback/login HTTP/1.1 302 - https://localhost:9443/publisher/apis Mozilla/5.0 (Windows NT 10.0; Win64; x64) AppleWebKit/537.36 (KHTML, like Gecko) Chrome/80.0.3987.116 Safari/537.36 0.900
0:0:0:0:0:0:0:1 - - [29/Feb/2020:03:34:55 -0500] GET /publisher/services/auth/callback/login?code=39be0ec1-7820-3490-ba17-c41b562b01e4&state=%2Fapis&session_state=07205d051f9f55ba67adb853590a27f32a69e85a14b512654f30c9921082bb4c.1svkfSRgSdi06q83UNepHA HTTP/1.1 302 - https://localhost:9443/publisher/apis Mozilla/5.0 (Windows NT 10.0; Win64; x64) AppleWebKit/537.36 (KHTML, like Gecko) Chrome/80.0.3987.116 Safari/537.36 0.310
127.0.0.1 - - [29/Feb/2020:03:34:55 -0500] POST /oauth2/token HTTP/1.1 200 1630 - Jakarta Commons-HttpClient/3.1 0.116
0:0:0:0:0:0:0:1 - - [29/Feb/2020:03:34:56 -0500] GET /publisher/apis HTTP/1.1 200 1863 https://localhost:9443/publisher/apis Mozilla/5.0 (Windows NT 10.0; Win64; x64) AppleWebKit/537.36 (KHTML, like Gecko) Chrome/80.0.3987.116 Safari/537.36 0.019
0:0:0:0:0:0:0:1 - - [29/Feb/2020:03:34:57 -0500] GET /publisher/site/public/css/main.css HTTP/1.1 200 1119 https://localhost:9443/publisher/apis Mozilla/5.0 (Windows NT 10.0; Win64; x64) AppleWebKit/537.36 (KHTML, like Gecko) Chrome/80.0.3987.116 Safari/537.36 0.147
0:0:0:0:0:0:0:1 - - [29/Feb/2020:03:34:57 -0500] GET /publisher/site/public/css/draftjs.css HTTP/1.1 200 2643 https://localhost:9443/publisher/apis Mozilla/5.0 (Windows NT 10.0; Win64; x64) AppleWebKit/537.36 (KHTML, like Gecko) Chrome/80.0.3987.116 Safari/537.36 0.040
0:0:0:0:0:0:0:1 - - [29/Feb/2020:03:34:57 -0500] GET /publisher/site/public/fonts/iconfont/material-icons.css HTTP/1.1 200 970 https://localhost:9443/publisher/apis Mozilla/5.0 (Windows NT 10.0; Win64; x64) AppleWebKit/537.36 (KHTML, like Gecko) Chrome/80.0.3987.116 Safari/537.36 0.122
0:0:0:0:0:0:0:1 - - [29/Feb/2020:03:34:57 -0500] GET /publisher/site/public/locales/es.json HTTP/1.1 404 - https://localhost:9443/publisher/apis Mozilla/5.0 (Windows NT 10.0; Win64; x64) AppleWebKit/537.36 (KHTML, like Gecko) Chrome/80.0.3987.116 Safari/537.36 0.050
127.0.0.1 - - [29/Feb/2020:03:34:58 -0500] GET /oauth2/userinfo HTTP/1.1 200 15 - Jakarta Commons-HttpClient/3.1 0.042
0:0:0:0:0:0:0:1 - - [29/Feb/2020:03:34:58 -0500] GET /api/am/publisher/v1.0/settings HTTP/1.1 200 726 https://localhost:9443/publisher/apis Mozilla/5.0 (Windows NT 10.0; Win64; x64) AppleWebKit/537.36 (KHTML, like Gecko) Chrome/80.0.3987.116 Safari/537.36 1.082
0:0:0:0:0:0:0:1 - - [29/Feb/2020:03:34:58 -0500] GET /publisher/services/auth/introspect HTTP/1.1 200 730 https://localhost:9443/publisher/apis Mozilla/5.0 (Windows NT 10.0; Win64; x64) AppleWebKit/537.36 (KHTML, like Gecko) Chrome/80.0.3987.116 Safari/537.36 0.438
127.0.0.1 - - [29/Feb/2020:03:34:58 -0500] POST /oauth2/introspect HTTP/1.1 200 707 - Jakarta Commons-HttpClient/3.1 0.139
0:0:0:0:0:0:0:1 - - [29/Feb/2020:03:34:58 -0500] GET /api/am/publisher/v1.0/swagger.yaml HTTP/1.1 200 394752 https://localhost:9443/publisher/apis Mozilla/5.0 (Windows NT 10.0; Win64; x64) AppleWebKit/537.36 (KHTML, like Gecko) Chrome/80.0.3987.116 Safari/537.36 0.024
0:0:0:0:0:0:0:1 - - [29/Feb/2020:03:34:59 -0500] GET /publisher/site/public/images/_favicon.ico HTTP/1.1 200 1150 https://localhost:9443/publisher/apis Mozilla/5.0 (Windows NT 10.0; Win64; x64) AppleWebKit/537.36 (KHTML, like Gecko) Chrome/80.0.3987.116 Safari/537.36 0.006
0:0:0:0:0:0:0:1 - - [29/Feb/2020:03:35:00 -0500] GET /api/am/publisher/v1.0/settings HTTP/1.1 200 1011 https://localhost:9443/publisher/apis Mozilla/5.0 (Windows NT 10.0; Win64; x64) AppleWebKit/537.36 (KHTML, like Gecko) Chrome/80.0.3987.116 Safari/537.36 0.555
0:0:0:0:0:0:0:1 - - [29/Feb/2020:03:35:01 -0500] GET /publisher/site/public/images/logo.svg HTTP/1.1 200 18050 https://localhost:9443/publisher/apis Mozilla/5.0 (Windows NT 10.0; Win64; x64) AppleWebKit/537.36 (KHTML, like Gecko) Chrome/80.0.3987.116 Safari/537.36 0.005
0:0:0:0:0:0:0:1 - - [29/Feb/2020:03:35:04 -0500] GET /api/am/publisher/v1.0/apis?limit=10&offset=0 HTTP/1.1 200 1675 https://localhost:9443/publisher/apis Mozilla/5.0 (Windows NT 10.0; Win64; x64) AppleWebKit/537.36 (KHTML, like Gecko) Chrome/80.0.3987.116 Safari/537.36 3.388
0:0:0:0:0:0:0:1 - - [29/Feb/2020:03:35:05 -0500] GET /api/am/publisher/v1.0/apis/2a3811af-0ada-4c74-ac63-c65d42cf82ca/thumbnail HTTP/1.1 200 74 https://localhost:9443/publisher/apis Mozilla/5.0 (Windows NT 10.0; Win64; x64) AppleWebKit/537.36 (KHTML, like Gecko) Chrome/80.0.3987.116 Safari/537.36 0.462
0:0:0:0:0:0:0:1 - - [29/Feb/2020:03:35:05 -0500] GET /api/am/publisher/v1.0/apis/cc689bc4-e79b-4af0-b018-3e5e86fb743a/thumbnail HTTP/1.1 200 74 https://localhost:9443/publisher/apis Mozilla/5.0 (Windows NT 10.0; Win64; x64) AppleWebKit/537.36 (KHTML, like Gecko) Chrome/80.0.3987.116 Safari/537.36 0.509
0:0:0:0:0:0:0:1 - - [29/Feb/2020:03:35:05 -0500] GET /api/am/publisher/v1.0/apis/304ad494-308a-479b-ae7a-5ac64beffe60/thumbnail HTTP/1.1 200 77 https://localhost:9443/publisher/apis Mozilla/5.0 (Windows NT 10.0; Win64; x64) AppleWebKit/537.36 (KHTML, like Gecko) Chrome/80.0.3987.116 Safari/537.36 0.225
0:0:0:0:0:0:0:1 - - [29/Feb/2020:03:35:05 -0500] GET /api/am/publisher/v1.0/apis/85885425-2230-48bf-a1a7-5e441c365e17/thumbnail HTTP/1.1 200 73 https://localhost:9443/publisher/apis Mozilla/5.0 (Windows NT 10.0; Win64; x64) AppleWebKit/537.36 (KHTML, like Gecko) Chrome/80.0.3987.116 Safari/537.36 0.522
0:0:0:0:0:0:0:1 - - [29/Feb/2020:03:35:05 -0500] GET /api/am/publisher/v1.0/apis/41940dae-cce1-4b33-93fd-37f274deb5db/thumbnail HTTP/1.1 200 74 https://localhost:9443/publisher/apis Mozilla/5.0 (Windows NT 10.0; Win64; x64) AppleWebKit/537.36 (KHTML, like Gecko) Chrome/80.0.3987.116 Safari/537.36 0.010
0:0:0:0:0:0:0:1 - - [29/Feb/2020:03:35:05 -0500] GET /api/am/publisher/v1.0/apis/bacd087f-16bd-439b-ab64-d3077a078910/thumbnail HTTP/1.1 200 74 https://localhost:9443/publisher/apis Mozilla/5.0 (Windows NT 10.0; Win64; x64) AppleWebKit/537.36 (KHTML, like Gecko) Chrome/80.0.3987.116 Safari/537.36 0.256
127.0.0.1 - - [29/Feb/2020:09:02:16 -0500] POST /oauth2/token HTTP/1.1 200 2413 - Synapse-PT-HttpComponents-NIO 0.040
127.0.0.1 - - [29/Feb/2020:09:35:43 -0500] POST /oauth2/token HTTP/1.1 200 2413 - Synapse-PT-HttpComponents-NIO 0.098
127.0.0.1 - - [29/Feb/2020:10:33:59 -0500] POST /oauth2/token HTTP/1.1 200 2413 - Synapse-PT-HttpComponents-NIO 0.083
127.0.0.1 - - [29/Feb/2020:11:39:28 -0500] POST /oauth2/token HTTP/1.1 200 2413 - Synapse-PT-HttpComponents-NIO 0.067
127.0.0.1 - - [29/Feb/2020:11:42:37 -0500] POST /oauth2/token HTTP/1.1 200 2413 - Synapse-PT-HttpComponents-NIO 0.023
127.0.0.1 - - [29/Feb/2020:11:43:10 -0500] POST /oauth2/token HTTP/1.1 200 2413 - Synapse-PT-HttpComponents-NIO 0.187
0:0:0:0:0:0:0:1 - - [29/Feb/2020:11:44:03 -0500] GET /publisher/site/public/images/_favicon.ico HTTP/1.1 200 1150 https://localhost:9443/publisher/apis Mozilla/5.0 (Windows NT 10.0; Win64; x64) AppleWebKit/537.36 (KHTML, like Gecko) Chrome/80.0.3987.116 Safari/537.36 0.023
0:0:0:0:0:0:0:1 - - [29/Feb/2020:11:44:03 -0500] GET /publisher/site/public/images/_favicon.ico HTTP/1.1 200 1150 https://localhost:9443/publisher/apis Mozilla/5.0 (Windows NT 10.0; Win64; x64) AppleWebKit/537.36 (KHTML, like Gecko) Chrome/80.0.3987.116 Safari/537.36 0.012
127.0.0.1 - - [29/Feb/2020:11:44:03 -0500] POST /oauth2/token HTTP/1.1 400 85 - Jakarta Commons-HttpClient/3.1 0.009
0:0:0:0:0:0:0:1 - - [29/Feb/2020:11:44:03 -0500] POST /publisher/services/refresh/refresh.jag HTTP/1.1 500 81 https://localhost:9443/publisher/apis Mozilla/5.0 (Windows NT 10.0; Win64; x64) AppleWebKit/537.36 (KHTML, like Gecko) Chrome/80.0.3987.116 Safari/537.36 0.605
0:0:0:0:0:0:0:1 - - [29/Feb/2020:11:44:05 -0500] GET /api/am/publisher/v1.0/apis?limit=10&offset=0 HTTP/1.1 401 101 https://localhost:9443/publisher/apis Mozilla/5.0 (Windows NT 10.0; Win64; x64) AppleWebKit/537.36 (KHTML, like Gecko) Chrome/80.0.3987.116 Safari/537.36 1.562
0:0:0:0:0:0:0:1 - - [29/Feb/2020:11:44:05 -0500] GET /publisher/services/auth/callback/logout HTTP/1.1 302 - https://localhost:9443/publisher/apis Mozilla/5.0 (Windows NT 10.0; Win64; x64) AppleWebKit/537.36 (KHTML, like Gecko) Chrome/80.0.3987.116 Safari/537.36 0.057
0:0:0:0:0:0:0:1 - - [29/Feb/2020:11:44:05 -0500] GET /publisher/logout HTTP/1.1 200 1863 https://localhost:9443/publisher/apis Mozilla/5.0 (Windows NT 10.0; Win64; x64) AppleWebKit/537.36 (KHTML, like Gecko) Chrome/80.0.3987.116 Safari/537.36 0.020
0:0:0:0:0:0:0:1 - - [29/Feb/2020:11:44:05 -0500] GET /publisher/site/public/css/main.css HTTP/1.1 200 1119 https://localhost:9443/publisher/logout Mozilla/5.0 (Windows NT 10.0; Win64; x64) AppleWebKit/537.36 (KHTML, like Gecko) Chrome/80.0.3987.116 Safari/537.36 0.019
0:0:0:0:0:0:0:1 - - [29/Feb/2020:11:44:05 -0500] GET /publisher/site/public/css/draftjs.css HTTP/1.1 200 2643 https://localhost:9443/publisher/logout Mozilla/5.0 (Windows NT 10.0; Win64; x64) AppleWebKit/537.36 (KHTML, like Gecko) Chrome/80.0.3987.116 Safari/537.36 0.025
0:0:0:0:0:0:0:1 - - [29/Feb/2020:11:44:05 -0500] GET /publisher/site/public/fonts/iconfont/material-icons.css HTTP/1.1 200 970 https://localhost:9443/publisher/logout Mozilla/5.0 (Windows NT 10.0; Win64; x64) AppleWebKit/537.36 (KHTML, like Gecko) Chrome/80.0.3987.116 Safari/537.36 0.015
0:0:0:0:0:0:0:1 - - [29/Feb/2020:11:44:06 -0500] GET /publisher/site/public/locales/es.json HTTP/1.1 404 - https://localhost:9443/publisher/logout Mozilla/5.0 (Windows NT 10.0; Win64; x64) AppleWebKit/537.36 (KHTML, like Gecko) Chrome/80.0.3987.116 Safari/537.36 0.007
0:0:0:0:0:0:0:1 - - [29/Feb/2020:11:44:06 -0500] GET /api/am/publisher/v1.0/swagger.yaml HTTP/1.1 200 394752 https://localhost:9443/publisher/apis Mozilla/5.0 (Windows NT 10.0; Win64; x64) AppleWebKit/537.36 (KHTML, like Gecko) Chrome/80.0.3987.116 Safari/537.36 0.102
127.0.0.1 - - [29/Feb/2020:11:44:07 -0500] GET /api/am/publisher/v1.0/settings HTTP/1.1 200 726 - Jakarta Commons-HttpClient/3.1 0.514
0:0:0:0:0:0:0:1 - - [29/Feb/2020:11:44:07 -0500] GET /publisher/services/auth/login HTTP/1.1 302 - https://localhost:9443/publisher/apis Mozilla/5.0 (Windows NT 10.0; Win64; x64) AppleWebKit/537.36 (KHTML, like Gecko) Chrome/80.0.3987.116 Safari/537.36 0.671
0:0:0:0:0:0:0:1 - - [29/Feb/2020:11:44:08 -0500] GET /oauth2/authorize?response_type=code&client_id=9s4I5cIx9bv9VxHogQbG3ij8Pe0a&scope=apim:api_create%20apim:api_delete%20apim:api_publish%20apim:api_view%20apim:client_certificates_add%20apim:client_certificates_update%20apim:client_certificates_view%20apim:document_create%20apim:document_manage%20apim:ep_certificates_add%20apim:ep_certificates_update%20apim:ep_certificates_view%20apim:external_services_discover%20apim:mediation_policy_create%20apim:mediation_policy_manage%20apim:mediation_policy_view%20apim:pub_alert_manage%20apim:publisher_settings%20apim:subscription_block%20apim:subscription_view%20apim:threat_protection_policy_create%20apim:threat_protection_policy_manage%20openid&state=/apis&redirect_uri=https://localhost:9443/publisher/services/auth/callback/login HTTP/1.1 302 - https://localhost:9443/publisher/apis Mozilla/5.0 (Windows NT 10.0; Win64; x64) AppleWebKit/537.36 (KHTML, like Gecko) Chrome/80.0.3987.116 Safari/537.36 0.655
127.0.0.1 - - [29/Feb/2020:11:44:08 -0500] POST /oauth2/token HTTP/1.1 200 1630 - Jakarta Commons-HttpClient/3.1 0.076
0:0:0:0:0:0:0:1 - - [29/Feb/2020:11:44:08 -0500] GET /publisher/services/auth/callback/login?code=3f9d003e-7cb6-3749-81a2-9e67cf61ce6b&state=%2Fapis&session_state=48a02bbb8ccf030bec727b58212aaa92205006c087ddc4e9886a2a948a345b0b.zVTPyIlRHOw_4Vtl25XNvg HTTP/1.1 302 - https://localhost:9443/publisher/apis Mozilla/5.0 (Windows NT 10.0; Win64; x64) AppleWebKit/537.36 (KHTML, like Gecko) Chrome/80.0.3987.116 Safari/537.36 0.170
0:0:0:0:0:0:0:1 - - [29/Feb/2020:11:44:08 -0500] GET /publisher/apis HTTP/1.1 200 1863 https://localhost:9443/publisher/apis Mozilla/5.0 (Windows NT 10.0; Win64; x64) AppleWebKit/537.36 (KHTML, like Gecko) Chrome/80.0.3987.116 Safari/537.36 0.004
0:0:0:0:0:0:0:1 - - [29/Feb/2020:11:44:09 -0500] GET /publisher/site/public/fonts/iconfont/material-icons.css HTTP/1.1 200 970 https://localhost:9443/publisher/apis Mozilla/5.0 (Windows NT 10.0; Win64; x64) AppleWebKit/537.36 (KHTML, like Gecko) Chrome/80.0.3987.116 Safari/537.36 0.003
0:0:0:0:0:0:0:1 - - [29/Feb/2020:11:44:09 -0500] GET /api/am/publisher/v1.0/settings HTTP/1.1 200 726 https://localhost:9443/publisher/apis Mozilla/5.0 (Windows NT 10.0; Win64; x64) AppleWebKit/537.36 (KHTML, like Gecko) Chrome/80.0.3987.116 Safari/537.36 0.339
0:0:0:0:0:0:0:1 - - [29/Feb/2020:11:44:09 -0500] GET /publisher/site/public/locales/es.json HTTP/1.1 404 - https://localhost:9443/publisher/apis Mozilla/5.0 (Windows NT 10.0; Win64; x64) AppleWebKit/537.36 (KHTML, like Gecko) Chrome/80.0.3987.116 Safari/537.36 0.001
127.0.0.1 - - [29/Feb/2020:11:44:09 -0500] GET /oauth2/userinfo HTTP/1.1 200 15 - Jakarta Commons-HttpClient/3.1 0.018
127.0.0.1 - - [29/Feb/2020:11:44:09 -0500] POST /oauth2/introspect HTTP/1.1 200 707 - Jakarta Commons-HttpClient/3.1 0.034
0:0:0:0:0:0:0:1 - - [29/Feb/2020:11:44:09 -0500] GET /publisher/services/auth/introspect HTTP/1.1 200 730 https://localhost:9443/publisher/apis Mozilla/5.0 (Windows NT 10.0; Win64; x64) AppleWebKit/537.36 (KHTML, like Gecko) Chrome/80.0.3987.116 Safari/537.36 0.161
0:0:0:0:0:0:0:1 - - [29/Feb/2020:11:44:09 -0500] GET /publisher/site/public/images/_favicon.ico HTTP/1.1 200 1150 https://localhost:9443/publisher/apis Mozilla/5.0 (Windows NT 10.0; Win64; x64) AppleWebKit/537.36 (KHTML, like Gecko) Chrome/80.0.3987.116 Safari/537.36 0.003
0:0:0:0:0:0:0:1 - - [29/Feb/2020:11:44:09 -0500] GET /api/am/publisher/v1.0/swagger.yaml HTTP/1.1 200 394752 https://localhost:9443/publisher/apis Mozilla/5.0 (Windows NT 10.0; Win64; x64) AppleWebKit/537.36 (KHTML, like Gecko) Chrome/80.0.3987.116 Safari/537.36 0.032
0:0:0:0:0:0:0:1 - - [29/Feb/2020:11:44:11 -0500] GET /api/am/publisher/v1.0/settings HTTP/1.1 200 1011 https://localhost:9443/publisher/apis Mozilla/5.0 (Windows NT 10.0; Win64; x64) AppleWebKit/537.36 (KHTML, like Gecko) Chrome/80.0.3987.116 Safari/537.36 0.240
0:0:0:0:0:0:0:1 - - [29/Feb/2020:11:44:11 -0500] GET /api/am/publisher/v1.0/apis?limit=10&offset=0 HTTP/1.1 200 1675 https://localhost:9443/publisher/apis Mozilla/5.0 (Windows NT 10.0; Win64; x64) AppleWebKit/537.36 (KHTML, like Gecko) Chrome/80.0.3987.116 Safari/537.36 0.336
0:0:0:0:0:0:0:1 - - [29/Feb/2020:11:44:11 -0500] GET /api/am/publisher/v1.0/apis/85885425-2230-48bf-a1a7-5e441c365e17/thumbnail HTTP/1.1 200 73 https://localhost:9443/publisher/apis Mozilla/5.0 (Windows NT 10.0; Win64; x64) AppleWebKit/537.36 (KHTML, like Gecko) Chrome/80.0.3987.116 Safari/537.36 0.104
0:0:0:0:0:0:0:1 - - [29/Feb/2020:11:44:12 -0500] GET /api/am/publisher/v1.0/apis/cc689bc4-e79b-4af0-b018-3e5e86fb743a/thumbnail HTTP/1.1 200 74 https://localhost:9443/publisher/apis Mozilla/5.0 (Windows NT 10.0; Win64; x64) AppleWebKit/537.36 (KHTML, like Gecko) Chrome/80.0.3987.116 Safari/537.36 0.139
0:0:0:0:0:0:0:1 - - [29/Feb/2020:11:44:12 -0500] GET /api/am/publisher/v1.0/apis/2a3811af-0ada-4c74-ac63-c65d42cf82ca/thumbnail HTTP/1.1 200 74 https://localhost:9443/publisher/apis Mozilla/5.0 (Windows NT 10.0; Win64; x64) AppleWebKit/537.36 (KHTML, like Gecko) Chrome/80.0.3987.116 Safari/537.36 0.050
0:0:0:0:0:0:0:1 - - [29/Feb/2020:11:44:12 -0500] GET /api/am/publisher/v1.0/apis/bacd087f-16bd-439b-ab64-d3077a078910/thumbnail HTTP/1.1 200 74 https://localhost:9443/publisher/apis Mozilla/5.0 (Windows NT 10.0; Win64; x64) AppleWebKit/537.36 (KHTML, like Gecko) Chrome/80.0.3987.116 Safari/537.36 0.048
0:0:0:0:0:0:0:1 - - [29/Feb/2020:11:44:12 -0500] GET /api/am/publisher/v1.0/apis/41940dae-cce1-4b33-93fd-37f274deb5db/thumbnail HTTP/1.1 200 74 https://localhost:9443/publisher/apis Mozilla/5.0 (Windows NT 10.0; Win64; x64) AppleWebKit/537.36 (KHTML, like Gecko) Chrome/80.0.3987.116 Safari/537.36 0.137
0:0:0:0:0:0:0:1 - - [29/Feb/2020:11:44:12 -0500] GET /api/am/publisher/v1.0/apis/304ad494-308a-479b-ae7a-5ac64beffe60/thumbnail HTTP/1.1 200 77 https://localhost:9443/publisher/apis Mozilla/5.0 (Windows NT 10.0; Win64; x64) AppleWebKit/537.36 (KHTML, like Gecko) Chrome/80.0.3987.116 Safari/537.36 0.142
127.0.0.1 - - [29/Feb/2020:19:04:39 -0500] GET /throttle/data/v1/revokedjwt HTTP/1.1 200 12 - - 3.469
127.0.0.1 - - [29/Feb/2020:19:04:39 -0500] GET /throttle/data/v1/keyTemplates HTTP/1.1 200 12 - - 3.468
127.0.0.1 - - [29/Feb/2020:19:04:39 -0500] GET /throttle/data/v1/block HTTP/1.1 200 68 - - 3.469
127.0.0.1 - - [29/Feb/2020:20:12:15 -0500] POST /oauth2/token HTTP/1.1 200 2413 - Synapse-PT-HttpComponents-NIO 4.660
0:0:0:0:0:0:0:1 - - [29/Feb/2020:20:20:07 -0500] GET /publisher/site/public/images/_favicon.ico HTTP/1.1 200 1150 https://localhost:9443/publisher/apis Mozilla/5.0 (Windows NT 10.0; Win64; x64) AppleWebKit/537.36 (KHTML, like Gecko) Chrome/80.0.3987.116 Safari/537.36 0.169
0:0:0:0:0:0:0:1 - - [29/Feb/2020:20:20:07 -0500] GET /publisher/site/public/images/_favicon.ico HTTP/1.1 200 1150 https://localhost:9443/publisher/apis Mozilla/5.0 (Windows NT 10.0; Win64; x64) AppleWebKit/537.36 (KHTML, like Gecko) Chrome/80.0.3987.116 Safari/537.36 0.019
127.0.0.1 - - [29/Feb/2020:20:20:09 -0500] POST /oauth2/token HTTP/1.1 400 85 - Jakarta Commons-HttpClient/3.1 0.024
0:0:0:0:0:0:0:1 - - [29/Feb/2020:20:20:09 -0500] POST /publisher/services/refresh/refresh.jag HTTP/1.1 500 81 https://localhost:9443/publisher/apis Mozilla/5.0 (Windows NT 10.0; Win64; x64) AppleWebKit/537.36 (KHTML, like Gecko) Chrome/80.0.3987.116 Safari/537.36 2.107
0:0:0:0:0:0:0:1 - - [29/Feb/2020:20:20:11 -0500] GET /api/am/publisher/v1.0/apis?limit=10&offset=0 HTTP/1.1 401 101 https://localhost:9443/publisher/apis Mozilla/5.0 (Windows NT 10.0; Win64; x64) AppleWebKit/537.36 (KHTML, like Gecko) Chrome/80.0.3987.116 Safari/537.36 2.144
0:0:0:0:0:0:0:1 - - [29/Feb/2020:20:20:11 -0500] GET /publisher/services/auth/callback/logout HTTP/1.1 302 - https://localhost:9443/publisher/apis Mozilla/5.0 (Windows NT 10.0; Win64; x64) AppleWebKit/537.36 (KHTML, like Gecko) Chrome/80.0.3987.116 Safari/537.36 0.092
0:0:0:0:0:0:0:1 - - [29/Feb/2020:20:20:11 -0500] GET /publisher/logout HTTP/1.1 200 1863 https://localhost:9443/publisher/apis Mozilla/5.0 (Windows NT 10.0; Win64; x64) AppleWebKit/537.36 (KHTML, like Gecko) Chrome/80.0.3987.116 Safari/537.36 0.124
0:0:0:0:0:0:0:1 - - [29/Feb/2020:20:20:11 -0500] GET /publisher/site/public/fonts/iconfont/material-icons.css HTTP/1.1 200 970 https://localhost:9443/publisher/logout Mozilla/5.0 (Windows NT 10.0; Win64; x64) AppleWebKit/537.36 (KHTML, like Gecko) Chrome/80.0.3987.116 Safari/537.36 0.032
0:0:0:0:0:0:0:1 - - [29/Feb/2020:20:20:12 -0500] GET /publisher/site/public/locales/es.json HTTP/1.1 404 - https://localhost:9443/publisher/logout Mozilla/5.0 (Windows NT 10.0; Win64; x64) AppleWebKit/537.36 (KHTML, like Gecko) Chrome/80.0.3987.116 Safari/537.36 0.007
127.0.0.1 - - [29/Feb/2020:20:20:15 -0500] GET /api/am/publisher/v1.0/settings HTTP/1.1 200 726 - Jakarta Commons-HttpClient/3.1 2.997
0:0:0:0:0:0:0:1 - - [29/Feb/2020:20:20:15 -0500] GET /publisher/services/auth/login HTTP/1.1 302 - https://localhost:9443/publisher/apis Mozilla/5.0 (Windows NT 10.0; Win64; x64) AppleWebKit/537.36 (KHTML, like Gecko) Chrome/80.0.3987.116 Safari/537.36 3.181
0:0:0:0:0:0:0:1 - - [29/Feb/2020:20:20:16 -0500] GET /api/am/publisher/v1.0/swagger.yaml HTTP/1.1 200 394752 https://localhost:9443/publisher/apis Mozilla/5.0 (Windows NT 10.0; Win64; x64) AppleWebKit/537.36 (KHTML, like Gecko) Chrome/80.0.3987.116 Safari/537.36 4.144
0:0:0:0:0:0:0:1 - - [29/Feb/2020:20:20:19 -0500] GET /oauth2/authorize?response_type=code&client_id=9s4I5cIx9bv9VxHogQbG3ij8Pe0a&scope=apim:api_create%20apim:api_delete%20apim:api_publish%20apim:api_view%20apim:client_certificates_add%20apim:client_certificates_update%20apim:client_certificates_view%20apim:document_create%20apim:document_manage%20apim:ep_certificates_add%20apim:ep_certificates_update%20apim:ep_certificates_view%20apim:external_services_discover%20apim:mediation_policy_create%20apim:mediation_policy_manage%20apim:mediation_policy_view%20apim:pub_alert_manage%20apim:publisher_settings%20apim:subscription_block%20apim:subscription_view%20apim:threat_protection_policy_create%20apim:threat_protection_policy_manage%20openid&state=/apis&redirect_uri=https://localhost:9443/publisher/services/auth/callback/login HTTP/1.1 302 - https://localhost:9443/publisher/apis Mozilla/5.0 (Windows NT 10.0; Win64; x64) AppleWebKit/537.36 (KHTML, like Gecko) Chrome/80.0.3987.116 Safari/537.36 2.998
127.0.0.1 - - [29/Feb/2020:20:20:20 -0500] POST /oauth2/token HTTP/1.1 200 1630 - Jakarta Commons-HttpClient/3.1 0.490
0:0:0:0:0:0:0:1 - - [29/Feb/2020:20:20:20 -0500] GET /publisher/services/auth/callback/login?code=f9d7c841-6b8d-373a-a88b-462d3a12a92f&state=%2Fapis&session_state=6c214df4c6205c0cac2f1b764c96327717a142ce0ceb69dcf1b963b823cc1590.T5AmkFasP_oGqoEx5y9l1Q HTTP/1.1 302 - https://localhost:9443/publisher/apis Mozilla/5.0 (Windows NT 10.0; Win64; x64) AppleWebKit/537.36 (KHTML, like Gecko) Chrome/80.0.3987.116 Safari/537.36 0.864
0:0:0:0:0:0:0:1 - - [29/Feb/2020:20:20:20 -0500] GET /publisher/apis HTTP/1.1 200 1863 https://localhost:9443/publisher/apis Mozilla/5.0 (Windows NT 10.0; Win64; x64) AppleWebKit/537.36 (KHTML, like Gecko) Chrome/80.0.3987.116 Safari/537.36 0.010
0:0:0:0:0:0:0:1 - - [29/Feb/2020:20:20:20 -0500] GET /publisher/site/public/fonts/iconfont/material-icons.css HTTP/1.1 200 970 https://localhost:9443/publisher/apis Mozilla/5.0 (Windows NT 10.0; Win64; x64) AppleWebKit/537.36 (KHTML, like Gecko) Chrome/80.0.3987.116 Safari/537.36 0.005
0:0:0:0:0:0:0:1 - - [29/Feb/2020:20:20:20 -0500] GET /api/am/publisher/v1.0/settings HTTP/1.1 200 726 https://localhost:9443/publisher/apis Mozilla/5.0 (Windows NT 10.0; Win64; x64) AppleWebKit/537.36 (KHTML, like Gecko) Chrome/80.0.3987.116 Safari/537.36 0.953
0:0:0:0:0:0:0:1 - - [29/Feb/2020:20:20:20 -0500] GET /publisher/site/public/locales/es.json HTTP/1.1 404 - https://localhost:9443/publisher/apis Mozilla/5.0 (Windows NT 10.0; Win64; x64) AppleWebKit/537.36 (KHTML, like Gecko) Chrome/80.0.3987.116 Safari/537.36 0.004
0:0:0:0:0:0:0:1 - - [29/Feb/2020:20:20:21 -0500] GET /publisher/site/public/images/_favicon.ico HTTP/1.1 200 1150 https://localhost:9443/publisher/apis Mozilla/5.0 (Windows NT 10.0; Win64; x64) AppleWebKit/537.36 (KHTML, like Gecko) Chrome/80.0.3987.116 Safari/537.36 0.013
127.0.0.1 - - [29/Feb/2020:20:20:21 -0500] GET /oauth2/userinfo HTTP/1.1 200 15 - Jakarta Commons-HttpClient/3.1 0.654
127.0.0.1 - - [29/Feb/2020:20:20:23 -0500] POST /oauth2/introspect HTTP/1.1 200 707 - Jakarta Commons-HttpClient/3.1 1.517
0:0:0:0:0:0:0:1 - - [29/Feb/2020:20:20:23 -0500] GET /publisher/services/auth/introspect HTTP/1.1 200 730 https://localhost:9443/publisher/apis Mozilla/5.0 (Windows NT 10.0; Win64; x64) AppleWebKit/537.36 (KHTML, like Gecko) Chrome/80.0.3987.116 Safari/537.36 2.501
0:0:0:0:0:0:0:1 - - [29/Feb/2020:20:20:23 -0500] GET /api/am/publisher/v1.0/swagger.yaml HTTP/1.1 200 394752 https://localhost:9443/publisher/apis Mozilla/5.0 (Windows NT 10.0; Win64; x64) AppleWebKit/537.36 (KHTML, like Gecko) Chrome/80.0.3987.116 Safari/537.36 0.053
0:0:0:0:0:0:0:1 - - [29/Feb/2020:20:20:26 -0500] GET /api/am/publisher/v1.0/settings HTTP/1.1 200 1011 https://localhost:9443/publisher/apis Mozilla/5.0 (Windows NT 10.0; Win64; x64) AppleWebKit/537.36 (KHTML, like Gecko) Chrome/80.0.3987.116 Safari/537.36 2.073
0:0:0:0:0:0:0:1 - - [29/Feb/2020:20:20:27 -0500] GET /publisher/site/public/images/logo.svg HTTP/1.1 200 18050 https://localhost:9443/publisher/apis Mozilla/5.0 (Windows NT 10.0; Win64; x64) AppleWebKit/537.36 (KHTML, like Gecko) Chrome/80.0.3987.116 Safari/537.36 0.101
0:0:0:0:0:0:0:1 - - [29/Feb/2020:20:20:29 -0500] GET /api/am/publisher/v1.0/apis?limit=10&offset=0 HTTP/1.1 200 1675 https://localhost:9443/publisher/apis Mozilla/5.0 (Windows NT 10.0; Win64; x64) AppleWebKit/537.36 (KHTML, like Gecko) Chrome/80.0.3987.116 Safari/537.36 1.928
0:0:0:0:0:0:0:1 - - [29/Feb/2020:20:20:29 -0500] GET /api/am/publisher/v1.0/apis/85885425-2230-48bf-a1a7-5e441c365e17/thumbnail HTTP/1.1 200 73 https://localhost:9443/publisher/apis Mozilla/5.0 (Windows NT 10.0; Win64; x64) AppleWebKit/537.36 (KHTML, like Gecko) Chrome/80.0.3987.116 Safari/537.36 0.082
0:0:0:0:0:0:0:1 - - [29/Feb/2020:20:20:29 -0500] GET /api/am/publisher/v1.0/apis/cc689bc4-e79b-4af0-b018-3e5e86fb743a/thumbnail HTTP/1.1 200 74 https://localhost:9443/publisher/apis Mozilla/5.0 (Windows NT 10.0; Win64; x64) AppleWebKit/537.36 (KHTML, like Gecko) Chrome/80.0.3987.116 Safari/537.36 0.110
0:0:0:0:0:0:0:1 - - [29/Feb/2020:20:20:29 -0500] GET /api/am/publisher/v1.0/apis/bacd087f-16bd-439b-ab64-d3077a078910/thumbnail HTTP/1.1 200 74 https://localhost:9443/publisher/apis Mozilla/5.0 (Windows NT 10.0; Win64; x64) AppleWebKit/537.36 (KHTML, like Gecko) Chrome/80.0.3987.116 Safari/537.36 0.090
0:0:0:0:0:0:0:1 - - [29/Feb/2020:20:20:29 -0500] GET /api/am/publisher/v1.0/apis/304ad494-308a-479b-ae7a-5ac64beffe60/thumbnail HTTP/1.1 200 77 https://localhost:9443/publisher/apis Mozilla/5.0 (Windows NT 10.0; Win64; x64) AppleWebKit/537.36 (KHTML, like Gecko) Chrome/80.0.3987.116 Safari/537.36 0.018
0:0:0:0:0:0:0:1 - - [29/Feb/2020:20:20:29 -0500] GET /api/am/publisher/v1.0/apis/2a3811af-0ada-4c74-ac63-c65d42cf82ca/thumbnail HTTP/1.1 200 74 https://localhost:9443/publisher/apis Mozilla/5.0 (Windows NT 10.0; Win64; x64) AppleWebKit/537.36 (KHTML, like Gecko) Chrome/80.0.3987.116 Safari/537.36 0.160
0:0:0:0:0:0:0:1 - - [29/Feb/2020:20:20:29 -0500] GET /api/am/publisher/v1.0/apis/41940dae-cce1-4b33-93fd-37f274deb5db/thumbnail HTTP/1.1 200 74 https://localhost:9443/publisher/apis Mozilla/5.0 (Windows NT 10.0; Win64; x64) AppleWebKit/537.36 (KHTML, like Gecko) Chrome/80.0.3987.116 Safari/537.36 0.204
0:0:0:0:0:0:0:1 - - [29/Feb/2020:20:24:42 -0500] GET /publisher/site/public/images/_favicon.ico HTTP/1.1 200 1150 https://localhost:9443/publisher/apis Mozilla/5.0 (Windows NT 10.0; Win64; x64) AppleWebKit/537.36 (KHTML, like Gecko) Chrome/80.0.3987.116 Safari/537.36 0.006
0:0:0:0:0:0:0:1 - - [29/Feb/2020:20:24:42 -0500] GET /publisher/site/public/images/_favicon.ico HTTP/1.1 200 1150 https://localhost:9443/publisher/apis Mozilla/5.0 (Windows NT 10.0; Win64; x64) AppleWebKit/537.36 (KHTML, like Gecko) Chrome/80.0.3987.116 Safari/537.36 0.005
0:0:0:0:0:0:0:1 - - [29/Feb/2020:20:24:43 -0500] GET /api/am/publisher/v1.0/apis?limit=10&offset=0 HTTP/1.1 200 1675 https://localhost:9443/publisher/apis Mozilla/5.0 (Windows NT 10.0; Win64; x64) AppleWebKit/537.36 (KHTML, like Gecko) Chrome/80.0.3987.116 Safari/537.36 0.353
0:0:0:0:0:0:0:1 - - [29/Feb/2020:20:24:43 -0500] GET /api/am/publisher/v1.0/apis/cc689bc4-e79b-4af0-b018-3e5e86fb743a/thumbnail HTTP/1.1 200 74 https://localhost:9443/publisher/apis Mozilla/5.0 (Windows NT 10.0; Win64; x64) AppleWebKit/537.36 (KHTML, like Gecko) Chrome/80.0.3987.116 Safari/537.36 0.027
0:0:0:0:0:0:0:1 - - [29/Feb/2020:20:24:43 -0500] GET /api/am/publisher/v1.0/apis/85885425-2230-48bf-a1a7-5e441c365e17/thumbnail HTTP/1.1 200 73 https://localhost:9443/publisher/apis Mozilla/5.0 (Windows NT 10.0; Win64; x64) AppleWebKit/537.36 (KHTML, like Gecko) Chrome/80.0.3987.116 Safari/537.36 0.053
0:0:0:0:0:0:0:1 - - [29/Feb/2020:20:24:43 -0500] GET /api/am/publisher/v1.0/apis/304ad494-308a-479b-ae7a-5ac64beffe60/thumbnail HTTP/1.1 200 77 https://localhost:9443/publisher/apis Mozilla/5.0 (Windows NT 10.0; Win64; x64) AppleWebKit/537.36 (KHTML, like Gecko) Chrome/80.0.3987.116 Safari/537.36 0.017
0:0:0:0:0:0:0:1 - - [29/Feb/2020:20:24:43 -0500] GET /api/am/publisher/v1.0/apis/2a3811af-0ada-4c74-ac63-c65d42cf82ca/thumbnail HTTP/1.1 200 74 https://localhost:9443/publisher/apis Mozilla/5.0 (Windows NT 10.0; Win64; x64) AppleWebKit/537.36 (KHTML, like Gecko) Chrome/80.0.3987.116 Safari/537.36 0.063
0:0:0:0:0:0:0:1 - - [29/Feb/2020:20:24:43 -0500] GET /api/am/publisher/v1.0/apis/41940dae-cce1-4b33-93fd-37f274deb5db/thumbnail HTTP/1.1 200 74 https://localhost:9443/publisher/apis Mozilla/5.0 (Windows NT 10.0; Win64; x64) AppleWebKit/537.36 (KHTML, like Gecko) Chrome/80.0.3987.116 Safari/537.36 0.033
0:0:0:0:0:0:0:1 - - [29/Feb/2020:20:24:43 -0500] GET /api/am/publisher/v1.0/apis/bacd087f-16bd-439b-ab64-d3077a078910/thumbnail HTTP/1.1 200 74 https://localhost:9443/publisher/apis Mozilla/5.0 (Windows NT 10.0; Win64; x64) AppleWebKit/537.36 (KHTML, like Gecko) Chrome/80.0.3987.116 Safari/537.36 0.060
0:0:0:0:0:0:0:1 - - [29/Feb/2020:20:24:49 -0500] GET /publisher/site/public/images/_favicon.ico HTTP/1.1 200 1150 https://localhost:9443/publisher/apis Mozilla/5.0 (Windows NT 10.0; Win64; x64) AppleWebKit/537.36 (KHTML, like Gecko) Chrome/80.0.3987.116 Safari/537.36 0.003
0:0:0:0:0:0:0:1 - - [29/Feb/2020:20:24:49 -0500] GET /publisher/site/public/images/_favicon.ico HTTP/1.1 200 1150 https://localhost:9443/publisher/apis Mozilla/5.0 (Windows NT 10.0; Win64; x64) AppleWebKit/537.36 (KHTML, like Gecko) Chrome/80.0.3987.116 Safari/537.36 0.003
0:0:0:0:0:0:0:1 - - [29/Feb/2020:20:24:49 -0500] GET /api/am/publisher/v1.0/apis?limit=10&offset=0 HTTP/1.1 200 1675 https://localhost:9443/publisher/apis Mozilla/5.0 (Windows NT 10.0; Win64; x64) AppleWebKit/537.36 (KHTML, like Gecko) Chrome/80.0.3987.116 Safari/537.36 0.168
0:0:0:0:0:0:0:1 - - [29/Feb/2020:20:24:50 -0500] GET /api/am/publisher/v1.0/apis/cc689bc4-e79b-4af0-b018-3e5e86fb743a/thumbnail HTTP/1.1 200 74 https://localhost:9443/publisher/apis Mozilla/5.0 (Windows NT 10.0; Win64; x64) AppleWebKit/537.36 (KHTML, like Gecko) Chrome/80.0.3987.116 Safari/537.36 0.018
0:0:0:0:0:0:0:1 - - [29/Feb/2020:20:24:50 -0500] GET /api/am/publisher/v1.0/apis/85885425-2230-48bf-a1a7-5e441c365e17/thumbnail HTTP/1.1 200 73 https://localhost:9443/publisher/apis Mozilla/5.0 (Windows NT 10.0; Win64; x64) AppleWebKit/537.36 (KHTML, like Gecko) Chrome/80.0.3987.116 Safari/537.36 0.019
0:0:0:0:0:0:0:1 - - [29/Feb/2020:20:24:50 -0500] GET /api/am/publisher/v1.0/apis/bacd087f-16bd-439b-ab64-d3077a078910/thumbnail HTTP/1.1 200 74 https://localhost:9443/publisher/apis Mozilla/5.0 (Windows NT 10.0; Win64; x64) AppleWebKit/537.36 (KHTML, like Gecko) Chrome/80.0.3987.116 Safari/537.36 0.016
0:0:0:0:0:0:0:1 - - [29/Feb/2020:20:24:50 -0500] GET /api/am/publisher/v1.0/apis/304ad494-308a-479b-ae7a-5ac64beffe60/thumbnail HTTP/1.1 200 77 https://localhost:9443/publisher/apis Mozilla/5.0 (Windows NT 10.0; Win64; x64) AppleWebKit/537.36 (KHTML, like Gecko) Chrome/80.0.3987.116 Safari/537.36 0.038
0:0:0:0:0:0:0:1 - - [29/Feb/2020:20:24:50 -0500] GET /api/am/publisher/v1.0/apis/2a3811af-0ada-4c74-ac63-c65d42cf82ca/thumbnail HTTP/1.1 200 74 https://localhost:9443/publisher/apis Mozilla/5.0 (Windows NT 10.0; Win64; x64) AppleWebKit/537.36 (KHTML, like Gecko) Chrome/80.0.3987.116 Safari/537.36 0.055
0:0:0:0:0:0:0:1 - - [29/Feb/2020:20:24:50 -0500] GET /api/am/publisher/v1.0/apis/41940dae-cce1-4b33-93fd-37f274deb5db/thumbnail HTTP/1.1 200 74 https://localhost:9443/publisher/apis Mozilla/5.0 (Windows NT 10.0; Win64; x64) AppleWebKit/537.36 (KHTML, like Gecko) Chrome/80.0.3987.116 Safari/537.36 0.014
0:0:0:0:0:0:0:1 - - [29/Feb/2020:20:24:51 -0500] GET /publisher/site/public/images/_favicon.ico HTTP/1.1 200 1150 https://localhost:9443/publisher/apis Mozilla/5.0 (Windows NT 10.0; Win64; x64) AppleWebKit/537.36 (KHTML, like Gecko) Chrome/80.0.3987.116 Safari/537.36 0.002
0:0:0:0:0:0:0:1 - - [29/Feb/2020:20:24:51 -0500] GET /api/am/publisher/v1.0/apis?limit=10&offset=0 HTTP/1.1 200 1675 https://localhost:9443/publisher/apis Mozilla/5.0 (Windows NT 10.0; Win64; x64) AppleWebKit/537.36 (KHTML, like Gecko) Chrome/80.0.3987.116 Safari/537.36 0.125
0:0:0:0:0:0:0:1 - - [29/Feb/2020:20:24:51 -0500] GET /api/am/publisher/v1.0/apis/cc689bc4-e79b-4af0-b018-3e5e86fb743a/thumbnail HTTP/1.1 200 74 https://localhost:9443/publisher/apis Mozilla/5.0 (Windows NT 10.0; Win64; x64) AppleWebKit/537.36 (KHTML, like Gecko) Chrome/80.0.3987.116 Safari/537.36 0.026
0:0:0:0:0:0:0:1 - - [29/Feb/2020:20:24:51 -0500] GET /api/am/publisher/v1.0/apis/2a3811af-0ada-4c74-ac63-c65d42cf82ca/thumbnail HTTP/1.1 200 74 https://localhost:9443/publisher/apis Mozilla/5.0 (Windows NT 10.0; Win64; x64) AppleWebKit/537.36 (KHTML, like Gecko) Chrome/80.0.3987.116 Safari/537.36 0.021
0:0:0:0:0:0:0:1 - - [29/Feb/2020:20:24:51 -0500] GET /api/am/publisher/v1.0/apis/85885425-2230-48bf-a1a7-5e441c365e17/thumbnail HTTP/1.1 200 73 https://localhost:9443/publisher/apis Mozilla/5.0 (Windows NT 10.0; Win64; x64) AppleWebKit/537.36 (KHTML, like Gecko) Chrome/80.0.3987.116 Safari/537.36 0.026
0:0:0:0:0:0:0:1 - - [29/Feb/2020:20:24:51 -0500] GET /api/am/publisher/v1.0/apis/304ad494-308a-479b-ae7a-5ac64beffe60/thumbnail HTTP/1.1 200 77 https://localhost:9443/publisher/apis Mozilla/5.0 (Windows NT 10.0; Win64; x64) AppleWebKit/537.36 (KHTML, like Gecko) Chrome/80.0.3987.116 Safari/537.36 0.028
0:0:0:0:0:0:0:1 - - [29/Feb/2020:20:24:51 -0500] GET /api/am/publisher/v1.0/apis/bacd087f-16bd-439b-ab64-d3077a078910/thumbnail HTTP/1.1 200 74 https://localhost:9443/publisher/apis Mozilla/5.0 (Windows NT 10.0; Win64; x64) AppleWebKit/537.36 (KHTML, like Gecko) Chrome/80.0.3987.116 Safari/537.36 0.027
0:0:0:0:0:0:0:1 - - [29/Feb/2020:20:24:51 -0500] GET /api/am/publisher/v1.0/apis/41940dae-cce1-4b33-93fd-37f274deb5db/thumbnail HTTP/1.1 200 74 https://localhost:9443/publisher/apis Mozilla/5.0 (Windows NT 10.0; Win64; x64) AppleWebKit/537.36 (KHTML, like Gecko) Chrome/80.0.3987.116 Safari/537.36 0.016
0:0:0:0:0:0:0:1 - - [29/Feb/2020:20:24:52 -0500] GET /publisher/site/public/images/_favicon.ico HTTP/1.1 200 1150 https://localhost:9443/publisher/apis Mozilla/5.0 (Windows NT 10.0; Win64; x64) AppleWebKit/537.36 (KHTML, like Gecko) Chrome/80.0.3987.116 Safari/537.36 0.003
0:0:0:0:0:0:0:1 - - [29/Feb/2020:20:24:52 -0500] GET /api/am/publisher/v1.0/apis?limit=10&offset=0 HTTP/1.1 200 1675 https://localhost:9443/publisher/apis Mozilla/5.0 (Windows NT 10.0; Win64; x64) AppleWebKit/537.36 (KHTML, like Gecko) Chrome/80.0.3987.116 Safari/537.36 0.180
0:0:0:0:0:0:0:1 - - [29/Feb/2020:20:24:53 -0500] GET /api/am/publisher/v1.0/apis/cc689bc4-e79b-4af0-b018-3e5e86fb743a/thumbnail HTTP/1.1 200 74 https://localhost:9443/publisher/apis Mozilla/5.0 (Windows NT 10.0; Win64; x64) AppleWebKit/537.36 (KHTML, like Gecko) Chrome/80.0.3987.116 Safari/537.36 0.025
0:0:0:0:0:0:0:1 - - [29/Feb/2020:20:24:53 -0500] GET /api/am/publisher/v1.0/apis/85885425-2230-48bf-a1a7-5e441c365e17/thumbnail HTTP/1.1 200 73 https://localhost:9443/publisher/apis Mozilla/5.0 (Windows NT 10.0; Win64; x64) AppleWebKit/537.36 (KHTML, like Gecko) Chrome/80.0.3987.116 Safari/537.36 0.025
0:0:0:0:0:0:0:1 - - [29/Feb/2020:20:24:53 -0500] GET /api/am/publisher/v1.0/apis/304ad494-308a-479b-ae7a-5ac64beffe60/thumbnail HTTP/1.1 200 77 https://localhost:9443/publisher/apis Mozilla/5.0 (Windows NT 10.0; Win64; x64) AppleWebKit/537.36 (KHTML, like Gecko) Chrome/80.0.3987.116 Safari/537.36 0.023
0:0:0:0:0:0:0:1 - - [29/Feb/2020:20:24:53 -0500] GET /api/am/publisher/v1.0/apis/2a3811af-0ada-4c74-ac63-c65d42cf82ca/thumbnail HTTP/1.1 200 74 https://localhost:9443/publisher/apis Mozilla/5.0 (Windows NT 10.0; Win64; x64) AppleWebKit/537.36 (KHTML, like Gecko) Chrome/80.0.3987.116 Safari/537.36 0.034
0:0:0:0:0:0:0:1 - - [29/Feb/2020:20:24:53 -0500] GET /api/am/publisher/v1.0/apis/bacd087f-16bd-439b-ab64-d3077a078910/thumbnail HTTP/1.1 200 74 https://localhost:9443/publisher/apis Mozilla/5.0 (Windows NT 10.0; Win64; x64) AppleWebKit/537.36 (KHTML, like Gecko) Chrome/80.0.3987.116 Safari/537.36 0.028
0:0:0:0:0:0:0:1 - - [29/Feb/2020:20:24:53 -0500] GET /api/am/publisher/v1.0/apis/41940dae-cce1-4b33-93fd-37f274deb5db/thumbnail HTTP/1.1 200 74 https://localhost:9443/publisher/apis Mozilla/5.0 (Windows NT 10.0; Win64; x64) AppleWebKit/537.36 (KHTML, like Gecko) Chrome/80.0.3987.116 Safari/537.36 0.032
0:0:0:0:0:0:0:1 - - [29/Feb/2020:20:24:59 -0500] GET /publisher/site/public/images/_favicon.ico HTTP/1.1 200 1150 https://localhost:9443/publisher/settings Mozilla/5.0 (Windows NT 10.0; Win64; x64) AppleWebKit/537.36 (KHTML, like Gecko) Chrome/80.0.3987.116 Safari/537.36 0.003
0:0:0:0:0:0:0:1 - - [29/Feb/2020:20:24:59 -0500] GET /api/am/publisher/v1.0/alert-types HTTP/1.1 204 - https://localhost:9443/publisher/settings Mozilla/5.0 (Windows NT 10.0; Win64; x64) AppleWebKit/537.36 (KHTML, like Gecko) Chrome/80.0.3987.116 Safari/537.36 0.192
0:0:0:0:0:0:0:1 - - [29/Feb/2020:20:24:59 -0500] GET /api/am/publisher/v1.0/alert-subscriptions HTTP/1.1 204 - https://localhost:9443/publisher/settings Mozilla/5.0 (Windows NT 10.0; Win64; x64) AppleWebKit/537.36 (KHTML, like Gecko) Chrome/80.0.3987.116 Safari/537.36 0.422
0:0:0:0:0:0:0:1 - - [29/Feb/2020:20:25:03 -0500] GET /publisher/site/public/images/_favicon.ico HTTP/1.1 200 1150 https://localhost:9443/publisher/apis Mozilla/5.0 (Windows NT 10.0; Win64; x64) AppleWebKit/537.36 (KHTML, like Gecko) Chrome/80.0.3987.116 Safari/537.36 0.009
0:0:0:0:0:0:0:1 - - [29/Feb/2020:20:25:04 -0500] GET /api/am/publisher/v1.0/apis?limit=10&offset=0 HTTP/1.1 200 1675 https://localhost:9443/publisher/apis Mozilla/5.0 (Windows NT 10.0; Win64; x64) AppleWebKit/537.36 (KHTML, like Gecko) Chrome/80.0.3987.116 Safari/537.36 0.154
0:0:0:0:0:0:0:1 - - [29/Feb/2020:20:25:04 -0500] GET /api/am/publisher/v1.0/apis/85885425-2230-48bf-a1a7-5e441c365e17/thumbnail HTTP/1.1 200 73 https://localhost:9443/publisher/apis Mozilla/5.0 (Windows NT 10.0; Win64; x64) AppleWebKit/537.36 (KHTML, like Gecko) Chrome/80.0.3987.116 Safari/537.36 0.016
0:0:0:0:0:0:0:1 - - [29/Feb/2020:20:25:04 -0500] GET /api/am/publisher/v1.0/apis/cc689bc4-e79b-4af0-b018-3e5e86fb743a/thumbnail HTTP/1.1 200 74 https://localhost:9443/publisher/apis Mozilla/5.0 (Windows NT 10.0; Win64; x64) AppleWebKit/537.36 (KHTML, like Gecko) Chrome/80.0.3987.116 Safari/537.36 0.021
0:0:0:0:0:0:0:1 - - [29/Feb/2020:20:25:04 -0500] GET /api/am/publisher/v1.0/apis/2a3811af-0ada-4c74-ac63-c65d42cf82ca/thumbnail HTTP/1.1 200 74 https://localhost:9443/publisher/apis Mozilla/5.0 (Windows NT 10.0; Win64; x64) AppleWebKit/537.36 (KHTML, like Gecko) Chrome/80.0.3987.116 Safari/537.36 0.019
0:0:0:0:0:0:0:1 - - [29/Feb/2020:20:25:04 -0500] GET /api/am/publisher/v1.0/apis/304ad494-308a-479b-ae7a-5ac64beffe60/thumbnail HTTP/1.1 200 77 https://localhost:9443/publisher/apis Mozilla/5.0 (Windows NT 10.0; Win64; x64) AppleWebKit/537.36 (KHTML, like Gecko) Chrome/80.0.3987.116 Safari/537.36 0.020
0:0:0:0:0:0:0:1 - - [29/Feb/2020:20:25:04 -0500] GET /api/am/publisher/v1.0/apis/bacd087f-16bd-439b-ab64-d3077a078910/thumbnail HTTP/1.1 200 74 https://localhost:9443/publisher/apis Mozilla/5.0 (Windows NT 10.0; Win64; x64) AppleWebKit/537.36 (KHTML, like Gecko) Chrome/80.0.3987.116 Safari/537.36 0.020
0:0:0:0:0:0:0:1 - - [29/Feb/2020:20:25:04 -0500] GET /api/am/publisher/v1.0/apis/41940dae-cce1-4b33-93fd-37f274deb5db/thumbnail HTTP/1.1 200 74 https://localhost:9443/publisher/apis Mozilla/5.0 (Windows NT 10.0; Win64; x64) AppleWebKit/537.36 (KHTML, like Gecko) Chrome/80.0.3987.116 Safari/537.36 0.019
0:0:0:0:0:0:0:1 - - [29/Feb/2020:20:25:06 -0500] GET /publisher/site/public/images/_favicon.ico HTTP/1.1 200 1150 https://localhost:9443/publisher/apis Mozilla/5.0 (Windows NT 10.0; Win64; x64) AppleWebKit/537.36 (KHTML, like Gecko) Chrome/80.0.3987.116 Safari/537.36 0.013
0:0:0:0:0:0:0:1 - - [29/Feb/2020:20:25:06 -0500] GET /api/am/publisher/v1.0/apis?limit=10&offset=0 HTTP/1.1 200 1675 https://localhost:9443/publisher/apis Mozilla/5.0 (Windows NT 10.0; Win64; x64) AppleWebKit/537.36 (KHTML, like Gecko) Chrome/80.0.3987.116 Safari/537.36 0.090
0:0:0:0:0:0:0:1 - - [29/Feb/2020:20:25:06 -0500] GET /api/am/publisher/v1.0/apis/85885425-2230-48bf-a1a7-5e441c365e17/thumbnail HTTP/1.1 200 73 https://localhost:9443/publisher/apis Mozilla/5.0 (Windows NT 10.0; Win64; x64) AppleWebKit/537.36 (KHTML, like Gecko) Chrome/80.0.3987.116 Safari/537.36 0.025
0:0:0:0:0:0:0:1 - - [29/Feb/2020:20:25:06 -0500] GET /api/am/publisher/v1.0/apis/cc689bc4-e79b-4af0-b018-3e5e86fb743a/thumbnail HTTP/1.1 200 74 https://localhost:9443/publisher/apis Mozilla/5.0 (Windows NT 10.0; Win64; x64) AppleWebKit/537.36 (KHTML, like Gecko) Chrome/80.0.3987.116 Safari/537.36 0.033
0:0:0:0:0:0:0:1 - - [29/Feb/2020:20:25:06 -0500] GET /api/am/publisher/v1.0/apis/304ad494-308a-479b-ae7a-5ac64beffe60/thumbnail HTTP/1.1 200 77 https://localhost:9443/publisher/apis Mozilla/5.0 (Windows NT 10.0; Win64; x64) AppleWebKit/537.36 (KHTML, like Gecko) Chrome/80.0.3987.116 Safari/537.36 0.023
0:0:0:0:0:0:0:1 - - [29/Feb/2020:20:25:07 -0500] GET /api/am/publisher/v1.0/apis/bacd087f-16bd-439b-ab64-d3077a078910/thumbnail HTTP/1.1 200 74 https://localhost:9443/publisher/apis Mozilla/5.0 (Windows NT 10.0; Win64; x64) AppleWebKit/537.36 (KHTML, like Gecko) Chrome/80.0.3987.116 Safari/537.36 0.034
0:0:0:0:0:0:0:1 - - [29/Feb/2020:20:25:07 -0500] GET /api/am/publisher/v1.0/apis/2a3811af-0ada-4c74-ac63-c65d42cf82ca/thumbnail HTTP/1.1 200 74 https://localhost:9443/publisher/apis Mozilla/5.0 (Windows NT 10.0; Win64; x64) AppleWebKit/537.36 (KHTML, like Gecko) Chrome/80.0.3987.116 Safari/537.36 0.042
0:0:0:0:0:0:0:1 - - [29/Feb/2020:20:25:07 -0500] GET /api/am/publisher/v1.0/apis/41940dae-cce1-4b33-93fd-37f274deb5db/thumbnail HTTP/1.1 200 74 https://localhost:9443/publisher/apis Mozilla/5.0 (Windows NT 10.0; Win64; x64) AppleWebKit/537.36 (KHTML, like Gecko) Chrome/80.0.3987.116 Safari/537.36 0.037
0:0:0:0:0:0:0:1 - - [29/Feb/2020:20:25:08 -0500] GET /publisher/site/public/images/_favicon.ico HTTP/1.1 200 1150 https://localhost:9443/publisher/api-products Mozilla/5.0 (Windows NT 10.0; Win64; x64) AppleWebKit/537.36 (KHTML, like Gecko) Chrome/80.0.3987.116 Safari/537.36 0.004
0:0:0:0:0:0:0:1 - - [29/Feb/2020:20:25:08 -0500] GET /api/am/publisher/v1.0/api-products?limit=10&offset=0 HTTP/1.1 200 103 https://localhost:9443/publisher/api-products Mozilla/5.0 (Windows NT 10.0; Win64; x64) AppleWebKit/537.36 (KHTML, like Gecko) Chrome/80.0.3987.116 Safari/537.36 0.109
0:0:0:0:0:0:0:1 - - [29/Feb/2020:20:25:21 -0500] GET /publisher/site/public/images/_favicon.ico HTTP/1.1 200 1150 https://localhost:9443/publisher/apis Mozilla/5.0 (Windows NT 10.0; Win64; x64) AppleWebKit/537.36 (KHTML, like Gecko) Chrome/80.0.3987.116 Safari/537.36 0.006
0:0:0:0:0:0:0:1 - - [29/Feb/2020:20:25:21 -0500] GET /api/am/publisher/v1.0/apis?limit=10&offset=0 HTTP/1.1 200 1675 https://localhost:9443/publisher/apis Mozilla/5.0 (Windows NT 10.0; Win64; x64) AppleWebKit/537.36 (KHTML, like Gecko) Chrome/80.0.3987.116 Safari/537.36 0.151
0:0:0:0:0:0:0:1 - - [29/Feb/2020:20:25:22 -0500] GET /api/am/publisher/v1.0/apis/85885425-2230-48bf-a1a7-5e441c365e17/thumbnail HTTP/1.1 200 73 https://localhost:9443/publisher/apis Mozilla/5.0 (Windows NT 10.0; Win64; x64) AppleWebKit/537.36 (KHTML, like Gecko) Chrome/80.0.3987.116 Safari/537.36 0.020
0:0:0:0:0:0:0:1 - - [29/Feb/2020:20:25:22 -0500] GET /api/am/publisher/v1.0/apis/2a3811af-0ada-4c74-ac63-c65d42cf82ca/thumbnail HTTP/1.1 200 74 https://localhost:9443/publisher/apis Mozilla/5.0 (Windows NT 10.0; Win64; x64) AppleWebKit/537.36 (KHTML, like Gecko) Chrome/80.0.3987.116 Safari/537.36 0.023
0:0:0:0:0:0:0:1 - - [29/Feb/2020:20:25:22 -0500] GET /api/am/publisher/v1.0/apis/cc689bc4-e79b-4af0-b018-3e5e86fb743a/thumbnail HTTP/1.1 200 74 https://localhost:9443/publisher/apis Mozilla/5.0 (Windows NT 10.0; Win64; x64) AppleWebKit/537.36 (KHTML, like Gecko) Chrome/80.0.3987.116 Safari/537.36 0.039
0:0:0:0:0:0:0:1 - - [29/Feb/2020:20:25:22 -0500] GET /api/am/publisher/v1.0/apis/304ad494-308a-479b-ae7a-5ac64beffe60/thumbnail HTTP/1.1 200 77 https://localhost:9443/publisher/apis Mozilla/5.0 (Windows NT 10.0; Win64; x64) AppleWebKit/537.36 (KHTML, like Gecko) Chrome/80.0.3987.116 Safari/537.36 0.022
0:0:0:0:0:0:0:1 - - [29/Feb/2020:20:25:22 -0500] GET /api/am/publisher/v1.0/apis/bacd087f-16bd-439b-ab64-d3077a078910/thumbnail HTTP/1.1 200 74 https://localhost:9443/publisher/apis Mozilla/5.0 (Windows NT 10.0; Win64; x64) AppleWebKit/537.36 (KHTML, like Gecko) Chrome/80.0.3987.116 Safari/537.36 0.039
0:0:0:0:0:0:0:1 - - [29/Feb/2020:20:25:22 -0500] GET /api/am/publisher/v1.0/apis/41940dae-cce1-4b33-93fd-37f274deb5db/thumbnail HTTP/1.1 200 74 https://localhost:9443/publisher/apis Mozilla/5.0 (Windows NT 10.0; Win64; x64) AppleWebKit/537.36 (KHTML, like Gecko) Chrome/80.0.3987.116 Safari/537.36 0.018
0:0:0:0:0:0:0:1 - - [29/Feb/2020:20:25:31 -0500] GET /publisher/site/public/images/_favicon.ico HTTP/1.1 200 1150 https://localhost:9443/publisher/apis Mozilla/5.0 (Windows NT 10.0; Win64; x64) AppleWebKit/537.36 (KHTML, like Gecko) Chrome/80.0.3987.116 Safari/537.36 0.009
0:0:0:0:0:0:0:1 - - [29/Feb/2020:20:25:31 -0500] GET /publisher/site/public/images/_favicon.ico HTTP/1.1 200 1150 https://localhost:9443/publisher/apis Mozilla/5.0 (Windows NT 10.0; Win64; x64) AppleWebKit/537.36 (KHTML, like Gecko) Chrome/80.0.3987.116 Safari/537.36 0.003
0:0:0:0:0:0:0:1 - - [29/Feb/2020:20:25:31 -0500] GET /api/am/publisher/v1.0/apis?limit=10&offset=0 HTTP/1.1 200 1675 https://localhost:9443/publisher/apis Mozilla/5.0 (Windows NT 10.0; Win64; x64) AppleWebKit/537.36 (KHTML, like Gecko) Chrome/80.0.3987.116 Safari/537.36 0.109
0:0:0:0:0:0:0:1 - - [29/Feb/2020:20:25:31 -0500] GET /api/am/publisher/v1.0/apis/cc689bc4-e79b-4af0-b018-3e5e86fb743a/thumbnail HTTP/1.1 200 74 https://localhost:9443/publisher/apis Mozilla/5.0 (Windows NT 10.0; Win64; x64) AppleWebKit/537.36 (KHTML, like Gecko) Chrome/80.0.3987.116 Safari/537.36 0.016
0:0:0:0:0:0:0:1 - - [29/Feb/2020:20:25:31 -0500] GET /api/am/publisher/v1.0/apis/85885425-2230-48bf-a1a7-5e441c365e17/thumbnail HTTP/1.1 200 73 https://localhost:9443/publisher/apis Mozilla/5.0 (Windows NT 10.0; Win64; x64) AppleWebKit/537.36 (KHTML, like Gecko) Chrome/80.0.3987.116 Safari/537.36 0.020
0:0:0:0:0:0:0:1 - - [29/Feb/2020:20:25:31 -0500] GET /api/am/publisher/v1.0/apis/2a3811af-0ada-4c74-ac63-c65d42cf82ca/thumbnail HTTP/1.1 200 74 https://localhost:9443/publisher/apis Mozilla/5.0 (Windows NT 10.0; Win64; x64) AppleWebKit/537.36 (KHTML, like Gecko) Chrome/80.0.3987.116 Safari/537.36 0.022
0:0:0:0:0:0:0:1 - - [29/Feb/2020:20:25:31 -0500] GET /api/am/publisher/v1.0/apis/304ad494-308a-479b-ae7a-5ac64beffe60/thumbnail HTTP/1.1 200 77 https://localhost:9443/publisher/apis Mozilla/5.0 (Windows NT 10.0; Win64; x64) AppleWebKit/537.36 (KHTML, like Gecko) Chrome/80.0.3987.116 Safari/537.36 0.026
0:0:0:0:0:0:0:1 - - [29/Feb/2020:20:25:31 -0500] GET /api/am/publisher/v1.0/apis/41940dae-cce1-4b33-93fd-37f274deb5db/thumbnail HTTP/1.1 200 74 https://localhost:9443/publisher/apis Mozilla/5.0 (Windows NT 10.0; Win64; x64) AppleWebKit/537.36 (KHTML, like Gecko) Chrome/80.0.3987.116 Safari/537.36 0.020
0:0:0:0:0:0:0:1 - - [29/Feb/2020:20:25:31 -0500] GET /api/am/publisher/v1.0/apis/bacd087f-16bd-439b-ab64-d3077a078910/thumbnail HTTP/1.1 200 74 https://localhost:9443/publisher/apis Mozilla/5.0 (Windows NT 10.0; Win64; x64) AppleWebKit/537.36 (KHTML, like Gecko) Chrome/80.0.3987.116 Safari/537.36 0.025
0:0:0:0:0:0:0:1 - - [29/Feb/2020:20:25:33 -0500] GET /publisher/site/public/images/_favicon.ico HTTP/1.1 200 1150 https://localhost:9443/publisher/apis Mozilla/5.0 (Windows NT 10.0; Win64; x64) AppleWebKit/537.36 (KHTML, like Gecko) Chrome/80.0.3987.116 Safari/537.36 0.002
0:0:0:0:0:0:0:1 - - [29/Feb/2020:20:25:33 -0500] GET /publisher/site/public/images/_favicon.ico HTTP/1.1 200 1150 https://localhost:9443/publisher/apis Mozilla/5.0 (Windows NT 10.0; Win64; x64) AppleWebKit/537.36 (KHTML, like Gecko) Chrome/80.0.3987.116 Safari/537.36 0.003
0:0:0:0:0:0:0:1 - - [29/Feb/2020:20:25:33 -0500] GET /api/am/publisher/v1.0/apis?limit=10&offset=0 HTTP/1.1 200 1675 https://localhost:9443/publisher/apis Mozilla/5.0 (Windows NT 10.0; Win64; x64) AppleWebKit/537.36 (KHTML, like Gecko) Chrome/80.0.3987.116 Safari/537.36 0.112
0:0:0:0:0:0:0:1 - - [29/Feb/2020:20:25:33 -0500] GET /api/am/publisher/v1.0/apis/cc689bc4-e79b-4af0-b018-3e5e86fb743a/thumbnail HTTP/1.1 200 74 https://localhost:9443/publisher/apis Mozilla/5.0 (Windows NT 10.0; Win64; x64) AppleWebKit/537.36 (KHTML, like Gecko) Chrome/80.0.3987.116 Safari/537.36 0.017
0:0:0:0:0:0:0:1 - - [29/Feb/2020:20:25:33 -0500] GET /api/am/publisher/v1.0/apis/304ad494-308a-479b-ae7a-5ac64beffe60/thumbnail HTTP/1.1 200 77 https://localhost:9443/publisher/apis Mozilla/5.0 (Windows NT 10.0; Win64; x64) AppleWebKit/537.36 (KHTML, like Gecko) Chrome/80.0.3987.116 Safari/537.36 0.022
0:0:0:0:0:0:0:1 - - [29/Feb/2020:20:25:33 -0500] GET /api/am/publisher/v1.0/apis/2a3811af-0ada-4c74-ac63-c65d42cf82ca/thumbnail HTTP/1.1 200 74 https://localhost:9443/publisher/apis Mozilla/5.0 (Windows NT 10.0; Win64; x64) AppleWebKit/537.36 (KHTML, like Gecko) Chrome/80.0.3987.116 Safari/537.36 0.029
0:0:0:0:0:0:0:1 - - [29/Feb/2020:20:25:33 -0500] GET /api/am/publisher/v1.0/apis/85885425-2230-48bf-a1a7-5e441c365e17/thumbnail HTTP/1.1 200 73 https://localhost:9443/publisher/apis Mozilla/5.0 (Windows NT 10.0; Win64; x64) AppleWebKit/537.36 (KHTML, like Gecko) Chrome/80.0.3987.116 Safari/537.36 0.021
0:0:0:0:0:0:0:1 - - [29/Feb/2020:20:25:33 -0500] GET /api/am/publisher/v1.0/apis/bacd087f-16bd-439b-ab64-d3077a078910/thumbnail HTTP/1.1 200 74 https://localhost:9443/publisher/apis Mozilla/5.0 (Windows NT 10.0; Win64; x64) AppleWebKit/537.36 (KHTML, like Gecko) Chrome/80.0.3987.116 Safari/537.36 0.016
0:0:0:0:0:0:0:1 - - [29/Feb/2020:20:25:33 -0500] GET /api/am/publisher/v1.0/apis/41940dae-cce1-4b33-93fd-37f274deb5db/thumbnail HTTP/1.1 200 74 https://localhost:9443/publisher/apis Mozilla/5.0 (Windows NT 10.0; Win64; x64) AppleWebKit/537.36 (KHTML, like Gecko) Chrome/80.0.3987.116 Safari/537.36 0.024
0:0:0:0:0:0:0:1 - - [29/Feb/2020:20:25:35 -0500] GET /publisher/site/public/images/_favicon.ico HTTP/1.1 200 1150 https://localhost:9443/publisher/apis Mozilla/5.0 (Windows NT 10.0; Win64; x64) AppleWebKit/537.36 (KHTML, like Gecko) Chrome/80.0.3987.116 Safari/537.36 0.006
0:0:0:0:0:0:0:1 - - [29/Feb/2020:20:25:35 -0500] GET /api/am/publisher/v1.0/apis?limit=10&offset=0 HTTP/1.1 200 1675 https://localhost:9443/publisher/apis Mozilla/5.0 (Windows NT 10.0; Win64; x64) AppleWebKit/537.36 (KHTML, like Gecko) Chrome/80.0.3987.116 Safari/537.36 0.146
0:0:0:0:0:0:0:1 - - [29/Feb/2020:20:25:35 -0500] GET /api/am/publisher/v1.0/apis/cc689bc4-e79b-4af0-b018-3e5e86fb743a/thumbnail HTTP/1.1 200 74 https://localhost:9443/publisher/apis Mozilla/5.0 (Windows NT 10.0; Win64; x64) AppleWebKit/537.36 (KHTML, like Gecko) Chrome/80.0.3987.116 Safari/537.36 0.014
0:0:0:0:0:0:0:1 - - [29/Feb/2020:20:25:35 -0500] GET /api/am/publisher/v1.0/apis/85885425-2230-48bf-a1a7-5e441c365e17/thumbnail HTTP/1.1 200 73 https://localhost:9443/publisher/apis Mozilla/5.0 (Windows NT 10.0; Win64; x64) AppleWebKit/537.36 (KHTML, like Gecko) Chrome/80.0.3987.116 Safari/537.36 0.016
0:0:0:0:0:0:0:1 - - [29/Feb/2020:20:25:35 -0500] GET /api/am/publisher/v1.0/apis/2a3811af-0ada-4c74-ac63-c65d42cf82ca/thumbnail HTTP/1.1 200 74 https://localhost:9443/publisher/apis Mozilla/5.0 (Windows NT 10.0; Win64; x64) AppleWebKit/537.36 (KHTML, like Gecko) Chrome/80.0.3987.116 Safari/537.36 0.021
0:0:0:0:0:0:0:1 - - [29/Feb/2020:20:25:35 -0500] GET /api/am/publisher/v1.0/apis/304ad494-308a-479b-ae7a-5ac64beffe60/thumbnail HTTP/1.1 200 77 https://localhost:9443/publisher/apis Mozilla/5.0 (Windows NT 10.0; Win64; x64) AppleWebKit/537.36 (KHTML, like Gecko) Chrome/80.0.3987.116 Safari/537.36 0.020
0:0:0:0:0:0:0:1 - - [29/Feb/2020:20:25:35 -0500] GET /api/am/publisher/v1.0/apis/bacd087f-16bd-439b-ab64-d3077a078910/thumbnail HTTP/1.1 200 74 https://localhost:9443/publisher/apis Mozilla/5.0 (Windows NT 10.0; Win64; x64) AppleWebKit/537.36 (KHTML, like Gecko) Chrome/80.0.3987.116 Safari/537.36 0.031
0:0:0:0:0:0:0:1 - - [29/Feb/2020:20:25:35 -0500] GET /api/am/publisher/v1.0/apis/41940dae-cce1-4b33-93fd-37f274deb5db/thumbnail HTTP/1.1 200 74 https://localhost:9443/publisher/apis Mozilla/5.0 (Windows NT 10.0; Win64; x64) AppleWebKit/537.36 (KHTML, like Gecko) Chrome/80.0.3987.116 Safari/537.36 0.026
0:0:0:0:0:0:0:1 - - [29/Feb/2020:20:25:36 -0500] GET /api/am/publisher/v1.0/api-products?limit=10&offset=0 HTTP/1.1 200 103 https://localhost:9443/publisher/api-products Mozilla/5.0 (Windows NT 10.0; Win64; x64) AppleWebKit/537.36 (KHTML, like Gecko) Chrome/80.0.3987.116 Safari/537.36 0.018
0:0:0:0:0:0:0:1 - - [29/Feb/2020:20:25:36 -0500] GET /publisher/site/public/images/_favicon.ico HTTP/1.1 200 1150 https://localhost:9443/publisher/api-products Mozilla/5.0 (Windows NT 10.0; Win64; x64) AppleWebKit/537.36 (KHTML, like Gecko) Chrome/80.0.3987.116 Safari/537.36 0.008
0:0:0:0:0:0:0:1 - - [29/Feb/2020:20:25:39 -0500] GET /publisher/site/public/images/_favicon.ico HTTP/1.1 200 1150 https://localhost:9443/publisher/api-products/create Mozilla/5.0 (Windows NT 10.0; Win64; x64) AppleWebKit/537.36 (KHTML, like Gecko) Chrome/80.0.3987.116 Safari/537.36 0.002
0:0:0:0:0:0:0:1 - - [29/Feb/2020:20:25:39 -0500] GET /api/am/publisher/v1.0/throttling-policies/subscription?limit=25&offset=0 HTTP/1.1 200 1120 https://localhost:9443/publisher/api-products/create Mozilla/5.0 (Windows NT 10.0; Win64; x64) AppleWebKit/537.36 (KHTML, like Gecko) Chrome/80.0.3987.116 Safari/537.36 0.178
0:0:0:0:0:0:0:1 - - [29/Feb/2020:20:25:48 -0500] GET /publisher/site/public/images/_favicon.ico HTTP/1.1 200 1150 https://localhost:9443/publisher/apis Mozilla/5.0 (Windows NT 10.0; Win64; x64) AppleWebKit/537.36 (KHTML, like Gecko) Chrome/80.0.3987.116 Safari/537.36 0.003
0:0:0:0:0:0:0:1 - - [29/Feb/2020:20:25:48 -0500] GET /api/am/publisher/v1.0/apis?limit=10&offset=0 HTTP/1.1 200 1675 https://localhost:9443/publisher/apis Mozilla/5.0 (Windows NT 10.0; Win64; x64) AppleWebKit/537.36 (KHTML, like Gecko) Chrome/80.0.3987.116 Safari/537.36 0.096
0:0:0:0:0:0:0:1 - - [29/Feb/2020:20:25:48 -0500] GET /api/am/publisher/v1.0/apis/cc689bc4-e79b-4af0-b018-3e5e86fb743a/thumbnail HTTP/1.1 200 74 https://localhost:9443/publisher/apis Mozilla/5.0 (Windows NT 10.0; Win64; x64) AppleWebKit/537.36 (KHTML, like Gecko) Chrome/80.0.3987.116 Safari/537.36 0.022
0:0:0:0:0:0:0:1 - - [29/Feb/2020:20:25:48 -0500] GET /api/am/publisher/v1.0/apis/85885425-2230-48bf-a1a7-5e441c365e17/thumbnail HTTP/1.1 200 73 https://localhost:9443/publisher/apis Mozilla/5.0 (Windows NT 10.0; Win64; x64) AppleWebKit/537.36 (KHTML, like Gecko) Chrome/80.0.3987.116 Safari/537.36 0.019
0:0:0:0:0:0:0:1 - - [29/Feb/2020:20:25:48 -0500] GET /api/am/publisher/v1.0/apis/304ad494-308a-479b-ae7a-5ac64beffe60/thumbnail HTTP/1.1 200 77 https://localhost:9443/publisher/apis Mozilla/5.0 (Windows NT 10.0; Win64; x64) AppleWebKit/537.36 (KHTML, like Gecko) Chrome/80.0.3987.116 Safari/537.36 0.016
0:0:0:0:0:0:0:1 - - [29/Feb/2020:20:25:48 -0500] GET /api/am/publisher/v1.0/apis/bacd087f-16bd-439b-ab64-d3077a078910/thumbnail HTTP/1.1 200 74 https://localhost:9443/publisher/apis Mozilla/5.0 (Windows NT 10.0; Win64; x64) AppleWebKit/537.36 (KHTML, like Gecko) Chrome/80.0.3987.116 Safari/537.36 0.027
0:0:0:0:0:0:0:1 - - [29/Feb/2020:20:25:48 -0500] GET /api/am/publisher/v1.0/apis/2a3811af-0ada-4c74-ac63-c65d42cf82ca/thumbnail HTTP/1.1 200 74 https://localhost:9443/publisher/apis Mozilla/5.0 (Windows NT 10.0; Win64; x64) AppleWebKit/537.36 (KHTML, like Gecko) Chrome/80.0.3987.116 Safari/537.36 0.038
0:0:0:0:0:0:0:1 - - [29/Feb/2020:20:25:48 -0500] GET /api/am/publisher/v1.0/apis/41940dae-cce1-4b33-93fd-37f274deb5db/thumbnail HTTP/1.1 200 74 https://localhost:9443/publisher/apis Mozilla/5.0 (Windows NT 10.0; Win64; x64) AppleWebKit/537.36 (KHTML, like Gecko) Chrome/80.0.3987.116 Safari/537.36 0.017
0:0:0:0:0:0:0:1 - - [29/Feb/2020:20:25:58 -0500] GET /publisher/site/public/images/_favicon.ico HTTP/1.1 200 1150 https://localhost:9443/publisher/apis Mozilla/5.0 (Windows NT 10.0; Win64; x64) AppleWebKit/537.36 (KHTML, like Gecko) Chrome/80.0.3987.116 Safari/537.36 0.004
0:0:0:0:0:0:0:1 - - [29/Feb/2020:20:25:58 -0500] GET /publisher/site/public/images/_favicon.ico HTTP/1.1 200 1150 https://localhost:9443/publisher/apis Mozilla/5.0 (Windows NT 10.0; Win64; x64) AppleWebKit/537.36 (KHTML, like Gecko) Chrome/80.0.3987.116 Safari/537.36 0.003
0:0:0:0:0:0:0:1 - - [29/Feb/2020:20:25:58 -0500] GET /api/am/publisher/v1.0/apis?limit=10&offset=0 HTTP/1.1 200 1675 https://localhost:9443/publisher/apis Mozilla/5.0 (Windows NT 10.0; Win64; x64) AppleWebKit/537.36 (KHTML, like Gecko) Chrome/80.0.3987.116 Safari/537.36 0.135
0:0:0:0:0:0:0:1 - - [29/Feb/2020:20:25:58 -0500] GET /api/am/publisher/v1.0/apis/304ad494-308a-479b-ae7a-5ac64beffe60/thumbnail HTTP/1.1 200 77 https://localhost:9443/publisher/apis Mozilla/5.0 (Windows NT 10.0; Win64; x64) AppleWebKit/537.36 (KHTML, like Gecko) Chrome/80.0.3987.116 Safari/537.36 0.027
0:0:0:0:0:0:0:1 - - [29/Feb/2020:20:25:58 -0500] GET /api/am/publisher/v1.0/apis/cc689bc4-e79b-4af0-b018-3e5e86fb743a/thumbnail HTTP/1.1 200 74 https://localhost:9443/publisher/apis Mozilla/5.0 (Windows NT 10.0; Win64; x64) AppleWebKit/537.36 (KHTML, like Gecko) Chrome/80.0.3987.116 Safari/537.36 0.042
0:0:0:0:0:0:0:1 - - [29/Feb/2020:20:25:58 -0500] GET /api/am/publisher/v1.0/apis/2a3811af-0ada-4c74-ac63-c65d42cf82ca/thumbnail HTTP/1.1 200 74 https://localhost:9443/publisher/apis Mozilla/5.0 (Windows NT 10.0; Win64; x64) AppleWebKit/537.36 (KHTML, like Gecko) Chrome/80.0.3987.116 Safari/537.36 0.041
0:0:0:0:0:0:0:1 - - [29/Feb/2020:20:25:58 -0500] GET /api/am/publisher/v1.0/apis/bacd087f-16bd-439b-ab64-d3077a078910/thumbnail HTTP/1.1 200 74 https://localhost:9443/publisher/apis Mozilla/5.0 (Windows NT 10.0; Win64; x64) AppleWebKit/537.36 (KHTML, like Gecko) Chrome/80.0.3987.116 Safari/537.36 0.044
0:0:0:0:0:0:0:1 - - [29/Feb/2020:20:25:58 -0500] GET /api/am/publisher/v1.0/apis/85885425-2230-48bf-a1a7-5e441c365e17/thumbnail HTTP/1.1 200 73 https://localhost:9443/publisher/apis Mozilla/5.0 (Windows NT 10.0; Win64; x64) AppleWebKit/537.36 (KHTML, like Gecko) Chrome/80.0.3987.116 Safari/537.36 0.066
0:0:0:0:0:0:0:1 - - [29/Feb/2020:20:25:58 -0500] GET /api/am/publisher/v1.0/apis/41940dae-cce1-4b33-93fd-37f274deb5db/thumbnail HTTP/1.1 200 74 https://localhost:9443/publisher/apis Mozilla/5.0 (Windows NT 10.0; Win64; x64) AppleWebKit/537.36 (KHTML, like Gecko) Chrome/80.0.3987.116 Safari/537.36 0.026
0:0:0:0:0:0:0:1 - - [29/Feb/2020:20:26:03 -0500] GET /devportal/site/public/images/_favicon.ico HTTP/1.1 200 1150 https://localhost:9443/devportal/apis Mozilla/5.0 (Windows NT 10.0; Win64; x64) AppleWebKit/537.36 (KHTML, like Gecko) Chrome/80.0.3987.116 Safari/537.36 0.028
0:0:0:0:0:0:0:1 - - [29/Feb/2020:20:26:03 -0500] GET /devportal/site/public/images/_favicon.ico HTTP/1.1 200 1150 https://localhost:9443/devportal/apis Mozilla/5.0 (Windows NT 10.0; Win64; x64) AppleWebKit/537.36 (KHTML, like Gecko) Chrome/80.0.3987.116 Safari/537.36 0.006
0:0:0:0:0:0:0:1 - - [29/Feb/2020:20:26:05 -0500] GET /api/am/store/v1.0/tags?limit=25&offset=0 HTTP/1.1 200 103 https://localhost:9443/devportal/apis Mozilla/5.0 (Windows NT 10.0; Win64; x64) AppleWebKit/537.36 (KHTML, like Gecko) Chrome/80.0.3987.116 Safari/537.36 2.142
0:0:0:0:0:0:0:1 - - [29/Feb/2020:20:26:05 -0500] GET /api/am/store/v1.0/apis?limit=10&offset=0 HTTP/1.1 200 3115 https://localhost:9443/devportal/apis Mozilla/5.0 (Windows NT 10.0; Win64; x64) AppleWebKit/537.36 (KHTML, like Gecko) Chrome/80.0.3987.116 Safari/537.36 2.168
0:0:0:0:0:0:0:1 - - [29/Feb/2020:20:26:05 -0500] GET /api/am/store/v1.0/apis/41940dae-cce1-4b33-93fd-37f274deb5db/thumbnail HTTP/1.1 200 74 https://localhost:9443/devportal/apis Mozilla/5.0 (Windows NT 10.0; Win64; x64) AppleWebKit/537.36 (KHTML, like Gecko) Chrome/80.0.3987.116 Safari/537.36 0.107
0:0:0:0:0:0:0:1 - - [29/Feb/2020:20:26:05 -0500] GET /api/am/store/v1.0/apis/2a3811af-0ada-4c74-ac63-c65d42cf82ca/thumbnail HTTP/1.1 200 74 https://localhost:9443/devportal/apis Mozilla/5.0 (Windows NT 10.0; Win64; x64) AppleWebKit/537.36 (KHTML, like Gecko) Chrome/80.0.3987.116 Safari/537.36 0.185
0:0:0:0:0:0:0:1 - - [29/Feb/2020:20:26:05 -0500] GET /api/am/store/v1.0/apis/304ad494-308a-479b-ae7a-5ac64beffe60/thumbnail HTTP/1.1 200 77 https://localhost:9443/devportal/apis Mozilla/5.0 (Windows NT 10.0; Win64; x64) AppleWebKit/537.36 (KHTML, like Gecko) Chrome/80.0.3987.116 Safari/537.36 0.233
0:0:0:0:0:0:0:1 - - [29/Feb/2020:20:26:05 -0500] GET /api/am/store/v1.0/apis/cc689bc4-e79b-4af0-b018-3e5e86fb743a/thumbnail HTTP/1.1 200 74 https://localhost:9443/devportal/apis Mozilla/5.0 (Windows NT 10.0; Win64; x64) AppleWebKit/537.36 (KHTML, like Gecko) Chrome/80.0.3987.116 Safari/537.36 0.222
0:0:0:0:0:0:0:1 - - [29/Feb/2020:20:26:05 -0500] GET /api/am/store/v1.0/apis/bacd087f-16bd-439b-ab64-d3077a078910/thumbnail HTTP/1.1 200 74 https://localhost:9443/devportal/apis Mozilla/5.0 (Windows NT 10.0; Win64; x64) AppleWebKit/537.36 (KHTML, like Gecko) Chrome/80.0.3987.116 Safari/537.36 0.245
0:0:0:0:0:0:0:1 - - [29/Feb/2020:20:26:05 -0500] GET /api/am/store/v1.0/apis/85885425-2230-48bf-a1a7-5e441c365e17/thumbnail HTTP/1.1 200 73 https://localhost:9443/devportal/apis Mozilla/5.0 (Windows NT 10.0; Win64; x64) AppleWebKit/537.36 (KHTML, like Gecko) Chrome/80.0.3987.116 Safari/537.36 0.283
0:0:0:0:0:0:0:1 - - [29/Feb/2020:20:26:10 -0500] GET /devportal/site/public/images/_favicon.ico HTTP/1.1 200 1150 https://localhost:9443/devportal/apis/85885425-2230-48bf-a1a7-5e441c365e17 Mozilla/5.0 (Windows NT 10.0; Win64; x64) AppleWebKit/537.36 (KHTML, like Gecko) Chrome/80.0.3987.116 Safari/537.36 0.007
0:0:0:0:0:0:0:1 - - [29/Feb/2020:20:26:11 -0500] GET /api/am/store/v1.0/apis/85885425-2230-48bf-a1a7-5e441c365e17 HTTP/1.1 200 2530 https://localhost:9443/devportal/apis/85885425-2230-48bf-a1a7-5e441c365e17 Mozilla/5.0 (Windows NT 10.0; Win64; x64) AppleWebKit/537.36 (KHTML, like Gecko) Chrome/80.0.3987.116 Safari/537.36 0.229
0:0:0:0:0:0:0:1 - - [29/Feb/2020:20:26:11 -0500] GET /devportal/site/public/dist/Comments.bundle.js HTTP/1.1 200 45629 https://localhost:9443/devportal/apis/85885425-2230-48bf-a1a7-5e441c365e17 Mozilla/5.0 (Windows NT 10.0; Win64; x64) AppleWebKit/537.36 (KHTML, like Gecko) Chrome/80.0.3987.116 Safari/537.36 0.314
0:0:0:0:0:0:0:1 - - [29/Feb/2020:20:26:11 -0500] GET /api/am/store/v1.0/apis/85885425-2230-48bf-a1a7-5e441c365e17/thumbnail HTTP/1.1 200 73 https://localhost:9443/devportal/apis/85885425-2230-48bf-a1a7-5e441c365e17 Mozilla/5.0 (Windows NT 10.0; Win64; x64) AppleWebKit/537.36 (KHTML, like Gecko) Chrome/80.0.3987.116 Safari/537.36 0.048
0:0:0:0:0:0:0:1 - - [29/Feb/2020:20:26:11 -0500] GET /devportal/site/public/dist/ApiConsole.bundle.js HTTP/1.1 200 19889 https://localhost:9443/devportal/apis/85885425-2230-48bf-a1a7-5e441c365e17 Mozilla/5.0 (Windows NT 10.0; Win64; x64) AppleWebKit/537.36 (KHTML, like Gecko) Chrome/80.0.3987.116 Safari/537.36 0.467
0:0:0:0:0:0:0:1 - - [29/Feb/2020:20:26:11 -0500] GET /devportal/site/public/dist/Documentation.bundle.js HTTP/1.1 200 21429 https://localhost:9443/devportal/apis/85885425-2230-48bf-a1a7-5e441c365e17 Mozilla/5.0 (Windows NT 10.0; Win64; x64) AppleWebKit/537.36 (KHTML, like Gecko) Chrome/80.0.3987.116 Safari/537.36 0.470
0:0:0:0:0:0:0:1 - - [29/Feb/2020:20:26:11 -0500] GET /devportal/site/public/dist/Credentials.bundle.js HTTP/1.1 200 20278 https://localhost:9443/devportal/apis/85885425-2230-48bf-a1a7-5e441c365e17 Mozilla/5.0 (Windows NT 10.0; Win64; x64) AppleWebKit/537.36 (KHTML, like Gecko) Chrome/80.0.3987.116 Safari/537.36 0.131
0:0:0:0:0:0:0:1 - - [29/Feb/2020:20:26:11 -0500] GET /devportal/site/public/dist/Overview.bundle.js HTTP/1.1 200 37193 https://localhost:9443/devportal/apis/85885425-2230-48bf-a1a7-5e441c365e17 Mozilla/5.0 (Windows NT 10.0; Win64; x64) AppleWebKit/537.36 (KHTML, like Gecko) Chrome/80.0.3987.116 Safari/537.36 0.504
0:0:0:0:0:0:0:1 - - [29/Feb/2020:20:26:11 -0500] GET /devportal/site/public/dist/Sdk.bundle.js HTTP/1.1 200 11384 https://localhost:9443/devportal/apis/85885425-2230-48bf-a1a7-5e441c365e17 Mozilla/5.0 (Windows NT 10.0; Win64; x64) AppleWebKit/537.36 (KHTML, like Gecko) Chrome/80.0.3987.116 Safari/537.36 0.053
0:0:0:0:0:0:0:1 - - [29/Feb/2020:20:26:11 -0500] GET /devportal/site/public/dist/vendors~Documentation~Overview.bundle.js HTTP/1.1 200 137752 https://localhost:9443/devportal/apis/85885425-2230-48bf-a1a7-5e441c365e17 Mozilla/5.0 (Windows NT 10.0; Win64; x64) AppleWebKit/537.36 (KHTML, like Gecko) Chrome/80.0.3987.116 Safari/537.36 0.601
0:0:0:0:0:0:0:1 - - [29/Feb/2020:20:26:13 -0500] GET /devportal/site/public/dist/vendors~ApiConsole.bundle.js HTTP/1.1 200 1898211 https://localhost:9443/devportal/apis/85885425-2230-48bf-a1a7-5e441c365e17 Mozilla/5.0 (Windows NT 10.0; Win64; x64) AppleWebKit/537.36 (KHTML, like Gecko) Chrome/80.0.3987.116 Safari/537.36 2.009
0:0:0:0:0:0:0:1 - - [29/Feb/2020:20:26:13 -0500] GET /devportal/site/public/images/_favicon.ico HTTP/1.1 200 1150 https://localhost:9443/devportal/apis/85885425-2230-48bf-a1a7-5e441c365e17/overview Mozilla/5.0 (Windows NT 10.0; Win64; x64) AppleWebKit/537.36 (KHTML, like Gecko) Chrome/80.0.3987.116 Safari/537.36 0.005
0:0:0:0:0:0:0:1 - - [29/Feb/2020:20:26:14 -0500] GET /api/am/store/v1.0/apis/85885425-2230-48bf-a1a7-5e441c365e17/documents?limit=25&offset=0 HTTP/1.1 200 103 https://localhost:9443/devportal/apis/85885425-2230-48bf-a1a7-5e441c365e17/overview Mozilla/5.0 (Windows NT 10.0; Win64; x64) AppleWebKit/537.36 (KHTML, like Gecko) Chrome/80.0.3987.116 Safari/537.36 0.080
0:0:0:0:0:0:0:1 - - [29/Feb/2020:20:26:14 -0500] GET /api/am/store/v1.0/apis/85885425-2230-48bf-a1a7-5e441c365e17/documents?limit=25&offset=0 HTTP/1.1 200 103 https://localhost:9443/devportal/apis/85885425-2230-48bf-a1a7-5e441c365e17/overview Mozilla/5.0 (Windows NT 10.0; Win64; x64) AppleWebKit/537.36 (KHTML, like Gecko) Chrome/80.0.3987.116 Safari/537.36 0.031
0:0:0:0:0:0:0:1 - - [29/Feb/2020:20:26:14 -0500] GET /api/am/store/v1.0/apis/85885425-2230-48bf-a1a7-5e441c365e17/swagger HTTP/1.1 200 1265 https://localhost:9443/devportal/apis/85885425-2230-48bf-a1a7-5e441c365e17/overview Mozilla/5.0 (Windows NT 10.0; Win64; x64) AppleWebKit/537.36 (KHTML, like Gecko) Chrome/80.0.3987.116 Safari/537.36 0.275
0:0:0:0:0:0:0:1 - - [29/Feb/2020:20:26:14 -0500] GET /api/am/store/v1.0/apis/85885425-2230-48bf-a1a7-5e441c365e17/comments?limit=25&offset=0 HTTP/1.1 201 50 https://localhost:9443/devportal/apis/85885425-2230-48bf-a1a7-5e441c365e17/overview Mozilla/5.0 (Windows NT 10.0; Win64; x64) AppleWebKit/537.36 (KHTML, like Gecko) Chrome/80.0.3987.116 Safari/537.36 0.210
0:0:0:0:0:0:0:1 - - [29/Feb/2020:20:26:14 -0500] GET /devportal/site/public/images/overview/documents.svg HTTP/1.1 200 1199064 https://localhost:9443/devportal/ Mozilla/5.0 (Windows NT 10.0; Win64; x64) AppleWebKit/537.36 (KHTML, like Gecko) Chrome/80.0.3987.116 Safari/537.36 0.368
0:0:0:0:0:0:0:1 - - [29/Feb/2020:20:26:14 -0500] GET /devportal/site/public/images/overview/comments.svg HTTP/1.1 200 1201417 https://localhost:9443/devportal/ Mozilla/5.0 (Windows NT 10.0; Win64; x64) AppleWebKit/537.36 (KHTML, like Gecko) Chrome/80.0.3987.116 Safari/537.36 0.383
0:0:0:0:0:0:0:1 - - [29/Feb/2020:20:26:57 -0500] GET /api/am/store/v1.0/tags?limit=25&offset=0 HTTP/1.1 200 103 https://localhost:9443/devportal/apis Mozilla/5.0 (Windows NT 10.0; Win64; x64) AppleWebKit/537.36 (KHTML, like Gecko) Chrome/80.0.3987.116 Safari/537.36 0.029
0:0:0:0:0:0:0:1 - - [29/Feb/2020:20:26:57 -0500] GET /api/am/store/v1.0/apis?limit=10&offset=0 HTTP/1.1 200 3115 https://localhost:9443/devportal/apis Mozilla/5.0 (Windows NT 10.0; Win64; x64) AppleWebKit/537.36 (KHTML, like Gecko) Chrome/80.0.3987.116 Safari/537.36 0.075
0:0:0:0:0:0:0:1 - - [29/Feb/2020:20:26:57 -0500] GET /devportal/site/public/images/_favicon.ico HTTP/1.1 200 1150 https://localhost:9443/devportal/apis Mozilla/5.0 (Windows NT 10.0; Win64; x64) AppleWebKit/537.36 (KHTML, like Gecko) Chrome/80.0.3987.116 Safari/537.36 0.004
0:0:0:0:0:0:0:1 - - [29/Feb/2020:20:26:57 -0500] GET /api/am/store/v1.0/apis/85885425-2230-48bf-a1a7-5e441c365e17/thumbnail HTTP/1.1 200 73 https://localhost:9443/devportal/apis Mozilla/5.0 (Windows NT 10.0; Win64; x64) AppleWebKit/537.36 (KHTML, like Gecko) Chrome/80.0.3987.116 Safari/537.36 0.017
0:0:0:0:0:0:0:1 - - [29/Feb/2020:20:26:57 -0500] GET /api/am/store/v1.0/apis/bacd087f-16bd-439b-ab64-d3077a078910/thumbnail HTTP/1.1 200 74 https://localhost:9443/devportal/apis Mozilla/5.0 (Windows NT 10.0; Win64; x64) AppleWebKit/537.36 (KHTML, like Gecko) Chrome/80.0.3987.116 Safari/537.36 0.018
0:0:0:0:0:0:0:1 - - [29/Feb/2020:20:26:57 -0500] GET /api/am/store/v1.0/apis/304ad494-308a-479b-ae7a-5ac64beffe60/thumbnail HTTP/1.1 200 77 https://localhost:9443/devportal/apis Mozilla/5.0 (Windows NT 10.0; Win64; x64) AppleWebKit/537.36 (KHTML, like Gecko) Chrome/80.0.3987.116 Safari/537.36 0.034
0:0:0:0:0:0:0:1 - - [29/Feb/2020:20:26:57 -0500] GET /api/am/store/v1.0/apis/cc689bc4-e79b-4af0-b018-3e5e86fb743a/thumbnail HTTP/1.1 200 74 https://localhost:9443/devportal/apis Mozilla/5.0 (Windows NT 10.0; Win64; x64) AppleWebKit/537.36 (KHTML, like Gecko) Chrome/80.0.3987.116 Safari/537.36 0.042
0:0:0:0:0:0:0:1 - - [29/Feb/2020:20:26:57 -0500] GET /api/am/store/v1.0/apis/41940dae-cce1-4b33-93fd-37f274deb5db/thumbnail HTTP/1.1 200 74 https://localhost:9443/devportal/apis Mozilla/5.0 (Windows NT 10.0; Win64; x64) AppleWebKit/537.36 (KHTML, like Gecko) Chrome/80.0.3987.116 Safari/537.36 0.031
0:0:0:0:0:0:0:1 - - [29/Feb/2020:20:26:57 -0500] GET /devportal/site/public/images/_favicon.ico HTTP/1.1 200 1150 https://localhost:9443/devportal/apis Mozilla/5.0 (Windows NT 10.0; Win64; x64) AppleWebKit/537.36 (KHTML, like Gecko) Chrome/80.0.3987.116 Safari/537.36 0.002
0:0:0:0:0:0:0:1 - - [29/Feb/2020:20:26:57 -0500] GET /api/am/store/v1.0/apis/2a3811af-0ada-4c74-ac63-c65d42cf82ca/thumbnail HTTP/1.1 200 74 https://localhost:9443/devportal/apis Mozilla/5.0 (Windows NT 10.0; Win64; x64) AppleWebKit/537.36 (KHTML, like Gecko) Chrome/80.0.3987.116 Safari/537.36 0.014
127.0.0.1 - - [29/Feb/2020:23:30:10 -0500] POST /oauth2/token HTTP/1.1 200 2413 - Synapse-PT-HttpComponents-NIO 0.125
