127.0.0.1 - - [01/Mar/2020:00:40:35 -0500] POST /oauth2/token HTTP/1.1 200 2413 - Synapse-PT-HttpComponents-NIO 0.160
127.0.0.1 - - [01/Mar/2020:01:42:36 -0500] POST /oauth2/token HTTP/1.1 200 2413 - Synapse-PT-HttpComponents-NIO 0.211
127.0.0.1 - - [01/Mar/2020:02:52:43 -0500] POST /oauth2/token HTTP/1.1 200 2413 - Synapse-PT-HttpComponents-NIO 0.117
127.0.0.1 - - [01/Mar/2020:10:03:12 -0500] POST /oauth2/token HTTP/1.1 200 2413 - Synapse-PT-HttpComponents-NIO 0.763
0:0:0:0:0:0:0:1 - - [01/Mar/2020:12:03:34 -0500] GET /publisher/apis HTTP/1.1 200 1863 https://localhost:9443/publisher/ Mozilla/5.0 (Windows NT 10.0; Win64; x64) AppleWebKit/537.36 (KHTML, like Gecko) Chrome/80.0.3987.116 Safari/537.36 0.232
0:0:0:0:0:0:0:1 - - [01/Mar/2020:12:03:35 -0500] GET /publisher/site/public/css/main.css HTTP/1.1 200 1119 https://localhost:9443/publisher/apis Mozilla/5.0 (Windows NT 10.0; Win64; x64) AppleWebKit/537.36 (KHTML, like Gecko) Chrome/80.0.3987.116 Safari/537.36 0.200
0:0:0:0:0:0:0:1 - - [01/Mar/2020:12:03:35 -0500] GET /publisher/site/public/theme/defaultTheme.js HTTP/1.1 200 1666 https://localhost:9443/publisher/apis Mozilla/5.0 (Windows NT 10.0; Win64; x64) AppleWebKit/537.36 (KHTML, like Gecko) Chrome/80.0.3987.116 Safari/537.36 0.003
0:0:0:0:0:0:0:1 - - [01/Mar/2020:12:03:35 -0500] GET /publisher/site/public/fonts/iconfont/material-icons.css HTTP/1.1 200 970 https://localhost:9443/publisher/apis Mozilla/5.0 (Windows NT 10.0; Win64; x64) AppleWebKit/537.36 (KHTML, like Gecko) Chrome/80.0.3987.116 Safari/537.36 0.035
0:0:0:0:0:0:0:1 - - [01/Mar/2020:12:03:35 -0500] GET /publisher/site/public/css/draftjs.css HTTP/1.1 200 2643 https://localhost:9443/publisher/apis Mozilla/5.0 (Windows NT 10.0; Win64; x64) AppleWebKit/537.36 (KHTML, like Gecko) Chrome/80.0.3987.116 Safari/537.36 0.151
0:0:0:0:0:0:0:1 - - [01/Mar/2020:12:03:35 -0500] GET /publisher/site/public/fonts/iconfont/MaterialIcons.js HTTP/1.1 200 6703 https://localhost:9443/publisher/apis Mozilla/5.0 (Windows NT 10.0; Win64; x64) AppleWebKit/537.36 (KHTML, like Gecko) Chrome/80.0.3987.116 Safari/537.36 0.181
0:0:0:0:0:0:0:1 - - [01/Mar/2020:12:03:36 -0500] GET /publisher/site/public/dist/index.bundle.js HTTP/1.1 200 1251729 https://localhost:9443/publisher/apis Mozilla/5.0 (Windows NT 10.0; Win64; x64) AppleWebKit/537.36 (KHTML, like Gecko) Chrome/80.0.3987.116 Safari/537.36 1.564
0:0:0:0:0:0:0:1 - - [01/Mar/2020:12:03:37 -0500] GET /publisher/site/public/locales/es.json HTTP/1.1 404 - https://localhost:9443/publisher/apis Mozilla/5.0 (Windows NT 10.0; Win64; x64) AppleWebKit/537.36 (KHTML, like Gecko) Chrome/80.0.3987.116 Safari/537.36 0.004
0:0:0:0:0:0:0:1 - - [01/Mar/2020:12:03:37 -0500] GET /api/am/publisher/v1.0/swagger.yaml HTTP/1.1 200 394752 https://localhost:9443/publisher/apis Mozilla/5.0 (Windows NT 10.0; Win64; x64) AppleWebKit/537.36 (KHTML, like Gecko) Chrome/80.0.3987.116 Safari/537.36 0.049
0:0:0:0:0:0:0:1 - - [01/Mar/2020:12:03:38 -0500] GET /publisher/site/public/images/_favicon.ico HTTP/1.1 200 1150 https://localhost:9443/publisher/apis Mozilla/5.0 (Windows NT 10.0; Win64; x64) AppleWebKit/537.36 (KHTML, like Gecko) Chrome/80.0.3987.116 Safari/537.36 0.003
0:0:0:0:0:0:0:1 - - [01/Mar/2020:12:03:38 -0500] GET /publisher/site/public/images/favicon.ico HTTP/1.1 200 162098 https://localhost:9443/publisher/apis Mozilla/5.0 (Windows NT 10.0; Win64; x64) AppleWebKit/537.36 (KHTML, like Gecko) Chrome/80.0.3987.116 Safari/537.36 0.042
127.0.0.1 - - [01/Mar/2020:12:03:39 -0500] POST /oauth2/token HTTP/1.1 400 85 - Jakarta Commons-HttpClient/3.1 0.034
0:0:0:0:0:0:0:1 - - [01/Mar/2020:12:03:39 -0500] POST /publisher/services/refresh/refresh.jag HTTP/1.1 500 81 https://localhost:9443/publisher/apis Mozilla/5.0 (Windows NT 10.0; Win64; x64) AppleWebKit/537.36 (KHTML, like Gecko) Chrome/80.0.3987.116 Safari/537.36 0.356
0:0:0:0:0:0:0:1 - - [01/Mar/2020:12:03:40 -0500] GET /api/am/publisher/v1.0/settings HTTP/1.1 401 101 https://localhost:9443/publisher/apis Mozilla/5.0 (Windows NT 10.0; Win64; x64) AppleWebKit/537.36 (KHTML, like Gecko) Chrome/80.0.3987.116 Safari/537.36 1.460
0:0:0:0:0:0:0:1 - - [01/Mar/2020:12:03:41 -0500] GET /publisher/services/auth/callback/logout HTTP/1.1 302 - https://localhost:9443/publisher/apis Mozilla/5.0 (Windows NT 10.0; Win64; x64) AppleWebKit/537.36 (KHTML, like Gecko) Chrome/80.0.3987.116 Safari/537.36 0.328
0:0:0:0:0:0:0:1 - - [01/Mar/2020:12:03:41 -0500] GET /publisher/logout HTTP/1.1 200 1863 https://localhost:9443/publisher/apis Mozilla/5.0 (Windows NT 10.0; Win64; x64) AppleWebKit/537.36 (KHTML, like Gecko) Chrome/80.0.3987.116 Safari/537.36 0.003
0:0:0:0:0:0:0:1 - - [01/Mar/2020:12:03:41 -0500] GET /publisher/site/public/locales/es.json HTTP/1.1 404 - https://localhost:9443/publisher/logout Mozilla/5.0 (Windows NT 10.0; Win64; x64) AppleWebKit/537.36 (KHTML, like Gecko) Chrome/80.0.3987.116 Safari/537.36 0.002
0:0:0:0:0:0:0:1 - - [01/Mar/2020:12:03:41 -0500] GET /api/am/publisher/v1.0/swagger.yaml HTTP/1.1 200 394752 https://localhost:9443/publisher/apis Mozilla/5.0 (Windows NT 10.0; Win64; x64) AppleWebKit/537.36 (KHTML, like Gecko) Chrome/80.0.3987.116 Safari/537.36 0.033
127.0.0.1 - - [01/Mar/2020:12:03:41 -0500] GET /api/am/publisher/v1.0/settings HTTP/1.1 200 726 - Jakarta Commons-HttpClient/3.1 0.520
0:0:0:0:0:0:0:1 - - [01/Mar/2020:12:03:41 -0500] GET /publisher/services/auth/login HTTP/1.1 302 - https://localhost:9443/publisher/apis Mozilla/5.0 (Windows NT 10.0; Win64; x64) AppleWebKit/537.36 (KHTML, like Gecko) Chrome/80.0.3987.116 Safari/537.36 0.625
0:0:0:0:0:0:0:1 - - [01/Mar/2020:12:03:42 -0500] GET /oauth2/authorize?response_type=code&client_id=9s4I5cIx9bv9VxHogQbG3ij8Pe0a&scope=apim:api_create%20apim:api_delete%20apim:api_publish%20apim:api_view%20apim:client_certificates_add%20apim:client_certificates_update%20apim:client_certificates_view%20apim:document_create%20apim:document_manage%20apim:ep_certificates_add%20apim:ep_certificates_update%20apim:ep_certificates_view%20apim:external_services_discover%20apim:mediation_policy_create%20apim:mediation_policy_manage%20apim:mediation_policy_view%20apim:pub_alert_manage%20apim:publisher_settings%20apim:subscription_block%20apim:subscription_view%20apim:threat_protection_policy_create%20apim:threat_protection_policy_manage%20openid&state=/apis&redirect_uri=https://localhost:9443/publisher/services/auth/callback/login HTTP/1.1 302 - https://localhost:9443/publisher/apis Mozilla/5.0 (Windows NT 10.0; Win64; x64) AppleWebKit/537.36 (KHTML, like Gecko) Chrome/80.0.3987.116 Safari/537.36 0.361
127.0.0.1 - - [01/Mar/2020:12:03:42 -0500] POST /oauth2/token HTTP/1.1 200 1630 - Jakarta Commons-HttpClient/3.1 0.098
0:0:0:0:0:0:0:1 - - [01/Mar/2020:12:03:42 -0500] GET /publisher/services/auth/callback/login?code=2b794c03-9bd6-3b14-969d-8ccb63777b1e&state=%2Fapis&session_state=e10ddcfa24511468f445ce30660969e809a12d8b2e501a43559f5565be747a4f.t696cI7s3fnor_KgATGmsw HTTP/1.1 302 - https://localhost:9443/publisher/apis Mozilla/5.0 (Windows NT 10.0; Win64; x64) AppleWebKit/537.36 (KHTML, like Gecko) Chrome/80.0.3987.116 Safari/537.36 0.185
0:0:0:0:0:0:0:1 - - [01/Mar/2020:12:03:42 -0500] GET /publisher/apis HTTP/1.1 200 1863 https://localhost:9443/publisher/apis Mozilla/5.0 (Windows NT 10.0; Win64; x64) AppleWebKit/537.36 (KHTML, like Gecko) Chrome/80.0.3987.116 Safari/537.36 0.007
0:0:0:0:0:0:0:1 - - [01/Mar/2020:12:03:43 -0500] GET /publisher/site/public/fonts/iconfont/material-icons.css HTTP/1.1 200 970 https://localhost:9443/publisher/apis Mozilla/5.0 (Windows NT 10.0; Win64; x64) AppleWebKit/537.36 (KHTML, like Gecko) Chrome/80.0.3987.116 Safari/537.36 0.003
0:0:0:0:0:0:0:1 - - [01/Mar/2020:12:03:43 -0500] GET /api/am/publisher/v1.0/settings HTTP/1.1 200 726 https://localhost:9443/publisher/apis Mozilla/5.0 (Windows NT 10.0; Win64; x64) AppleWebKit/537.36 (KHTML, like Gecko) Chrome/80.0.3987.116 Safari/537.36 0.284
0:0:0:0:0:0:0:1 - - [01/Mar/2020:12:03:43 -0500] GET /publisher/site/public/locales/es.json HTTP/1.1 404 - https://localhost:9443/publisher/apis Mozilla/5.0 (Windows NT 10.0; Win64; x64) AppleWebKit/537.36 (KHTML, like Gecko) Chrome/80.0.3987.116 Safari/537.36 0.003
127.0.0.1 - - [01/Mar/2020:12:03:44 -0500] GET /oauth2/userinfo HTTP/1.1 200 15 - Jakarta Commons-HttpClient/3.1 0.010
127.0.0.1 - - [01/Mar/2020:12:03:44 -0500] POST /oauth2/introspect HTTP/1.1 200 707 - Jakarta Commons-HttpClient/3.1 0.019
0:0:0:0:0:0:0:1 - - [01/Mar/2020:12:03:44 -0500] GET /publisher/services/auth/introspect HTTP/1.1 200 730 https://localhost:9443/publisher/apis Mozilla/5.0 (Windows NT 10.0; Win64; x64) AppleWebKit/537.36 (KHTML, like Gecko) Chrome/80.0.3987.116 Safari/537.36 0.117
0:0:0:0:0:0:0:1 - - [01/Mar/2020:12:03:44 -0500] GET /api/am/publisher/v1.0/swagger.yaml HTTP/1.1 200 394752 https://localhost:9443/publisher/apis Mozilla/5.0 (Windows NT 10.0; Win64; x64) AppleWebKit/537.36 (KHTML, like Gecko) Chrome/80.0.3987.116 Safari/537.36 0.035
0:0:0:0:0:0:0:1 - - [01/Mar/2020:12:03:45 -0500] GET /api/am/publisher/v1.0/settings HTTP/1.1 200 1011 https://localhost:9443/publisher/apis Mozilla/5.0 (Windows NT 10.0; Win64; x64) AppleWebKit/537.36 (KHTML, like Gecko) Chrome/80.0.3987.116 Safari/537.36 0.267
0:0:0:0:0:0:0:1 - - [01/Mar/2020:12:03:45 -0500] GET /publisher/site/public/images/logo.svg HTTP/1.1 200 18050 https://localhost:9443/publisher/apis Mozilla/5.0 (Windows NT 10.0; Win64; x64) AppleWebKit/537.36 (KHTML, like Gecko) Chrome/80.0.3987.116 Safari/537.36 0.004
0:0:0:0:0:0:0:1 - - [01/Mar/2020:12:03:45 -0500] GET /publisher/site/public/images/_favicon.ico HTTP/1.1 200 1150 https://localhost:9443/publisher/apis Mozilla/5.0 (Windows NT 10.0; Win64; x64) AppleWebKit/537.36 (KHTML, like Gecko) Chrome/80.0.3987.116 Safari/537.36 0.003
0:0:0:0:0:0:0:1 - - [01/Mar/2020:12:03:46 -0500] GET /api/am/publisher/v1.0/apis?limit=10&offset=0 HTTP/1.1 200 1675 https://localhost:9443/publisher/apis Mozilla/5.0 (Windows NT 10.0; Win64; x64) AppleWebKit/537.36 (KHTML, like Gecko) Chrome/80.0.3987.116 Safari/537.36 0.216
0:0:0:0:0:0:0:1 - - [01/Mar/2020:12:03:46 -0500] GET /publisher/site/public/fonts/Open_Sans/mem8YaGs126MiZpBA-UFVZ0bf8pkAg.woff2 HTTP/1.1 200 8892 https://localhost:9443/publisher/site/public/css/main.css Mozilla/5.0 (Windows NT 10.0; Win64; x64) AppleWebKit/537.36 (KHTML, like Gecko) Chrome/80.0.3987.116 Safari/537.36 0.027
0:0:0:0:0:0:0:1 - - [01/Mar/2020:12:03:46 -0500] GET /publisher/site/public/fonts/iconfont/MaterialIcons-Regular.woff2 HTTP/1.1 200 60840 https://localhost:9443/publisher/site/public/fonts/iconfont/material-icons.css Mozilla/5.0 (Windows NT 10.0; Win64; x64) AppleWebKit/537.36 (KHTML, like Gecko) Chrome/80.0.3987.116 Safari/537.36 0.110
0:0:0:0:0:0:0:1 - - [01/Mar/2020:12:03:46 -0500] GET /api/am/publisher/v1.0/apis/cc689bc4-e79b-4af0-b018-3e5e86fb743a/thumbnail HTTP/1.1 200 74 https://localhost:9443/publisher/apis Mozilla/5.0 (Windows NT 10.0; Win64; x64) AppleWebKit/537.36 (KHTML, like Gecko) Chrome/80.0.3987.116 Safari/537.36 0.038
0:0:0:0:0:0:0:1 - - [01/Mar/2020:12:03:46 -0500] GET /api/am/publisher/v1.0/apis/85885425-2230-48bf-a1a7-5e441c365e17/thumbnail HTTP/1.1 200 73 https://localhost:9443/publisher/apis Mozilla/5.0 (Windows NT 10.0; Win64; x64) AppleWebKit/537.36 (KHTML, like Gecko) Chrome/80.0.3987.116 Safari/537.36 0.023
0:0:0:0:0:0:0:1 - - [01/Mar/2020:12:03:46 -0500] GET /api/am/publisher/v1.0/apis/2a3811af-0ada-4c74-ac63-c65d42cf82ca/thumbnail HTTP/1.1 200 74 https://localhost:9443/publisher/apis Mozilla/5.0 (Windows NT 10.0; Win64; x64) AppleWebKit/537.36 (KHTML, like Gecko) Chrome/80.0.3987.116 Safari/537.36 0.019
0:0:0:0:0:0:0:1 - - [01/Mar/2020:12:03:46 -0500] GET /api/am/publisher/v1.0/apis/304ad494-308a-479b-ae7a-5ac64beffe60/thumbnail HTTP/1.1 200 77 https://localhost:9443/publisher/apis Mozilla/5.0 (Windows NT 10.0; Win64; x64) AppleWebKit/537.36 (KHTML, like Gecko) Chrome/80.0.3987.116 Safari/537.36 0.015
0:0:0:0:0:0:0:1 - - [01/Mar/2020:12:03:46 -0500] GET /api/am/publisher/v1.0/apis/bacd087f-16bd-439b-ab64-d3077a078910/thumbnail HTTP/1.1 200 74 https://localhost:9443/publisher/apis Mozilla/5.0 (Windows NT 10.0; Win64; x64) AppleWebKit/537.36 (KHTML, like Gecko) Chrome/80.0.3987.116 Safari/537.36 0.019
0:0:0:0:0:0:0:1 - - [01/Mar/2020:12:03:46 -0500] GET /api/am/publisher/v1.0/apis/41940dae-cce1-4b33-93fd-37f274deb5db/thumbnail HTTP/1.1 200 74 https://localhost:9443/publisher/apis Mozilla/5.0 (Windows NT 10.0; Win64; x64) AppleWebKit/537.36 (KHTML, like Gecko) Chrome/80.0.3987.116 Safari/537.36 0.022
0:0:0:0:0:0:0:1 - - [01/Mar/2020:12:03:49 -0500] GET /publisher/site/public/images/_favicon.ico HTTP/1.1 200 1150 https://localhost:9443/publisher/apis Mozilla/5.0 (Windows NT 10.0; Win64; x64) AppleWebKit/537.36 (KHTML, like Gecko) Chrome/80.0.3987.116 Safari/537.36 0.003
0:0:0:0:0:0:0:1 - - [01/Mar/2020:12:03:49 -0500] GET /api/am/publisher/v1.0/apis?limit=10&offset=0 HTTP/1.1 200 1675 https://localhost:9443/publisher/apis Mozilla/5.0 (Windows NT 10.0; Win64; x64) AppleWebKit/537.36 (KHTML, like Gecko) Chrome/80.0.3987.116 Safari/537.36 0.069
0:0:0:0:0:0:0:1 - - [01/Mar/2020:12:03:49 -0500] GET /api/am/publisher/v1.0/apis/85885425-2230-48bf-a1a7-5e441c365e17/thumbnail HTTP/1.1 200 73 https://localhost:9443/publisher/apis Mozilla/5.0 (Windows NT 10.0; Win64; x64) AppleWebKit/537.36 (KHTML, like Gecko) Chrome/80.0.3987.116 Safari/537.36 0.016
0:0:0:0:0:0:0:1 - - [01/Mar/2020:12:03:49 -0500] GET /api/am/publisher/v1.0/apis/cc689bc4-e79b-4af0-b018-3e5e86fb743a/thumbnail HTTP/1.1 200 74 https://localhost:9443/publisher/apis Mozilla/5.0 (Windows NT 10.0; Win64; x64) AppleWebKit/537.36 (KHTML, like Gecko) Chrome/80.0.3987.116 Safari/537.36 0.029
0:0:0:0:0:0:0:1 - - [01/Mar/2020:12:03:49 -0500] GET /api/am/publisher/v1.0/apis/304ad494-308a-479b-ae7a-5ac64beffe60/thumbnail HTTP/1.1 200 77 https://localhost:9443/publisher/apis Mozilla/5.0 (Windows NT 10.0; Win64; x64) AppleWebKit/537.36 (KHTML, like Gecko) Chrome/80.0.3987.116 Safari/537.36 0.019
0:0:0:0:0:0:0:1 - - [01/Mar/2020:12:03:49 -0500] GET /api/am/publisher/v1.0/apis/2a3811af-0ada-4c74-ac63-c65d42cf82ca/thumbnail HTTP/1.1 200 74 https://localhost:9443/publisher/apis Mozilla/5.0 (Windows NT 10.0; Win64; x64) AppleWebKit/537.36 (KHTML, like Gecko) Chrome/80.0.3987.116 Safari/537.36 0.028
0:0:0:0:0:0:0:1 - - [01/Mar/2020:12:03:49 -0500] GET /api/am/publisher/v1.0/apis/41940dae-cce1-4b33-93fd-37f274deb5db/thumbnail HTTP/1.1 200 74 https://localhost:9443/publisher/apis Mozilla/5.0 (Windows NT 10.0; Win64; x64) AppleWebKit/537.36 (KHTML, like Gecko) Chrome/80.0.3987.116 Safari/537.36 0.017
0:0:0:0:0:0:0:1 - - [01/Mar/2020:12:03:49 -0500] GET /api/am/publisher/v1.0/apis/bacd087f-16bd-439b-ab64-d3077a078910/thumbnail HTTP/1.1 200 74 https://localhost:9443/publisher/apis Mozilla/5.0 (Windows NT 10.0; Win64; x64) AppleWebKit/537.36 (KHTML, like Gecko) Chrome/80.0.3987.116 Safari/537.36 0.022
0:0:0:0:0:0:0:1 - - [01/Mar/2020:12:03:55 -0500] GET /publisher/site/public/images/_favicon.ico HTTP/1.1 200 1150 https://localhost:9443/publisher/apis/cc689bc4-e79b-4af0-b018-3e5e86fb743a/overview Mozilla/5.0 (Windows NT 10.0; Win64; x64) AppleWebKit/537.36 (KHTML, like Gecko) Chrome/80.0.3987.116 Safari/537.36 0.006
0:0:0:0:0:0:0:1 - - [01/Mar/2020:12:03:56 -0500] GET /api/am/publisher/v1.0/apis/cc689bc4-e79b-4af0-b018-3e5e86fb743a HTTP/1.1 200 2269 https://localhost:9443/publisher/apis/cc689bc4-e79b-4af0-b018-3e5e86fb743a/overview Mozilla/5.0 (Windows NT 10.0; Win64; x64) AppleWebKit/537.36 (KHTML, like Gecko) Chrome/80.0.3987.116 Safari/537.36 0.605
0:0:0:0:0:0:0:1 - - [01/Mar/2020:12:03:56 -0500] GET /api/am/publisher/v1.0/apis/cc689bc4-e79b-4af0-b018-3e5e86fb743a/thumbnail HTTP/1.1 200 74 https://localhost:9443/publisher/apis/cc689bc4-e79b-4af0-b018-3e5e86fb743a/overview Mozilla/5.0 (Windows NT 10.0; Win64; x64) AppleWebKit/537.36 (KHTML, like Gecko) Chrome/80.0.3987.116 Safari/537.36 0.016
0:0:0:0:0:0:0:1 - - [01/Mar/2020:12:03:56 -0500] GET /api/am/publisher/v1.0/apis/cc689bc4-e79b-4af0-b018-3e5e86fb743a/swagger HTTP/1.1 200 3366 https://localhost:9443/publisher/apis/cc689bc4-e79b-4af0-b018-3e5e86fb743a/overview Mozilla/5.0 (Windows NT 10.0; Win64; x64) AppleWebKit/537.36 (KHTML, like Gecko) Chrome/80.0.3987.116 Safari/537.36 0.037
0:0:0:0:0:0:0:1 - - [01/Mar/2020:12:03:56 -0500] GET /publisher/site/public/fonts/Open_Sans/mem5YaGs126MiZpBA-UNirkOUuhpKKSTjw.woff2 HTTP/1.1 200 8916 https://localhost:9443/publisher/site/public/css/main.css Mozilla/5.0 (Windows NT 10.0; Win64; x64) AppleWebKit/537.36 (KHTML, like Gecko) Chrome/80.0.3987.116 Safari/537.36 0.037
0:0:0:0:0:0:0:1 - - [01/Mar/2020:12:03:58 -0500] GET /api/am/publisher/v1.0/apis/cc689bc4-e79b-4af0-b018-3e5e86fb743a/lifecycle-state HTTP/1.1 200 283 https://localhost:9443/publisher/apis/cc689bc4-e79b-4af0-b018-3e5e86fb743a/overview Mozilla/5.0 (Windows NT 10.0; Win64; x64) AppleWebKit/537.36 (KHTML, like Gecko) Chrome/80.0.3987.116 Safari/537.36 2.113
0:0:0:0:0:0:0:1 - - [01/Mar/2020:12:04:04 -0500] GET /publisher/site/public/images/_favicon.ico HTTP/1.1 200 1150 https://localhost:9443/publisher/apis Mozilla/5.0 (Windows NT 10.0; Win64; x64) AppleWebKit/537.36 (KHTML, like Gecko) Chrome/80.0.3987.116 Safari/537.36 0.005
0:0:0:0:0:0:0:1 - - [01/Mar/2020:12:04:04 -0500] GET /publisher/site/public/images/_favicon.ico HTTP/1.1 200 1150 https://localhost:9443/publisher/apis Mozilla/5.0 (Windows NT 10.0; Win64; x64) AppleWebKit/537.36 (KHTML, like Gecko) Chrome/80.0.3987.116 Safari/537.36 0.004
0:0:0:0:0:0:0:1 - - [01/Mar/2020:12:04:04 -0500] GET /api/am/publisher/v1.0/apis?limit=10&offset=0 HTTP/1.1 200 1675 https://localhost:9443/publisher/apis Mozilla/5.0 (Windows NT 10.0; Win64; x64) AppleWebKit/537.36 (KHTML, like Gecko) Chrome/80.0.3987.116 Safari/537.36 0.242
0:0:0:0:0:0:0:1 - - [01/Mar/2020:12:04:04 -0500] GET /api/am/publisher/v1.0/apis/cc689bc4-e79b-4af0-b018-3e5e86fb743a/thumbnail HTTP/1.1 200 74 https://localhost:9443/publisher/apis Mozilla/5.0 (Windows NT 10.0; Win64; x64) AppleWebKit/537.36 (KHTML, like Gecko) Chrome/80.0.3987.116 Safari/537.36 0.040
0:0:0:0:0:0:0:1 - - [01/Mar/2020:12:04:04 -0500] GET /api/am/publisher/v1.0/apis/85885425-2230-48bf-a1a7-5e441c365e17/thumbnail HTTP/1.1 200 73 https://localhost:9443/publisher/apis Mozilla/5.0 (Windows NT 10.0; Win64; x64) AppleWebKit/537.36 (KHTML, like Gecko) Chrome/80.0.3987.116 Safari/537.36 0.072
0:0:0:0:0:0:0:1 - - [01/Mar/2020:12:04:04 -0500] GET /api/am/publisher/v1.0/apis/304ad494-308a-479b-ae7a-5ac64beffe60/thumbnail HTTP/1.1 200 77 https://localhost:9443/publisher/apis Mozilla/5.0 (Windows NT 10.0; Win64; x64) AppleWebKit/537.36 (KHTML, like Gecko) Chrome/80.0.3987.116 Safari/537.36 0.024
0:0:0:0:0:0:0:1 - - [01/Mar/2020:12:04:04 -0500] GET /api/am/publisher/v1.0/apis/2a3811af-0ada-4c74-ac63-c65d42cf82ca/thumbnail HTTP/1.1 200 74 https://localhost:9443/publisher/apis Mozilla/5.0 (Windows NT 10.0; Win64; x64) AppleWebKit/537.36 (KHTML, like Gecko) Chrome/80.0.3987.116 Safari/537.36 0.043
0:0:0:0:0:0:0:1 - - [01/Mar/2020:12:04:04 -0500] GET /api/am/publisher/v1.0/apis/bacd087f-16bd-439b-ab64-d3077a078910/thumbnail HTTP/1.1 200 74 https://localhost:9443/publisher/apis Mozilla/5.0 (Windows NT 10.0; Win64; x64) AppleWebKit/537.36 (KHTML, like Gecko) Chrome/80.0.3987.116 Safari/537.36 0.046
0:0:0:0:0:0:0:1 - - [01/Mar/2020:12:04:04 -0500] GET /api/am/publisher/v1.0/apis/41940dae-cce1-4b33-93fd-37f274deb5db/thumbnail HTTP/1.1 200 74 https://localhost:9443/publisher/apis Mozilla/5.0 (Windows NT 10.0; Win64; x64) AppleWebKit/537.36 (KHTML, like Gecko) Chrome/80.0.3987.116 Safari/537.36 0.021
0:0:0:0:0:0:0:1 - - [01/Mar/2020:12:05:58 -0500] GET /publisher/site/public/images/_favicon.ico HTTP/1.1 200 1150 https://localhost:9443/publisher/apis Mozilla/5.0 (Windows NT 10.0; Win64; x64) AppleWebKit/537.36 (KHTML, like Gecko) Chrome/80.0.3987.116 Safari/537.36 0.023
0:0:0:0:0:0:0:1 - - [01/Mar/2020:12:05:58 -0500] GET /publisher/site/public/images/_favicon.ico HTTP/1.1 200 1150 https://localhost:9443/publisher/apis Mozilla/5.0 (Windows NT 10.0; Win64; x64) AppleWebKit/537.36 (KHTML, like Gecko) Chrome/80.0.3987.116 Safari/537.36 0.002
0:0:0:0:0:0:0:1 - - [01/Mar/2020:12:05:59 -0500] GET /api/am/publisher/v1.0/apis?limit=10&offset=0 HTTP/1.1 200 1675 https://localhost:9443/publisher/apis Mozilla/5.0 (Windows NT 10.0; Win64; x64) AppleWebKit/537.36 (KHTML, like Gecko) Chrome/80.0.3987.116 Safari/537.36 0.285
0:0:0:0:0:0:0:1 - - [01/Mar/2020:12:05:59 -0500] GET /api/am/publisher/v1.0/apis/cc689bc4-e79b-4af0-b018-3e5e86fb743a/thumbnail HTTP/1.1 200 74 https://localhost:9443/publisher/apis Mozilla/5.0 (Windows NT 10.0; Win64; x64) AppleWebKit/537.36 (KHTML, like Gecko) Chrome/80.0.3987.116 Safari/537.36 0.019
0:0:0:0:0:0:0:1 - - [01/Mar/2020:12:05:59 -0500] GET /api/am/publisher/v1.0/apis/85885425-2230-48bf-a1a7-5e441c365e17/thumbnail HTTP/1.1 200 73 https://localhost:9443/publisher/apis Mozilla/5.0 (Windows NT 10.0; Win64; x64) AppleWebKit/537.36 (KHTML, like Gecko) Chrome/80.0.3987.116 Safari/537.36 0.019
0:0:0:0:0:0:0:1 - - [01/Mar/2020:12:05:59 -0500] GET /api/am/publisher/v1.0/apis/2a3811af-0ada-4c74-ac63-c65d42cf82ca/thumbnail HTTP/1.1 200 74 https://localhost:9443/publisher/apis Mozilla/5.0 (Windows NT 10.0; Win64; x64) AppleWebKit/537.36 (KHTML, like Gecko) Chrome/80.0.3987.116 Safari/537.36 0.023
0:0:0:0:0:0:0:1 - - [01/Mar/2020:12:05:59 -0500] GET /api/am/publisher/v1.0/apis/304ad494-308a-479b-ae7a-5ac64beffe60/thumbnail HTTP/1.1 200 77 https://localhost:9443/publisher/apis Mozilla/5.0 (Windows NT 10.0; Win64; x64) AppleWebKit/537.36 (KHTML, like Gecko) Chrome/80.0.3987.116 Safari/537.36 0.022
0:0:0:0:0:0:0:1 - - [01/Mar/2020:12:05:59 -0500] GET /api/am/publisher/v1.0/apis/bacd087f-16bd-439b-ab64-d3077a078910/thumbnail HTTP/1.1 200 74 https://localhost:9443/publisher/apis Mozilla/5.0 (Windows NT 10.0; Win64; x64) AppleWebKit/537.36 (KHTML, like Gecko) Chrome/80.0.3987.116 Safari/537.36 0.024
0:0:0:0:0:0:0:1 - - [01/Mar/2020:12:05:59 -0500] GET /api/am/publisher/v1.0/apis/41940dae-cce1-4b33-93fd-37f274deb5db/thumbnail HTTP/1.1 200 74 https://localhost:9443/publisher/apis Mozilla/5.0 (Windows NT 10.0; Win64; x64) AppleWebKit/537.36 (KHTML, like Gecko) Chrome/80.0.3987.116 Safari/537.36 0.017
0:0:0:0:0:0:0:1 - - [01/Mar/2020:12:06:02 -0500] GET /api/am/publisher/v1.0/throttling-policies/subscription?limit=25&offset=0 HTTP/1.1 200 1120 https://localhost:9443/publisher/apis/create/rest Mozilla/5.0 (Windows NT 10.0; Win64; x64) AppleWebKit/537.36 (KHTML, like Gecko) Chrome/80.0.3987.116 Safari/537.36 0.030
0:0:0:0:0:0:0:1 - - [01/Mar/2020:12:06:02 -0500] GET /publisher/site/public/images/_favicon.ico HTTP/1.1 200 1150 https://localhost:9443/publisher/apis/create/rest Mozilla/5.0 (Windows NT 10.0; Win64; x64) AppleWebKit/537.36 (KHTML, like Gecko) Chrome/80.0.3987.116 Safari/537.36 0.005
0:0:0:0:0:0:0:1 - - [01/Mar/2020:12:06:06 -0500] GET /publisher/site/public/images/_favicon.ico HTTP/1.1 200 1150 https://localhost:9443/publisher/apis Mozilla/5.0 (Windows NT 10.0; Win64; x64) AppleWebKit/537.36 (KHTML, like Gecko) Chrome/80.0.3987.116 Safari/537.36 0.004
0:0:0:0:0:0:0:1 - - [01/Mar/2020:12:06:06 -0500] GET /api/am/publisher/v1.0/apis?limit=10&offset=0 HTTP/1.1 200 1675 https://localhost:9443/publisher/apis Mozilla/5.0 (Windows NT 10.0; Win64; x64) AppleWebKit/537.36 (KHTML, like Gecko) Chrome/80.0.3987.116 Safari/537.36 0.121
0:0:0:0:0:0:0:1 - - [01/Mar/2020:12:06:06 -0500] GET /api/am/publisher/v1.0/apis/cc689bc4-e79b-4af0-b018-3e5e86fb743a/thumbnail HTTP/1.1 200 74 https://localhost:9443/publisher/apis Mozilla/5.0 (Windows NT 10.0; Win64; x64) AppleWebKit/537.36 (KHTML, like Gecko) Chrome/80.0.3987.116 Safari/537.36 0.081
0:0:0:0:0:0:0:1 - - [01/Mar/2020:12:06:06 -0500] GET /api/am/publisher/v1.0/apis/2a3811af-0ada-4c74-ac63-c65d42cf82ca/thumbnail HTTP/1.1 200 74 https://localhost:9443/publisher/apis Mozilla/5.0 (Windows NT 10.0; Win64; x64) AppleWebKit/537.36 (KHTML, like Gecko) Chrome/80.0.3987.116 Safari/537.36 0.082
0:0:0:0:0:0:0:1 - - [01/Mar/2020:12:06:06 -0500] GET /api/am/publisher/v1.0/apis/85885425-2230-48bf-a1a7-5e441c365e17/thumbnail HTTP/1.1 200 73 https://localhost:9443/publisher/apis Mozilla/5.0 (Windows NT 10.0; Win64; x64) AppleWebKit/537.36 (KHTML, like Gecko) Chrome/80.0.3987.116 Safari/537.36 0.118
0:0:0:0:0:0:0:1 - - [01/Mar/2020:12:06:06 -0500] GET /api/am/publisher/v1.0/apis/bacd087f-16bd-439b-ab64-d3077a078910/thumbnail HTTP/1.1 200 74 https://localhost:9443/publisher/apis Mozilla/5.0 (Windows NT 10.0; Win64; x64) AppleWebKit/537.36 (KHTML, like Gecko) Chrome/80.0.3987.116 Safari/537.36 0.029
0:0:0:0:0:0:0:1 - - [01/Mar/2020:12:06:06 -0500] GET /api/am/publisher/v1.0/apis/41940dae-cce1-4b33-93fd-37f274deb5db/thumbnail HTTP/1.1 200 74 https://localhost:9443/publisher/apis Mozilla/5.0 (Windows NT 10.0; Win64; x64) AppleWebKit/537.36 (KHTML, like Gecko) Chrome/80.0.3987.116 Safari/537.36 0.031
0:0:0:0:0:0:0:1 - - [01/Mar/2020:12:06:06 -0500] GET /api/am/publisher/v1.0/apis/304ad494-308a-479b-ae7a-5ac64beffe60/thumbnail HTTP/1.1 200 77 https://localhost:9443/publisher/apis Mozilla/5.0 (Windows NT 10.0; Win64; x64) AppleWebKit/537.36 (KHTML, like Gecko) Chrome/80.0.3987.116 Safari/537.36 0.018
0:0:0:0:0:0:0:1 - - [01/Mar/2020:12:06:09 -0500] GET /publisher/site/public/images/_favicon.ico HTTP/1.1 200 1150 https://localhost:9443/publisher/apis/85885425-2230-48bf-a1a7-5e441c365e17/overview Mozilla/5.0 (Windows NT 10.0; Win64; x64) AppleWebKit/537.36 (KHTML, like Gecko) Chrome/80.0.3987.116 Safari/537.36 0.006
0:0:0:0:0:0:0:1 - - [01/Mar/2020:12:06:09 -0500] GET /api/am/publisher/v1.0/apis/85885425-2230-48bf-a1a7-5e441c365e17 HTTP/1.1 200 1842 https://localhost:9443/publisher/apis/85885425-2230-48bf-a1a7-5e441c365e17/overview Mozilla/5.0 (Windows NT 10.0; Win64; x64) AppleWebKit/537.36 (KHTML, like Gecko) Chrome/80.0.3987.116 Safari/537.36 0.035
0:0:0:0:0:0:0:1 - - [01/Mar/2020:12:06:09 -0500] GET /api/am/publisher/v1.0/apis/85885425-2230-48bf-a1a7-5e441c365e17/thumbnail HTTP/1.1 200 73 https://localhost:9443/publisher/apis/85885425-2230-48bf-a1a7-5e441c365e17/overview Mozilla/5.0 (Windows NT 10.0; Win64; x64) AppleWebKit/537.36 (KHTML, like Gecko) Chrome/80.0.3987.116 Safari/537.36 0.022
0:0:0:0:0:0:0:1 - - [01/Mar/2020:12:06:09 -0500] GET /api/am/publisher/v1.0/apis/85885425-2230-48bf-a1a7-5e441c365e17/swagger HTTP/1.1 200 1897 https://localhost:9443/publisher/apis/85885425-2230-48bf-a1a7-5e441c365e17/overview Mozilla/5.0 (Windows NT 10.0; Win64; x64) AppleWebKit/537.36 (KHTML, like Gecko) Chrome/80.0.3987.116 Safari/537.36 0.036
0:0:0:0:0:0:0:1 - - [01/Mar/2020:12:06:09 -0500] GET /api/am/publisher/v1.0/apis/85885425-2230-48bf-a1a7-5e441c365e17/lifecycle-state HTTP/1.1 200 283 https://localhost:9443/publisher/apis/85885425-2230-48bf-a1a7-5e441c365e17/overview Mozilla/5.0 (Windows NT 10.0; Win64; x64) AppleWebKit/537.36 (KHTML, like Gecko) Chrome/80.0.3987.116 Safari/537.36 0.038
0:0:0:0:0:0:0:1 - - [01/Mar/2020:12:06:25 -0500] GET /publisher/site/public/images/_favicon.ico HTTP/1.1 200 1150 https://localhost:9443/publisher/apis/ Mozilla/5.0 (Windows NT 10.0; Win64; x64) AppleWebKit/537.36 (KHTML, like Gecko) Chrome/80.0.3987.116 Safari/537.36 0.031
0:0:0:0:0:0:0:1 - - [01/Mar/2020:12:06:25 -0500] GET /api/am/publisher/v1.0/apis?limit=10&offset=0 HTTP/1.1 200 1675 https://localhost:9443/publisher/apis/ Mozilla/5.0 (Windows NT 10.0; Win64; x64) AppleWebKit/537.36 (KHTML, like Gecko) Chrome/80.0.3987.116 Safari/537.36 0.165
0:0:0:0:0:0:0:1 - - [01/Mar/2020:12:06:25 -0500] GET /api/am/publisher/v1.0/apis/cc689bc4-e79b-4af0-b018-3e5e86fb743a/thumbnail HTTP/1.1 200 74 https://localhost:9443/publisher/apis/ Mozilla/5.0 (Windows NT 10.0; Win64; x64) AppleWebKit/537.36 (KHTML, like Gecko) Chrome/80.0.3987.116 Safari/537.36 0.039
0:0:0:0:0:0:0:1 - - [01/Mar/2020:12:06:25 -0500] GET /api/am/publisher/v1.0/apis/85885425-2230-48bf-a1a7-5e441c365e17/thumbnail HTTP/1.1 200 73 https://localhost:9443/publisher/apis/ Mozilla/5.0 (Windows NT 10.0; Win64; x64) AppleWebKit/537.36 (KHTML, like Gecko) Chrome/80.0.3987.116 Safari/537.36 0.042
0:0:0:0:0:0:0:1 - - [01/Mar/2020:12:06:25 -0500] GET /api/am/publisher/v1.0/apis/41940dae-cce1-4b33-93fd-37f274deb5db/thumbnail HTTP/1.1 200 74 https://localhost:9443/publisher/apis/ Mozilla/5.0 (Windows NT 10.0; Win64; x64) AppleWebKit/537.36 (KHTML, like Gecko) Chrome/80.0.3987.116 Safari/537.36 0.015
0:0:0:0:0:0:0:1 - - [01/Mar/2020:12:06:25 -0500] GET /api/am/publisher/v1.0/apis/bacd087f-16bd-439b-ab64-d3077a078910/thumbnail HTTP/1.1 200 74 https://localhost:9443/publisher/apis/ Mozilla/5.0 (Windows NT 10.0; Win64; x64) AppleWebKit/537.36 (KHTML, like Gecko) Chrome/80.0.3987.116 Safari/537.36 0.029
0:0:0:0:0:0:0:1 - - [01/Mar/2020:12:06:25 -0500] GET /api/am/publisher/v1.0/apis/304ad494-308a-479b-ae7a-5ac64beffe60/thumbnail HTTP/1.1 200 77 https://localhost:9443/publisher/apis/ Mozilla/5.0 (Windows NT 10.0; Win64; x64) AppleWebKit/537.36 (KHTML, like Gecko) Chrome/80.0.3987.116 Safari/537.36 0.036
0:0:0:0:0:0:0:1 - - [01/Mar/2020:12:06:25 -0500] GET /api/am/publisher/v1.0/apis/2a3811af-0ada-4c74-ac63-c65d42cf82ca/thumbnail HTTP/1.1 200 74 https://localhost:9443/publisher/apis/ Mozilla/5.0 (Windows NT 10.0; Win64; x64) AppleWebKit/537.36 (KHTML, like Gecko) Chrome/80.0.3987.116 Safari/537.36 0.041
0:0:0:0:0:0:0:1 - - [01/Mar/2020:12:06:27 -0500] GET /publisher/site/public/images/_favicon.ico HTTP/1.1 200 1150 https://localhost:9443/publisher/apis/cc689bc4-e79b-4af0-b018-3e5e86fb743a/overview Mozilla/5.0 (Windows NT 10.0; Win64; x64) AppleWebKit/537.36 (KHTML, like Gecko) Chrome/80.0.3987.116 Safari/537.36 0.002
0:0:0:0:0:0:0:1 - - [01/Mar/2020:12:06:27 -0500] GET /api/am/publisher/v1.0/apis/cc689bc4-e79b-4af0-b018-3e5e86fb743a HTTP/1.1 200 2269 https://localhost:9443/publisher/apis/cc689bc4-e79b-4af0-b018-3e5e86fb743a/overview Mozilla/5.0 (Windows NT 10.0; Win64; x64) AppleWebKit/537.36 (KHTML, like Gecko) Chrome/80.0.3987.116 Safari/537.36 0.031
0:0:0:0:0:0:0:1 - - [01/Mar/2020:12:06:27 -0500] GET /api/am/publisher/v1.0/apis/cc689bc4-e79b-4af0-b018-3e5e86fb743a/thumbnail HTTP/1.1 200 74 https://localhost:9443/publisher/apis/cc689bc4-e79b-4af0-b018-3e5e86fb743a/overview Mozilla/5.0 (Windows NT 10.0; Win64; x64) AppleWebKit/537.36 (KHTML, like Gecko) Chrome/80.0.3987.116 Safari/537.36 0.017
0:0:0:0:0:0:0:1 - - [01/Mar/2020:12:06:27 -0500] GET /api/am/publisher/v1.0/apis/cc689bc4-e79b-4af0-b018-3e5e86fb743a/lifecycle-state HTTP/1.1 200 283 https://localhost:9443/publisher/apis/cc689bc4-e79b-4af0-b018-3e5e86fb743a/overview Mozilla/5.0 (Windows NT 10.0; Win64; x64) AppleWebKit/537.36 (KHTML, like Gecko) Chrome/80.0.3987.116 Safari/537.36 0.026
0:0:0:0:0:0:0:1 - - [01/Mar/2020:12:06:27 -0500] GET /api/am/publisher/v1.0/apis/cc689bc4-e79b-4af0-b018-3e5e86fb743a/swagger HTTP/1.1 200 3366 https://localhost:9443/publisher/apis/cc689bc4-e79b-4af0-b018-3e5e86fb743a/overview Mozilla/5.0 (Windows NT 10.0; Win64; x64) AppleWebKit/537.36 (KHTML, like Gecko) Chrome/80.0.3987.116 Safari/537.36 0.042
0:0:0:0:0:0:0:1 - - [01/Mar/2020:12:06:32 -0500] GET /publisher/site/public/images/_favicon.ico HTTP/1.1 200 1150 https://localhost:9443/publisher/apis/cc689bc4-e79b-4af0-b018-3e5e86fb743a/endpoints Mozilla/5.0 (Windows NT 10.0; Win64; x64) AppleWebKit/537.36 (KHTML, like Gecko) Chrome/80.0.3987.116 Safari/537.36 0.006
0:0:0:0:0:0:0:1 - - [01/Mar/2020:12:06:32 -0500] GET /api/am/publisher/v1.0/apis/cc689bc4-e79b-4af0-b018-3e5e86fb743a/swagger HTTP/1.1 200 3366 https://localhost:9443/publisher/apis/cc689bc4-e79b-4af0-b018-3e5e86fb743a/endpoints Mozilla/5.0 (Windows NT 10.0; Win64; x64) AppleWebKit/537.36 (KHTML, like Gecko) Chrome/80.0.3987.116 Safari/537.36 0.055
0:0:0:0:0:0:0:1 - - [01/Mar/2020:12:06:32 -0500] GET /api/am/publisher/v1.0/endpoint-certificates?limit=25&offset=0 HTTP/1.1 200 111 https://localhost:9443/publisher/apis/cc689bc4-e79b-4af0-b018-3e5e86fb743a/endpoints Mozilla/5.0 (Windows NT 10.0; Win64; x64) AppleWebKit/537.36 (KHTML, like Gecko) Chrome/80.0.3987.116 Safari/537.36 0.124
0:0:0:0:0:0:0:1 - - [01/Mar/2020:12:06:35 -0500] GET /publisher/site/public/images/_favicon.ico HTTP/1.1 200 1150 https://localhost:9443/publisher/apis/ Mozilla/5.0 (Windows NT 10.0; Win64; x64) AppleWebKit/537.36 (KHTML, like Gecko) Chrome/80.0.3987.116 Safari/537.36 0.003
0:0:0:0:0:0:0:1 - - [01/Mar/2020:12:06:35 -0500] GET /api/am/publisher/v1.0/apis?limit=10&offset=0 HTTP/1.1 200 1675 https://localhost:9443/publisher/apis/ Mozilla/5.0 (Windows NT 10.0; Win64; x64) AppleWebKit/537.36 (KHTML, like Gecko) Chrome/80.0.3987.116 Safari/537.36 0.088
0:0:0:0:0:0:0:1 - - [01/Mar/2020:12:06:35 -0500] GET /api/am/publisher/v1.0/apis/2a3811af-0ada-4c74-ac63-c65d42cf82ca/thumbnail HTTP/1.1 200 74 https://localhost:9443/publisher/apis/ Mozilla/5.0 (Windows NT 10.0; Win64; x64) AppleWebKit/537.36 (KHTML, like Gecko) Chrome/80.0.3987.116 Safari/537.36 0.019
0:0:0:0:0:0:0:1 - - [01/Mar/2020:12:06:35 -0500] GET /api/am/publisher/v1.0/apis/cc689bc4-e79b-4af0-b018-3e5e86fb743a/thumbnail HTTP/1.1 200 74 https://localhost:9443/publisher/apis/ Mozilla/5.0 (Windows NT 10.0; Win64; x64) AppleWebKit/537.36 (KHTML, like Gecko) Chrome/80.0.3987.116 Safari/537.36 0.034
0:0:0:0:0:0:0:1 - - [01/Mar/2020:12:06:35 -0500] GET /api/am/publisher/v1.0/apis/85885425-2230-48bf-a1a7-5e441c365e17/thumbnail HTTP/1.1 200 73 https://localhost:9443/publisher/apis/ Mozilla/5.0 (Windows NT 10.0; Win64; x64) AppleWebKit/537.36 (KHTML, like Gecko) Chrome/80.0.3987.116 Safari/537.36 0.037
0:0:0:0:0:0:0:1 - - [01/Mar/2020:12:06:35 -0500] GET /api/am/publisher/v1.0/apis/bacd087f-16bd-439b-ab64-d3077a078910/thumbnail HTTP/1.1 200 74 https://localhost:9443/publisher/apis/ Mozilla/5.0 (Windows NT 10.0; Win64; x64) AppleWebKit/537.36 (KHTML, like Gecko) Chrome/80.0.3987.116 Safari/537.36 0.013
0:0:0:0:0:0:0:1 - - [01/Mar/2020:12:06:35 -0500] GET /api/am/publisher/v1.0/apis/304ad494-308a-479b-ae7a-5ac64beffe60/thumbnail HTTP/1.1 200 77 https://localhost:9443/publisher/apis/ Mozilla/5.0 (Windows NT 10.0; Win64; x64) AppleWebKit/537.36 (KHTML, like Gecko) Chrome/80.0.3987.116 Safari/537.36 0.016
0:0:0:0:0:0:0:1 - - [01/Mar/2020:12:06:35 -0500] GET /api/am/publisher/v1.0/apis/41940dae-cce1-4b33-93fd-37f274deb5db/thumbnail HTTP/1.1 200 74 https://localhost:9443/publisher/apis/ Mozilla/5.0 (Windows NT 10.0; Win64; x64) AppleWebKit/537.36 (KHTML, like Gecko) Chrome/80.0.3987.116 Safari/537.36 0.017
127.0.0.1 - - [01/Mar/2020:13:35:54 -0500] POST /oauth2/token HTTP/1.1 200 2413 - Synapse-PT-HttpComponents-NIO 0.032
127.0.0.1 - - [01/Mar/2020:14:40:40 -0500] POST /oauth2/token HTTP/1.1 200 2413 - Synapse-PT-HttpComponents-NIO 0.124
127.0.0.1 - - [01/Mar/2020:15:40:45 -0500] POST /oauth2/token HTTP/1.1 200 2413 - Synapse-PT-HttpComponents-NIO 0.182
127.0.0.1 - - [01/Mar/2020:16:18:27 -0500] POST /oauth2/token HTTP/1.1 200 2413 - Synapse-PT-HttpComponents-NIO 0.094
127.0.0.1 - - [01/Mar/2020:16:22:17 -0500] POST /oauth2/token HTTP/1.1 200 2413 - Synapse-PT-HttpComponents-NIO 0.038
127.0.0.1 - - [01/Mar/2020:17:23:57 -0500] POST /oauth2/token HTTP/1.1 200 2413 - Synapse-PT-HttpComponents-NIO 0.093
