TID: [-1] [] [2020-02-26 00:00:20,161]  WARN {org.apache.synapse.commons.util.MiscellaneousUtil} - Error loading properties from a file at from the System defined location: access-log.properties
TID: [-1234] [] [2020-02-26 00:18:01,083]  INFO {org.apache.synapse.mediators.builtin.LogMediator} - STATUS = Executing default 'fault' sequence, ERROR_CODE = 404, ERROR_MESSAGE = No matching resource found for given API Request
TID: [-1234] [publisher] [2020-02-26 00:18:40,668] ERROR {JAGGERY.services.refresh.refresh:jag} - {}
TID: [-1234] [api/am/publisher/v1.0] [2020-02-26 00:18:40,699] ERROR {org.wso2.carbon.apimgt.impl.AMDefaultKeyManagerImpl} - Invalid OAuth Token : Invalid Access Token. ACTIVE access token is not found.
TID: [-1234] [api/am/publisher/v1.0] [2020-02-26 00:18:40,701] ERROR {org.wso2.carbon.apimgt.rest.api.util.impl.WebAppAuthenticatorImpl} - Provided access token is invalid
TID: [-1234] [AuthenticationAdmin] [2020-02-26 00:19:49,895]  INFO {org.wso2.carbon.core.services.util.CarbonAuthenticationUtil} - 'admin@carbon.super [-1234]' logged in at [2020-02-26 00:19:49,895-0500]
TID: [-1234] [AuthenticationAdmin] [2020-02-26 00:19:50,241]  INFO {org.wso2.carbon.core.services.util.CarbonAuthenticationUtil} - 'admin@carbon.super [-1234]' logged in at [2020-02-26 00:19:50,241-0500]
TID: [-1234] [AuthenticationAdmin] [2020-02-26 00:19:50,523]  INFO {org.wso2.carbon.core.services.util.CarbonAuthenticationUtil} - 'admin@carbon.super [-1234]' logged in at [2020-02-26 00:19:50,523-0500]
TID: [-1234] [AuthenticationAdmin] [2020-02-26 00:19:50,754]  INFO {org.wso2.carbon.core.services.util.CarbonAuthenticationUtil} - 'admin@carbon.super [-1234]' logged in at [2020-02-26 00:19:50,754-0500]
TID: [-1234] [APILocalEntryAdmin] [2020-02-26 00:19:50,772]  INFO {org.wso2.carbon.mediation.dependency.mgt.DependencyTracker} - Local entry : 304ad494-308a-479b-ae7a-5ac64beffe60 was removed from the Synapse configuration successfully
TID: [-1234] [APILocalEntryAdmin] [2020-02-26 00:19:50,780]  INFO {org.wso2.carbon.mediation.dependency.mgt.DependencyTracker} - Local entry : 304ad494-308a-479b-ae7a-5ac64beffe60 was added to the Synapse configuration successfully
TID: [-1234] [APIGatewayAdmin] [2020-02-26 00:19:50,951]  INFO {org.apache.synapse.rest.API} - Destroying API: admin--Mapa-Digital_Port_84:vv1.0
TID: [-1234] [APIGatewayAdmin] [2020-02-26 00:19:50,970]  INFO {org.wso2.carbon.mediation.dependency.mgt.DependencyTracker} - API : admin--Mapa-Digital_Port_84:vv1.0 was removed from the Synapse configuration successfully
TID: [-1234] [APIGatewayAdmin] [2020-02-26 00:19:50,971]  INFO {org.wso2.carbon.mediation.dependency.mgt.DependencyTracker} - API : admin--Mapa-Digital_Port_84:vv1.0 was added to the Synapse configuration successfully
TID: [-1234] [APIGatewayAdmin] [2020-02-26 00:19:50,972]  INFO {org.apache.synapse.rest.API} - Initializing API: admin--Mapa-Digital_Port_84:vv1.0
TID: [-1234] [APIGatewayAdmin] [2020-02-26 00:19:51,023]  INFO {org.wso2.carbon.mediation.dependency.mgt.DependencyTracker} - Endpoint : Mapa-Digital_Port_84--vv1.0_APIproductionEndpoint was added to the Synapse configuration successfully
TID: [-1234] [APIGatewayAdmin] [2020-02-26 00:19:51,042]  INFO {org.wso2.carbon.mediation.dependency.mgt.DependencyTracker} - Endpoint : Mapa-Digital_Port_84--vv1.0_APIsandboxEndpoint was added to the Synapse configuration successfully
TID: [-1234] [AuthenticationAdmin] [2020-02-26 00:19:51,156]  INFO {org.wso2.carbon.core.services.util.CarbonAuthenticationUtil} - 'admin@carbon.super [-1234]' logged in at [2020-02-26 00:19:51,155-0500]
TID: [-1234] [AuthenticationAdmin] [2020-02-26 00:19:51,312]  INFO {org.wso2.carbon.core.services.util.CarbonAuthenticationUtil} - 'admin@carbon.super [-1234]' logged in at [2020-02-26 00:19:51,312-0500]
TID: [-1234] [AuthenticationAdmin] [2020-02-26 00:19:51,331]  INFO {org.wso2.carbon.core.services.util.CarbonAuthenticationUtil} - 'admin@carbon.super [-1234]' logged in at [2020-02-26 00:19:51,331-0500]
TID: [-1234] [AuthenticationAdmin] [2020-02-26 00:19:51,352]  INFO {org.wso2.carbon.core.services.util.CarbonAuthenticationUtil} - 'admin@carbon.super [-1234]' logged in at [2020-02-26 00:19:51,351-0500]
TID: [-1234] [AuthenticationAdmin] [2020-02-26 00:19:51,370]  INFO {org.wso2.carbon.core.services.util.CarbonAuthenticationUtil} - 'admin@carbon.super [-1234]' logged in at [2020-02-26 00:19:51,370-0500]
TID: [-1234] [AuthenticationAdmin] [2020-02-26 00:19:51,388]  INFO {org.wso2.carbon.core.services.util.CarbonAuthenticationUtil} - 'admin@carbon.super [-1234]' logged in at [2020-02-26 00:19:51,388-0500]
TID: [-1234] [publisher] [2020-02-26 10:44:11,495] ERROR {JAGGERY.services.refresh.refresh:jag} - {}
TID: [-1234] [api/am/publisher/v1.0] [2020-02-26 10:44:11,566] ERROR {org.wso2.carbon.apimgt.impl.AMDefaultKeyManagerImpl} - Invalid OAuth Token : Invalid Access Token. ACTIVE access token is not found.
TID: [-1234] [api/am/publisher/v1.0] [2020-02-26 10:44:11,585] ERROR {org.wso2.carbon.apimgt.rest.api.util.impl.WebAppAuthenticatorImpl} - Provided access token is invalid
TID: [-1234] [api/am/store/v1.0] [2020-02-26 10:45:23,346] ERROR {org.wso2.carbon.apimgt.rest.api.store.v1.impl.ApisApiServiceImpl} - Requested API with Id 'cc689bc4-e79b-4af0-b018-3e5i86fb743a' not found org.wso2.carbon.apimgt.api.APIMgtResourceNotFoundException: Failed to get API. API artifact corresponding to artifactId cc689bc4-e79b-4af0-b018-3e5i86fb743a does not exist
	at org.wso2.carbon.apimgt.impl.AbstractAPIManager.getAPIorAPIProductByUUID_aroundBody22(AbstractAPIManager.java:603)
	at org.wso2.carbon.apimgt.impl.AbstractAPIManager.getAPIorAPIProductByUUID(AbstractAPIManager.java:543)
	at org.wso2.carbon.apimgt.rest.api.store.v1.impl.ApisApiServiceImpl.getAPIByAPIId(ApisApiServiceImpl.java:887)
	at org.wso2.carbon.apimgt.rest.api.store.v1.impl.ApisApiServiceImpl.apisApiIdGet(ApisApiServiceImpl.java:159)
	at org.wso2.carbon.apimgt.rest.api.store.v1.ApisApi.apisApiIdGet(ApisApi.java:135)
	at sun.reflect.GeneratedMethodAccessor761.invoke(Unknown Source)
	at sun.reflect.DelegatingMethodAccessorImpl.invoke(DelegatingMethodAccessorImpl.java:43)
	at java.lang.reflect.Method.invoke(Method.java:498)
	at org.apache.cxf.service.invoker.AbstractInvoker.performInvocation(AbstractInvoker.java:179)
	at org.apache.cxf.service.invoker.AbstractInvoker.invoke(AbstractInvoker.java:96)
	at org.apache.cxf.jaxrs.JAXRSInvoker.invoke(JAXRSInvoker.java:193)
	at org.apache.cxf.jaxrs.JAXRSInvoker.invoke(JAXRSInvoker.java:103)
	at org.apache.cxf.interceptor.ServiceInvokerInterceptor$1.run(ServiceInvokerInterceptor.java:59)
	at org.apache.cxf.interceptor.ServiceInvokerInterceptor.handleMessage(ServiceInvokerInterceptor.java:96)
	at org.apache.cxf.phase.PhaseInterceptorChain.doIntercept(PhaseInterceptorChain.java:308)
	at org.apache.cxf.transport.ChainInitiationObserver.onMessage(ChainInitiationObserver.java:121)
	at org.apache.cxf.transport.http.AbstractHTTPDestination.invoke(AbstractHTTPDestination.java:267)
	at org.apache.cxf.transport.servlet.ServletController.invokeDestination(ServletController.java:234)
	at org.apache.cxf.transport.servlet.ServletController.invoke(ServletController.java:208)
	at org.apache.cxf.transport.servlet.ServletController.invoke(ServletController.java:160)
	at org.apache.cxf.transport.servlet.CXFNonSpringServlet.invoke(CXFNonSpringServlet.java:216)
	at org.apache.cxf.transport.servlet.AbstractHTTPServlet.handleRequest(AbstractHTTPServlet.java:301)
	at org.apache.cxf.transport.servlet.AbstractHTTPServlet.doGet(AbstractHTTPServlet.java:225)
	at javax.servlet.http.HttpServlet.service(HttpServlet.java:634)
	at org.apache.cxf.transport.servlet.AbstractHTTPServlet.service(AbstractHTTPServlet.java:276)
	at org.apache.catalina.core.ApplicationFilterChain.internalDoFilter(ApplicationFilterChain.java:231)
	at org.apache.catalina.core.ApplicationFilterChain.doFilter(ApplicationFilterChain.java:166)
	at org.apache.tomcat.websocket.server.WsFilter.doFilter(WsFilter.java:53)
	at org.apache.catalina.core.ApplicationFilterChain.internalDoFilter(ApplicationFilterChain.java:193)
	at org.apache.catalina.core.ApplicationFilterChain.doFilter(ApplicationFilterChain.java:166)
	at org.apache.catalina.core.StandardWrapperValve.invoke(StandardWrapperValve.java:202)
	at org.apache.catalina.core.StandardContextValve.invoke(StandardContextValve.java:96)
	at org.apache.catalina.authenticator.AuthenticatorBase.invoke(AuthenticatorBase.java:490)
	at org.apache.catalina.core.StandardHostValve.invoke(StandardHostValve.java:139)
	at org.apache.catalina.valves.ErrorReportValve.invoke(ErrorReportValve.java:92)
	at org.wso2.carbon.identity.context.rewrite.valve.TenantContextRewriteValve.invoke(TenantContextRewriteValve.java:80)
	at org.wso2.carbon.identity.authz.valve.AuthorizationValve.invoke(AuthorizationValve.java:100)
	at org.wso2.carbon.identity.auth.valve.AuthenticationValve.invoke(AuthenticationValve.java:74)
	at org.wso2.carbon.tomcat.ext.valves.CompositeValve.continueInvocation(CompositeValve.java:99)
	at org.wso2.carbon.tomcat.ext.valves.TomcatValveContainer.invokeValves(TomcatValveContainer.java:49)
	at org.wso2.carbon.tomcat.ext.valves.CompositeValve.invoke(CompositeValve.java:62)
	at org.wso2.carbon.tomcat.ext.valves.CarbonStuckThreadDetectionValve.invoke(CarbonStuckThreadDetectionValve.java:146)
	at org.apache.catalina.valves.AbstractAccessLogValve.invoke(AbstractAccessLogValve.java:678)
	at org.wso2.carbon.tomcat.ext.valves.CarbonContextCreatorValve.invoke(CarbonContextCreatorValve.java:57)
	at org.wso2.carbon.tomcat.ext.valves.RequestCorrelationIdValve.invoke(RequestCorrelationIdValve.java:116)
	at org.apache.catalina.core.StandardEngineValve.invoke(StandardEngineValve.java:74)
	at org.apache.catalina.connector.CoyoteAdapter.service(CoyoteAdapter.java:343)
	at org.apache.coyote.http11.Http11Processor.service(Http11Processor.java:408)
	at org.apache.coyote.AbstractProcessorLight.process(AbstractProcessorLight.java:66)
	at org.apache.coyote.AbstractProtocol$ConnectionHandler.process(AbstractProtocol.java:853)
	at org.apache.tomcat.util.net.NioEndpoint$SocketProcessor.doRun(NioEndpoint.java:1587)
	at org.apache.tomcat.util.net.SocketProcessorBase.run(SocketProcessorBase.java:49)
	at java.util.concurrent.ThreadPoolExecutor.runWorker(ThreadPoolExecutor.java:1149)
	at java.util.concurrent.ThreadPoolExecutor$Worker.run(ThreadPoolExecutor.java:624)
	at org.apache.tomcat.util.threads.TaskThread$WrappingRunnable.run(TaskThread.java:61)
	at java.lang.Thread.run(Thread.java:748)

TID: [-1] [] [2020-02-26 10:47:25,570]  WARN {org.apache.synapse.transport.passthru.ConnectCallback} - Connection refused or failed for : /192.168.0.108:81
TID: [-1234] [] [2020-02-26 10:47:25,570]  WARN {org.apache.synapse.endpoints.EndpointContext} - Endpoint : Accounts_Port_81--vv1.0_APIproductionEndpoint with address http://192.168.0.108:81/api/v1 will be marked SUSPENDED as it failed
TID: [-1234] [] [2020-02-26 10:47:25,572]  WARN {org.apache.synapse.endpoints.EndpointContext} - Suspending endpoint : Accounts_Port_81--vv1.0_APIproductionEndpoint with address http://192.168.0.108:81/api/v1 - current suspend duration is : 30000ms - Next retry after : Wed Feb 26 10:47:55 COT 2020
TID: [-1234] [] [2020-02-26 10:47:25,574]  INFO {org.apache.synapse.mediators.builtin.LogMediator} - STATUS = Executing default 'fault' sequence, ERROR_CODE = 101503, ERROR_MESSAGE = Error connecting to the back end
TID: [-1] [] [2020-02-26 10:48:24,784]  WARN {org.apache.synapse.transport.passthru.ConnectCallback} - Connection refused or failed for : /192.168.0.108:81
TID: [-1234] [] [2020-02-26 10:48:24,785]  WARN {org.apache.synapse.endpoints.EndpointContext} - Endpoint : Accounts_Port_81--vv1.0_APIproductionEndpoint with address http://192.168.0.108:81/api/v1 will be marked SUSPENDED as it failed
TID: [-1234] [] [2020-02-26 10:48:24,787]  WARN {org.apache.synapse.endpoints.EndpointContext} - Suspending endpoint : Accounts_Port_81--vv1.0_APIproductionEndpoint with address http://192.168.0.108:81/api/v1 - last suspend duration was : 30000ms and current suspend duration is : 30000ms - Next retry after : Wed Feb 26 10:48:54 COT 2020
TID: [-1234] [] [2020-02-26 10:48:24,788]  INFO {org.apache.synapse.mediators.builtin.LogMediator} - STATUS = Executing default 'fault' sequence, ERROR_CODE = 101503, ERROR_MESSAGE = Error connecting to the back end
TID: [-1234] [] [2020-02-26 10:48:29,339]  INFO {org.apache.synapse.mediators.builtin.LogMediator} - STATUS = Executing default 'fault' sequence, ERROR_CODE = 303001, ERROR_MESSAGE = Currently , Address endpoint : [ Name : Accounts_Port_81--vv1.0_APIproductionEndpoint ] [ State : SUSPENDED ]
TID: [-1234] [] [2020-02-26 10:48:43,480]  INFO {org.apache.synapse.mediators.builtin.LogMediator} - STATUS = Executing default 'fault' sequence, ERROR_CODE = 303001, ERROR_MESSAGE = Currently , Address endpoint : [ Name : Accounts_Port_81--vv1.0_APIproductionEndpoint ] [ State : SUSPENDED ]
TID: [-1234] [] [2020-02-26 10:48:47,325]  INFO {org.apache.synapse.mediators.builtin.LogMediator} - STATUS = Executing default 'fault' sequence, ERROR_CODE = 303001, ERROR_MESSAGE = Currently , Address endpoint : [ Name : Accounts_Port_81--vv1.0_APIproductionEndpoint ] [ State : SUSPENDED ]
TID: [-1234] [] [2020-02-26 10:48:50,108]  INFO {org.apache.synapse.mediators.builtin.LogMediator} - STATUS = Executing default 'fault' sequence, ERROR_CODE = 303001, ERROR_MESSAGE = Currently , Address endpoint : [ Name : Accounts_Port_81--vv1.0_APIproductionEndpoint ] [ State : SUSPENDED ]
TID: [-1] [] [2020-02-26 10:48:58,078]  WARN {org.apache.synapse.transport.passthru.ConnectCallback} - Connection refused or failed for : /192.168.0.108:81
TID: [-1234] [] [2020-02-26 10:48:58,079]  WARN {org.apache.synapse.endpoints.EndpointContext} - Endpoint : Accounts_Port_81--vv1.0_APIproductionEndpoint with address http://192.168.0.108:81/api/v1 will be marked SUSPENDED as it failed
TID: [-1234] [] [2020-02-26 10:48:58,082]  WARN {org.apache.synapse.endpoints.EndpointContext} - Suspending endpoint : Accounts_Port_81--vv1.0_APIproductionEndpoint with address http://192.168.0.108:81/api/v1 - last suspend duration was : 30000ms and current suspend duration is : 30000ms - Next retry after : Wed Feb 26 10:49:28 COT 2020
TID: [-1234] [] [2020-02-26 10:48:58,083]  INFO {org.apache.synapse.mediators.builtin.LogMediator} - STATUS = Executing default 'fault' sequence, ERROR_CODE = 101503, ERROR_MESSAGE = Error connecting to the back end
TID: [-1234] [] [2020-02-26 10:48:59,263]  INFO {org.apache.synapse.mediators.builtin.LogMediator} - STATUS = Executing default 'fault' sequence, ERROR_CODE = 303001, ERROR_MESSAGE = Currently , Address endpoint : [ Name : Accounts_Port_81--vv1.0_APIproductionEndpoint ] [ State : SUSPENDED ]
TID: [-1234] [] [2020-02-26 10:49:09,733]  INFO {org.apache.synapse.mediators.builtin.LogMediator} - STATUS = Executing default 'fault' sequence, ERROR_CODE = 303001, ERROR_MESSAGE = Currently , Address endpoint : [ Name : Accounts_Port_81--vv1.0_APIproductionEndpoint ] [ State : SUSPENDED ]
TID: [-1234] [AuthenticationAdmin] [2020-02-26 10:50:10,283]  INFO {org.wso2.carbon.core.services.util.CarbonAuthenticationUtil} - 'admin@carbon.super [-1234]' logged in at [2020-02-26 10:50:10,282-0500]
TID: [-1234] [AuthenticationAdmin] [2020-02-26 10:50:10,593]  INFO {org.wso2.carbon.core.services.util.CarbonAuthenticationUtil} - 'admin@carbon.super [-1234]' logged in at [2020-02-26 10:50:10,593-0500]
TID: [-1234] [AuthenticationAdmin] [2020-02-26 10:50:10,743]  INFO {org.wso2.carbon.core.services.util.CarbonAuthenticationUtil} - 'admin@carbon.super [-1234]' logged in at [2020-02-26 10:50:10,743-0500]
TID: [-1234] [AuthenticationAdmin] [2020-02-26 10:50:10,959]  INFO {org.wso2.carbon.core.services.util.CarbonAuthenticationUtil} - 'admin@carbon.super [-1234]' logged in at [2020-02-26 10:50:10,959-0500]
TID: [-1234] [APILocalEntryAdmin] [2020-02-26 10:50:10,980]  INFO {org.wso2.carbon.mediation.dependency.mgt.DependencyTracker} - Local entry : cc689bc4-e79b-4af0-b018-3e5e86fb743a was removed from the Synapse configuration successfully
TID: [-1234] [APILocalEntryAdmin] [2020-02-26 10:50:10,990]  INFO {org.wso2.carbon.mediation.dependency.mgt.DependencyTracker} - Local entry : cc689bc4-e79b-4af0-b018-3e5e86fb743a was added to the Synapse configuration successfully
TID: [-1234] [APIGatewayAdmin] [2020-02-26 10:50:11,192]  INFO {org.apache.synapse.rest.API} - Destroying API: admin--Accounts_Port_81:vv1.0
TID: [-1234] [APIGatewayAdmin] [2020-02-26 10:50:11,207]  INFO {org.wso2.carbon.mediation.dependency.mgt.DependencyTracker} - API : admin--Accounts_Port_81:vv1.0 was removed from the Synapse configuration successfully
TID: [-1234] [APIGatewayAdmin] [2020-02-26 10:50:11,210]  INFO {org.wso2.carbon.mediation.dependency.mgt.DependencyTracker} - API : admin--Accounts_Port_81:vv1.0 was added to the Synapse configuration successfully
TID: [-1234] [APIGatewayAdmin] [2020-02-26 10:50:11,215]  INFO {org.apache.synapse.rest.API} - Initializing API: admin--Accounts_Port_81:vv1.0
TID: [-1234] [APIGatewayAdmin] [2020-02-26 10:50:11,281]  INFO {org.wso2.carbon.mediation.dependency.mgt.DependencyTracker} - Endpoint : Accounts_Port_81--vv1.0_APIproductionEndpoint was added to the Synapse configuration successfully
TID: [-1234] [APIGatewayAdmin] [2020-02-26 10:50:11,299]  INFO {org.wso2.carbon.mediation.dependency.mgt.DependencyTracker} - Endpoint : Accounts_Port_81--vv1.0_APIsandboxEndpoint was added to the Synapse configuration successfully
TID: [-1234] [AuthenticationAdmin] [2020-02-26 10:50:11,478]  INFO {org.wso2.carbon.core.services.util.CarbonAuthenticationUtil} - 'admin@carbon.super [-1234]' logged in at [2020-02-26 10:50:11,478-0500]
TID: [-1234] [AuthenticationAdmin] [2020-02-26 10:50:11,703]  INFO {org.wso2.carbon.core.services.util.CarbonAuthenticationUtil} - 'admin@carbon.super [-1234]' logged in at [2020-02-26 10:50:11,703-0500]
TID: [-1234] [AuthenticationAdmin] [2020-02-26 10:50:11,722]  INFO {org.wso2.carbon.core.services.util.CarbonAuthenticationUtil} - 'admin@carbon.super [-1234]' logged in at [2020-02-26 10:50:11,722-0500]
TID: [-1234] [AuthenticationAdmin] [2020-02-26 10:50:11,740]  INFO {org.wso2.carbon.core.services.util.CarbonAuthenticationUtil} - 'admin@carbon.super [-1234]' logged in at [2020-02-26 10:50:11,740-0500]
TID: [-1234] [AuthenticationAdmin] [2020-02-26 10:50:11,756]  INFO {org.wso2.carbon.core.services.util.CarbonAuthenticationUtil} - 'admin@carbon.super [-1234]' logged in at [2020-02-26 10:50:11,756-0500]
TID: [-1] [] [2020-02-26 10:53:34,155]  WARN {org.apache.synapse.transport.passthru.ConnectCallback} - Connection refused or failed for : /192.168.0.108:83
TID: [-1234] [] [2020-02-26 10:53:34,156]  WARN {org.apache.synapse.endpoints.EndpointContext} - Endpoint : Georeferencia_Port_83--vv1.0_APIproductionEndpoint with address http://192.168.0.108:83/api/v1 will be marked SUSPENDED as it failed
TID: [-1234] [] [2020-02-26 10:53:34,158]  WARN {org.apache.synapse.endpoints.EndpointContext} - Suspending endpoint : Georeferencia_Port_83--vv1.0_APIproductionEndpoint with address http://192.168.0.108:83/api/v1 - current suspend duration is : 30000ms - Next retry after : Wed Feb 26 10:54:04 COT 2020
TID: [-1234] [] [2020-02-26 10:53:34,159]  INFO {org.apache.synapse.mediators.builtin.LogMediator} - STATUS = Executing default 'fault' sequence, ERROR_CODE = 101503, ERROR_MESSAGE = Error connecting to the back end
TID: [-1] [] [2020-02-26 10:54:18,061]  WARN {org.apache.synapse.transport.passthru.ConnectCallback} - Connection refused or failed for : /192.168.0.108:83
TID: [-1234] [] [2020-02-26 10:54:18,061]  WARN {org.apache.synapse.endpoints.EndpointContext} - Endpoint : Georeferencia_Port_83--vv1.0_APIproductionEndpoint with address http://192.168.0.108:83/api/v1 will be marked SUSPENDED as it failed
TID: [-1234] [] [2020-02-26 10:54:18,064]  WARN {org.apache.synapse.endpoints.EndpointContext} - Suspending endpoint : Georeferencia_Port_83--vv1.0_APIproductionEndpoint with address http://192.168.0.108:83/api/v1 - last suspend duration was : 30000ms and current suspend duration is : 30000ms - Next retry after : Wed Feb 26 10:54:48 COT 2020
TID: [-1234] [] [2020-02-26 10:54:18,065]  INFO {org.apache.synapse.mediators.builtin.LogMediator} - STATUS = Executing default 'fault' sequence, ERROR_CODE = 101503, ERROR_MESSAGE = Error connecting to the back end
TID: [-1234] [api/am/publisher/v1.0] [2020-02-26 10:56:03,124]  WARN {org.wso2.carbon.apimgt.rest.api.publisher.v1.impl.AlertTypesApiServiceImpl} - Analytics is not enabled org.wso2.carbon.apimgt.impl.alertmgt.exception.AlertManagementException: Analytics Not Enabled
	at org.wso2.carbon.apimgt.impl.alertmgt.AlertConfigManager.<init>(AlertConfigManager.java:33)
	at org.wso2.carbon.apimgt.impl.alertmgt.AlertConfigManager.getInstance_aroundBody0(AlertConfigManager.java:39)
	at org.wso2.carbon.apimgt.impl.alertmgt.AlertConfigManager.getInstance(AlertConfigManager.java:37)
	at org.wso2.carbon.apimgt.rest.api.publisher.v1.impl.AlertTypesApiServiceImpl.getPublisherAlertTypes(AlertTypesApiServiceImpl.java:45)
	at org.wso2.carbon.apimgt.rest.api.publisher.v1.AlertTypesApi.getPublisherAlertTypes(AlertTypesApi.java:52)
	at sun.reflect.NativeMethodAccessorImpl.invoke0(Native Method)
	at sun.reflect.NativeMethodAccessorImpl.invoke(NativeMethodAccessorImpl.java:62)
	at sun.reflect.DelegatingMethodAccessorImpl.invoke(DelegatingMethodAccessorImpl.java:43)
	at java.lang.reflect.Method.invoke(Method.java:498)
	at org.apache.cxf.service.invoker.AbstractInvoker.performInvocation(AbstractInvoker.java:179)
	at org.apache.cxf.service.invoker.AbstractInvoker.invoke(AbstractInvoker.java:96)
	at org.apache.cxf.jaxrs.JAXRSInvoker.invoke(JAXRSInvoker.java:193)
	at org.apache.cxf.jaxrs.JAXRSInvoker.invoke(JAXRSInvoker.java:103)
	at org.apache.cxf.interceptor.ServiceInvokerInterceptor$1.run(ServiceInvokerInterceptor.java:59)
	at org.apache.cxf.interceptor.ServiceInvokerInterceptor.handleMessage(ServiceInvokerInterceptor.java:96)
	at org.apache.cxf.phase.PhaseInterceptorChain.doIntercept(PhaseInterceptorChain.java:308)
	at org.apache.cxf.transport.ChainInitiationObserver.onMessage(ChainInitiationObserver.java:121)
	at org.apache.cxf.transport.http.AbstractHTTPDestination.invoke(AbstractHTTPDestination.java:267)
	at org.apache.cxf.transport.servlet.ServletController.invokeDestination(ServletController.java:234)
	at org.apache.cxf.transport.servlet.ServletController.invoke(ServletController.java:208)
	at org.apache.cxf.transport.servlet.ServletController.invoke(ServletController.java:160)
	at org.apache.cxf.transport.servlet.CXFNonSpringServlet.invoke(CXFNonSpringServlet.java:216)
	at org.apache.cxf.transport.servlet.AbstractHTTPServlet.handleRequest(AbstractHTTPServlet.java:301)
	at org.apache.cxf.transport.servlet.AbstractHTTPServlet.doGet(AbstractHTTPServlet.java:225)
	at javax.servlet.http.HttpServlet.service(HttpServlet.java:634)
	at org.apache.cxf.transport.servlet.AbstractHTTPServlet.service(AbstractHTTPServlet.java:276)
	at org.apache.catalina.core.ApplicationFilterChain.internalDoFilter(ApplicationFilterChain.java:231)
	at org.apache.catalina.core.ApplicationFilterChain.doFilter(ApplicationFilterChain.java:166)
	at org.apache.tomcat.websocket.server.WsFilter.doFilter(WsFilter.java:53)
	at org.apache.catalina.core.ApplicationFilterChain.internalDoFilter(ApplicationFilterChain.java:193)
	at org.apache.catalina.core.ApplicationFilterChain.doFilter(ApplicationFilterChain.java:166)
	at org.apache.catalina.core.StandardWrapperValve.invoke(StandardWrapperValve.java:202)
	at org.apache.catalina.core.StandardContextValve.invoke(StandardContextValve.java:96)
	at org.apache.catalina.authenticator.AuthenticatorBase.invoke(AuthenticatorBase.java:490)
	at org.apache.catalina.core.StandardHostValve.invoke(StandardHostValve.java:139)
	at org.apache.catalina.valves.ErrorReportValve.invoke(ErrorReportValve.java:92)
	at org.wso2.carbon.identity.context.rewrite.valve.TenantContextRewriteValve.invoke(TenantContextRewriteValve.java:80)
	at org.wso2.carbon.identity.authz.valve.AuthorizationValve.invoke(AuthorizationValve.java:100)
	at org.wso2.carbon.identity.auth.valve.AuthenticationValve.invoke(AuthenticationValve.java:74)
	at org.wso2.carbon.tomcat.ext.valves.CompositeValve.continueInvocation(CompositeValve.java:99)
	at org.wso2.carbon.tomcat.ext.valves.TomcatValveContainer.invokeValves(TomcatValveContainer.java:49)
	at org.wso2.carbon.tomcat.ext.valves.CompositeValve.invoke(CompositeValve.java:62)
	at org.wso2.carbon.tomcat.ext.valves.CarbonStuckThreadDetectionValve.invoke(CarbonStuckThreadDetectionValve.java:146)
	at org.apache.catalina.valves.AbstractAccessLogValve.invoke(AbstractAccessLogValve.java:678)
	at org.wso2.carbon.tomcat.ext.valves.CarbonContextCreatorValve.invoke(CarbonContextCreatorValve.java:57)
	at org.wso2.carbon.tomcat.ext.valves.RequestCorrelationIdValve.invoke(RequestCorrelationIdValve.java:116)
	at org.apache.catalina.core.StandardEngineValve.invoke(StandardEngineValve.java:74)
	at org.apache.catalina.connector.CoyoteAdapter.service(CoyoteAdapter.java:343)
	at org.apache.coyote.http11.Http11Processor.service(Http11Processor.java:408)
	at org.apache.coyote.AbstractProcessorLight.process(AbstractProcessorLight.java:66)
	at org.apache.coyote.AbstractProtocol$ConnectionHandler.process(AbstractProtocol.java:853)
	at org.apache.tomcat.util.net.NioEndpoint$SocketProcessor.doRun(NioEndpoint.java:1587)
	at org.apache.tomcat.util.net.SocketProcessorBase.run(SocketProcessorBase.java:49)
	at java.util.concurrent.ThreadPoolExecutor.runWorker(ThreadPoolExecutor.java:1149)
	at java.util.concurrent.ThreadPoolExecutor$Worker.run(ThreadPoolExecutor.java:624)
	at org.apache.tomcat.util.threads.TaskThread$WrappingRunnable.run(TaskThread.java:61)
	at java.lang.Thread.run(Thread.java:748)

TID: [-1] [] [2020-02-26 14:11:49,960]  INFO {org.wso2.carbon.identity.application.authentication.framework.store.SessionCleanUpService} - Session Data cleanup task is running successfully for removing expired Data
TID: [-1234] [] [2020-02-26 14:23:43,299] ERROR {org.wso2.carbon.apimgt.gateway.handlers.security.jwt.JWTValidator} - JWT token is expired
TID: [-1234] [] [2020-02-26 14:23:43,302]  WARN {org.wso2.carbon.apimgt.gateway.handlers.security.APIAuthenticationHandler} - API authentication failure due to Access Token Expired
TID: [-1] [] [2020-02-26 14:25:35,911]  WARN {org.apache.synapse.transport.passthru.ConnectCallback} - Connection refused or failed for : /192.168.0.108:83
TID: [-1234] [] [2020-02-26 14:25:35,912]  WARN {org.apache.synapse.endpoints.EndpointContext} - Endpoint : Georeferencia_Port_83--vv1.0_APIproductionEndpoint with address http://192.168.0.108:83/api/v1 will be marked SUSPENDED as it failed
TID: [-1234] [] [2020-02-26 14:25:35,918]  WARN {org.apache.synapse.endpoints.EndpointContext} - Suspending endpoint : Georeferencia_Port_83--vv1.0_APIproductionEndpoint with address http://192.168.0.108:83/api/v1 - last suspend duration was : 30000ms and current suspend duration is : 30000ms - Next retry after : Wed Feb 26 14:26:05 COT 2020
TID: [-1234] [] [2020-02-26 14:25:35,920]  INFO {org.apache.synapse.mediators.builtin.LogMediator} - STATUS = Executing default 'fault' sequence, ERROR_CODE = 101503, ERROR_MESSAGE = Error connecting to the back end
TID: [-1234] [publisher] [2020-02-26 14:31:14,738] ERROR {JAGGERY.services.refresh.refresh:jag} - {}
TID: [-1] [] [2020-02-26 14:31:14,758]  WARN {org.apache.synapse.transport.passthru.ConnectCallback} - Connection refused or failed for : /192.168.0.108:83
TID: [-1234] [api/am/publisher/v1.0] [2020-02-26 14:31:14,758] ERROR {org.wso2.carbon.apimgt.impl.AMDefaultKeyManagerImpl} - Invalid OAuth Token : Invalid Access Token. ACTIVE access token is not found.
TID: [-1234] [] [2020-02-26 14:31:14,758]  WARN {org.apache.synapse.endpoints.EndpointContext} - Endpoint : Georeferencia_Port_83--vv1.0_APIproductionEndpoint with address http://192.168.0.108:83/api/v1 will be marked SUSPENDED as it failed
TID: [-1234] [api/am/publisher/v1.0] [2020-02-26 14:31:14,760] ERROR {org.wso2.carbon.apimgt.rest.api.util.impl.WebAppAuthenticatorImpl} - Provided access token is invalid
TID: [-1234] [] [2020-02-26 14:31:14,760]  WARN {org.apache.synapse.endpoints.EndpointContext} - Suspending endpoint : Georeferencia_Port_83--vv1.0_APIproductionEndpoint with address http://192.168.0.108:83/api/v1 - last suspend duration was : 30000ms and current suspend duration is : 30000ms - Next retry after : Wed Feb 26 14:31:44 COT 2020
TID: [-1234] [] [2020-02-26 14:31:14,761]  INFO {org.apache.synapse.mediators.builtin.LogMediator} - STATUS = Executing default 'fault' sequence, ERROR_CODE = 101503, ERROR_MESSAGE = Error connecting to the back end
TID: [-1234] [AuthenticationAdmin] [2020-02-26 14:31:57,209]  INFO {org.wso2.carbon.core.services.util.CarbonAuthenticationUtil} - 'admin@carbon.super [-1234]' logged in at [2020-02-26 14:31:57,209-0500]
TID: [-1234] [AuthenticationAdmin] [2020-02-26 14:31:57,608]  INFO {org.wso2.carbon.core.services.util.CarbonAuthenticationUtil} - 'admin@carbon.super [-1234]' logged in at [2020-02-26 14:31:57,608-0500]
TID: [-1234] [AuthenticationAdmin] [2020-02-26 14:31:57,798]  INFO {org.wso2.carbon.core.services.util.CarbonAuthenticationUtil} - 'admin@carbon.super [-1234]' logged in at [2020-02-26 14:31:57,798-0500]
TID: [-1234] [AuthenticationAdmin] [2020-02-26 14:31:58,071]  INFO {org.wso2.carbon.core.services.util.CarbonAuthenticationUtil} - 'admin@carbon.super [-1234]' logged in at [2020-02-26 14:31:58,071-0500]
TID: [-1234] [APILocalEntryAdmin] [2020-02-26 14:31:58,106]  INFO {org.wso2.carbon.mediation.dependency.mgt.DependencyTracker} - Local entry : 2a3811af-0ada-4c74-ac63-c65d42cf82ca was removed from the Synapse configuration successfully
TID: [-1234] [APILocalEntryAdmin] [2020-02-26 14:31:58,114]  INFO {org.wso2.carbon.mediation.dependency.mgt.DependencyTracker} - Local entry : 2a3811af-0ada-4c74-ac63-c65d42cf82ca was added to the Synapse configuration successfully
TID: [-1234] [APIGatewayAdmin] [2020-02-26 14:31:58,374]  INFO {org.apache.synapse.rest.API} - Destroying API: admin--Georeferencia_Port_83:vv1.0
TID: [-1234] [APIGatewayAdmin] [2020-02-26 14:31:58,380]  INFO {org.wso2.carbon.mediation.dependency.mgt.DependencyTracker} - API : admin--Georeferencia_Port_83:vv1.0 was removed from the Synapse configuration successfully
TID: [-1234] [APIGatewayAdmin] [2020-02-26 14:31:58,403]  INFO {org.wso2.carbon.mediation.dependency.mgt.DependencyTracker} - API : admin--Georeferencia_Port_83:vv1.0 was added to the Synapse configuration successfully
TID: [-1234] [APIGatewayAdmin] [2020-02-26 14:31:58,483]  INFO {org.apache.synapse.rest.API} - Initializing API: admin--Georeferencia_Port_83:vv1.0
TID: [-1234] [APIGatewayAdmin] [2020-02-26 14:31:58,575]  INFO {org.wso2.carbon.mediation.dependency.mgt.DependencyTracker} - Endpoint : Georeferencia_Port_83--vv1.0_APIproductionEndpoint was added to the Synapse configuration successfully
TID: [-1234] [APIGatewayAdmin] [2020-02-26 14:31:58,594]  INFO {org.wso2.carbon.mediation.dependency.mgt.DependencyTracker} - Endpoint : Georeferencia_Port_83--vv1.0_APIsandboxEndpoint was added to the Synapse configuration successfully
TID: [-1234] [AuthenticationAdmin] [2020-02-26 14:31:58,762]  INFO {org.wso2.carbon.core.services.util.CarbonAuthenticationUtil} - 'admin@carbon.super [-1234]' logged in at [2020-02-26 14:31:58,762-0500]
TID: [-1234] [AuthenticationAdmin] [2020-02-26 14:31:59,124]  INFO {org.wso2.carbon.core.services.util.CarbonAuthenticationUtil} - 'admin@carbon.super [-1234]' logged in at [2020-02-26 14:31:59,124-0500]
TID: [-1234] [AuthenticationAdmin] [2020-02-26 14:31:59,144]  INFO {org.wso2.carbon.core.services.util.CarbonAuthenticationUtil} - 'admin@carbon.super [-1234]' logged in at [2020-02-26 14:31:59,144-0500]
TID: [-1234] [AuthenticationAdmin] [2020-02-26 14:31:59,159]  INFO {org.wso2.carbon.core.services.util.CarbonAuthenticationUtil} - 'admin@carbon.super [-1234]' logged in at [2020-02-26 14:31:59,159-0500]
TID: [-1234] [AuthenticationAdmin] [2020-02-26 14:31:59,175]  INFO {org.wso2.carbon.core.services.util.CarbonAuthenticationUtil} - 'admin@carbon.super [-1234]' logged in at [2020-02-26 14:31:59,175-0500]
TID: [-1234] [] [2020-02-26 22:58:20,772] ERROR {org.wso2.carbon.apimgt.gateway.handlers.security.jwt.JWTValidator} - JWT token is expired
TID: [-1234] [] [2020-02-26 22:58:20,784]  WARN {org.wso2.carbon.apimgt.gateway.handlers.security.APIAuthenticationHandler} - API authentication failure due to Access Token Expired
