TID: [-1234] [] [2020-02-27 00:16:00,999] ERROR {org.wso2.carbon.apimgt.gateway.handlers.security.jwt.JWTValidator} - JWT token is expired
TID: [-1234] [] [2020-02-27 00:16:01,039]  WARN {org.wso2.carbon.apimgt.gateway.handlers.security.APIAuthenticationHandler} - API authentication failure due to Access Token Expired
TID: [-1] [] [2020-02-27 00:16:21,123]  WARN {org.apache.synapse.commons.util.MiscellaneousUtil} - Error loading properties from a file at from the System defined location: access-log.properties
TID: [-1234] [publisher] [2020-02-27 01:15:43,742] ERROR {JAGGERY.services.refresh.refresh:jag} - {}
TID: [-1234] [api/am/publisher/v1.0] [2020-02-27 01:15:43,761] ERROR {org.wso2.carbon.apimgt.impl.AMDefaultKeyManagerImpl} - Invalid OAuth Token : Invalid Access Token. ACTIVE access token is not found.
TID: [-1234] [api/am/publisher/v1.0] [2020-02-27 01:15:43,762] ERROR {org.wso2.carbon.apimgt.rest.api.util.impl.WebAppAuthenticatorImpl} - Provided access token is invalid
TID: [-1234] [AuthenticationAdmin] [2020-02-27 01:19:33,827]  INFO {org.wso2.carbon.core.services.util.CarbonAuthenticationUtil} - 'admin@carbon.super [-1234]' logged in at [2020-02-27 01:19:33,827-0500]
TID: [-1234] [AuthenticationAdmin] [2020-02-27 01:19:34,067]  INFO {org.wso2.carbon.core.services.util.CarbonAuthenticationUtil} - 'admin@carbon.super [-1234]' logged in at [2020-02-27 01:19:34,067-0500]
TID: [-1234] [AuthenticationAdmin] [2020-02-27 01:19:34,186]  INFO {org.wso2.carbon.core.services.util.CarbonAuthenticationUtil} - 'admin@carbon.super [-1234]' logged in at [2020-02-27 01:19:34,186-0500]
TID: [-1234] [AuthenticationAdmin] [2020-02-27 01:19:34,353]  INFO {org.wso2.carbon.core.services.util.CarbonAuthenticationUtil} - 'admin@carbon.super [-1234]' logged in at [2020-02-27 01:19:34,353-0500]
TID: [-1234] [APILocalEntryAdmin] [2020-02-27 01:19:34,376]  INFO {org.wso2.carbon.mediation.dependency.mgt.DependencyTracker} - Local entry : 2a3811af-0ada-4c74-ac63-c65d42cf82ca was removed from the Synapse configuration successfully
TID: [-1234] [APILocalEntryAdmin] [2020-02-27 01:19:34,384]  INFO {org.wso2.carbon.mediation.dependency.mgt.DependencyTracker} - Local entry : 2a3811af-0ada-4c74-ac63-c65d42cf82ca was added to the Synapse configuration successfully
TID: [-1234] [APIGatewayAdmin] [2020-02-27 01:19:34,505]  INFO {org.apache.synapse.rest.API} - Destroying API: admin--Georeferencia_Port_83:vv1.0
TID: [-1234] [APIGatewayAdmin] [2020-02-27 01:19:34,527]  INFO {org.wso2.carbon.mediation.dependency.mgt.DependencyTracker} - API : admin--Georeferencia_Port_83:vv1.0 was removed from the Synapse configuration successfully
TID: [-1234] [APIGatewayAdmin] [2020-02-27 01:19:34,529]  INFO {org.wso2.carbon.mediation.dependency.mgt.DependencyTracker} - API : admin--Georeferencia_Port_83:vv1.0 was added to the Synapse configuration successfully
TID: [-1234] [APIGatewayAdmin] [2020-02-27 01:19:34,530]  INFO {org.apache.synapse.rest.API} - Initializing API: admin--Georeferencia_Port_83:vv1.0
TID: [-1234] [APIGatewayAdmin] [2020-02-27 01:19:34,572]  INFO {org.wso2.carbon.mediation.dependency.mgt.DependencyTracker} - Endpoint : Georeferencia_Port_83--vv1.0_APIproductionEndpoint was added to the Synapse configuration successfully
TID: [-1234] [APIGatewayAdmin] [2020-02-27 01:19:34,682]  INFO {org.wso2.carbon.mediation.dependency.mgt.DependencyTracker} - Endpoint : Georeferencia_Port_83--vv1.0_APIsandboxEndpoint was added to the Synapse configuration successfully
TID: [-1234] [AuthenticationAdmin] [2020-02-27 01:19:34,768]  INFO {org.wso2.carbon.core.services.util.CarbonAuthenticationUtil} - 'admin@carbon.super [-1234]' logged in at [2020-02-27 01:19:34,768-0500]
TID: [-1234] [AuthenticationAdmin] [2020-02-27 01:19:35,019]  INFO {org.wso2.carbon.core.services.util.CarbonAuthenticationUtil} - 'admin@carbon.super [-1234]' logged in at [2020-02-27 01:19:35,019-0500]
TID: [-1234] [AuthenticationAdmin] [2020-02-27 01:19:35,034]  INFO {org.wso2.carbon.core.services.util.CarbonAuthenticationUtil} - 'admin@carbon.super [-1234]' logged in at [2020-02-27 01:19:35,034-0500]
TID: [-1234] [AuthenticationAdmin] [2020-02-27 01:19:35,047]  INFO {org.wso2.carbon.core.services.util.CarbonAuthenticationUtil} - 'admin@carbon.super [-1234]' logged in at [2020-02-27 01:19:35,047-0500]
TID: [-1234] [AuthenticationAdmin] [2020-02-27 01:19:35,058]  INFO {org.wso2.carbon.core.services.util.CarbonAuthenticationUtil} - 'admin@carbon.super [-1234]' logged in at [2020-02-27 01:19:35,058-0500]
TID: [-1234] [AuthenticationAdmin] [2020-02-27 01:19:35,075]  INFO {org.wso2.carbon.core.services.util.CarbonAuthenticationUtil} - 'admin@carbon.super [-1234]' logged in at [2020-02-27 01:19:35,075-0500]
TID: [-1] [] [2020-02-27 01:28:35,812]  WARN {org.apache.synapse.transport.passthru.ConnectCallback} - Connection refused or failed for : localhost/127.0.0.1:83
TID: [-1234] [] [2020-02-27 01:28:35,813]  WARN {org.apache.synapse.endpoints.EndpointContext} - Endpoint : Georeferencia_Port_83--vv1.0_APIproductionEndpoint with address http://localhost:83/api/v1 will be marked SUSPENDED as it failed
TID: [-1234] [] [2020-02-27 01:28:35,815]  WARN {org.apache.synapse.endpoints.EndpointContext} - Suspending endpoint : Georeferencia_Port_83--vv1.0_APIproductionEndpoint with address http://localhost:83/api/v1 - current suspend duration is : 30000ms - Next retry after : Thu Feb 27 01:29:05 COT 2020
TID: [-1234] [] [2020-02-27 01:28:35,816]  INFO {org.apache.synapse.mediators.builtin.LogMediator} - STATUS = Executing default 'fault' sequence, ERROR_CODE = 101503, ERROR_MESSAGE = Error connecting to the back end
TID: [-1] [] [2020-02-27 01:41:34,595]  INFO {org.apache.synapse.transport.passthru.SourceHandler} - Writer null when calling informWriterError
TID: [-1] [] [2020-02-27 01:41:34,595]  WARN {org.apache.synapse.transport.passthru.TargetHandler} - Connection time out after while in state : REQUEST_DONE Socket Timeout : 180000 correlation_id : null Remote Address : localhost/127.0.0.1:81
TID: [-1] [] [2020-02-27 01:40:48,774]  INFO {org.apache.synapse.endpoints.EndpointContext} - Endpoint : Accounts_Port_81--vv1.0_APIproductionEndpoint with address http://localhost:81/api/v1 has been marked for SUSPENSION, but no further retries remain. Thus it will be SUSPENDED.
TID: [-1234] [] [2020-02-27 01:29:28,123]  INFO {org.apache.synapse.endpoints.EndpointContext} - Endpoint : Georeferencia_Port_83--vv1.0_APIproductionEndpoint with address http://localhost:83/api/v1 currently SUSPENDED will now be marked active since it processed its last message
TID: [-1234] [AuthenticationAdmin] [2020-02-27 01:39:24,949]  INFO {org.wso2.carbon.core.services.util.CarbonAuthenticationUtil} - 'admin@carbon.super [-1234]' logged in at [2020-02-27 01:39:24,949-0500]
TID: [-1] [] [2020-02-27 01:32:27,966]  INFO {org.apache.synapse.transport.passthru.SourceHandler} - Writer null when calling informWriterError
TID: [-1] [] [2020-02-27 01:41:37,264]  WARN {org.apache.synapse.endpoints.EndpointContext} - Suspending endpoint : Accounts_Port_81--vv1.0_APIproductionEndpoint with address http://localhost:81/api/v1 - current suspend duration is : 30000ms - Next retry after : Thu Feb 27 01:42:07 COT 2020
TID: [-1234] [api/am/publisher/v1.0] [2020-02-27 01:39:54,923]  INFO {org.apache.axis2.transport.http.HTTPSender} - Unable to sendViaPost to url[https://localhost:9443/services/AuthenticationAdmin] java.net.SocketTimeoutException: Read timed out
	at java.net.SocketInputStream.socketRead0(Native Method)
	at java.net.SocketInputStream.socketRead(SocketInputStream.java:116)
	at java.net.SocketInputStream.read(SocketInputStream.java:171)
	at java.net.SocketInputStream.read(SocketInputStream.java:141)
	at sun.security.ssl.InputRecord.readFully(InputRecord.java:465)
	at sun.security.ssl.InputRecord.read(InputRecord.java:503)
	at sun.security.ssl.SSLSocketImpl.readRecord(SSLSocketImpl.java:975)
	at sun.security.ssl.SSLSocketImpl.readDataRecord(SSLSocketImpl.java:933)
	at sun.security.ssl.AppInputStream.read(AppInputStream.java:105)
	at java.io.BufferedInputStream.fill(BufferedInputStream.java:246)
	at java.io.BufferedInputStream.read(BufferedInputStream.java:265)
	at org.apache.commons.httpclient.HttpParser.readRawLine(HttpParser.java:78)
	at org.apache.commons.httpclient.HttpParser.readLine(HttpParser.java:106)
	at org.apache.commons.httpclient.HttpConnection.readLine(HttpConnection.java:1116)
	at org.apache.commons.httpclient.MultiThreadedHttpConnectionManager$HttpConnectionAdapter.readLine(MultiThreadedHttpConnectionManager.java:1413)
	at org.apache.commons.httpclient.HttpMethodBase.readStatusLine(HttpMethodBase.java:1973)
	at org.apache.commons.httpclient.HttpMethodBase.readResponse(HttpMethodBase.java:1735)
	at org.apache.commons.httpclient.HttpMethodBase.execute(HttpMethodBase.java:1098)
	at org.apache.commons.httpclient.HttpMethodDirector.executeWithRetry(HttpMethodDirector.java:398)
	at org.apache.commons.httpclient.HttpMethodDirector.executeMethod(HttpMethodDirector.java:171)
	at org.apache.commons.httpclient.HttpClient.executeMethod(HttpClient.java:397)
	at org.apache.axis2.transport.http.AbstractHTTPSender.executeMethod(AbstractHTTPSender.java:712)
	at org.apache.axis2.transport.http.HTTPSender.sendViaPost(HTTPSender.java:223)
	at org.apache.axis2.transport.http.HTTPSender.send(HTTPSender.java:82)
	at org.apache.axis2.transport.http.CommonsHTTPTransportSender.writeMessageWithCommons(CommonsHTTPTransportSender.java:459)
	at org.apache.axis2.transport.http.CommonsHTTPTransportSender.invoke(CommonsHTTPTransportSender.java:286)
	at org.apache.axis2.engine.AxisEngine.send(AxisEngine.java:442)
	at org.apache.axis2.description.OutInAxisOperationClient.send(OutInAxisOperation.java:442)
	at org.apache.axis2.description.OutInAxisOperationClient.executeImpl(OutInAxisOperation.java:228)
	at org.apache.axis2.client.OperationClient.execute(OperationClient.java:149)
	at org.wso2.carbon.authenticator.stub.AuthenticationAdminStub.login(AuthenticationAdminStub.java:1343)
	at org.wso2.carbon.apimgt.impl.utils.AbstractAPIGatewayAdminClient.login_aroundBody2(AbstractAPIGatewayAdminClient.java:87)
	at org.wso2.carbon.apimgt.impl.utils.AbstractAPIGatewayAdminClient.login(AbstractAPIGatewayAdminClient.java:66)
	at org.wso2.carbon.apimgt.impl.utils.AbstractAPIGatewayAdminClient.setup_aroundBody0(AbstractAPIGatewayAdminClient.java:50)
	at org.wso2.carbon.apimgt.impl.utils.AbstractAPIGatewayAdminClient.setup(AbstractAPIGatewayAdminClient.java:49)
	at org.wso2.carbon.apimgt.impl.utils.APIGatewayAdminClient.<init>(APIGatewayAdminClient.java:57)
	at org.wso2.carbon.apimgt.impl.APIGatewayManager.isAPIPublished_aroundBody20(APIGatewayManager.java:844)
	at org.wso2.carbon.apimgt.impl.APIGatewayManager.isAPIPublished(APIGatewayManager.java:841)
	at org.wso2.carbon.apimgt.impl.APIProviderImpl.updateApiArtifact_aroundBody70(APIProviderImpl.java:1311)
	at org.wso2.carbon.apimgt.impl.APIProviderImpl.updateApiArtifact(APIProviderImpl.java:1290)
	at org.wso2.carbon.apimgt.impl.APIProviderImpl.updateAPI_aroundBody66(APIProviderImpl.java:1125)
	at org.wso2.carbon.apimgt.impl.APIProviderImpl.updateAPI(APIProviderImpl.java:1056)
	at org.wso2.carbon.apimgt.impl.UserAwareAPIProvider.manageAPI_aroundBody12(UserAwareAPIProvider.java:118)
	at org.wso2.carbon.apimgt.impl.UserAwareAPIProvider.manageAPI(UserAwareAPIProvider.java:107)
	at org.wso2.carbon.apimgt.rest.api.publisher.v1.impl.ApisApiServiceImpl.apisApiIdPut(ApisApiServiceImpl.java:651)
	at org.wso2.carbon.apimgt.rest.api.publisher.v1.ApisApi.apisApiIdPut(ApisApi.java:583)
	at sun.reflect.NativeMethodAccessorImpl.invoke0(Native Method)
	at sun.reflect.NativeMethodAccessorImpl.invoke(NativeMethodAccessorImpl.java:62)
	at sun.reflect.DelegatingMethodAccessorImpl.invoke(DelegatingMethodAccessorImpl.java:43)
	at java.lang.reflect.Method.invoke(Method.java:498)
	at org.apache.cxf.service.invoker.AbstractInvoker.performInvocation(AbstractInvoker.java:179)
	at org.apache.cxf.service.invoker.AbstractInvoker.invoke(AbstractInvoker.java:96)
	at org.apache.cxf.jaxrs.JAXRSInvoker.invoke(JAXRSInvoker.java:193)
	at org.apache.cxf.jaxrs.JAXRSInvoker.invoke(JAXRSInvoker.java:103)
	at org.apache.cxf.interceptor.ServiceInvokerInterceptor$1.run(ServiceInvokerInterceptor.java:59)
	at org.apache.cxf.interceptor.ServiceInvokerInterceptor.handleMessage(ServiceInvokerInterceptor.java:96)
	at org.apache.cxf.phase.PhaseInterceptorChain.doIntercept(PhaseInterceptorChain.java:308)
	at org.apache.cxf.transport.ChainInitiationObserver.onMessage(ChainInitiationObserver.java:121)
	at org.apache.cxf.transport.http.AbstractHTTPDestination.invoke(AbstractHTTPDestination.java:267)
	at org.apache.cxf.transport.servlet.ServletController.invokeDestination(ServletController.java:234)
	at org.apache.cxf.transport.servlet.ServletController.invoke(ServletController.java:208)
	at org.apache.cxf.transport.servlet.ServletController.invoke(ServletController.java:160)
	at org.apache.cxf.transport.servlet.CXFNonSpringServlet.invoke(CXFNonSpringServlet.java:216)
	at org.apache.cxf.transport.servlet.AbstractHTTPServlet.handleRequest(AbstractHTTPServlet.java:301)
	at org.apache.cxf.transport.servlet.AbstractHTTPServlet.doPut(AbstractHTTPServlet.java:237)
	at javax.servlet.http.HttpServlet.service(HttpServlet.java:663)
	at org.apache.cxf.transport.servlet.AbstractHTTPServlet.service(AbstractHTTPServlet.java:276)
	at org.apache.catalina.core.ApplicationFilterChain.internalDoFilter(ApplicationFilterChain.java:231)
	at org.apache.catalina.core.ApplicationFilterChain.doFilter(ApplicationFilterChain.java:166)
	at org.apache.tomcat.websocket.server.WsFilter.doFilter(WsFilter.java:53)
	at org.apache.catalina.core.ApplicationFilterChain.internalDoFilter(ApplicationFilterChain.java:193)
	at org.apache.catalina.core.ApplicationFilterChain.doFilter(ApplicationFilterChain.java:166)
	at org.apache.catalina.core.StandardWrapperValve.invoke(StandardWrapperValve.java:202)
	at org.apache.catalina.core.StandardContextValve.invoke(StandardContextValve.java:96)
	at org.apache.catalina.authenticator.AuthenticatorBase.invoke(AuthenticatorBase.java:490)
	at org.apache.catalina.core.StandardHostValve.invoke(StandardHostValve.java:139)
	at org.apache.catalina.valves.ErrorReportValve.invoke(ErrorReportValve.java:92)
	at org.wso2.carbon.identity.context.rewrite.valve.TenantContextRewriteValve.invoke(TenantContextRewriteValve.java:80)
	at org.wso2.carbon.identity.authz.valve.AuthorizationValve.invoke(AuthorizationValve.java:100)
	at org.wso2.carbon.identity.auth.valve.AuthenticationValve.invoke(AuthenticationValve.java:74)
	at org.wso2.carbon.tomcat.ext.valves.CompositeValve.continueInvocation(CompositeValve.java:99)
	at org.wso2.carbon.tomcat.ext.valves.TomcatValveContainer.invokeValves(TomcatValveContainer.java:49)
	at org.wso2.carbon.tomcat.ext.valves.CompositeValve.invoke(CompositeValve.java:62)
	at org.wso2.carbon.tomcat.ext.valves.CarbonStuckThreadDetectionValve.invoke(CarbonStuckThreadDetectionValve.java:146)
	at org.apache.catalina.valves.AbstractAccessLogValve.invoke(AbstractAccessLogValve.java:678)
	at org.wso2.carbon.tomcat.ext.valves.CarbonContextCreatorValve.invoke(CarbonContextCreatorValve.java:57)
	at org.wso2.carbon.tomcat.ext.valves.RequestCorrelationIdValve.invoke(RequestCorrelationIdValve.java:116)
	at org.apache.catalina.core.StandardEngineValve.invoke(StandardEngineValve.java:74)
	at org.apache.catalina.connector.CoyoteAdapter.service(CoyoteAdapter.java:343)
	at org.apache.coyote.http11.Http11Processor.service(Http11Processor.java:408)
	at org.apache.coyote.AbstractProcessorLight.process(AbstractProcessorLight.java:66)
	at org.apache.coyote.AbstractProtocol$ConnectionHandler.process(AbstractProtocol.java:853)
	at org.apache.tomcat.util.net.NioEndpoint$SocketProcessor.doRun(NioEndpoint.java:1587)
	at org.apache.tomcat.util.net.SocketProcessorBase.run(SocketProcessorBase.java:49)
	at java.util.concurrent.ThreadPoolExecutor.runWorker(ThreadPoolExecutor.java:1149)
	at java.util.concurrent.ThreadPoolExecutor$Worker.run(ThreadPoolExecutor.java:624)
	at org.apache.tomcat.util.threads.TaskThread$WrappingRunnable.run(TaskThread.java:61)
	at java.lang.Thread.run(Thread.java:748)

TID: [-1] [] [2020-02-27 01:41:37,270]  INFO {org.apache.synapse.mediators.builtin.LogMediator} - STATUS = Executing default 'fault' sequence, ERROR_CODE = 101504, ERROR_MESSAGE = Send timeout
TID: [-1] [] [2020-02-27 01:41:37,264]  WARN {org.apache.synapse.transport.passthru.SourceHandler} - Connection time out after request is read: http-incoming-2463 Socket Timeout : 180000 Remote Address : /0:0:0:0:0:0:0:1:61944
TID: [-1] [] [2020-02-27 01:41:37,270]  WARN {org.apache.synapse.transport.passthru.SourceHandler} - Connection time out after request is read: http-incoming-2457 Socket Timeout : 180000 Remote Address : /0:0:0:0:0:0:0:1:61298
TID: [-1234] [api/am/publisher/v1.0] [2020-02-27 01:41:37,273] ERROR {org.wso2.carbon.apimgt.impl.APIGatewayManager} - Error occurred when check api is published on gatewayProduction and Sandbox org.apache.axis2.AxisFault: Error while contacting the authentication admin services
	at org.wso2.carbon.apimgt.impl.utils.AbstractAPIGatewayAdminClient.login_aroundBody2(AbstractAPIGatewayAdminClient.java:92)
	at org.wso2.carbon.apimgt.impl.utils.AbstractAPIGatewayAdminClient.login(AbstractAPIGatewayAdminClient.java:66)
	at org.wso2.carbon.apimgt.impl.utils.AbstractAPIGatewayAdminClient.setup_aroundBody0(AbstractAPIGatewayAdminClient.java:50)
	at org.wso2.carbon.apimgt.impl.utils.AbstractAPIGatewayAdminClient.setup(AbstractAPIGatewayAdminClient.java:49)
	at org.wso2.carbon.apimgt.impl.utils.APIGatewayAdminClient.<init>(APIGatewayAdminClient.java:57)
	at org.wso2.carbon.apimgt.impl.APIGatewayManager.isAPIPublished_aroundBody20(APIGatewayManager.java:844)
	at org.wso2.carbon.apimgt.impl.APIGatewayManager.isAPIPublished(APIGatewayManager.java:841)
	at org.wso2.carbon.apimgt.impl.APIProviderImpl.updateApiArtifact_aroundBody70(APIProviderImpl.java:1311)
	at org.wso2.carbon.apimgt.impl.APIProviderImpl.updateApiArtifact(APIProviderImpl.java:1290)
	at org.wso2.carbon.apimgt.impl.APIProviderImpl.updateAPI_aroundBody66(APIProviderImpl.java:1125)
	at org.wso2.carbon.apimgt.impl.APIProviderImpl.updateAPI(APIProviderImpl.java:1056)
	at org.wso2.carbon.apimgt.impl.UserAwareAPIProvider.manageAPI_aroundBody12(UserAwareAPIProvider.java:118)
	at org.wso2.carbon.apimgt.impl.UserAwareAPIProvider.manageAPI(UserAwareAPIProvider.java:107)
	at org.wso2.carbon.apimgt.rest.api.publisher.v1.impl.ApisApiServiceImpl.apisApiIdPut(ApisApiServiceImpl.java:651)
	at org.wso2.carbon.apimgt.rest.api.publisher.v1.ApisApi.apisApiIdPut(ApisApi.java:583)
	at sun.reflect.NativeMethodAccessorImpl.invoke0(Native Method)
	at sun.reflect.NativeMethodAccessorImpl.invoke(NativeMethodAccessorImpl.java:62)
	at sun.reflect.DelegatingMethodAccessorImpl.invoke(DelegatingMethodAccessorImpl.java:43)
	at java.lang.reflect.Method.invoke(Method.java:498)
	at org.apache.cxf.service.invoker.AbstractInvoker.performInvocation(AbstractInvoker.java:179)
	at org.apache.cxf.service.invoker.AbstractInvoker.invoke(AbstractInvoker.java:96)
	at org.apache.cxf.jaxrs.JAXRSInvoker.invoke(JAXRSInvoker.java:193)
	at org.apache.cxf.jaxrs.JAXRSInvoker.invoke(JAXRSInvoker.java:103)
	at org.apache.cxf.interceptor.ServiceInvokerInterceptor$1.run(ServiceInvokerInterceptor.java:59)
	at org.apache.cxf.interceptor.ServiceInvokerInterceptor.handleMessage(ServiceInvokerInterceptor.java:96)
	at org.apache.cxf.phase.PhaseInterceptorChain.doIntercept(PhaseInterceptorChain.java:308)
	at org.apache.cxf.transport.ChainInitiationObserver.onMessage(ChainInitiationObserver.java:121)
	at org.apache.cxf.transport.http.AbstractHTTPDestination.invoke(AbstractHTTPDestination.java:267)
	at org.apache.cxf.transport.servlet.ServletController.invokeDestination(ServletController.java:234)
	at org.apache.cxf.transport.servlet.ServletController.invoke(ServletController.java:208)
	at org.apache.cxf.transport.servlet.ServletController.invoke(ServletController.java:160)
	at org.apache.cxf.transport.servlet.CXFNonSpringServlet.invoke(CXFNonSpringServlet.java:216)
	at org.apache.cxf.transport.servlet.AbstractHTTPServlet.handleRequest(AbstractHTTPServlet.java:301)
	at org.apache.cxf.transport.servlet.AbstractHTTPServlet.doPut(AbstractHTTPServlet.java:237)
	at javax.servlet.http.HttpServlet.service(HttpServlet.java:663)
	at org.apache.cxf.transport.servlet.AbstractHTTPServlet.service(AbstractHTTPServlet.java:276)
	at org.apache.catalina.core.ApplicationFilterChain.internalDoFilter(ApplicationFilterChain.java:231)
	at org.apache.catalina.core.ApplicationFilterChain.doFilter(ApplicationFilterChain.java:166)
	at org.apache.tomcat.websocket.server.WsFilter.doFilter(WsFilter.java:53)
	at org.apache.catalina.core.ApplicationFilterChain.internalDoFilter(ApplicationFilterChain.java:193)
	at org.apache.catalina.core.ApplicationFilterChain.doFilter(ApplicationFilterChain.java:166)
	at org.apache.catalina.core.StandardWrapperValve.invoke(StandardWrapperValve.java:202)
	at org.apache.catalina.core.StandardContextValve.invoke(StandardContextValve.java:96)
	at org.apache.catalina.authenticator.AuthenticatorBase.invoke(AuthenticatorBase.java:490)
	at org.apache.catalina.core.StandardHostValve.invoke(StandardHostValve.java:139)
	at org.apache.catalina.valves.ErrorReportValve.invoke(ErrorReportValve.java:92)
	at org.wso2.carbon.identity.context.rewrite.valve.TenantContextRewriteValve.invoke(TenantContextRewriteValve.java:80)
	at org.wso2.carbon.identity.authz.valve.AuthorizationValve.invoke(AuthorizationValve.java:100)
	at org.wso2.carbon.identity.auth.valve.AuthenticationValve.invoke(AuthenticationValve.java:74)
	at org.wso2.carbon.tomcat.ext.valves.CompositeValve.continueInvocation(CompositeValve.java:99)
	at org.wso2.carbon.tomcat.ext.valves.TomcatValveContainer.invokeValves(TomcatValveContainer.java:49)
	at org.wso2.carbon.tomcat.ext.valves.CompositeValve.invoke(CompositeValve.java:62)
	at org.wso2.carbon.tomcat.ext.valves.CarbonStuckThreadDetectionValve.invoke(CarbonStuckThreadDetectionValve.java:146)
	at org.apache.catalina.valves.AbstractAccessLogValve.invoke(AbstractAccessLogValve.java:678)
	at org.wso2.carbon.tomcat.ext.valves.CarbonContextCreatorValve.invoke(CarbonContextCreatorValve.java:57)
	at org.wso2.carbon.tomcat.ext.valves.RequestCorrelationIdValve.invoke(RequestCorrelationIdValve.java:116)
	at org.apache.catalina.core.StandardEngineValve.invoke(StandardEngineValve.java:74)
	at org.apache.catalina.connector.CoyoteAdapter.service(CoyoteAdapter.java:343)
	at org.apache.coyote.http11.Http11Processor.service(Http11Processor.java:408)
	at org.apache.coyote.AbstractProcessorLight.process(AbstractProcessorLight.java:66)
	at org.apache.coyote.AbstractProtocol$ConnectionHandler.process(AbstractProtocol.java:853)
	at org.apache.tomcat.util.net.NioEndpoint$SocketProcessor.doRun(NioEndpoint.java:1587)
	at org.apache.tomcat.util.net.SocketProcessorBase.run(SocketProcessorBase.java:49)
	at java.util.concurrent.ThreadPoolExecutor.runWorker(ThreadPoolExecutor.java:1149)
	at java.util.concurrent.ThreadPoolExecutor$Worker.run(ThreadPoolExecutor.java:624)
	at org.apache.tomcat.util.threads.TaskThread$WrappingRunnable.run(TaskThread.java:61)
	at java.lang.Thread.run(Thread.java:748)
Caused by: org.apache.axis2.AxisFault: Read timed out
	at org.apache.axis2.AxisFault.makeFault(AxisFault.java:430)
	at org.apache.axis2.transport.http.HTTPSender.sendViaPost(HTTPSender.java:227)
	at org.apache.axis2.transport.http.HTTPSender.send(HTTPSender.java:82)
	at org.apache.axis2.transport.http.CommonsHTTPTransportSender.writeMessageWithCommons(CommonsHTTPTransportSender.java:459)
	at org.apache.axis2.transport.http.CommonsHTTPTransportSender.invoke(CommonsHTTPTransportSender.java:286)
	at org.apache.axis2.engine.AxisEngine.send(AxisEngine.java:442)
	at org.apache.axis2.description.OutInAxisOperationClient.send(OutInAxisOperation.java:442)
	at org.apache.axis2.description.OutInAxisOperationClient.executeImpl(OutInAxisOperation.java:228)
	at org.apache.axis2.client.OperationClient.execute(OperationClient.java:149)
	at org.wso2.carbon.authenticator.stub.AuthenticationAdminStub.login(AuthenticationAdminStub.java:1343)
	at org.wso2.carbon.apimgt.impl.utils.AbstractAPIGatewayAdminClient.login_aroundBody2(AbstractAPIGatewayAdminClient.java:87)
	... 66 more
Caused by: java.net.SocketTimeoutException: Read timed out
	at java.net.SocketInputStream.socketRead0(Native Method)
	at java.net.SocketInputStream.socketRead(SocketInputStream.java:116)
	at java.net.SocketInputStream.read(SocketInputStream.java:171)
	at java.net.SocketInputStream.read(SocketInputStream.java:141)
	at sun.security.ssl.InputRecord.readFully(InputRecord.java:465)
	at sun.security.ssl.InputRecord.read(InputRecord.java:503)
	at sun.security.ssl.SSLSocketImpl.readRecord(SSLSocketImpl.java:975)
	at sun.security.ssl.SSLSocketImpl.readDataRecord(SSLSocketImpl.java:933)
	at sun.security.ssl.AppInputStream.read(AppInputStream.java:105)
	at java.io.BufferedInputStream.fill(BufferedInputStream.java:246)
	at java.io.BufferedInputStream.read(BufferedInputStream.java:265)
	at org.apache.commons.httpclient.HttpParser.readRawLine(HttpParser.java:78)
	at org.apache.commons.httpclient.HttpParser.readLine(HttpParser.java:106)
	at org.apache.commons.httpclient.HttpConnection.readLine(HttpConnection.java:1116)
	at org.apache.commons.httpclient.MultiThreadedHttpConnectionManager$HttpConnectionAdapter.readLine(MultiThreadedHttpConnectionManager.java:1413)
	at org.apache.commons.httpclient.HttpMethodBase.readStatusLine(HttpMethodBase.java:1973)
	at org.apache.commons.httpclient.HttpMethodBase.readResponse(HttpMethodBase.java:1735)
	at org.apache.commons.httpclient.HttpMethodBase.execute(HttpMethodBase.java:1098)
	at org.apache.commons.httpclient.HttpMethodDirector.executeWithRetry(HttpMethodDirector.java:398)
	at org.apache.commons.httpclient.HttpMethodDirector.executeMethod(HttpMethodDirector.java:171)
	at org.apache.commons.httpclient.HttpClient.executeMethod(HttpClient.java:397)
	at org.apache.axis2.transport.http.AbstractHTTPSender.executeMethod(AbstractHTTPSender.java:712)
	at org.apache.axis2.transport.http.HTTPSender.sendViaPost(HTTPSender.java:223)
	... 75 more

TID: [-1] [] [2020-02-27 01:41:37,395] ERROR {org.apache.synapse.transport.passthru.SourceHandler} - I/O error: Se ha forzado la interrupción de una conexión existente por el host remoto java.io.IOException: Se ha forzado la interrupción de una conexión existente por el host remoto
	at sun.nio.ch.SocketDispatcher.read0(Native Method)
	at sun.nio.ch.SocketDispatcher.read(SocketDispatcher.java:43)
	at sun.nio.ch.IOUtil.readIntoNativeBuffer(IOUtil.java:223)
	at sun.nio.ch.IOUtil.read(IOUtil.java:197)
	at sun.nio.ch.SocketChannelImpl.read(SocketChannelImpl.java:380)
	at org.apache.http.impl.nio.reactor.SessionInputBufferImpl.fill(SessionInputBufferImpl.java:164)
	at org.apache.http.impl.nio.codecs.AbstractMessageParser.fillBuffer(AbstractMessageParser.java:136)
	at org.apache.synapse.transport.http.conn.LoggingNHttpServerConnection$LoggingNHttpMessageParser.fillBuffer(LoggingNHttpServerConnection.java:403)
	at org.apache.http.impl.nio.DefaultNHttpServerConnection.consumeInput(DefaultNHttpServerConnection.java:261)
	at org.apache.synapse.transport.http.conn.LoggingNHttpServerConnection.consumeInput(LoggingNHttpServerConnection.java:114)
	at org.apache.synapse.transport.passthru.ServerIODispatch.onInputReady(ServerIODispatch.java:82)
	at org.apache.synapse.transport.passthru.ServerIODispatch.onInputReady(ServerIODispatch.java:39)
	at org.apache.http.impl.nio.reactor.AbstractIODispatch.inputReady(AbstractIODispatch.java:113)
	at org.apache.http.impl.nio.reactor.BaseIOReactor.readable(BaseIOReactor.java:159)
	at org.apache.http.impl.nio.reactor.AbstractIOReactor.processEvent(AbstractIOReactor.java:338)
	at org.apache.http.impl.nio.reactor.AbstractIOReactor.processEvents(AbstractIOReactor.java:316)
	at org.apache.http.impl.nio.reactor.AbstractIOReactor.execute(AbstractIOReactor.java:277)
	at org.apache.http.impl.nio.reactor.BaseIOReactor.execute(BaseIOReactor.java:105)
	at org.apache.http.impl.nio.reactor.AbstractMultiworkerIOReactor$Worker.run(AbstractMultiworkerIOReactor.java:586)
	at java.lang.Thread.run(Thread.java:748)

TID: [-1] [] [2020-02-27 01:41:37,594]  WARN {org.apache.synapse.transport.passthru.PassThroughHttpSender} - Trying to submit a response to an already closed connection : http-incoming-2463
TID: [-1234] [AuthenticationAdmin] [2020-02-27 01:41:37,276] ERROR {org.apache.axis2.transport.http.AxisServlet} - java.io.IOException: Se ha anulado una conexión establecida por el software en su equipo host. org.apache.catalina.connector.ClientAbortException: java.io.IOException: Se ha anulado una conexión establecida por el software en su equipo host.
	at org.apache.catalina.connector.OutputBuffer.doFlush(OutputBuffer.java:299)
	at org.apache.catalina.connector.OutputBuffer.flush(OutputBuffer.java:262)
	at org.apache.catalina.connector.CoyoteOutputStream.flush(CoyoteOutputStream.java:118)
	at java.io.BufferedOutputStream.flush(BufferedOutputStream.java:141)
	at org.apache.axis2.transport.http.AxisServlet.doPost(AxisServlet.java:183)
	at org.wso2.carbon.core.transports.CarbonServlet.doPost(CarbonServlet.java:238)
	at javax.servlet.http.HttpServlet.service(HttpServlet.java:660)
	at javax.servlet.http.HttpServlet.service(HttpServlet.java:741)
	at org.eclipse.equinox.http.servlet.internal.ServletRegistration.service(ServletRegistration.java:61)
	at org.eclipse.equinox.http.servlet.internal.ProxyServlet.processAlias(ProxyServlet.java:128)
	at org.eclipse.equinox.http.servlet.internal.ProxyServlet.service(ProxyServlet.java:68)
	at javax.servlet.http.HttpServlet.service(HttpServlet.java:741)
	at org.wso2.carbon.tomcat.ext.servlet.DelegationServlet.service(DelegationServlet.java:68)
	at org.apache.catalina.core.ApplicationFilterChain.internalDoFilter(ApplicationFilterChain.java:231)
	at org.apache.catalina.core.ApplicationFilterChain.doFilter(ApplicationFilterChain.java:166)
	at org.apache.tomcat.websocket.server.WsFilter.doFilter(WsFilter.java:53)
	at org.apache.catalina.core.ApplicationFilterChain.internalDoFilter(ApplicationFilterChain.java:193)
	at org.apache.catalina.core.ApplicationFilterChain.doFilter(ApplicationFilterChain.java:166)
	at org.owasp.csrfguard.CsrfGuardFilter.doFilter(CsrfGuardFilter.java:72)
	at org.apache.catalina.core.ApplicationFilterChain.internalDoFilter(ApplicationFilterChain.java:193)
	at org.apache.catalina.core.ApplicationFilterChain.doFilter(ApplicationFilterChain.java:166)
	at org.apache.catalina.filters.HttpHeaderSecurityFilter.doFilter(HttpHeaderSecurityFilter.java:126)
	at org.apache.catalina.core.ApplicationFilterChain.internalDoFilter(ApplicationFilterChain.java:193)
	at org.apache.catalina.core.ApplicationFilterChain.doFilter(ApplicationFilterChain.java:166)
	at org.wso2.carbon.tomcat.ext.filter.CharacterSetFilter.doFilter(CharacterSetFilter.java:65)
	at org.apache.catalina.core.ApplicationFilterChain.internalDoFilter(ApplicationFilterChain.java:193)
	at org.apache.catalina.core.ApplicationFilterChain.doFilter(ApplicationFilterChain.java:166)
	at org.apache.catalina.filters.HttpHeaderSecurityFilter.doFilter(HttpHeaderSecurityFilter.java:126)
	at org.apache.catalina.core.ApplicationFilterChain.internalDoFilter(ApplicationFilterChain.java:193)
	at org.apache.catalina.core.ApplicationFilterChain.doFilter(ApplicationFilterChain.java:166)
	at org.apache.catalina.core.StandardWrapperValve.invoke(StandardWrapperValve.java:202)
	at org.apache.catalina.core.StandardContextValve.invoke(StandardContextValve.java:96)
	at org.apache.catalina.authenticator.AuthenticatorBase.invoke(AuthenticatorBase.java:490)
	at org.apache.catalina.core.StandardHostValve.invoke(StandardHostValve.java:139)
	at org.apache.catalina.valves.ErrorReportValve.invoke(ErrorReportValve.java:92)
	at org.wso2.carbon.identity.context.rewrite.valve.TenantContextRewriteValve.invoke(TenantContextRewriteValve.java:80)
	at org.wso2.carbon.identity.authz.valve.AuthorizationValve.invoke(AuthorizationValve.java:100)
	at org.wso2.carbon.identity.auth.valve.AuthenticationValve.invoke(AuthenticationValve.java:74)
	at org.wso2.carbon.tomcat.ext.valves.CompositeValve.continueInvocation(CompositeValve.java:99)
	at org.wso2.carbon.tomcat.ext.valves.TomcatValveContainer.invokeValves(TomcatValveContainer.java:49)
	at org.wso2.carbon.tomcat.ext.valves.CompositeValve.invoke(CompositeValve.java:62)
	at org.wso2.carbon.tomcat.ext.valves.CarbonStuckThreadDetectionValve.invoke(CarbonStuckThreadDetectionValve.java:146)
	at org.apache.catalina.valves.AbstractAccessLogValve.invoke(AbstractAccessLogValve.java:678)
	at org.wso2.carbon.tomcat.ext.valves.CarbonContextCreatorValve.invoke(CarbonContextCreatorValve.java:57)
	at org.wso2.carbon.tomcat.ext.valves.RequestCorrelationIdValve.invoke(RequestCorrelationIdValve.java:116)
	at org.apache.catalina.core.StandardEngineValve.invoke(StandardEngineValve.java:74)
	at org.apache.catalina.connector.CoyoteAdapter.service(CoyoteAdapter.java:343)
	at org.apache.coyote.http11.Http11Processor.service(Http11Processor.java:408)
	at org.apache.coyote.AbstractProcessorLight.process(AbstractProcessorLight.java:66)
	at org.apache.coyote.AbstractProtocol$ConnectionHandler.process(AbstractProtocol.java:853)
	at org.apache.tomcat.util.net.NioEndpoint$SocketProcessor.doRun(NioEndpoint.java:1587)
	at org.apache.tomcat.util.net.SocketProcessorBase.run(SocketProcessorBase.java:49)
	at java.util.concurrent.ThreadPoolExecutor.runWorker(ThreadPoolExecutor.java:1149)
	at java.util.concurrent.ThreadPoolExecutor$Worker.run(ThreadPoolExecutor.java:624)
	at org.apache.tomcat.util.threads.TaskThread$WrappingRunnable.run(TaskThread.java:61)
	at java.lang.Thread.run(Thread.java:748)
Caused by: java.io.IOException: Se ha anulado una conexión establecida por el software en su equipo host.
	at sun.nio.ch.SocketDispatcher.write0(Native Method)
	at sun.nio.ch.SocketDispatcher.write(SocketDispatcher.java:51)
	at sun.nio.ch.IOUtil.writeFromNativeBuffer(IOUtil.java:93)
	at sun.nio.ch.IOUtil.write(IOUtil.java:65)
	at sun.nio.ch.SocketChannelImpl.write(SocketChannelImpl.java:471)
	at org.apache.tomcat.util.net.SecureNioChannel.write(SecureNioChannel.java:787)
	at org.apache.tomcat.util.net.NioBlockingSelector.write(NioBlockingSelector.java:101)
	at org.apache.tomcat.util.net.NioSelectorPool.write(NioSelectorPool.java:152)
	at org.apache.tomcat.util.net.SecureNioChannel.flush(SecureNioChannel.java:131)
	at org.apache.tomcat.util.net.NioEndpoint$NioSocketWrapper.doWrite(NioEndpoint.java:1265)
	at org.apache.tomcat.util.net.SocketWrapperBase.doWrite(SocketWrapperBase.java:793)
	at org.apache.tomcat.util.net.SocketWrapperBase.flushBlocking(SocketWrapperBase.java:746)
	at org.apache.tomcat.util.net.SocketWrapperBase.flush(SocketWrapperBase.java:736)
	at org.apache.coyote.http11.Http11OutputBuffer$SocketOutputBuffer.flush(Http11OutputBuffer.java:564)
	at org.apache.coyote.http11.filters.ChunkedOutputFilter.flush(ChunkedOutputFilter.java:157)
	at org.apache.coyote.http11.Http11OutputBuffer.flush(Http11OutputBuffer.java:217)
	at org.apache.coyote.http11.Http11Processor.flush(Http11Processor.java:1150)
	at org.apache.coyote.AbstractProcessor.action(AbstractProcessor.java:394)
	at org.apache.coyote.Response.action(Response.java:209)
	at org.apache.catalina.connector.OutputBuffer.doFlush(OutputBuffer.java:295)
	... 55 more

TID: [-1234] [AuthenticationAdmin] [2020-02-27 01:41:37,871] ERROR {org.apache.synapse.transport.passthru.PassThroughHttpSSLSender} - IO Error sending response message org.apache.axis2.AxisFault: java.io.IOException: Se ha anulado una conexión establecida por el software en su equipo host.
	at org.apache.axis2.AxisFault.makeFault(AxisFault.java:430)
	at org.apache.axis2.transport.http.SOAPMessageFormatter.writeTo(SOAPMessageFormatter.java:78)
	at org.apache.synapse.transport.passthru.PassThroughHttpSender.sendUsingOutputStream(PassThroughHttpSender.java:328)
	at org.apache.synapse.transport.passthru.PassThroughHttpSender.invoke(PassThroughHttpSender.java:292)
	at org.apache.axis2.engine.AxisEngine.sendFault(AxisEngine.java:525)
	at org.apache.axis2.transport.http.AxisServlet.handleFault(AxisServlet.java:434)
	at org.apache.axis2.transport.http.AxisServlet.doPost(AxisServlet.java:217)
	at org.wso2.carbon.core.transports.CarbonServlet.doPost(CarbonServlet.java:238)
	at javax.servlet.http.HttpServlet.service(HttpServlet.java:660)
	at javax.servlet.http.HttpServlet.service(HttpServlet.java:741)
	at org.eclipse.equinox.http.servlet.internal.ServletRegistration.service(ServletRegistration.java:61)
	at org.eclipse.equinox.http.servlet.internal.ProxyServlet.processAlias(ProxyServlet.java:128)
	at org.eclipse.equinox.http.servlet.internal.ProxyServlet.service(ProxyServlet.java:68)
	at javax.servlet.http.HttpServlet.service(HttpServlet.java:741)
	at org.wso2.carbon.tomcat.ext.servlet.DelegationServlet.service(DelegationServlet.java:68)
	at org.apache.catalina.core.ApplicationFilterChain.internalDoFilter(ApplicationFilterChain.java:231)
	at org.apache.catalina.core.ApplicationFilterChain.doFilter(ApplicationFilterChain.java:166)
	at org.apache.tomcat.websocket.server.WsFilter.doFilter(WsFilter.java:53)
	at org.apache.catalina.core.ApplicationFilterChain.internalDoFilter(ApplicationFilterChain.java:193)
	at org.apache.catalina.core.ApplicationFilterChain.doFilter(ApplicationFilterChain.java:166)
	at org.owasp.csrfguard.CsrfGuardFilter.doFilter(CsrfGuardFilter.java:72)
	at org.apache.catalina.core.ApplicationFilterChain.internalDoFilter(ApplicationFilterChain.java:193)
	at org.apache.catalina.core.ApplicationFilterChain.doFilter(ApplicationFilterChain.java:166)
	at org.apache.catalina.filters.HttpHeaderSecurityFilter.doFilter(HttpHeaderSecurityFilter.java:126)
	at org.apache.catalina.core.ApplicationFilterChain.internalDoFilter(ApplicationFilterChain.java:193)
	at org.apache.catalina.core.ApplicationFilterChain.doFilter(ApplicationFilterChain.java:166)
	at org.wso2.carbon.tomcat.ext.filter.CharacterSetFilter.doFilter(CharacterSetFilter.java:65)
	at org.apache.catalina.core.ApplicationFilterChain.internalDoFilter(ApplicationFilterChain.java:193)
	at org.apache.catalina.core.ApplicationFilterChain.doFilter(ApplicationFilterChain.java:166)
	at org.apache.catalina.filters.HttpHeaderSecurityFilter.doFilter(HttpHeaderSecurityFilter.java:126)
	at org.apache.catalina.core.ApplicationFilterChain.internalDoFilter(ApplicationFilterChain.java:193)
	at org.apache.catalina.core.ApplicationFilterChain.doFilter(ApplicationFilterChain.java:166)
	at org.apache.catalina.core.StandardWrapperValve.invoke(StandardWrapperValve.java:202)
	at org.apache.catalina.core.StandardContextValve.invoke(StandardContextValve.java:96)
	at org.apache.catalina.authenticator.AuthenticatorBase.invoke(AuthenticatorBase.java:490)
	at org.apache.catalina.core.StandardHostValve.invoke(StandardHostValve.java:139)
	at org.apache.catalina.valves.ErrorReportValve.invoke(ErrorReportValve.java:92)
	at org.wso2.carbon.identity.context.rewrite.valve.TenantContextRewriteValve.invoke(TenantContextRewriteValve.java:80)
	at org.wso2.carbon.identity.authz.valve.AuthorizationValve.invoke(AuthorizationValve.java:100)
	at org.wso2.carbon.identity.auth.valve.AuthenticationValve.invoke(AuthenticationValve.java:74)
	at org.wso2.carbon.tomcat.ext.valves.CompositeValve.continueInvocation(CompositeValve.java:99)
	at org.wso2.carbon.tomcat.ext.valves.TomcatValveContainer.invokeValves(TomcatValveContainer.java:49)
	at org.wso2.carbon.tomcat.ext.valves.CompositeValve.invoke(CompositeValve.java:62)
	at org.wso2.carbon.tomcat.ext.valves.CarbonStuckThreadDetectionValve.invoke(CarbonStuckThreadDetectionValve.java:146)
	at org.apache.catalina.valves.AbstractAccessLogValve.invoke(AbstractAccessLogValve.java:678)
	at org.wso2.carbon.tomcat.ext.valves.CarbonContextCreatorValve.invoke(CarbonContextCreatorValve.java:57)
	at org.wso2.carbon.tomcat.ext.valves.RequestCorrelationIdValve.invoke(RequestCorrelationIdValve.java:116)
	at org.apache.catalina.core.StandardEngineValve.invoke(StandardEngineValve.java:74)
	at org.apache.catalina.connector.CoyoteAdapter.service(CoyoteAdapter.java:343)
	at org.apache.coyote.http11.Http11Processor.service(Http11Processor.java:408)
	at org.apache.coyote.AbstractProcessorLight.process(AbstractProcessorLight.java:66)
	at org.apache.coyote.AbstractProtocol$ConnectionHandler.process(AbstractProtocol.java:853)
	at org.apache.tomcat.util.net.NioEndpoint$SocketProcessor.doRun(NioEndpoint.java:1587)
	at org.apache.tomcat.util.net.SocketProcessorBase.run(SocketProcessorBase.java:49)
	at java.util.concurrent.ThreadPoolExecutor.runWorker(ThreadPoolExecutor.java:1149)
	at java.util.concurrent.ThreadPoolExecutor$Worker.run(ThreadPoolExecutor.java:624)
	at org.apache.tomcat.util.threads.TaskThread$WrappingRunnable.run(TaskThread.java:61)
	at java.lang.Thread.run(Thread.java:748)
Caused by: com.ctc.wstx.exc.WstxIOException: java.io.IOException: Se ha anulado una conexión establecida por el software en su equipo host.
	at com.ctc.wstx.sw.BaseStreamWriter._finishDocument(BaseStreamWriter.java:1406)
	at com.ctc.wstx.sw.BaseStreamWriter.close(BaseStreamWriter.java:247)
	at org.apache.axiom.om.impl.MTOMXMLStreamWriter.close(MTOMXMLStreamWriter.java:188)
	at org.apache.axiom.om.impl.llom.OMSerializableImpl.serializeAndConsume(OMSerializableImpl.java:197)
	at org.apache.axis2.transport.http.SOAPMessageFormatter.writeTo(SOAPMessageFormatter.java:74)
	... 56 more
Caused by: org.apache.catalina.connector.ClientAbortException: java.io.IOException: Se ha anulado una conexión establecida por el software en su equipo host.
	at org.apache.catalina.connector.OutputBuffer.doFlush(OutputBuffer.java:299)
	at org.apache.catalina.connector.OutputBuffer.flush(OutputBuffer.java:262)
	at org.apache.catalina.connector.CoyoteOutputStream.flush(CoyoteOutputStream.java:118)
	at com.ctc.wstx.io.UTF8Writer.flush(UTF8Writer.java:103)
	at com.ctc.wstx.sw.BufferingXmlWriter.flush(BufferingXmlWriter.java:225)
	at com.ctc.wstx.sw.BufferingXmlWriter.close(BufferingXmlWriter.java:198)
	at com.ctc.wstx.sw.BaseStreamWriter._finishDocument(BaseStreamWriter.java:1404)
	... 60 more
Caused by: java.io.IOException: Se ha anulado una conexión establecida por el software en su equipo host.
	at sun.nio.ch.SocketDispatcher.write0(Native Method)
	at sun.nio.ch.SocketDispatcher.write(SocketDispatcher.java:51)
	at sun.nio.ch.IOUtil.writeFromNativeBuffer(IOUtil.java:93)
	at sun.nio.ch.IOUtil.write(IOUtil.java:65)
	at sun.nio.ch.SocketChannelImpl.write(SocketChannelImpl.java:471)
	at org.apache.tomcat.util.net.SecureNioChannel.write(SecureNioChannel.java:787)
	at org.apache.tomcat.util.net.NioBlockingSelector.write(NioBlockingSelector.java:101)
	at org.apache.tomcat.util.net.NioSelectorPool.write(NioSelectorPool.java:152)
	at org.apache.tomcat.util.net.SecureNioChannel.flush(SecureNioChannel.java:131)
	at org.apache.tomcat.util.net.NioEndpoint$NioSocketWrapper.doWrite(NioEndpoint.java:1265)
	at org.apache.tomcat.util.net.SocketWrapperBase.doWrite(SocketWrapperBase.java:793)
	at org.apache.tomcat.util.net.SocketWrapperBase.flushBlocking(SocketWrapperBase.java:746)
	at org.apache.tomcat.util.net.SocketWrapperBase.flush(SocketWrapperBase.java:736)
	at org.apache.coyote.http11.Http11OutputBuffer$SocketOutputBuffer.flush(Http11OutputBuffer.java:564)
	at org.apache.coyote.http11.filters.ChunkedOutputFilter.flush(ChunkedOutputFilter.java:157)
	at org.apache.coyote.http11.Http11OutputBuffer.flush(Http11OutputBuffer.java:217)
	at org.apache.coyote.http11.Http11Processor.flush(Http11Processor.java:1150)
	at org.apache.coyote.AbstractProcessor.action(AbstractProcessor.java:394)
	at org.apache.coyote.Response.action(Response.java:209)
	at org.apache.catalina.connector.OutputBuffer.doFlush(OutputBuffer.java:295)
	... 66 more

TID: [-1234] [AuthenticationAdmin] [2020-02-27 01:41:38,047]  INFO {org.apache.axis2.transport.http.AxisServlet} - org.apache.axis2.AxisFault: IO Error sending response message
TID: [-1234] [AuthenticationAdmin] [2020-02-27 01:41:38,163]  INFO {org.wso2.carbon.core.services.util.CarbonAuthenticationUtil} - 'admin@carbon.super [-1234]' logged in at [2020-02-27 01:41:38,163-0500]
TID: [-1234] [AuthenticationAdmin] [2020-02-27 01:41:38,058] ERROR {org.apache.catalina.core.ContainerBase.[Catalina].[localhost].[/].[bridgeservlet]} - Servlet.service() for servlet [bridgeservlet] in context with path [/] threw exception [org.apache.axis2.AxisFault: IO Error sending response message] with root cause java.io.IOException: Se ha anulado una conexión establecida por el software en su equipo host.
	at sun.nio.ch.SocketDispatcher.write0(Native Method)
	at sun.nio.ch.SocketDispatcher.write(SocketDispatcher.java:51)
	at sun.nio.ch.IOUtil.writeFromNativeBuffer(IOUtil.java:93)
	at sun.nio.ch.IOUtil.write(IOUtil.java:65)
	at sun.nio.ch.SocketChannelImpl.write(SocketChannelImpl.java:471)
	at org.apache.tomcat.util.net.SecureNioChannel.write(SecureNioChannel.java:787)
	at org.apache.tomcat.util.net.NioBlockingSelector.write(NioBlockingSelector.java:101)
	at org.apache.tomcat.util.net.NioSelectorPool.write(NioSelectorPool.java:152)
	at org.apache.tomcat.util.net.SecureNioChannel.flush(SecureNioChannel.java:131)
	at org.apache.tomcat.util.net.NioEndpoint$NioSocketWrapper.doWrite(NioEndpoint.java:1265)
	at org.apache.tomcat.util.net.SocketWrapperBase.doWrite(SocketWrapperBase.java:793)
	at org.apache.tomcat.util.net.SocketWrapperBase.flushBlocking(SocketWrapperBase.java:746)
	at org.apache.tomcat.util.net.SocketWrapperBase.flush(SocketWrapperBase.java:736)
	at org.apache.coyote.http11.Http11OutputBuffer$SocketOutputBuffer.flush(Http11OutputBuffer.java:564)
	at org.apache.coyote.http11.filters.ChunkedOutputFilter.flush(ChunkedOutputFilter.java:157)
	at org.apache.coyote.http11.Http11OutputBuffer.flush(Http11OutputBuffer.java:217)
	at org.apache.coyote.http11.Http11Processor.flush(Http11Processor.java:1150)
	at org.apache.coyote.AbstractProcessor.action(AbstractProcessor.java:394)
	at org.apache.coyote.Response.action(Response.java:209)
	at org.apache.catalina.connector.OutputBuffer.doFlush(OutputBuffer.java:295)
	at org.apache.catalina.connector.OutputBuffer.flush(OutputBuffer.java:262)
	at org.apache.catalina.connector.CoyoteOutputStream.flush(CoyoteOutputStream.java:118)
	at com.ctc.wstx.io.UTF8Writer.flush(UTF8Writer.java:103)
	at com.ctc.wstx.sw.BufferingXmlWriter.flush(BufferingXmlWriter.java:225)
	at com.ctc.wstx.sw.BufferingXmlWriter.close(BufferingXmlWriter.java:198)
	at com.ctc.wstx.sw.BaseStreamWriter._finishDocument(BaseStreamWriter.java:1404)
	at com.ctc.wstx.sw.BaseStreamWriter.close(BaseStreamWriter.java:247)
	at org.apache.axiom.om.impl.MTOMXMLStreamWriter.close(MTOMXMLStreamWriter.java:188)
	at org.apache.axiom.om.impl.llom.OMSerializableImpl.serializeAndConsume(OMSerializableImpl.java:197)
	at org.apache.axis2.transport.http.SOAPMessageFormatter.writeTo(SOAPMessageFormatter.java:74)
	at org.apache.synapse.transport.passthru.PassThroughHttpSender.sendUsingOutputStream(PassThroughHttpSender.java:328)
	at org.apache.synapse.transport.passthru.PassThroughHttpSender.invoke(PassThroughHttpSender.java:292)
	at org.apache.axis2.engine.AxisEngine.sendFault(AxisEngine.java:525)
	at org.apache.axis2.transport.http.AxisServlet.handleFault(AxisServlet.java:434)
	at org.apache.axis2.transport.http.AxisServlet.doPost(AxisServlet.java:217)
	at org.wso2.carbon.core.transports.CarbonServlet.doPost(CarbonServlet.java:238)
	at javax.servlet.http.HttpServlet.service(HttpServlet.java:660)
	at javax.servlet.http.HttpServlet.service(HttpServlet.java:741)
	at org.eclipse.equinox.http.servlet.internal.ServletRegistration.service(ServletRegistration.java:61)
	at org.eclipse.equinox.http.servlet.internal.ProxyServlet.processAlias(ProxyServlet.java:128)
	at org.eclipse.equinox.http.servlet.internal.ProxyServlet.service(ProxyServlet.java:68)
	at javax.servlet.http.HttpServlet.service(HttpServlet.java:741)
	at org.wso2.carbon.tomcat.ext.servlet.DelegationServlet.service(DelegationServlet.java:68)
	at org.apache.catalina.core.ApplicationFilterChain.internalDoFilter(ApplicationFilterChain.java:231)
	at org.apache.catalina.core.ApplicationFilterChain.doFilter(ApplicationFilterChain.java:166)
	at org.apache.tomcat.websocket.server.WsFilter.doFilter(WsFilter.java:53)
	at org.apache.catalina.core.ApplicationFilterChain.internalDoFilter(ApplicationFilterChain.java:193)
	at org.apache.catalina.core.ApplicationFilterChain.doFilter(ApplicationFilterChain.java:166)
	at org.owasp.csrfguard.CsrfGuardFilter.doFilter(CsrfGuardFilter.java:72)
	at org.apache.catalina.core.ApplicationFilterChain.internalDoFilter(ApplicationFilterChain.java:193)
	at org.apache.catalina.core.ApplicationFilterChain.doFilter(ApplicationFilterChain.java:166)
	at org.apache.catalina.filters.HttpHeaderSecurityFilter.doFilter(HttpHeaderSecurityFilter.java:126)
	at org.apache.catalina.core.ApplicationFilterChain.internalDoFilter(ApplicationFilterChain.java:193)
	at org.apache.catalina.core.ApplicationFilterChain.doFilter(ApplicationFilterChain.java:166)
	at org.wso2.carbon.tomcat.ext.filter.CharacterSetFilter.doFilter(CharacterSetFilter.java:65)
	at org.apache.catalina.core.ApplicationFilterChain.internalDoFilter(ApplicationFilterChain.java:193)
	at org.apache.catalina.core.ApplicationFilterChain.doFilter(ApplicationFilterChain.java:166)
	at org.apache.catalina.filters.HttpHeaderSecurityFilter.doFilter(HttpHeaderSecurityFilter.java:126)
	at org.apache.catalina.core.ApplicationFilterChain.internalDoFilter(ApplicationFilterChain.java:193)
	at org.apache.catalina.core.ApplicationFilterChain.doFilter(ApplicationFilterChain.java:166)
	at org.apache.catalina.core.StandardWrapperValve.invoke(StandardWrapperValve.java:202)
	at org.apache.catalina.core.StandardContextValve.invoke(StandardContextValve.java:96)
	at org.apache.catalina.authenticator.AuthenticatorBase.invoke(AuthenticatorBase.java:490)
	at org.apache.catalina.core.StandardHostValve.invoke(StandardHostValve.java:139)
	at org.apache.catalina.valves.ErrorReportValve.invoke(ErrorReportValve.java:92)
	at org.wso2.carbon.identity.context.rewrite.valve.TenantContextRewriteValve.invoke(TenantContextRewriteValve.java:80)
	at org.wso2.carbon.identity.authz.valve.AuthorizationValve.invoke(AuthorizationValve.java:100)
	at org.wso2.carbon.identity.auth.valve.AuthenticationValve.invoke(AuthenticationValve.java:74)
	at org.wso2.carbon.tomcat.ext.valves.CompositeValve.continueInvocation(CompositeValve.java:99)
	at org.wso2.carbon.tomcat.ext.valves.TomcatValveContainer.invokeValves(TomcatValveContainer.java:49)
	at org.wso2.carbon.tomcat.ext.valves.CompositeValve.invoke(CompositeValve.java:62)
	at org.wso2.carbon.tomcat.ext.valves.CarbonStuckThreadDetectionValve.invoke(CarbonStuckThreadDetectionValve.java:146)
	at org.apache.catalina.valves.AbstractAccessLogValve.invoke(AbstractAccessLogValve.java:678)
	at org.wso2.carbon.tomcat.ext.valves.CarbonContextCreatorValve.invoke(CarbonContextCreatorValve.java:57)
	at org.wso2.carbon.tomcat.ext.valves.RequestCorrelationIdValve.invoke(RequestCorrelationIdValve.java:116)
	at org.apache.catalina.core.StandardEngineValve.invoke(StandardEngineValve.java:74)
	at org.apache.catalina.connector.CoyoteAdapter.service(CoyoteAdapter.java:343)
	at org.apache.coyote.http11.Http11Processor.service(Http11Processor.java:408)
	at org.apache.coyote.AbstractProcessorLight.process(AbstractProcessorLight.java:66)
	at org.apache.coyote.AbstractProtocol$ConnectionHandler.process(AbstractProtocol.java:853)
	at org.apache.tomcat.util.net.NioEndpoint$SocketProcessor.doRun(NioEndpoint.java:1587)
	at org.apache.tomcat.util.net.SocketProcessorBase.run(SocketProcessorBase.java:49)
	at java.util.concurrent.ThreadPoolExecutor.runWorker(ThreadPoolExecutor.java:1149)
	at java.util.concurrent.ThreadPoolExecutor$Worker.run(ThreadPoolExecutor.java:624)
	at org.apache.tomcat.util.threads.TaskThread$WrappingRunnable.run(TaskThread.java:61)
	at java.lang.Thread.run(Thread.java:748)

TID: [-1234] [AuthenticationAdmin] [2020-02-27 01:41:38,588]  INFO {org.wso2.carbon.core.services.util.CarbonAuthenticationUtil} - 'admin@carbon.super [-1234]' logged in at [2020-02-27 01:41:38,588-0500]
TID: [-1234] [AuthenticationAdmin] [2020-02-27 01:41:39,794]  INFO {org.wso2.carbon.core.services.util.CarbonAuthenticationUtil} - 'admin@carbon.super [-1234]' logged in at [2020-02-27 01:41:39,794-0500]
TID: [-1234] [APILocalEntryAdmin] [2020-02-27 01:41:39,822]  INFO {org.wso2.carbon.mediation.dependency.mgt.DependencyTracker} - Local entry : cc689bc4-e79b-4af0-b018-3e5e86fb743a was removed from the Synapse configuration successfully
TID: [-1234] [APILocalEntryAdmin] [2020-02-27 01:41:39,832]  INFO {org.wso2.carbon.mediation.dependency.mgt.DependencyTracker} - Local entry : cc689bc4-e79b-4af0-b018-3e5e86fb743a was added to the Synapse configuration successfully
TID: [-1234] [APIGatewayAdmin] [2020-02-27 01:41:39,966]  INFO {org.apache.synapse.rest.API} - Destroying API: admin--Accounts_Port_81:vv1.0
TID: [-1234] [APIGatewayAdmin] [2020-02-27 01:41:39,973]  INFO {org.wso2.carbon.mediation.dependency.mgt.DependencyTracker} - API : admin--Accounts_Port_81:vv1.0 was removed from the Synapse configuration successfully
TID: [-1234] [APIGatewayAdmin] [2020-02-27 01:41:39,976]  INFO {org.wso2.carbon.mediation.dependency.mgt.DependencyTracker} - API : admin--Accounts_Port_81:vv1.0 was added to the Synapse configuration successfully
TID: [-1234] [APIGatewayAdmin] [2020-02-27 01:41:39,980]  INFO {org.apache.synapse.rest.API} - Initializing API: admin--Accounts_Port_81:vv1.0
TID: [-1234] [APIGatewayAdmin] [2020-02-27 01:41:40,045]  INFO {org.wso2.carbon.mediation.dependency.mgt.DependencyTracker} - Endpoint : Accounts_Port_81--vv1.0_APIproductionEndpoint was added to the Synapse configuration successfully
TID: [-1234] [] [2020-02-27 01:41:39,997]  INFO {org.apache.synapse.mediators.builtin.LogMediator} - STATUS = Executing default 'fault' sequence, ERROR_CODE = 303001, ERROR_MESSAGE = Currently , Address endpoint : [ Name : Accounts_Port_81--vv1.0_APIproductionEndpoint ] [ State : SUSPENDED ]
TID: [-1234] [APIGatewayAdmin] [2020-02-27 01:41:40,091]  INFO {org.wso2.carbon.mediation.dependency.mgt.DependencyTracker} - Endpoint : Accounts_Port_81--vv1.0_APIsandboxEndpoint was added to the Synapse configuration successfully
TID: [-1234] [AuthenticationAdmin] [2020-02-27 01:41:40,680]  INFO {org.wso2.carbon.core.services.util.CarbonAuthenticationUtil} - 'admin@carbon.super [-1234]' logged in at [2020-02-27 01:41:40,680-0500]
TID: [-1234] [AuthenticationAdmin] [2020-02-27 01:41:42,116]  INFO {org.wso2.carbon.core.services.util.CarbonAuthenticationUtil} - 'admin@carbon.super [-1234]' logged in at [2020-02-27 01:41:42,116-0500]
TID: [-1234] [AuthenticationAdmin] [2020-02-27 01:41:42,130]  INFO {org.wso2.carbon.core.services.util.CarbonAuthenticationUtil} - 'admin@carbon.super [-1234]' logged in at [2020-02-27 01:41:42,130-0500]
TID: [-1234] [AuthenticationAdmin] [2020-02-27 01:41:42,144]  INFO {org.wso2.carbon.core.services.util.CarbonAuthenticationUtil} - 'admin@carbon.super [-1234]' logged in at [2020-02-27 01:41:42,144-0500]
TID: [-1234] [AuthenticationAdmin] [2020-02-27 01:41:42,158]  INFO {org.wso2.carbon.core.services.util.CarbonAuthenticationUtil} - 'admin@carbon.super [-1234]' logged in at [2020-02-27 01:41:42,158-0500]
TID: [-1234] [AuthenticationAdmin] [2020-02-27 01:42:29,243]  INFO {org.wso2.carbon.core.services.util.CarbonAuthenticationUtil} - 'admin@carbon.super [-1234]' logged in at [2020-02-27 01:42:29,243-0500]
TID: [-1234] [AuthenticationAdmin] [2020-02-27 01:42:29,791]  INFO {org.wso2.carbon.core.services.util.CarbonAuthenticationUtil} - 'admin@carbon.super [-1234]' logged in at [2020-02-27 01:42:29,791-0500]
TID: [-1234] [AuthenticationAdmin] [2020-02-27 01:42:29,907]  INFO {org.wso2.carbon.core.services.util.CarbonAuthenticationUtil} - 'admin@carbon.super [-1234]' logged in at [2020-02-27 01:42:29,907-0500]
TID: [-1234] [AuthenticationAdmin] [2020-02-27 01:42:30,080]  INFO {org.wso2.carbon.core.services.util.CarbonAuthenticationUtil} - 'admin@carbon.super [-1234]' logged in at [2020-02-27 01:42:30,080-0500]
TID: [-1234] [APILocalEntryAdmin] [2020-02-27 01:42:30,123]  INFO {org.wso2.carbon.mediation.dependency.mgt.DependencyTracker} - Local entry : bacd087f-16bd-439b-ab64-d3077a078910 was removed from the Synapse configuration successfully
TID: [-1234] [APILocalEntryAdmin] [2020-02-27 01:42:30,134]  INFO {org.wso2.carbon.mediation.dependency.mgt.DependencyTracker} - Local entry : bacd087f-16bd-439b-ab64-d3077a078910 was added to the Synapse configuration successfully
TID: [-1234] [APIGatewayAdmin] [2020-02-27 01:42:30,190]  INFO {org.apache.synapse.rest.API} - Destroying API: admin--Security_Port_82:vv1.0
TID: [-1234] [APIGatewayAdmin] [2020-02-27 01:42:30,192]  INFO {org.wso2.carbon.mediation.dependency.mgt.DependencyTracker} - API : admin--Security_Port_82:vv1.0 was removed from the Synapse configuration successfully
TID: [-1234] [APIGatewayAdmin] [2020-02-27 01:42:30,193]  INFO {org.wso2.carbon.mediation.dependency.mgt.DependencyTracker} - API : admin--Security_Port_82:vv1.0 was added to the Synapse configuration successfully
TID: [-1234] [APIGatewayAdmin] [2020-02-27 01:42:30,194]  INFO {org.apache.synapse.rest.API} - Initializing API: admin--Security_Port_82:vv1.0
TID: [-1234] [APIGatewayAdmin] [2020-02-27 01:42:30,221]  INFO {org.wso2.carbon.mediation.dependency.mgt.DependencyTracker} - Endpoint : Security_Port_82--vv1.0_APIproductionEndpoint was added to the Synapse configuration successfully
TID: [-1234] [APIGatewayAdmin] [2020-02-27 01:42:30,236]  INFO {org.wso2.carbon.mediation.dependency.mgt.DependencyTracker} - Endpoint : Security_Port_82--vv1.0_APIsandboxEndpoint was added to the Synapse configuration successfully
TID: [-1234] [AuthenticationAdmin] [2020-02-27 01:42:30,689]  INFO {org.wso2.carbon.core.services.util.CarbonAuthenticationUtil} - 'admin@carbon.super [-1234]' logged in at [2020-02-27 01:42:30,689-0500]
TID: [-1234] [AuthenticationAdmin] [2020-02-27 01:42:32,086]  INFO {org.wso2.carbon.core.services.util.CarbonAuthenticationUtil} - 'admin@carbon.super [-1234]' logged in at [2020-02-27 01:42:32,086-0500]
TID: [-1234] [AuthenticationAdmin] [2020-02-27 01:42:32,104]  INFO {org.wso2.carbon.core.services.util.CarbonAuthenticationUtil} - 'admin@carbon.super [-1234]' logged in at [2020-02-27 01:42:32,104-0500]
TID: [-1234] [] [2020-02-27 01:44:29,224]  INFO {org.apache.synapse.mediators.builtin.LogMediator} - STATUS = Executing default 'fault' sequence, ERROR_CODE = 404, ERROR_MESSAGE = No matching resource found for given API Request
TID: [-1234] [] [2020-02-27 01:44:38,105]  INFO {org.apache.synapse.mediators.builtin.LogMediator} - STATUS = Executing default 'fault' sequence, ERROR_CODE = 404, ERROR_MESSAGE = No matching resource found for given API Request
TID: [-1234] [] [2020-02-27 01:44:41,892]  INFO {org.apache.synapse.mediators.builtin.LogMediator} - STATUS = Executing default 'fault' sequence, ERROR_CODE = 404, ERROR_MESSAGE = No matching resource found for given API Request
TID: [-1234] [] [2020-02-27 01:48:27,358]  WARN {org.apache.synapse.endpoints.EndpointContext} - Endpoint : Georeferencia_Port_83--vv1.0_APIproductionEndpoint with address http://localhost:83/api/v1 will be marked SUSPENDED as it failed
TID: [-1] [] [2020-02-27 01:48:27,357]  WARN {org.apache.synapse.transport.passthru.ConnectCallback} - Connection refused or failed for : localhost/127.0.0.1:83
TID: [-1234] [] [2020-02-27 01:48:27,359]  WARN {org.apache.synapse.endpoints.EndpointContext} - Suspending endpoint : Georeferencia_Port_83--vv1.0_APIproductionEndpoint with address http://localhost:83/api/v1 - current suspend duration is : 30000ms - Next retry after : Thu Feb 27 01:48:57 COT 2020
TID: [-1234] [] [2020-02-27 01:48:27,361]  INFO {org.apache.synapse.mediators.builtin.LogMediator} - STATUS = Executing default 'fault' sequence, ERROR_CODE = 101503, ERROR_MESSAGE = Error connecting to the back end
TID: [-1234] [] [2020-02-27 01:48:36,253]  INFO {org.apache.synapse.mediators.builtin.LogMediator} - STATUS = Executing default 'fault' sequence, ERROR_CODE = 303001, ERROR_MESSAGE = Currently , Address endpoint : [ Name : Georeferencia_Port_83--vv1.0_APIproductionEndpoint ] [ State : SUSPENDED ]
TID: [-1234] [] [2020-02-27 01:48:39,158]  INFO {org.apache.synapse.mediators.builtin.LogMediator} - STATUS = Executing default 'fault' sequence, ERROR_CODE = 303001, ERROR_MESSAGE = Currently , Address endpoint : [ Name : Georeferencia_Port_83--vv1.0_APIproductionEndpoint ] [ State : SUSPENDED ]
TID: [-1234] [] [2020-02-27 01:48:49,797]  INFO {org.apache.synapse.mediators.builtin.LogMediator} - STATUS = Executing default 'fault' sequence, ERROR_CODE = 303001, ERROR_MESSAGE = Currently , Address endpoint : [ Name : Georeferencia_Port_83--vv1.0_APIproductionEndpoint ] [ State : SUSPENDED ]
TID: [-1234] [] [2020-02-27 01:48:53,545]  INFO {org.apache.synapse.mediators.builtin.LogMediator} - STATUS = Executing default 'fault' sequence, ERROR_CODE = 303001, ERROR_MESSAGE = Currently , Address endpoint : [ Name : Georeferencia_Port_83--vv1.0_APIproductionEndpoint ] [ State : SUSPENDED ]
TID: [-1234] [] [2020-02-27 01:49:08,392]  INFO {org.apache.synapse.endpoints.EndpointContext} - Endpoint : Georeferencia_Port_83--vv1.0_APIproductionEndpoint with address http://localhost:83/api/v1 currently SUSPENDED will now be marked active since it processed its last message
